computerdatabase.AngularNodeEmsSimulation	angularnodeemssimulation	RUN	1442384241769	 	2.0
Books Appliaction Testing	4982542842797732961-0	USER	START	1442384242056	0
Books Appliaction Testing	4982542842797732961-1	USER	START	1442384242060	0
Books Appliaction Testing	4982542842797732961-2	USER	START	1442384242060	0
Books Appliaction Testing	4982542842797732961-3	USER	START	1442384242060	0
Books Appliaction Testing	4982542842797732961-4	USER	START	1442384242060	0
Books Appliaction Testing	4982542842797732961-5	USER	START	1442384242060	0
Books Appliaction Testing	4982542842797732961-6	USER	START	1442384242060	0
Books Appliaction Testing	4982542842797732961-7	USER	START	1442384242060	0
Books Appliaction Testing	4982542842797732961-8	USER	START	1442384242060	0
Books Appliaction Testing	4982542842797732961-9	USER	START	1442384242061	0
Books Appliaction Testing	4982542842797732961-10	USER	START	1442384242061	0
Books Appliaction Testing	4982542842797732961-11	USER	START	1442384242061	0
Books Appliaction Testing	4982542842797732961-12	USER	START	1442384242061	0
Books Appliaction Testing	4982542842797732961-13	USER	START	1442384242061	0
Books Appliaction Testing	4982542842797732961-14	USER	START	1442384242061	0
Books Appliaction Testing	4982542842797732961-15	USER	START	1442384242061	0
Books Appliaction Testing	4982542842797732961-16	USER	START	1442384242061	0
Books Appliaction Testing	4982542842797732961-17	USER	START	1442384242069	0
Books Appliaction Testing	4982542842797732961-18	USER	START	1442384242069	0
Books Appliaction Testing	4982542842797732961-19	USER	START	1442384242069	0
Books Appliaction Testing	4982542842797732961-20	USER	START	1442384242069	0
Books Appliaction Testing	4982542842797732961-21	USER	START	1442384242070	0
Books Appliaction Testing	4982542842797732961-22	USER	START	1442384242070	0
Books Appliaction Testing	4982542842797732961-23	USER	START	1442384242070	0
Books Appliaction Testing	4982542842797732961-24	USER	START	1442384242070	0
Books Appliaction Testing	4982542842797732961-25	USER	START	1442384242070	0
Books Appliaction Testing	4982542842797732961-26	USER	START	1442384242070	0
Books Appliaction Testing	4982542842797732961-27	USER	START	1442384242070	0
Books Appliaction Testing	4982542842797732961-28	USER	START	1442384242070	0
Books Appliaction Testing	4982542842797732961-29	USER	START	1442384242070	0
Books Appliaction Testing	4982542842797732961-30	USER	START	1442384242070	0
Books Appliaction Testing	4982542842797732961-31	USER	START	1442384242070	0
Books Appliaction Testing	4982542842797732961-32	USER	START	1442384242070	0
Books Appliaction Testing	4982542842797732961-33	USER	START	1442384242070	0
Books Appliaction Testing	4982542842797732961-34	USER	START	1442384242070	0
Books Appliaction Testing	4982542842797732961-35	USER	START	1442384242070	0
Books Appliaction Testing	4982542842797732961-36	USER	START	1442384242070	0
Books Appliaction Testing	4982542842797732961-37	USER	START	1442384242070	0
Books Appliaction Testing	4982542842797732961-38	USER	START	1442384242071	0
Books Appliaction Testing	4982542842797732961-39	USER	START	1442384242071	0
Books Appliaction Testing	4982542842797732961-40	USER	START	1442384242071	0
Books Appliaction Testing	4982542842797732961-41	USER	START	1442384242071	0
Books Appliaction Testing	4982542842797732961-42	USER	START	1442384242071	0
Books Appliaction Testing	4982542842797732961-43	USER	START	1442384242071	0
Books Appliaction Testing	4982542842797732961-44	USER	START	1442384242071	0
Books Appliaction Testing	4982542842797732961-45	USER	START	1442384242071	0
Books Appliaction Testing	4982542842797732961-46	USER	START	1442384242071	0
Books Appliaction Testing	4982542842797732961-47	USER	START	1442384242071	0
Books Appliaction Testing	4982542842797732961-48	USER	START	1442384242071	0
Books Appliaction Testing	4982542842797732961-49	USER	START	1442384242071	0
Books Appliaction Testing	4982542842797732961-50	USER	START	1442384242071	0
Books Appliaction Testing	4982542842797732961-51	USER	START	1442384242071	0
Books Appliaction Testing	4982542842797732961-52	USER	START	1442384242071	0
Books Appliaction Testing	4982542842797732961-53	USER	START	1442384242072	0
Books Appliaction Testing	4982542842797732961-54	USER	START	1442384242072	0
Books Appliaction Testing	4982542842797732961-55	USER	START	1442384242072	0
Books Appliaction Testing	4982542842797732961-56	USER	START	1442384242072	0
Books Appliaction Testing	4982542842797732961-57	USER	START	1442384242072	0
Books Appliaction Testing	4982542842797732961-58	USER	START	1442384242072	0
Books Appliaction Testing	4982542842797732961-59	USER	START	1442384242072	0
Books Appliaction Testing	4982542842797732961-60	USER	START	1442384242072	0
Books Appliaction Testing	4982542842797732961-61	USER	START	1442384242072	0
Books Appliaction Testing	4982542842797732961-62	USER	START	1442384242072	0
Books Appliaction Testing	4982542842797732961-63	USER	START	1442384242072	0
Books Appliaction Testing	4982542842797732961-64	USER	START	1442384242072	0
Books Appliaction Testing	4982542842797732961-65	USER	START	1442384242072	0
Books Appliaction Testing	4982542842797732961-66	USER	START	1442384242072	0
Books Appliaction Testing	4982542842797732961-67	USER	START	1442384242072	0
Books Appliaction Testing	4982542842797732961-68	USER	START	1442384242072	0
Books Appliaction Testing	4982542842797732961-69	USER	START	1442384242073	0
Books Appliaction Testing	4982542842797732961-70	USER	START	1442384242073	0
Books Appliaction Testing	4982542842797732961-71	USER	START	1442384242073	0
Books Appliaction Testing	4982542842797732961-72	USER	START	1442384242073	0
Books Appliaction Testing	4982542842797732961-73	USER	START	1442384242073	0
Books Appliaction Testing	4982542842797732961-74	USER	START	1442384242073	0
Books Appliaction Testing	4982542842797732961-75	USER	START	1442384242073	0
Books Appliaction Testing	4982542842797732961-76	USER	START	1442384242073	0
Books Appliaction Testing	4982542842797732961-77	USER	START	1442384242073	0
Books Appliaction Testing	4982542842797732961-78	USER	START	1442384242077	0
Books Appliaction Testing	4982542842797732961-79	USER	START	1442384242077	0
Books Appliaction Testing	4982542842797732961-80	USER	START	1442384242077	0
Books Appliaction Testing	4982542842797732961-81	USER	START	1442384242077	0
Books Appliaction Testing	4982542842797732961-82	USER	START	1442384242078	0
Books Appliaction Testing	4982542842797732961-83	USER	START	1442384242078	0
Books Appliaction Testing	4982542842797732961-84	USER	START	1442384242078	0
Books Appliaction Testing	4982542842797732961-85	USER	START	1442384242078	0
Books Appliaction Testing	4982542842797732961-86	USER	START	1442384242078	0
Books Appliaction Testing	4982542842797732961-87	USER	START	1442384242078	0
Books Appliaction Testing	4982542842797732961-88	USER	START	1442384242078	0
Books Appliaction Testing	4982542842797732961-89	USER	START	1442384242078	0
Books Appliaction Testing	4982542842797732961-90	USER	START	1442384242078	0
Books Appliaction Testing	4982542842797732961-91	USER	START	1442384242078	0
Books Appliaction Testing	4982542842797732961-92	USER	START	1442384242078	0
Books Appliaction Testing	4982542842797732961-93	USER	START	1442384242078	0
Books Appliaction Testing	4982542842797732961-94	USER	START	1442384242078	0
Books Appliaction Testing	4982542842797732961-95	USER	START	1442384242078	0
Books Appliaction Testing	4982542842797732961-96	USER	START	1442384242078	0
Books Appliaction Testing	4982542842797732961-97	USER	START	1442384242078	0
Books Appliaction Testing	4982542842797732961-98	USER	START	1442384242079	0
Books Appliaction Testing	4982542842797732961-99	USER	START	1442384242079	0
Books Appliaction Testing	4982542842797732961-100	USER	START	1442384242079	0
Books Appliaction Testing	4982542842797732961-101	USER	START	1442384242079	0
Books Appliaction Testing	4982542842797732961-102	USER	START	1442384242079	0
Books Appliaction Testing	4982542842797732961-103	USER	START	1442384242079	0
Books Appliaction Testing	4982542842797732961-104	USER	START	1442384242079	0
Books Appliaction Testing	4982542842797732961-105	USER	START	1442384242079	0
Books Appliaction Testing	4982542842797732961-106	USER	START	1442384242079	0
Books Appliaction Testing	4982542842797732961-107	USER	START	1442384242079	0
Books Appliaction Testing	4982542842797732961-108	USER	START	1442384242079	0
Books Appliaction Testing	4982542842797732961-109	USER	START	1442384242079	0
Books Appliaction Testing	4982542842797732961-110	USER	START	1442384242079	0
Books Appliaction Testing	4982542842797732961-111	USER	START	1442384242079	0
Books Appliaction Testing	4982542842797732961-112	USER	START	1442384242079	0
Books Appliaction Testing	4982542842797732961-113	USER	START	1442384242079	0
Books Appliaction Testing	4982542842797732961-114	USER	START	1442384242080	0
Books Appliaction Testing	4982542842797732961-115	USER	START	1442384242080	0
Books Appliaction Testing	4982542842797732961-116	USER	START	1442384242080	0
Books Appliaction Testing	4982542842797732961-117	USER	START	1442384242080	0
Books Appliaction Testing	4982542842797732961-118	USER	START	1442384242080	0
Books Appliaction Testing	4982542842797732961-119	USER	START	1442384242080	0
Books Appliaction Testing	4982542842797732961-120	USER	START	1442384242080	0
Books Appliaction Testing	4982542842797732961-121	USER	START	1442384242080	0
Books Appliaction Testing	4982542842797732961-122	USER	START	1442384242080	0
Books Appliaction Testing	4982542842797732961-123	USER	START	1442384242080	0
Books Appliaction Testing	4982542842797732961-124	USER	START	1442384242080	0
Books Appliaction Testing	4982542842797732961-125	USER	START	1442384242080	0
Books Appliaction Testing	4982542842797732961-126	USER	START	1442384242080	0
Books Appliaction Testing	4982542842797732961-127	USER	START	1442384242080	0
Books Appliaction Testing	4982542842797732961-128	USER	START	1442384242080	0
Books Appliaction Testing	4982542842797732961-129	USER	START	1442384242080	0
Books Appliaction Testing	4982542842797732961-130	USER	START	1442384242080	0
Books Appliaction Testing	4982542842797732961-131	USER	START	1442384242081	0
Books Appliaction Testing	4982542842797732961-132	USER	START	1442384242081	0
Books Appliaction Testing	4982542842797732961-133	USER	START	1442384242081	0
Books Appliaction Testing	4982542842797732961-134	USER	START	1442384242081	0
Books Appliaction Testing	4982542842797732961-135	USER	START	1442384242081	0
Books Appliaction Testing	4982542842797732961-136	USER	START	1442384242081	0
Books Appliaction Testing	4982542842797732961-137	USER	START	1442384242081	0
Books Appliaction Testing	4982542842797732961-138	USER	START	1442384242081	0
Books Appliaction Testing	4982542842797732961-139	USER	START	1442384242081	0
Books Appliaction Testing	4982542842797732961-140	USER	START	1442384242085	0
Books Appliaction Testing	4982542842797732961-141	USER	START	1442384242085	0
Books Appliaction Testing	4982542842797732961-142	USER	START	1442384242085	0
Books Appliaction Testing	4982542842797732961-143	USER	START	1442384242085	0
Books Appliaction Testing	4982542842797732961-144	USER	START	1442384242085	0
Books Appliaction Testing	4982542842797732961-145	USER	START	1442384242086	0
Books Appliaction Testing	4982542842797732961-146	USER	START	1442384242086	0
Books Appliaction Testing	4982542842797732961-147	USER	START	1442384242086	0
Books Appliaction Testing	4982542842797732961-148	USER	START	1442384242086	0
Books Appliaction Testing	4982542842797732961-149	USER	START	1442384242086	0
Books Appliaction Testing	4982542842797732961-150	USER	START	1442384242086	0
Books Appliaction Testing	4982542842797732961-151	USER	START	1442384242086	0
Books Appliaction Testing	4982542842797732961-152	USER	START	1442384242086	0
Books Appliaction Testing	4982542842797732961-153	USER	START	1442384242086	0
Books Appliaction Testing	4982542842797732961-154	USER	START	1442384242086	0
Books Appliaction Testing	4982542842797732961-155	USER	START	1442384242086	0
Books Appliaction Testing	4982542842797732961-156	USER	START	1442384242086	0
Books Appliaction Testing	4982542842797732961-157	USER	START	1442384242086	0
Books Appliaction Testing	4982542842797732961-158	USER	START	1442384242086	0
Books Appliaction Testing	4982542842797732961-159	USER	START	1442384242086	0
Books Appliaction Testing	4982542842797732961-160	USER	START	1442384242086	0
Books Appliaction Testing	4982542842797732961-161	USER	START	1442384242087	0
Books Appliaction Testing	4982542842797732961-162	USER	START	1442384242087	0
Books Appliaction Testing	4982542842797732961-163	USER	START	1442384242087	0
Books Appliaction Testing	4982542842797732961-164	USER	START	1442384242087	0
Books Appliaction Testing	4982542842797732961-165	USER	START	1442384242087	0
Books Appliaction Testing	4982542842797732961-166	USER	START	1442384242087	0
Books Appliaction Testing	4982542842797732961-167	USER	START	1442384242087	0
Books Appliaction Testing	4982542842797732961-168	USER	START	1442384242087	0
Books Appliaction Testing	4982542842797732961-169	USER	START	1442384242087	0
Books Appliaction Testing	4982542842797732961-170	USER	START	1442384242087	0
Books Appliaction Testing	4982542842797732961-171	USER	START	1442384242087	0
Books Appliaction Testing	4982542842797732961-172	USER	START	1442384242087	0
Books Appliaction Testing	4982542842797732961-173	USER	START	1442384242087	0
Books Appliaction Testing	4982542842797732961-174	USER	START	1442384242087	0
Books Appliaction Testing	4982542842797732961-175	USER	START	1442384242087	0
Books Appliaction Testing	4982542842797732961-176	USER	START	1442384242087	0
Books Appliaction Testing	4982542842797732961-177	USER	START	1442384242088	0
Books Appliaction Testing	4982542842797732961-178	USER	START	1442384242088	0
Books Appliaction Testing	4982542842797732961-179	USER	START	1442384242088	0
Books Appliaction Testing	4982542842797732961-180	USER	START	1442384242088	0
Books Appliaction Testing	4982542842797732961-181	USER	START	1442384242088	0
Books Appliaction Testing	4982542842797732961-182	USER	START	1442384242088	0
Books Appliaction Testing	4982542842797732961-183	USER	START	1442384242088	0
Books Appliaction Testing	4982542842797732961-184	USER	START	1442384242088	0
Books Appliaction Testing	4982542842797732961-185	USER	START	1442384242088	0
Books Appliaction Testing	4982542842797732961-186	USER	START	1442384242092	0
Books Appliaction Testing	4982542842797732961-187	USER	START	1442384242092	0
Books Appliaction Testing	4982542842797732961-188	USER	START	1442384242092	0
Books Appliaction Testing	4982542842797732961-189	USER	START	1442384242092	0
Books Appliaction Testing	4982542842797732961-190	USER	START	1442384242093	0
Books Appliaction Testing	4982542842797732961-191	USER	START	1442384242093	0
Books Appliaction Testing	4982542842797732961-192	USER	START	1442384242093	0
Books Appliaction Testing	4982542842797732961-193	USER	START	1442384242093	0
Books Appliaction Testing	4982542842797732961-194	USER	START	1442384242093	0
Books Appliaction Testing	4982542842797732961-195	USER	START	1442384242093	0
Books Appliaction Testing	4982542842797732961-196	USER	START	1442384242093	0
Books Appliaction Testing	4982542842797732961-197	USER	START	1442384242093	0
Books Appliaction Testing	4982542842797732961-198	USER	START	1442384242093	0
Books Appliaction Testing	4982542842797732961-199	USER	START	1442384242093	0
Books Appliaction Testing	4982542842797732961-13	REQUEST		get request	1442384242413	1442384242413	1442384242413	1442384245452	KO	java.net.ConnectException: No route to host
Books Appliaction Testing	4982542842797732961-185	REQUEST		get request	1442384243070	1442384243070	1442384243070	1442384245470	KO	java.net.ConnectException: No route to host
Books Appliaction Testing	4982542842797732961-199	REQUEST		get request	1442384243089	1442384243089	1442384243089	1442384245469	KO	java.net.ConnectException: No route to host
Books Appliaction Testing	4982542842797732961-194	REQUEST		get request	1442384243081	1442384243081	1442384243081	1442384245468	KO	java.net.ConnectException: No route to host
Books Appliaction Testing	4982542842797732961-184	REQUEST		get request	1442384243069	1442384243069	1442384243069	1442384245467	KO	java.net.ConnectException: No route to host
Books Appliaction Testing	4982542842797732961-165	REQUEST		get request	1442384243041	1442384243041	1442384243041	1442384245466	KO	java.net.ConnectException: No route to host
Books Appliaction Testing	4982542842797732961-7	REQUEST		get request	1442384242401	1442384242401	1442384242401	1442384245548	KO	java.net.ConnectException: No route to host
Books Appliaction Testing	4982542842797732961-173	REQUEST		get request	1442384243050	1442384243050	1442384243050	1442384245786	KO	java.net.ConnectException: No route to host
Books Appliaction Testing	4982542842797732961-190	REQUEST		get request	1442384243077	1442384243077	1442384243077	1442384245472	KO	java.net.ConnectException: No route to host
Books Appliaction Testing	4982542842797732961-198	REQUEST		get request	1442384243087	1442384243087	1442384243087	1442384245797	KO	java.net.ConnectException: No route to host
Books Appliaction Testing	4982542842797732961-196	REQUEST		get request	1442384243085	1442384243085	1442384243085	1442384245802	KO	java.net.ConnectException: No route to host
Books Appliaction Testing	4982542842797732961-5	REQUEST		get request	1442384242390	1442384242390	1442384242390	1442384245805	KO	java.net.ConnectException: No route to host
Books Appliaction Testing	4982542842797732961-179	REQUEST		get request	1442384243059	1442384243059	1442384243059	1442384245807	KO	java.net.ConnectException: No route to host
Books Appliaction Testing	4982542842797732961-11	REQUEST		get request	1442384242405	1442384242405	1442384242405	1442384245811	KO	java.net.ConnectException: No route to host
Books Appliaction Testing	4982542842797732961-168	REQUEST		get request	1442384243044	1442384243044	1442384243044	1442384245814	KO	java.net.ConnectException: No route to host
Books Appliaction Testing	4982542842797732961-177	REQUEST		get request	1442384243056	1442384243056	1442384243056	1442384245817	KO	java.net.ConnectException: No route to host
Books Appliaction Testing	4982542842797732961-169	REQUEST		get request	1442384243045	1442384243045	1442384243045	1442384246094	KO	java.net.ConnectException: No route to host
Books Appliaction Testing	4982542842797732961-9	REQUEST		get request	1442384242403	1442384242403	1442384242403	1442384246588	KO	java.net.ConnectException: No route to host
Books Appliaction Testing	4982542842797732961-171	REQUEST		get request	1442384243047	1442384243047	1442384243047	1442384246589	KO	java.net.ConnectException: No route to host
Books Appliaction Testing	4982542842797732961-195	REQUEST		get request	1442384243084	1442384243084	1442384243084	1442384246589	KO	java.net.ConnectException: No route to host
Books Appliaction Testing	4982542842797732961-197	REQUEST		get request	1442384243086	1442384243086	1442384243086	1442384246589	KO	java.net.ConnectException: No route to host
Books Appliaction Testing	4982542842797732961-189	REQUEST		get request	1442384243076	1442384243076	1442384243076	1442384246590	KO	java.net.ConnectException: No route to host
Books Appliaction Testing	4982542842797732961-170	REQUEST		get request	1442384243046	1442384243046	1442384243046	1442384246590	KO	java.net.ConnectException: No route to host
Books Appliaction Testing	4982542842797732961-4	REQUEST		get request	1442384242389	1442384242389	1442384242389	1442384246595	KO	java.net.ConnectException: No route to host
Books Appliaction Testing	4982542842797732961-167	REQUEST		get request	1442384243043	1442384243043	1442384243043	1442384246595	KO	java.net.ConnectException: No route to host
Books Appliaction Testing	4982542842797732961-13	USER	END	1442384242061	1442384246596
Books Appliaction Testing	4982542842797732961-192	REQUEST		get request	1442384243079	1442384243079	1442384243079	1442384246596	KO	java.net.ConnectException: No route to host
Books Appliaction Testing	4982542842797732961-185	USER	END	1442384242088	1442384246597
Books Appliaction Testing	4982542842797732961-184	USER	END	1442384242088	1442384246597
Books Appliaction Testing	4982542842797732961-165	USER	END	1442384242087	1442384246597
Books Appliaction Testing	4982542842797732961-190	USER	END	1442384242093	1442384246597
Books Appliaction Testing	4982542842797732961-199	USER	END	1442384242093	1442384246597
Books Appliaction Testing	4982542842797732961-194	USER	END	1442384242093	1442384246597
Books Appliaction Testing	4982542842797732961-7	USER	END	1442384242060	1442384246597
Books Appliaction Testing	4982542842797732961-182	REQUEST		get request	1442384243067	1442384243067	1442384243067	1442384246587	KO	java.net.ConnectException: No route to host
Books Appliaction Testing	4982542842797732961-187	REQUEST		get request	1442384243073	1442384243073	1442384243073	1442384246595	KO	java.net.ConnectException: No route to host
Books Appliaction Testing	4982542842797732961-183	REQUEST		get request	1442384243068	1442384243068	1442384243068	1442384246596	KO	java.net.ConnectException: No route to host
Books Appliaction Testing	4982542842797732961-166	REQUEST		get request	1442384243042	1442384243042	1442384243042	1442384246600	KO	java.net.ConnectException: No route to host
Books Appliaction Testing	4982542842797732961-178	REQUEST		get request	1442384243057	1442384243057	1442384243057	1442384246600	KO	java.net.ConnectException: No route to host
Books Appliaction Testing	4982542842797732961-8	REQUEST		get request	1442384242403	1442384242403	1442384242403	1442384246601	KO	java.net.ConnectException: No route to host
Books Appliaction Testing	4982542842797732961-3	REQUEST		get request	1442384242388	1442384242388	1442384242388	1442384246605	KO	java.net.ConnectException: No route to host
Books Appliaction Testing	4982542842797732961-2	REQUEST		get request	1442384242386	1442384242386	1442384242386	1442384246606	KO	java.net.ConnectException: No route to host
Books Appliaction Testing	4982542842797732961-15	REQUEST		get request	1442384242416	1442384242416	1442384242416	1442384246606	KO	java.net.ConnectException: No route to host
Books Appliaction Testing	4982542842797732961-188	REQUEST		get request	1442384243075	1442384243075	1442384243075	1442384246606	KO	java.net.ConnectException: No route to host
Books Appliaction Testing	4982542842797732961-174	REQUEST		get request	1442384243051	1442384243051	1442384243051	1442384246607	KO	java.net.ConnectException: No route to host
Books Appliaction Testing	4982542842797732961-191	REQUEST		get request	1442384243078	1442384243078	1442384243078	1442384246611	KO	java.net.ConnectException: No route to host
Books Appliaction Testing	4982542842797732961-1	REQUEST		get request	1442384242385	1442384242385	1442384242385	1442384246611	KO	java.net.ConnectException: No route to host
Books Appliaction Testing	4982542842797732961-175	REQUEST		get request	1442384243053	1442384243053	1442384243053	1442384246611	KO	java.net.ConnectException: No route to host
Books Appliaction Testing	4982542842797732961-6	REQUEST		get request	1442384242391	1442384242391	1442384242391	1442384246612	KO	java.net.ConnectException: No route to host
Books Appliaction Testing	4982542842797732961-10	REQUEST		get request	1442384242404	1442384242404	1442384242404	1442384246607	KO	java.net.ConnectException: No route to host
Books Appliaction Testing	4982542842797732961-176	REQUEST		get request	1442384243055	1442384243055	1442384243055	1442384246614	KO	java.net.ConnectException: No route to host
Books Appliaction Testing	4982542842797732961-181	REQUEST		get request	1442384243066	1442384243066	1442384243066	1442384246615	KO	java.net.ConnectException: No route to host
Books Appliaction Testing	4982542842797732961-193	REQUEST		get request	1442384243080	1442384243080	1442384243080	1442384246615	KO	java.net.ConnectException: No route to host
Books Appliaction Testing	4982542842797732961-12	REQUEST		get request	1442384242412	1442384242412	1442384242412	1442384246616	KO	java.net.ConnectException: No route to host
Books Appliaction Testing	4982542842797732961-0	REQUEST		get request	1442384242383	1442384242383	1442384242383	1442384246616	KO	java.net.ConnectException: No route to host
Books Appliaction Testing	4982542842797732961-14	REQUEST		get request	1442384242415	1442384242415	1442384242415	1442384246618	KO	java.net.ConnectException: No route to host
Books Appliaction Testing	4982542842797732961-180	REQUEST		get request	1442384243065	1442384243065	1442384243065	1442384246618	KO	java.net.ConnectException: No route to host
Books Appliaction Testing	4982542842797732961-186	REQUEST		get request	1442384243071	1442384243071	1442384243071	1442384246619	KO	java.net.ConnectException: No route to host
Books Appliaction Testing	4982542842797732961-172	REQUEST		get request	1442384243048	1442384243048	1442384243048	1442384246619	KO	java.net.ConnectException: No route to host
Books Appliaction Testing	4982542842797732961-173	USER	END	1442384242087	1442384246825
Books Appliaction Testing	4982542842797732961-198	USER	END	1442384242093	1442384246825
Books Appliaction Testing	4982542842797732961-196	USER	END	1442384242093	1442384246825
Books Appliaction Testing	4982542842797732961-5	USER	END	1442384242060	1442384246825
Books Appliaction Testing	4982542842797732961-179	USER	END	1442384242088	1442384246826
Books Appliaction Testing	4982542842797732961-11	USER	END	1442384242061	1442384246826
Books Appliaction Testing	4982542842797732961-168	USER	END	1442384242087	1442384246826
Books Appliaction Testing	4982542842797732961-177	USER	END	1442384242088	1442384246826
Books Appliaction Testing	4982542842797732961-169	USER	END	1442384242087	1442384247595
Books Appliaction Testing	4982542842797732961-9	USER	END	1442384242061	1442384247607
Books Appliaction Testing	4982542842797732961-171	USER	END	1442384242087	1442384247607
Books Appliaction Testing	4982542842797732961-195	USER	END	1442384242093	1442384247607
Books Appliaction Testing	4982542842797732961-197	USER	END	1442384242093	1442384247607
Books Appliaction Testing	4982542842797732961-189	USER	END	1442384242092	1442384247608
Books Appliaction Testing	4982542842797732961-182	USER	END	1442384242088	1442384247608
Books Appliaction Testing	4982542842797732961-170	USER	END	1442384242087	1442384247614
Books Appliaction Testing	4982542842797732961-4	USER	END	1442384242060	1442384247615
Books Appliaction Testing	4982542842797732961-167	USER	END	1442384242087	1442384247615
Books Appliaction Testing	4982542842797732961-192	USER	END	1442384242093	1442384247615
Books Appliaction Testing	4982542842797732961-187	USER	END	1442384242092	1442384247616
Books Appliaction Testing	4982542842797732961-183	USER	END	1442384242088	1442384247616
Books Appliaction Testing	4982542842797732961-166	USER	END	1442384242087	1442384247616
Books Appliaction Testing	4982542842797732961-178	USER	END	1442384242088	1442384247616
Books Appliaction Testing	4982542842797732961-8	USER	END	1442384242060	1442384247657
Books Appliaction Testing	4982542842797732961-3	USER	END	1442384242060	1442384247658
Books Appliaction Testing	4982542842797732961-2	USER	END	1442384242060	1442384247658
Books Appliaction Testing	4982542842797732961-15	USER	END	1442384242061	1442384247659
Books Appliaction Testing	4982542842797732961-188	USER	END	1442384242092	1442384247659
Books Appliaction Testing	4982542842797732961-174	USER	END	1442384242087	1442384247659
Books Appliaction Testing	4982542842797732961-191	USER	END	1442384242093	1442384247660
Books Appliaction Testing	4982542842797732961-1	USER	END	1442384242060	1442384247660
Books Appliaction Testing	4982542842797732961-175	USER	END	1442384242087	1442384247660
Books Appliaction Testing	4982542842797732961-6	USER	END	1442384242060	1442384247661
Books Appliaction Testing	4982542842797732961-10	USER	END	1442384242061	1442384247661
Books Appliaction Testing	4982542842797732961-176	USER	END	1442384242087	1442384247661
Books Appliaction Testing	4982542842797732961-181	USER	END	1442384242088	1442384247661
Books Appliaction Testing	4982542842797732961-193	USER	END	1442384242093	1442384247661
Books Appliaction Testing	4982542842797732961-12	USER	END	1442384242061	1442384247662
Books Appliaction Testing	4982542842797732961-0	USER	END	1442384242056	1442384247663
Books Appliaction Testing	4982542842797732961-14	USER	END	1442384242061	1442384247663
Books Appliaction Testing	4982542842797732961-180	USER	END	1442384242088	1442384247663
Books Appliaction Testing	4982542842797732961-186	USER	END	1442384242092	1442384247663
Books Appliaction Testing	4982542842797732961-172	USER	END	1442384242087	1442384247664
Books Appliaction Testing	4982542842797732961-122	REQUEST		get request	1442384242704	1442384242704	1442384242704	1442384248489	KO	java.net.ConnectException: No route to host
Books Appliaction Testing	4982542842797732961-125	REQUEST		get request	1442384242713	1442384242713	1442384242713	1442384248489	KO	java.net.ConnectException: No route to host
Books Appliaction Testing	4982542842797732961-160	REQUEST		get request	1442384243033	1442384243033	1442384243033	1442384248492	KO	java.net.ConnectException: No route to host
Books Appliaction Testing	4982542842797732961-132	REQUEST		get request	1442384242997	1442384242997	1442384242997	1442384248490	KO	java.net.ConnectException: No route to host
Books Appliaction Testing	4982542842797732961-114	REQUEST		get request	1442384242694	1442384242694	1442384242694	1442384248490	KO	java.net.ConnectException: No route to host
Books Appliaction Testing	4982542842797732961-158	REQUEST		get request	1442384243031	1442384243031	1442384243031	1442384248490	KO	java.net.ConnectException: No route to host
Books Appliaction Testing	4982542842797732961-124	REQUEST		get request	1442384242709	1442384242709	1442384242709	1442384248490	KO	java.net.ConnectException: No route to host
Books Appliaction Testing	4982542842797732961-127	REQUEST		get request	1442384242951	1442384242951	1442384242951	1442384248491	KO	java.net.ConnectException: No route to host
Books Appliaction Testing	4982542842797732961-154	REQUEST		get request	1442384243025	1442384243025	1442384243025	1442384248491	KO	java.net.ConnectException: No route to host
Books Appliaction Testing	4982542842797732961-138	REQUEST		get request	1442384243004	1442384243004	1442384243004	1442384248491	KO	java.net.ConnectException: No route to host
Books Appliaction Testing	4982542842797732961-126	REQUEST		get request	1442384242717	1442384242717	1442384242717	1442384248492	KO	java.net.ConnectException: No route to host
Books Appliaction Testing	4982542842797732961-145	REQUEST		get request	1442384243012	1442384243012	1442384243012	1442384248494	KO	java.net.ConnectException: No route to host
Books Appliaction Testing	4982542842797732961-134	REQUEST		get request	1442384242999	1442384242999	1442384242999	1442384248493	KO	java.net.ConnectException: No route to host
Books Appliaction Testing	4982542842797732961-163	REQUEST		get request	1442384243036	1442384243036	1442384243036	1442384248493	KO	java.net.ConnectException: No route to host
Books Appliaction Testing	4982542842797732961-162	REQUEST		get request	1442384243035	1442384243035	1442384243035	1442384248493	KO	java.net.ConnectException: No route to host
Books Appliaction Testing	4982542842797732961-150	REQUEST		get request	1442384243020	1442384243020	1442384243020	1442384248492	KO	java.net.ConnectException: No route to host
Books Appliaction Testing	4982542842797732961-137	REQUEST		get request	1442384243003	1442384243003	1442384243003	1442384248494	KO	java.net.ConnectException: No route to host
Books Appliaction Testing	4982542842797732961-135	REQUEST		get request	1442384243000	1442384243000	1442384243000	1442384248494	KO	java.net.ConnectException: No route to host
Books Appliaction Testing	4982542842797732961-129	REQUEST		get request	1442384242992	1442384242992	1442384242992	1442384248494	KO	java.net.ConnectException: No route to host
Books Appliaction Testing	4982542842797732961-142	REQUEST		get request	1442384243009	1442384243009	1442384243009	1442384248495	KO	java.net.ConnectException: No route to host
Books Appliaction Testing	4982542842797732961-144	REQUEST		get request	1442384243011	1442384243011	1442384243011	1442384248498	KO	java.net.ConnectException: No route to host
Books Appliaction Testing	4982542842797732961-152	REQUEST		get request	1442384243023	1442384243023	1442384243023	1442384248495	KO	java.net.ConnectException: No route to host
Books Appliaction Testing	4982542842797732961-153	REQUEST		get request	1442384243025	1442384243025	1442384243025	1442384248495	KO	java.net.ConnectException: No route to host
Books Appliaction Testing	4982542842797732961-159	REQUEST		get request	1442384243032	1442384243032	1442384243032	1442384248496	KO	java.net.ConnectException: No route to host
Books Appliaction Testing	4982542842797732961-133	REQUEST		get request	1442384242998	1442384242998	1442384242998	1442384248495	KO	java.net.ConnectException: No route to host
Books Appliaction Testing	4982542842797732961-118	REQUEST		get request	1442384242697	1442384242697	1442384242697	1442384248496	KO	java.net.ConnectException: No route to host
Books Appliaction Testing	4982542842797732961-130	REQUEST		get request	1442384242993	1442384242993	1442384242993	1442384248497	KO	java.net.ConnectException: No route to host
Books Appliaction Testing	4982542842797732961-151	REQUEST		get request	1442384243022	1442384243022	1442384243022	1442384248498	KO	java.net.ConnectException: No route to host
Books Appliaction Testing	4982542842797732961-121	REQUEST		get request	1442384242703	1442384242703	1442384242703	1442384248499	KO	java.net.ConnectException: No route to host
Books Appliaction Testing	4982542842797732961-140	REQUEST		get request	1442384243007	1442384243007	1442384243007	1442384248502	KO	java.net.ConnectException: No route to host
Books Appliaction Testing	4982542842797732961-157	REQUEST		get request	1442384243030	1442384243030	1442384243030	1442384248500	KO	java.net.ConnectException: No route to host
Books Appliaction Testing	4982542842797732961-120	REQUEST		get request	1442384242701	1442384242701	1442384242701	1442384248500	KO	java.net.ConnectException: No route to host
Books Appliaction Testing	4982542842797732961-136	REQUEST		get request	1442384243001	1442384243001	1442384243001	1442384248501	KO	java.net.ConnectException: No route to host
Books Appliaction Testing	4982542842797732961-128	REQUEST		get request	1442384242991	1442384242991	1442384242991	1442384248499	KO	java.net.ConnectException: No route to host
Books Appliaction Testing	4982542842797732961-161	REQUEST		get request	1442384243034	1442384243034	1442384243034	1442384248501	KO	java.net.ConnectException: No route to host
Books Appliaction Testing	4982542842797732961-131	REQUEST		get request	1442384242996	1442384242996	1442384242996	1442384248501	KO	java.net.ConnectException: No route to host
Books Appliaction Testing	4982542842797732961-146	REQUEST		get request	1442384243013	1442384243013	1442384243013	1442384248502	KO	java.net.ConnectException: No route to host
Books Appliaction Testing	4982542842797732961-164	REQUEST		get request	1442384243037	1442384243037	1442384243037	1442384248502	KO	java.net.ConnectException: No route to host
Books Appliaction Testing	4982542842797732961-116	REQUEST		get request	1442384242696	1442384242696	1442384242696	1442384248504	KO	java.net.ConnectException: No route to host
Books Appliaction Testing	4982542842797732961-148	REQUEST		get request	1442384243016	1442384243016	1442384243016	1442384248503	KO	java.net.ConnectException: No route to host
Books Appliaction Testing	4982542842797732961-141	REQUEST		get request	1442384243009	1442384243009	1442384243009	1442384248503	KO	java.net.ConnectException: No route to host
Books Appliaction Testing	4982542842797732961-119	REQUEST		get request	1442384242698	1442384242698	1442384242698	1442384248503	KO	java.net.ConnectException: No route to host
Books Appliaction Testing	4982542842797732961-149	REQUEST		get request	1442384243018	1442384243018	1442384243018	1442384248502	KO	java.net.ConnectException: No route to host
Books Appliaction Testing	4982542842797732961-117	REQUEST		get request	1442384242697	1442384242697	1442384242697	1442384248504	KO	java.net.ConnectException: No route to host
Books Appliaction Testing	4982542842797732961-115	REQUEST		get request	1442384242695	1442384242695	1442384242695	1442384248504	KO	java.net.ConnectException: No route to host
Books Appliaction Testing	4982542842797732961-156	REQUEST		get request	1442384243029	1442384243029	1442384243029	1442384248504	KO	java.net.ConnectException: No route to host
Books Appliaction Testing	4982542842797732961-155	REQUEST		get request	1442384243028	1442384243028	1442384243028	1442384248505	KO	java.net.ConnectException: No route to host
Books Appliaction Testing	4982542842797732961-143	REQUEST		get request	1442384243010	1442384243010	1442384243010	1442384248508	KO	java.net.ConnectException: No route to host
Books Appliaction Testing	4982542842797732961-139	REQUEST		get request	1442384243005	1442384243005	1442384243005	1442384248508	KO	java.net.ConnectException: No route to host
Books Appliaction Testing	4982542842797732961-147	REQUEST		get request	1442384243014	1442384243014	1442384243014	1442384248509	KO	java.net.ConnectException: No route to host
Books Appliaction Testing	4982542842797732961-123	REQUEST		get request	1442384242705	1442384242705	1442384242705	1442384248505	KO	java.net.ConnectException: No route to host
Books Appliaction Testing	4982542842797732961-123	USER	END	1442384242080	1442384249532
Books Appliaction Testing	4982542842797732961-115	USER	END	1442384242080	1442384249535
Books Appliaction Testing	4982542842797732961-156	USER	END	1442384242086	1442384249536
Books Appliaction Testing	4982542842797732961-155	USER	END	1442384242086	1442384249536
Books Appliaction Testing	4982542842797732961-143	USER	END	1442384242085	1442384249536
Books Appliaction Testing	4982542842797732961-139	USER	END	1442384242081	1442384249536
Books Appliaction Testing	4982542842797732961-147	USER	END	1442384242086	1442384249536
Books Appliaction Testing	4982542842797732961-141	USER	END	1442384242085	1442384249551
Books Appliaction Testing	4982542842797732961-119	USER	END	1442384242080	1442384249551
Books Appliaction Testing	4982542842797732961-149	USER	END	1442384242086	1442384249552
Books Appliaction Testing	4982542842797732961-117	USER	END	1442384242080	1442384249552
Books Appliaction Testing	4982542842797732961-125	USER	END	1442384242080	1442384249555
Books Appliaction Testing	4982542842797732961-132	USER	END	1442384242081	1442384249555
Books Appliaction Testing	4982542842797732961-114	USER	END	1442384242080	1442384249555
Books Appliaction Testing	4982542842797732961-158	USER	END	1442384242086	1442384249555
Books Appliaction Testing	4982542842797732961-124	USER	END	1442384242080	1442384249556
Books Appliaction Testing	4982542842797732961-127	USER	END	1442384242080	1442384249556
Books Appliaction Testing	4982542842797732961-154	USER	END	1442384242086	1442384249556
Books Appliaction Testing	4982542842797732961-138	USER	END	1442384242081	1442384249556
Books Appliaction Testing	4982542842797732961-126	USER	END	1442384242080	1442384249556
Books Appliaction Testing	4982542842797732961-145	USER	END	1442384242086	1442384249558
Books Appliaction Testing	4982542842797732961-134	USER	END	1442384242081	1442384249558
Books Appliaction Testing	4982542842797732961-163	USER	END	1442384242087	1442384249558
Books Appliaction Testing	4982542842797732961-162	USER	END	1442384242087	1442384249558
Books Appliaction Testing	4982542842797732961-150	USER	END	1442384242086	1442384249558
Books Appliaction Testing	4982542842797732961-137	USER	END	1442384242081	1442384249558
Books Appliaction Testing	4982542842797732961-135	USER	END	1442384242081	1442384249558
Books Appliaction Testing	4982542842797732961-129	USER	END	1442384242080	1442384249558
Books Appliaction Testing	4982542842797732961-142	USER	END	1442384242085	1442384249558
Books Appliaction Testing	4982542842797732961-152	USER	END	1442384242086	1442384249558
Books Appliaction Testing	4982542842797732961-153	USER	END	1442384242086	1442384249559
Books Appliaction Testing	4982542842797732961-159	USER	END	1442384242086	1442384249559
Books Appliaction Testing	4982542842797732961-133	USER	END	1442384242081	1442384249559
Books Appliaction Testing	4982542842797732961-130	USER	END	1442384242080	1442384249559
Books Appliaction Testing	4982542842797732961-151	USER	END	1442384242086	1442384249559
Books Appliaction Testing	4982542842797732961-121	USER	END	1442384242080	1442384249559
Books Appliaction Testing	4982542842797732961-157	USER	END	1442384242086	1442384249559
Books Appliaction Testing	4982542842797732961-120	USER	END	1442384242080	1442384249560
Books Appliaction Testing	4982542842797732961-128	USER	END	1442384242080	1442384249563
Books Appliaction Testing	4982542842797732961-161	USER	END	1442384242087	1442384249563
Books Appliaction Testing	4982542842797732961-131	USER	END	1442384242081	1442384249563
Books Appliaction Testing	4982542842797732961-146	USER	END	1442384242086	1442384249563
Books Appliaction Testing	4982542842797732961-164	USER	END	1442384242087	1442384249564
Books Appliaction Testing	4982542842797732961-116	USER	END	1442384242080	1442384249564
Books Appliaction Testing	4982542842797732961-148	USER	END	1442384242086	1442384249564
Books Appliaction Testing	4982542842797732961-118	USER	END	1442384242080	1442384249569
Books Appliaction Testing	4982542842797732961-136	USER	END	1442384242081	1442384249570
Books Appliaction Testing	4982542842797732961-160	USER	END	1442384242086	1442384249571
Books Appliaction Testing	4982542842797732961-144	USER	END	1442384242085	1442384249571
Books Appliaction Testing	4982542842797732961-140	USER	END	1442384242085	1442384249571
Books Appliaction Testing	4982542842797732961-122	USER	END	1442384242080	1442384249784
Books Appliaction Testing	4982542842797732961-80	REQUEST		get request	1442384242587	1442384242587	1442384242587	1442384251559	KO	java.net.ConnectException: No route to host
Books Appliaction Testing	4982542842797732961-67	REQUEST		get request	1442384242525	1442384242525	1442384242525	1442384251560	KO	java.net.ConnectException: No route to host
Books Appliaction Testing	4982542842797732961-65	REQUEST		get request	1442384242523	1442384242523	1442384242523	1442384251560	KO	java.net.ConnectException: No route to host
Books Appliaction Testing	4982542842797732961-83	REQUEST		get request	1442384242592	1442384242592	1442384242592	1442384251561	KO	java.net.ConnectException: No route to host
Books Appliaction Testing	4982542842797732961-77	REQUEST		get request	1442384242583	1442384242583	1442384242583	1442384251561	KO	java.net.ConnectException: No route to host
Books Appliaction Testing	4982542842797732961-64	REQUEST		get request	1442384242521	1442384242521	1442384242521	1442384251561	KO	java.net.ConnectException: No route to host
Books Appliaction Testing	4982542842797732961-91	REQUEST		get request	1442384242622	1442384242622	1442384242622	1442384251562	KO	java.net.ConnectException: No route to host
Books Appliaction Testing	4982542842797732961-87	REQUEST		get request	1442384242609	1442384242609	1442384242609	1442384251562	KO	java.net.ConnectException: No route to host
Books Appliaction Testing	4982542842797732961-88	REQUEST		get request	1442384242610	1442384242610	1442384242610	1442384251566	KO	java.net.ConnectException: No route to host
Books Appliaction Testing	4982542842797732961-78	REQUEST		get request	1442384242585	1442384242585	1442384242585	1442384251566	KO	java.net.ConnectException: No route to host
Books Appliaction Testing	4982542842797732961-71	REQUEST		get request	1442384242530	1442384242530	1442384242530	1442384251566	KO	java.net.ConnectException: No route to host
Books Appliaction Testing	4982542842797732961-93	REQUEST		get request	1442384242623	1442384242623	1442384242623	1442384251567	KO	java.net.ConnectException: No route to host
Books Appliaction Testing	4982542842797732961-76	REQUEST		get request	1442384242582	1442384242582	1442384242582	1442384251567	KO	java.net.ConnectException: No route to host
Books Appliaction Testing	4982542842797732961-86	REQUEST		get request	1442384242607	1442384242607	1442384242607	1442384251567	KO	java.net.ConnectException: No route to host
Books Appliaction Testing	4982542842797732961-90	REQUEST		get request	1442384242621	1442384242621	1442384242621	1442384251568	KO	java.net.ConnectException: No route to host
Books Appliaction Testing	4982542842797732961-68	REQUEST		get request	1442384242526	1442384242526	1442384242526	1442384251568	KO	java.net.ConnectException: No route to host
Books Appliaction Testing	4982542842797732961-81	REQUEST		get request	1442384242589	1442384242589	1442384242589	1442384251570	KO	java.net.ConnectException: No route to host
Books Appliaction Testing	4982542842797732961-70	REQUEST		get request	1442384242529	1442384242529	1442384242529	1442384251571	KO	java.net.ConnectException: No route to host
Books Appliaction Testing	4982542842797732961-89	REQUEST		get request	1442384242619	1442384242619	1442384242619	1442384251571	KO	java.net.ConnectException: No route to host
Books Appliaction Testing	4982542842797732961-75	REQUEST		get request	1442384242580	1442384242580	1442384242580	1442384251571	KO	java.net.ConnectException: No route to host
Books Appliaction Testing	4982542842797732961-96	REQUEST		get request	1442384242627	1442384242627	1442384242627	1442384251572	KO	java.net.ConnectException: No route to host
Books Appliaction Testing	4982542842797732961-82	REQUEST		get request	1442384242591	1442384242591	1442384242591	1442384251572	KO	java.net.ConnectException: No route to host
Books Appliaction Testing	4982542842797732961-73	REQUEST		get request	1442384242577	1442384242577	1442384242577	1442384251573	KO	java.net.ConnectException: No route to host
Books Appliaction Testing	4982542842797732961-94	REQUEST		get request	1442384242624	1442384242624	1442384242624	1442384251573	KO	java.net.ConnectException: No route to host
Books Appliaction Testing	4982542842797732961-63	REQUEST		get request	1442384242519	1442384242519	1442384242519	1442384251574	KO	java.net.ConnectException: No route to host
Books Appliaction Testing	4982542842797732961-95	REQUEST		get request	1442384242626	1442384242626	1442384242626	1442384251576	KO	java.net.ConnectException: No route to host
Books Appliaction Testing	4982542842797732961-85	REQUEST		get request	1442384242606	1442384242606	1442384242606	1442384251577	KO	java.net.ConnectException: No route to host
Books Appliaction Testing	4982542842797732961-74	REQUEST		get request	1442384242579	1442384242579	1442384242579	1442384251573	KO	java.net.ConnectException: No route to host
Books Appliaction Testing	4982542842797732961-69	REQUEST		get request	1442384242527	1442384242527	1442384242527	1442384251567	KO	java.net.ConnectException: No route to host
Books Appliaction Testing	4982542842797732961-79	REQUEST		get request	1442384242586	1442384242586	1442384242586	1442384251587	KO	java.net.ConnectException: No route to host
Books Appliaction Testing	4982542842797732961-92	REQUEST		get request	1442384242623	1442384242623	1442384242623	1442384251588	KO	java.net.ConnectException: No route to host
Books Appliaction Testing	4982542842797732961-72	REQUEST		get request	1442384242576	1442384242576	1442384242576	1442384251589	KO	java.net.ConnectException: No route to host
Books Appliaction Testing	4982542842797732961-66	REQUEST		get request	1442384242524	1442384242524	1442384242524	1442384251572	KO	java.net.ConnectException: No route to host
Books Appliaction Testing	4982542842797732961-97	REQUEST		get request	1442384242628	1442384242628	1442384242628	1442384251593	KO	java.net.ConnectException: No route to host
Books Appliaction Testing	4982542842797732961-111	REQUEST		get request	1442384242689	1442384242689	1442384242689	1442384251595	KO	java.net.ConnectException: No route to host
Books Appliaction Testing	4982542842797732961-104	REQUEST		get request	1442384242683	1442384242683	1442384242683	1442384251596	KO	java.net.ConnectException: No route to host
Books Appliaction Testing	4982542842797732961-98	REQUEST		get request	1442384242629	1442384242629	1442384242629	1442384251597	KO	java.net.ConnectException: No route to host
Books Appliaction Testing	4982542842797732961-107	REQUEST		get request	1442384242686	1442384242686	1442384242686	1442384251598	KO	java.net.ConnectException: No route to host
Books Appliaction Testing	4982542842797732961-101	REQUEST		get request	1442384242632	1442384242632	1442384242632	1442384251600	KO	java.net.ConnectException: No route to host
Books Appliaction Testing	4982542842797732961-84	REQUEST		get request	1442384242605	1442384242605	1442384242605	1442384251585	KO	java.net.ConnectException: No route to host
Books Appliaction Testing	4982542842797732961-106	REQUEST		get request	1442384242685	1442384242685	1442384242685	1442384251609	KO	java.net.ConnectException: No route to host
Books Appliaction Testing	4982542842797732961-113	REQUEST		get request	1442384242693	1442384242693	1442384242693	1442384251610	KO	java.net.ConnectException: No route to host
Books Appliaction Testing	4982542842797732961-112	REQUEST		get request	1442384242691	1442384242691	1442384242691	1442384251614	KO	java.net.ConnectException: No route to host
Books Appliaction Testing	4982542842797732961-100	REQUEST		get request	1442384242631	1442384242631	1442384242631	1442384251622	KO	java.net.ConnectException: No route to host
Books Appliaction Testing	4982542842797732961-110	REQUEST		get request	1442384242688	1442384242688	1442384242688	1442384251628	KO	java.net.ConnectException: No route to host
Books Appliaction Testing	4982542842797732961-102	REQUEST		get request	1442384242633	1442384242633	1442384242633	1442384251599	KO	java.net.ConnectException: No route to host
Books Appliaction Testing	4982542842797732961-109	REQUEST		get request	1442384242687	1442384242687	1442384242687	1442384251628	KO	java.net.ConnectException: No route to host
Books Appliaction Testing	4982542842797732961-108	REQUEST		get request	1442384242687	1442384242687	1442384242687	1442384251638	KO	java.net.ConnectException: No route to host
Books Appliaction Testing	4982542842797732961-103	REQUEST		get request	1442384242635	1442384242635	1442384242635	1442384251642	KO	java.net.ConnectException: No route to host
Books Appliaction Testing	4982542842797732961-105	REQUEST		get request	1442384242684	1442384242684	1442384242684	1442384251639	KO	java.net.ConnectException: No route to host
Books Appliaction Testing	4982542842797732961-99	REQUEST		get request	1442384242630	1442384242630	1442384242630	1442384251643	KO	java.net.ConnectException: No route to host
Books Appliaction Testing	4982542842797732961-66	USER	END	1442384242072	1442384252630
Books Appliaction Testing	4982542842797732961-84	USER	END	1442384242078	1442384252630
Books Appliaction Testing	4982542842797732961-69	USER	END	1442384242073	1442384252630
Books Appliaction Testing	4982542842797732961-73	USER	END	1442384242073	1442384252630
Books Appliaction Testing	4982542842797732961-94	USER	END	1442384242078	1442384252631
Books Appliaction Testing	4982542842797732961-63	USER	END	1442384242072	1442384252631
Books Appliaction Testing	4982542842797732961-95	USER	END	1442384242078	1442384252638
Books Appliaction Testing	4982542842797732961-85	USER	END	1442384242078	1442384252639
Books Appliaction Testing	4982542842797732961-74	USER	END	1442384242073	1442384252639
Books Appliaction Testing	4982542842797732961-79	USER	END	1442384242077	1442384252639
Books Appliaction Testing	4982542842797732961-92	USER	END	1442384242078	1442384252639
Books Appliaction Testing	4982542842797732961-72	USER	END	1442384242073	1442384252639
Books Appliaction Testing	4982542842797732961-97	USER	END	1442384242078	1442384252639
Books Appliaction Testing	4982542842797732961-111	USER	END	1442384242079	1442384252639
Books Appliaction Testing	4982542842797732961-104	USER	END	1442384242079	1442384252639
Books Appliaction Testing	4982542842797732961-98	USER	END	1442384242079	1442384252639
Books Appliaction Testing	4982542842797732961-107	USER	END	1442384242079	1442384252639
Books Appliaction Testing	4982542842797732961-101	USER	END	1442384242079	1442384252639
Books Appliaction Testing	4982542842797732961-106	USER	END	1442384242079	1442384252640
Books Appliaction Testing	4982542842797732961-113	USER	END	1442384242079	1442384252640
Books Appliaction Testing	4982542842797732961-112	USER	END	1442384242079	1442384252640
Books Appliaction Testing	4982542842797732961-102	USER	END	1442384242079	1442384252640
Books Appliaction Testing	4982542842797732961-80	USER	END	1442384242077	1442384252644
Books Appliaction Testing	4982542842797732961-67	USER	END	1442384242072	1442384252644
Books Appliaction Testing	4982542842797732961-65	USER	END	1442384242072	1442384252644
Books Appliaction Testing	4982542842797732961-83	USER	END	1442384242078	1442384252644
Books Appliaction Testing	4982542842797732961-77	USER	END	1442384242073	1442384252644
Books Appliaction Testing	4982542842797732961-64	USER	END	1442384242072	1442384252644
Books Appliaction Testing	4982542842797732961-87	USER	END	1442384242078	1442384252645
Books Appliaction Testing	4982542842797732961-91	USER	END	1442384242078	1442384252645
Books Appliaction Testing	4982542842797732961-88	USER	END	1442384242078	1442384252645
Books Appliaction Testing	4982542842797732961-78	USER	END	1442384242077	1442384252645
Books Appliaction Testing	4982542842797732961-71	USER	END	1442384242073	1442384252645
Books Appliaction Testing	4982542842797732961-93	USER	END	1442384242078	1442384252645
Books Appliaction Testing	4982542842797732961-76	USER	END	1442384242073	1442384252645
Books Appliaction Testing	4982542842797732961-86	USER	END	1442384242078	1442384252645
Books Appliaction Testing	4982542842797732961-90	USER	END	1442384242078	1442384252646
Books Appliaction Testing	4982542842797732961-68	USER	END	1442384242072	1442384252646
Books Appliaction Testing	4982542842797732961-81	USER	END	1442384242077	1442384252646
Books Appliaction Testing	4982542842797732961-70	USER	END	1442384242073	1442384252646
Books Appliaction Testing	4982542842797732961-89	USER	END	1442384242078	1442384252646
Books Appliaction Testing	4982542842797732961-75	USER	END	1442384242073	1442384252646
Books Appliaction Testing	4982542842797732961-96	USER	END	1442384242078	1442384252646
Books Appliaction Testing	4982542842797732961-82	USER	END	1442384242078	1442384252646
Books Appliaction Testing	4982542842797732961-100	USER	END	1442384242079	1442384252646
Books Appliaction Testing	4982542842797732961-110	USER	END	1442384242079	1442384252665
Books Appliaction Testing	4982542842797732961-109	USER	END	1442384242079	1442384252665
Books Appliaction Testing	4982542842797732961-108	USER	END	1442384242079	1442384252665
Books Appliaction Testing	4982542842797732961-103	USER	END	1442384242079	1442384252666
Books Appliaction Testing	4982542842797732961-105	USER	END	1442384242079	1442384252666
Books Appliaction Testing	4982542842797732961-99	USER	END	1442384242079	1442384252666
Books Appliaction Testing	4982542842797732961-60	REQUEST		get request	1442384242515	1442384242515	1442384242515	1442384260492	KO	java.net.ConnectException: No route to host
Books Appliaction Testing	4982542842797732961-17	REQUEST		get request	1442384242418	1442384242418	1442384242418	1442384260495	KO	java.net.ConnectException: No route to host
Books Appliaction Testing	4982542842797732961-46	REQUEST		get request	1442384242493	1442384242493	1442384242493	1442384260492	KO	java.net.ConnectException: No route to host
Books Appliaction Testing	4982542842797732961-26	REQUEST		get request	1442384242442	1442384242442	1442384242442	1442384260495	KO	java.net.ConnectException: No route to host
Books Appliaction Testing	4982542842797732961-33	REQUEST		get request	1442384242454	1442384242454	1442384242454	1442384260493	KO	java.net.ConnectException: No route to host
Books Appliaction Testing	4982542842797732961-55	REQUEST		get request	1442384242510	1442384242510	1442384242510	1442384260493	KO	java.net.ConnectException: No route to host
Books Appliaction Testing	4982542842797732961-21	REQUEST		get request	1442384242431	1442384242431	1442384242431	1442384260493	KO	java.net.ConnectException: No route to host
Books Appliaction Testing	4982542842797732961-41	REQUEST		get request	1442384242465	1442384242465	1442384242465	1442384260494	KO	java.net.ConnectException: No route to host
Books Appliaction Testing	4982542842797732961-62	REQUEST		get request	1442384242518	1442384242518	1442384242518	1442384260494	KO	java.net.ConnectException: No route to host
Books Appliaction Testing	4982542842797732961-44	REQUEST		get request	1442384242469	1442384242469	1442384242469	1442384260492	KO	java.net.ConnectException: No route to host
Books Appliaction Testing	4982542842797732961-18	REQUEST		get request	1442384242421	1442384242421	1442384242421	1442384260496	KO	java.net.ConnectException: No route to host
Books Appliaction Testing	4982542842797732961-52	REQUEST		get request	1442384242506	1442384242506	1442384242506	1442384260544	KO	java.net.ConnectException: No route to host
Books Appliaction Testing	4982542842797732961-59	REQUEST		get request	1442384242514	1442384242514	1442384242514	1442384260547	KO	java.net.ConnectException: No route to host
Books Appliaction Testing	4982542842797732961-36	REQUEST		get request	1442384242457	1442384242457	1442384242457	1442384260545	KO	java.net.ConnectException: No route to host
Books Appliaction Testing	4982542842797732961-39	REQUEST		get request	1442384242462	1442384242462	1442384242462	1442384260547	KO	java.net.ConnectException: No route to host
Books Appliaction Testing	4982542842797732961-32	REQUEST		get request	1442384242453	1442384242453	1442384242453	1442384260545	KO	java.net.ConnectException: No route to host
Books Appliaction Testing	4982542842797732961-47	REQUEST		get request	1442384242494	1442384242494	1442384242494	1442384260545	KO	java.net.ConnectException: No route to host
Books Appliaction Testing	4982542842797732961-24	REQUEST		get request	1442384242440	1442384242440	1442384242440	1442384260546	KO	java.net.ConnectException: No route to host
Books Appliaction Testing	4982542842797732961-16	REQUEST		get request	1442384242418	1442384242418	1442384242418	1442384260548	KO	java.net.ConnectException: No route to host
Books Appliaction Testing	4982542842797732961-51	REQUEST		get request	1442384242502	1442384242502	1442384242502	1442384260546	KO	java.net.ConnectException: No route to host
Books Appliaction Testing	4982542842797732961-53	REQUEST		get request	1442384242508	1442384242508	1442384242508	1442384260548	KO	java.net.ConnectException: No route to host
Books Appliaction Testing	4982542842797732961-57	REQUEST		get request	1442384242513	1442384242513	1442384242513	1442384260547	KO	java.net.ConnectException: No route to host
Books Appliaction Testing	4982542842797732961-35	REQUEST		get request	1442384242456	1442384242456	1442384242456	1442384260547	KO	java.net.ConnectException: No route to host
Books Appliaction Testing	4982542842797732961-42	REQUEST		get request	1442384242466	1442384242466	1442384242466	1442384260491	KO	java.net.ConnectException: No route to host
Books Appliaction Testing	4982542842797732961-23	REQUEST		get request	1442384242438	1442384242438	1442384242438	1442384260556	KO	java.net.ConnectException: No route to host
Books Appliaction Testing	4982542842797732961-19	REQUEST		get request	1442384242423	1442384242423	1442384242423	1442384260557	KO	java.net.ConnectException: No route to host
Books Appliaction Testing	4982542842797732961-49	REQUEST		get request	1442384242499	1442384242499	1442384242499	1442384260557	KO	java.net.ConnectException: No route to host
Books Appliaction Testing	4982542842797732961-29	REQUEST		get request	1442384242446	1442384242446	1442384242446	1442384260557	KO	java.net.ConnectException: No route to host
Books Appliaction Testing	4982542842797732961-22	REQUEST		get request	1442384242434	1442384242434	1442384242434	1442384260558	KO	java.net.ConnectException: No route to host
Books Appliaction Testing	4982542842797732961-20	REQUEST		get request	1442384242426	1442384242426	1442384242426	1442384260495	KO	java.net.ConnectException: No route to host
Books Appliaction Testing	4982542842797732961-58	REQUEST		get request	1442384242514	1442384242514	1442384242514	1442384260559	KO	java.net.ConnectException: No route to host
Books Appliaction Testing	4982542842797732961-45	REQUEST		get request	1442384242470	1442384242470	1442384242470	1442384260560	KO	java.net.ConnectException: No route to host
Books Appliaction Testing	4982542842797732961-50	REQUEST		get request	1442384242500	1442384242500	1442384242500	1442384260560	KO	java.net.ConnectException: No route to host
Books Appliaction Testing	4982542842797732961-27	REQUEST		get request	1442384242443	1442384242443	1442384242443	1442384260558	KO	java.net.ConnectException: No route to host
Books Appliaction Testing	4982542842797732961-34	REQUEST		get request	1442384242455	1442384242455	1442384242455	1442384260558	KO	java.net.ConnectException: No route to host
Books Appliaction Testing	4982542842797732961-43	REQUEST		get request	1442384242467	1442384242467	1442384242467	1442384260559	KO	java.net.ConnectException: No route to host
Books Appliaction Testing	4982542842797732961-30	REQUEST		get request	1442384242450	1442384242450	1442384242450	1442384260546	KO	java.net.ConnectException: No route to host
Books Appliaction Testing	4982542842797732961-56	REQUEST		get request	1442384242511	1442384242511	1442384242511	1442384260561	KO	java.net.ConnectException: No route to host
Books Appliaction Testing	4982542842797732961-54	REQUEST		get request	1442384242509	1442384242509	1442384242509	1442384260562	KO	java.net.ConnectException: No route to host
Books Appliaction Testing	4982542842797732961-28	REQUEST		get request	1442384242445	1442384242445	1442384242445	1442384260563	KO	java.net.ConnectException: No route to host
Books Appliaction Testing	4982542842797732961-25	REQUEST		get request	1442384242441	1442384242441	1442384242441	1442384260562	KO	java.net.ConnectException: No route to host
Books Appliaction Testing	4982542842797732961-31	REQUEST		get request	1442384242452	1442384242452	1442384242452	1442384260565	KO	java.net.ConnectException: No route to host
Books Appliaction Testing	4982542842797732961-48	REQUEST		get request	1442384242497	1442384242497	1442384242497	1442384260566	KO	java.net.ConnectException: No route to host
Books Appliaction Testing	4982542842797732961-37	REQUEST		get request	1442384242459	1442384242459	1442384242459	1442384260566	KO	java.net.ConnectException: No route to host
Books Appliaction Testing	4982542842797732961-40	REQUEST		get request	1442384242463	1442384242463	1442384242463	1442384260557	KO	java.net.ConnectException: No route to host
Books Appliaction Testing	4982542842797732961-38	REQUEST		get request	1442384242461	1442384242461	1442384242461	1442384260559	KO	java.net.ConnectException: No route to host
Books Appliaction Testing	4982542842797732961-61	REQUEST		get request	1442384242517	1442384242517	1442384242517	1442384260566	KO	java.net.ConnectException: No route to host
Books Appliaction Testing	4982542842797732961-18	USER	END	1442384242069	1442384261504
Books Appliaction Testing	4982542842797732961-44	USER	END	1442384242071	1442384261504
Books Appliaction Testing	4982542842797732961-60	USER	END	1442384242072	1442384261516
Books Appliaction Testing	4982542842797732961-17	USER	END	1442384242069	1442384261516
Books Appliaction Testing	4982542842797732961-46	USER	END	1442384242071	1442384261516
Books Appliaction Testing	4982542842797732961-33	USER	END	1442384242070	1442384261517
Books Appliaction Testing	4982542842797732961-55	USER	END	1442384242072	1442384261517
Books Appliaction Testing	4982542842797732961-21	USER	END	1442384242070	1442384261517
Books Appliaction Testing	4982542842797732961-41	USER	END	1442384242071	1442384261520
Books Appliaction Testing	4982542842797732961-62	USER	END	1442384242072	1442384261520
Books Appliaction Testing	4982542842797732961-26	USER	END	1442384242070	1442384261520
Books Appliaction Testing	4982542842797732961-42	USER	END	1442384242071	1442384261526
Books Appliaction Testing	4982542842797732961-20	USER	END	1442384242069	1442384261526
Books Appliaction Testing	4982542842797732961-52	USER	END	1442384242071	1442384261556
Books Appliaction Testing	4982542842797732961-59	USER	END	1442384242072	1442384261556
Books Appliaction Testing	4982542842797732961-36	USER	END	1442384242070	1442384261556
Books Appliaction Testing	4982542842797732961-39	USER	END	1442384242071	1442384261556
Books Appliaction Testing	4982542842797732961-30	USER	END	1442384242070	1442384261565
Books Appliaction Testing	4982542842797732961-57	USER	END	1442384242072	1442384261575
Books Appliaction Testing	4982542842797732961-35	USER	END	1442384242070	1442384261576
Books Appliaction Testing	4982542842797732961-27	USER	END	1442384242070	1442384261576
Books Appliaction Testing	4982542842797732961-34	USER	END	1442384242070	1442384261577
Books Appliaction Testing	4982542842797732961-43	USER	END	1442384242071	1442384261577
Books Appliaction Testing	4982542842797732961-54	USER	END	1442384242072	1442384261577
Books Appliaction Testing	4982542842797732961-28	USER	END	1442384242070	1442384261577
Books Appliaction Testing	4982542842797732961-25	USER	END	1442384242070	1442384261577
Books Appliaction Testing	4982542842797732961-40	USER	END	1442384242071	1442384261578
Books Appliaction Testing	4982542842797732961-32	USER	END	1442384242070	1442384261586
Books Appliaction Testing	4982542842797732961-47	USER	END	1442384242071	1442384261586
Books Appliaction Testing	4982542842797732961-24	USER	END	1442384242070	1442384261586
Books Appliaction Testing	4982542842797732961-16	USER	END	1442384242061	1442384261586
Books Appliaction Testing	4982542842797732961-51	USER	END	1442384242071	1442384261587
Books Appliaction Testing	4982542842797732961-53	USER	END	1442384242072	1442384261587
Books Appliaction Testing	4982542842797732961-23	USER	END	1442384242070	1442384261587
Books Appliaction Testing	4982542842797732961-19	USER	END	1442384242069	1442384261588
Books Appliaction Testing	4982542842797732961-49	USER	END	1442384242071	1442384261588
Books Appliaction Testing	4982542842797732961-29	USER	END	1442384242070	1442384261589
Books Appliaction Testing	4982542842797732961-22	USER	END	1442384242070	1442384261589
Books Appliaction Testing	4982542842797732961-58	USER	END	1442384242072	1442384261589
Books Appliaction Testing	4982542842797732961-45	USER	END	1442384242071	1442384261589
Books Appliaction Testing	4982542842797732961-50	USER	END	1442384242071	1442384261589
Books Appliaction Testing	4982542842797732961-56	USER	END	1442384242072	1442384261589
Books Appliaction Testing	4982542842797732961-31	USER	END	1442384242070	1442384261590
Books Appliaction Testing	4982542842797732961-37	USER	END	1442384242070	1442384261590
Books Appliaction Testing	4982542842797732961-38	USER	END	1442384242071	1442384261591
Books Appliaction Testing	4982542842797732961-61	USER	END	1442384242072	1442384261591
Books Appliaction Testing	4982542842797732961-48	USER	END	1442384242071	1442384261597
