computerdatabase.AngularNodeEmsSimulation	angularnodeemssimulation	RUN	1442383192667	 	2.0
Books Appliaction Testing	8197752359227442321-0	USER	START	1442383192884	0
Books Appliaction Testing	8197752359227442321-1	USER	START	1442383192888	0
Books Appliaction Testing	8197752359227442321-2	USER	START	1442383192888	0
Books Appliaction Testing	8197752359227442321-3	USER	START	1442383192903	0
Books Appliaction Testing	8197752359227442321-4	USER	START	1442383192903	0
Books Appliaction Testing	8197752359227442321-5	USER	START	1442383192903	0
Books Appliaction Testing	8197752359227442321-6	USER	START	1442383192903	0
Books Appliaction Testing	8197752359227442321-7	USER	START	1442383192903	0
Books Appliaction Testing	8197752359227442321-8	USER	START	1442383192903	0
Books Appliaction Testing	8197752359227442321-9	USER	START	1442383192903	0
Books Appliaction Testing	8197752359227442321-10	USER	START	1442383192904	0
Books Appliaction Testing	8197752359227442321-11	USER	START	1442383192904	0
Books Appliaction Testing	8197752359227442321-12	USER	START	1442383192904	0
Books Appliaction Testing	8197752359227442321-13	USER	START	1442383192904	0
Books Appliaction Testing	8197752359227442321-14	USER	START	1442383192904	0
Books Appliaction Testing	8197752359227442321-15	USER	START	1442383192904	0
Books Appliaction Testing	8197752359227442321-16	USER	START	1442383192904	0
Books Appliaction Testing	8197752359227442321-17	USER	START	1442383192904	0
Books Appliaction Testing	8197752359227442321-18	USER	START	1442383192904	0
Books Appliaction Testing	8197752359227442321-19	USER	START	1442383192904	0
Books Appliaction Testing	8197752359227442321-20	USER	START	1442383192904	0
Books Appliaction Testing	8197752359227442321-21	USER	START	1442383192904	0
Books Appliaction Testing	8197752359227442321-22	USER	START	1442383192904	0
Books Appliaction Testing	8197752359227442321-23	USER	START	1442383192904	0
Books Appliaction Testing	8197752359227442321-24	USER	START	1442383192904	0
Books Appliaction Testing	8197752359227442321-25	USER	START	1442383192904	0
Books Appliaction Testing	8197752359227442321-26	USER	START	1442383192904	0
Books Appliaction Testing	8197752359227442321-27	USER	START	1442383192905	0
Books Appliaction Testing	8197752359227442321-28	USER	START	1442383192905	0
Books Appliaction Testing	8197752359227442321-29	USER	START	1442383192905	0
Books Appliaction Testing	8197752359227442321-30	USER	START	1442383192905	0
Books Appliaction Testing	8197752359227442321-31	USER	START	1442383192905	0
Books Appliaction Testing	8197752359227442321-32	USER	START	1442383192905	0
Books Appliaction Testing	8197752359227442321-33	USER	START	1442383192905	0
Books Appliaction Testing	8197752359227442321-34	USER	START	1442383192905	0
Books Appliaction Testing	8197752359227442321-35	USER	START	1442383192905	0
Books Appliaction Testing	8197752359227442321-36	USER	START	1442383192905	0
Books Appliaction Testing	8197752359227442321-37	USER	START	1442383192905	0
Books Appliaction Testing	8197752359227442321-38	USER	START	1442383192905	0
Books Appliaction Testing	8197752359227442321-39	USER	START	1442383192905	0
Books Appliaction Testing	8197752359227442321-40	USER	START	1442383192905	0
Books Appliaction Testing	8197752359227442321-41	USER	START	1442383192905	0
Books Appliaction Testing	8197752359227442321-42	USER	START	1442383192905	0
Books Appliaction Testing	8197752359227442321-43	USER	START	1442383192905	0
Books Appliaction Testing	8197752359227442321-44	USER	START	1442383192906	0
Books Appliaction Testing	8197752359227442321-45	USER	START	1442383192906	0
Books Appliaction Testing	8197752359227442321-46	USER	START	1442383192906	0
Books Appliaction Testing	8197752359227442321-47	USER	START	1442383192906	0
Books Appliaction Testing	8197752359227442321-48	USER	START	1442383192906	0
Books Appliaction Testing	8197752359227442321-49	USER	START	1442383192906	0
Books Appliaction Testing	8197752359227442321-50	USER	START	1442383192906	0
Books Appliaction Testing	8197752359227442321-51	USER	START	1442383192906	0
Books Appliaction Testing	8197752359227442321-52	USER	START	1442383192906	0
Books Appliaction Testing	8197752359227442321-53	USER	START	1442383192906	0
Books Appliaction Testing	8197752359227442321-54	USER	START	1442383192906	0
Books Appliaction Testing	8197752359227442321-55	USER	START	1442383192906	0
Books Appliaction Testing	8197752359227442321-56	USER	START	1442383192906	0
Books Appliaction Testing	8197752359227442321-57	USER	START	1442383192906	0
Books Appliaction Testing	8197752359227442321-58	USER	START	1442383192906	0
Books Appliaction Testing	8197752359227442321-59	USER	START	1442383192906	0
Books Appliaction Testing	8197752359227442321-60	USER	START	1442383192906	0
Books Appliaction Testing	8197752359227442321-61	USER	START	1442383192907	0
Books Appliaction Testing	8197752359227442321-62	USER	START	1442383192907	0
Books Appliaction Testing	8197752359227442321-63	USER	START	1442383192907	0
Books Appliaction Testing	8197752359227442321-64	USER	START	1442383192907	0
Books Appliaction Testing	8197752359227442321-65	USER	START	1442383192907	0
Books Appliaction Testing	8197752359227442321-66	USER	START	1442383192907	0
Books Appliaction Testing	8197752359227442321-67	USER	START	1442383192907	0
Books Appliaction Testing	8197752359227442321-68	USER	START	1442383192907	0
Books Appliaction Testing	8197752359227442321-69	USER	START	1442383192907	0
Books Appliaction Testing	8197752359227442321-70	USER	START	1442383192907	0
Books Appliaction Testing	8197752359227442321-71	USER	START	1442383192907	0
Books Appliaction Testing	8197752359227442321-72	USER	START	1442383192907	0
Books Appliaction Testing	8197752359227442321-73	USER	START	1442383192907	0
Books Appliaction Testing	8197752359227442321-74	USER	START	1442383192907	0
Books Appliaction Testing	8197752359227442321-75	USER	START	1442383192907	0
Books Appliaction Testing	8197752359227442321-76	USER	START	1442383192907	0
Books Appliaction Testing	8197752359227442321-77	USER	START	1442383192908	0
Books Appliaction Testing	8197752359227442321-78	USER	START	1442383192908	0
Books Appliaction Testing	8197752359227442321-79	USER	START	1442383192908	0
Books Appliaction Testing	8197752359227442321-80	USER	START	1442383192908	0
Books Appliaction Testing	8197752359227442321-81	USER	START	1442383192908	0
Books Appliaction Testing	8197752359227442321-82	USER	START	1442383192908	0
Books Appliaction Testing	8197752359227442321-83	USER	START	1442383192908	0
Books Appliaction Testing	8197752359227442321-84	USER	START	1442383192908	0
Books Appliaction Testing	8197752359227442321-85	USER	START	1442383192908	0
Books Appliaction Testing	8197752359227442321-86	USER	START	1442383192908	0
Books Appliaction Testing	8197752359227442321-87	USER	START	1442383192908	0
Books Appliaction Testing	8197752359227442321-88	USER	START	1442383192908	0
Books Appliaction Testing	8197752359227442321-89	USER	START	1442383192908	0
Books Appliaction Testing	8197752359227442321-90	USER	START	1442383192908	0
Books Appliaction Testing	8197752359227442321-91	USER	START	1442383192908	0
Books Appliaction Testing	8197752359227442321-92	USER	START	1442383192908	0
Books Appliaction Testing	8197752359227442321-93	USER	START	1442383192908	0
Books Appliaction Testing	8197752359227442321-94	USER	START	1442383192909	0
Books Appliaction Testing	8197752359227442321-95	USER	START	1442383192909	0
Books Appliaction Testing	8197752359227442321-96	USER	START	1442383192909	0
Books Appliaction Testing	8197752359227442321-97	USER	START	1442383192909	0
Books Appliaction Testing	8197752359227442321-98	USER	START	1442383192909	0
Books Appliaction Testing	8197752359227442321-99	USER	START	1442383192909	0
Books Appliaction Testing	8197752359227442321-100	USER	START	1442383192909	0
Books Appliaction Testing	8197752359227442321-101	USER	START	1442383192909	0
Books Appliaction Testing	8197752359227442321-102	USER	START	1442383192909	0
Books Appliaction Testing	8197752359227442321-103	USER	START	1442383192909	0
Books Appliaction Testing	8197752359227442321-104	USER	START	1442383192909	0
Books Appliaction Testing	8197752359227442321-105	USER	START	1442383192909	0
Books Appliaction Testing	8197752359227442321-106	USER	START	1442383192909	0
Books Appliaction Testing	8197752359227442321-107	USER	START	1442383192909	0
Books Appliaction Testing	8197752359227442321-108	USER	START	1442383192909	0
Books Appliaction Testing	8197752359227442321-109	USER	START	1442383192909	0
Books Appliaction Testing	8197752359227442321-110	USER	START	1442383192909	0
Books Appliaction Testing	8197752359227442321-111	USER	START	1442383192909	0
Books Appliaction Testing	8197752359227442321-112	USER	START	1442383192910	0
Books Appliaction Testing	8197752359227442321-113	USER	START	1442383192910	0
Books Appliaction Testing	8197752359227442321-114	USER	START	1442383192910	0
Books Appliaction Testing	8197752359227442321-115	USER	START	1442383192910	0
Books Appliaction Testing	8197752359227442321-116	USER	START	1442383192910	0
Books Appliaction Testing	8197752359227442321-117	USER	START	1442383192910	0
Books Appliaction Testing	8197752359227442321-118	USER	START	1442383192911	0
Books Appliaction Testing	8197752359227442321-119	USER	START	1442383192911	0
Books Appliaction Testing	8197752359227442321-120	USER	START	1442383192911	0
Books Appliaction Testing	8197752359227442321-121	USER	START	1442383192911	0
Books Appliaction Testing	8197752359227442321-122	USER	START	1442383192911	0
Books Appliaction Testing	8197752359227442321-123	USER	START	1442383192911	0
Books Appliaction Testing	8197752359227442321-124	USER	START	1442383192911	0
Books Appliaction Testing	8197752359227442321-125	USER	START	1442383192911	0
Books Appliaction Testing	8197752359227442321-126	USER	START	1442383192911	0
Books Appliaction Testing	8197752359227442321-127	USER	START	1442383192911	0
Books Appliaction Testing	8197752359227442321-128	USER	START	1442383192911	0
Books Appliaction Testing	8197752359227442321-129	USER	START	1442383192912	0
Books Appliaction Testing	8197752359227442321-130	USER	START	1442383192912	0
Books Appliaction Testing	8197752359227442321-131	USER	START	1442383192912	0
Books Appliaction Testing	8197752359227442321-132	USER	START	1442383192912	0
Books Appliaction Testing	8197752359227442321-133	USER	START	1442383192912	0
Books Appliaction Testing	8197752359227442321-134	USER	START	1442383192912	0
Books Appliaction Testing	8197752359227442321-135	USER	START	1442383192912	0
Books Appliaction Testing	8197752359227442321-136	USER	START	1442383192912	0
Books Appliaction Testing	8197752359227442321-137	USER	START	1442383192912	0
Books Appliaction Testing	8197752359227442321-138	USER	START	1442383192912	0
Books Appliaction Testing	8197752359227442321-139	USER	START	1442383192912	0
Books Appliaction Testing	8197752359227442321-140	USER	START	1442383192912	0
Books Appliaction Testing	8197752359227442321-141	USER	START	1442383192912	0
Books Appliaction Testing	8197752359227442321-142	USER	START	1442383192912	0
Books Appliaction Testing	8197752359227442321-143	USER	START	1442383192912	0
Books Appliaction Testing	8197752359227442321-144	USER	START	1442383192912	0
Books Appliaction Testing	8197752359227442321-145	USER	START	1442383192912	0
Books Appliaction Testing	8197752359227442321-146	USER	START	1442383192913	0
Books Appliaction Testing	8197752359227442321-147	USER	START	1442383192913	0
Books Appliaction Testing	8197752359227442321-148	USER	START	1442383192913	0
Books Appliaction Testing	8197752359227442321-149	USER	START	1442383192913	0
Books Appliaction Testing	8197752359227442321-150	USER	START	1442383192913	0
Books Appliaction Testing	8197752359227442321-151	USER	START	1442383192913	0
Books Appliaction Testing	8197752359227442321-152	USER	START	1442383192913	0
Books Appliaction Testing	8197752359227442321-153	USER	START	1442383192913	0
Books Appliaction Testing	8197752359227442321-154	USER	START	1442383192913	0
Books Appliaction Testing	8197752359227442321-155	USER	START	1442383192913	0
Books Appliaction Testing	8197752359227442321-156	USER	START	1442383192913	0
Books Appliaction Testing	8197752359227442321-157	USER	START	1442383192913	0
Books Appliaction Testing	8197752359227442321-158	USER	START	1442383192913	0
Books Appliaction Testing	8197752359227442321-159	USER	START	1442383192913	0
Books Appliaction Testing	8197752359227442321-160	USER	START	1442383192913	0
Books Appliaction Testing	8197752359227442321-161	USER	START	1442383192913	0
Books Appliaction Testing	8197752359227442321-162	USER	START	1442383192913	0
Books Appliaction Testing	8197752359227442321-163	USER	START	1442383192913	0
Books Appliaction Testing	8197752359227442321-164	USER	START	1442383192914	0
Books Appliaction Testing	8197752359227442321-165	USER	START	1442383192914	0
Books Appliaction Testing	8197752359227442321-166	USER	START	1442383192914	0
Books Appliaction Testing	8197752359227442321-167	USER	START	1442383192914	0
Books Appliaction Testing	8197752359227442321-168	USER	START	1442383192914	0
Books Appliaction Testing	8197752359227442321-169	USER	START	1442383192914	0
Books Appliaction Testing	8197752359227442321-170	USER	START	1442383192925	0
Books Appliaction Testing	8197752359227442321-171	USER	START	1442383192925	0
Books Appliaction Testing	8197752359227442321-172	USER	START	1442383192925	0
Books Appliaction Testing	8197752359227442321-173	USER	START	1442383192925	0
Books Appliaction Testing	8197752359227442321-174	USER	START	1442383192925	0
Books Appliaction Testing	8197752359227442321-175	USER	START	1442383192925	0
Books Appliaction Testing	8197752359227442321-176	USER	START	1442383192925	0
Books Appliaction Testing	8197752359227442321-177	USER	START	1442383192926	0
Books Appliaction Testing	8197752359227442321-178	USER	START	1442383192926	0
Books Appliaction Testing	8197752359227442321-179	USER	START	1442383192926	0
Books Appliaction Testing	8197752359227442321-180	USER	START	1442383192926	0
Books Appliaction Testing	8197752359227442321-181	USER	START	1442383192926	0
Books Appliaction Testing	8197752359227442321-182	USER	START	1442383192926	0
Books Appliaction Testing	8197752359227442321-183	USER	START	1442383192927	0
Books Appliaction Testing	8197752359227442321-184	USER	START	1442383192927	0
Books Appliaction Testing	8197752359227442321-185	USER	START	1442383192927	0
Books Appliaction Testing	8197752359227442321-186	USER	START	1442383192927	0
Books Appliaction Testing	8197752359227442321-187	USER	START	1442383192927	0
Books Appliaction Testing	8197752359227442321-188	USER	START	1442383192927	0
Books Appliaction Testing	8197752359227442321-189	USER	START	1442383192927	0
Books Appliaction Testing	8197752359227442321-190	USER	START	1442383192927	0
Books Appliaction Testing	8197752359227442321-191	USER	START	1442383192927	0
Books Appliaction Testing	8197752359227442321-192	USER	START	1442383192927	0
Books Appliaction Testing	8197752359227442321-193	USER	START	1442383192927	0
Books Appliaction Testing	8197752359227442321-194	USER	START	1442383192927	0
Books Appliaction Testing	8197752359227442321-195	USER	START	1442383192927	0
Books Appliaction Testing	8197752359227442321-196	USER	START	1442383192927	0
Books Appliaction Testing	8197752359227442321-197	USER	START	1442383192928	0
Books Appliaction Testing	8197752359227442321-198	USER	START	1442383192928	0
Books Appliaction Testing	8197752359227442321-199	USER	START	1442383192928	0
Books Appliaction Testing	8197752359227442321-187	REQUEST		get request	1442383194266	1442383194266	1442383194266	1442383196194	KO	java.net.ConnectException: No route to host
Books Appliaction Testing	8197752359227442321-171	REQUEST		get request	1442383194249	1442383194249	1442383194249	1442383196161	KO	java.net.ConnectException: No route to host
Books Appliaction Testing	8197752359227442321-188	REQUEST		get request	1442383194267	1442383194267	1442383194267	1442383196187	KO	java.net.ConnectException: No route to host
Books Appliaction Testing	8197752359227442321-199	REQUEST		get request	1442383194289	1442383194289	1442383194289	1442383196190	KO	java.net.ConnectException: No route to host
Books Appliaction Testing	8197752359227442321-151	REQUEST		get request	1442383194206	1442383194206	1442383194206	1442383196191	KO	java.net.ConnectException: No route to host
Books Appliaction Testing	8197752359227442321-158	REQUEST		get request	1442383194214	1442383194214	1442383194214	1442383196192	KO	java.net.ConnectException: No route to host
Books Appliaction Testing	8197752359227442321-166	REQUEST		get request	1442383194223	1442383194223	1442383194223	1442383196193	KO	java.net.ConnectException: No route to host
Books Appliaction Testing	8197752359227442321-196	REQUEST		get request	1442383194275	1442383194275	1442383194275	1442383196195	KO	java.net.ConnectException: No route to host
Books Appliaction Testing	8197752359227442321-176	REQUEST		get request	1442383194254	1442383194254	1442383194254	1442383196196	KO	java.net.ConnectException: No route to host
Books Appliaction Testing	8197752359227442321-178	REQUEST		get request	1442383194256	1442383194256	1442383194256	1442383196234	KO	java.net.ConnectException: No route to host
Books Appliaction Testing	8197752359227442321-198	REQUEST		get request	1442383194287	1442383194287	1442383194287	1442383196251	KO	java.net.ConnectException: No route to host
Books Appliaction Testing	8197752359227442321-164	REQUEST		get request	1442383194222	1442383194222	1442383194222	1442383196275	KO	java.net.ConnectException: No route to host
Books Appliaction Testing	8197752359227442321-194	REQUEST		get request	1442383194273	1442383194273	1442383194273	1442383196283	KO	java.net.ConnectException: No route to host
Books Appliaction Testing	8197752359227442321-172	REQUEST		get request	1442383194250	1442383194250	1442383194250	1442383196246	KO	java.net.ConnectException: No route to host
Books Appliaction Testing	8197752359227442321-177	REQUEST		get request	1442383194255	1442383194255	1442383194255	1442383196252	KO	java.net.ConnectException: No route to host
Books Appliaction Testing	8197752359227442321-159	REQUEST		get request	1442383194216	1442383194216	1442383194216	1442383196276	KO	java.net.ConnectException: No route to host
Books Appliaction Testing	8197752359227442321-156	REQUEST		get request	1442383194212	1442383194212	1442383194212	1442383196284	KO	java.net.ConnectException: No route to host
Books Appliaction Testing	8197752359227442321-189	REQUEST		get request	1442383194268	1442383194268	1442383194268	1442383196245	KO	java.net.ConnectException: No route to host
Books Appliaction Testing	8197752359227442321-197	REQUEST		get request	1442383194275	1442383194275	1442383194275	1442383196252	KO	java.net.ConnectException: No route to host
Books Appliaction Testing	8197752359227442321-180	REQUEST		get request	1442383194258	1442383194258	1442383194258	1442383196275	KO	java.net.ConnectException: No route to host
Books Appliaction Testing	8197752359227442321-153	REQUEST		get request	1442383194208	1442383194208	1442383194208	1442383196283	KO	java.net.ConnectException: No route to host
Books Appliaction Testing	8197752359227442321-157	REQUEST		get request	1442383194213	1442383194213	1442383194213	1442383196212	KO	java.net.ConnectException: No route to host
Books Appliaction Testing	8197752359227442321-165	REQUEST		get request	1442383194223	1442383194223	1442383194223	1442383196250	KO	java.net.ConnectException: No route to host
Books Appliaction Testing	8197752359227442321-162	REQUEST		get request	1442383194219	1442383194219	1442383194219	1442383196254	KO	java.net.ConnectException: No route to host
Books Appliaction Testing	8197752359227442321-183	REQUEST		get request	1442383194261	1442383194261	1442383194261	1442383196283	KO	java.net.ConnectException: No route to host
Books Appliaction Testing	8197752359227442321-167	REQUEST		get request	1442383194225	1442383194225	1442383194225	1442383196285	KO	java.net.ConnectException: No route to host
Books Appliaction Testing	8197752359227442321-192	REQUEST		get request	1442383194271	1442383194271	1442383194271	1442383196210	KO	java.net.ConnectException: No route to host
Books Appliaction Testing	8197752359227442321-173	REQUEST		get request	1442383194251	1442383194251	1442383194251	1442383196249	KO	java.net.ConnectException: No route to host
Books Appliaction Testing	8197752359227442321-170	REQUEST		get request	1442383194248	1442383194248	1442383194248	1442383196254	KO	java.net.ConnectException: No route to host
Books Appliaction Testing	8197752359227442321-161	REQUEST		get request	1442383194217	1442383194217	1442383194217	1442383196282	KO	java.net.ConnectException: No route to host
Books Appliaction Testing	8197752359227442321-168	REQUEST		get request	1442383194246	1442383194246	1442383194246	1442383196285	KO	java.net.ConnectException: No route to host
Books Appliaction Testing	8197752359227442321-193	REQUEST		get request	1442383194272	1442383194272	1442383194272	1442383196207	KO	java.net.ConnectException: No route to host
Books Appliaction Testing	8197752359227442321-150	REQUEST		get request	1442383194205	1442383194205	1442383194205	1442383196249	KO	java.net.ConnectException: No route to host
Books Appliaction Testing	8197752359227442321-195	REQUEST		get request	1442383194274	1442383194274	1442383194274	1442383196253	KO	java.net.ConnectException: No route to host
Books Appliaction Testing	8197752359227442321-154	REQUEST		get request	1442383194210	1442383194210	1442383194210	1442383196277	KO	java.net.ConnectException: No route to host
Books Appliaction Testing	8197752359227442321-184	REQUEST		get request	1442383194263	1442383194263	1442383194263	1442383196285	KO	java.net.ConnectException: No route to host
Books Appliaction Testing	8197752359227442321-191	REQUEST		get request	1442383194270	1442383194270	1442383194270	1442383196206	KO	java.net.ConnectException: No route to host
Books Appliaction Testing	8197752359227442321-179	REQUEST		get request	1442383194257	1442383194257	1442383194257	1442383196249	KO	java.net.ConnectException: No route to host
Books Appliaction Testing	8197752359227442321-175	REQUEST		get request	1442383194253	1442383194253	1442383194253	1442383196253	KO	java.net.ConnectException: No route to host
Books Appliaction Testing	8197752359227442321-186	REQUEST		get request	1442383194265	1442383194265	1442383194265	1442383196277	KO	java.net.ConnectException: No route to host
Books Appliaction Testing	8197752359227442321-163	REQUEST		get request	1442383194220	1442383194220	1442383194220	1442383196284	KO	java.net.ConnectException: No route to host
Books Appliaction Testing	8197752359227442321-155	REQUEST		get request	1442383194211	1442383194211	1442383194211	1442383196204	KO	java.net.ConnectException: No route to host
Books Appliaction Testing	8197752359227442321-152	REQUEST		get request	1442383194207	1442383194207	1442383194207	1442383196249	KO	java.net.ConnectException: No route to host
Books Appliaction Testing	8197752359227442321-174	REQUEST		get request	1442383194252	1442383194252	1442383194252	1442383196253	KO	java.net.ConnectException: No route to host
Books Appliaction Testing	8197752359227442321-190	REQUEST		get request	1442383194269	1442383194269	1442383194269	1442383196276	KO	java.net.ConnectException: No route to host
Books Appliaction Testing	8197752359227442321-160	REQUEST		get request	1442383194217	1442383194217	1442383194217	1442383196284	KO	java.net.ConnectException: No route to host
Books Appliaction Testing	8197752359227442321-0	REQUEST		get request	1442383193054	1442383193054	1442383193054	1442383196198	KO	java.net.ConnectException: No route to host
Books Appliaction Testing	8197752359227442321-181	REQUEST		get request	1442383194259	1442383194259	1442383194259	1442383196247	KO	java.net.ConnectException: No route to host
Books Appliaction Testing	8197752359227442321-185	REQUEST		get request	1442383194264	1442383194264	1442383194264	1442383196252	KO	java.net.ConnectException: No route to host
Books Appliaction Testing	8197752359227442321-169	REQUEST		get request	1442383194247	1442383194247	1442383194247	1442383196276	KO	java.net.ConnectException: No route to host
Books Appliaction Testing	8197752359227442321-182	REQUEST		get request	1442383194260	1442383194260	1442383194260	1442383196284	KO	java.net.ConnectException: No route to host
Books Appliaction Testing	8197752359227442321-171	USER	END	1442383192925	1442383197203
Books Appliaction Testing	8197752359227442321-151	USER	END	1442383192913	1442383197208
Books Appliaction Testing	8197752359227442321-188	USER	END	1442383192927	1442383197208
Books Appliaction Testing	8197752359227442321-176	USER	END	1442383192925	1442383197216
Books Appliaction Testing	8197752359227442321-196	USER	END	1442383192927	1442383197216
Books Appliaction Testing	8197752359227442321-166	USER	END	1442383192914	1442383197216
Books Appliaction Testing	8197752359227442321-158	USER	END	1442383192913	1442383197216
Books Appliaction Testing	8197752359227442321-199	USER	END	1442383192928	1442383197216
Books Appliaction Testing	8197752359227442321-0	USER	END	1442383192884	1442383197216
Books Appliaction Testing	8197752359227442321-187	USER	END	1442383192927	1442383197234
Books Appliaction Testing	8197752359227442321-192	USER	END	1442383192927	1442383197234
Books Appliaction Testing	8197752359227442321-193	USER	END	1442383192927	1442383197236
Books Appliaction Testing	8197752359227442321-191	USER	END	1442383192927	1442383197236
Books Appliaction Testing	8197752359227442321-155	USER	END	1442383192913	1442383197236
Books Appliaction Testing	8197752359227442321-157	USER	END	1442383192913	1442383197237
Books Appliaction Testing	8197752359227442321-178	USER	END	1442383192926	1442383197268
Books Appliaction Testing	8197752359227442321-172	USER	END	1442383192925	1442383197270
Books Appliaction Testing	8197752359227442321-189	USER	END	1442383192927	1442383197270
Books Appliaction Testing	8197752359227442321-197	USER	END	1442383192928	1442383197270
Books Appliaction Testing	8197752359227442321-173	USER	END	1442383192925	1442383197271
Books Appliaction Testing	8197752359227442321-150	USER	END	1442383192913	1442383197271
Books Appliaction Testing	8197752359227442321-195	USER	END	1442383192927	1442383197271
Books Appliaction Testing	8197752359227442321-152	USER	END	1442383192913	1442383197271
Books Appliaction Testing	8197752359227442321-174	USER	END	1442383192925	1442383197272
Books Appliaction Testing	8197752359227442321-181	USER	END	1442383192926	1442383197273
Books Appliaction Testing	8197752359227442321-185	USER	END	1442383192927	1442383197274
Books Appliaction Testing	8197752359227442321-198	USER	END	1442383192928	1442383197278
Books Appliaction Testing	8197752359227442321-177	USER	END	1442383192926	1442383197279
Books Appliaction Testing	8197752359227442321-162	USER	END	1442383192913	1442383197285
Books Appliaction Testing	8197752359227442321-170	USER	END	1442383192925	1442383197285
Books Appliaction Testing	8197752359227442321-179	USER	END	1442383192926	1442383197286
Books Appliaction Testing	8197752359227442321-175	USER	END	1442383192925	1442383197286
Books Appliaction Testing	8197752359227442321-169	USER	END	1442383192914	1442383197287
Books Appliaction Testing	8197752359227442321-165	USER	END	1442383192914	1442383197288
Books Appliaction Testing	8197752359227442321-159	USER	END	1442383192913	1442383197304
Books Appliaction Testing	8197752359227442321-180	USER	END	1442383192926	1442383197305
Books Appliaction Testing	8197752359227442321-153	USER	END	1442383192913	1442383197305
Books Appliaction Testing	8197752359227442321-161	USER	END	1442383192913	1442383197305
Books Appliaction Testing	8197752359227442321-154	USER	END	1442383192913	1442383197305
Books Appliaction Testing	8197752359227442321-186	USER	END	1442383192927	1442383197305
Books Appliaction Testing	8197752359227442321-190	USER	END	1442383192927	1442383197310
Books Appliaction Testing	8197752359227442321-182	USER	END	1442383192926	1442383197310
Books Appliaction Testing	8197752359227442321-164	USER	END	1442383192914	1442383197312
Books Appliaction Testing	8197752359227442321-194	USER	END	1442383192927	1442383197312
Books Appliaction Testing	8197752359227442321-156	USER	END	1442383192913	1442383197313
Books Appliaction Testing	8197752359227442321-183	USER	END	1442383192927	1442383197313
Books Appliaction Testing	8197752359227442321-167	USER	END	1442383192914	1442383197313
Books Appliaction Testing	8197752359227442321-168	USER	END	1442383192914	1442383197313
Books Appliaction Testing	8197752359227442321-184	USER	END	1442383192927	1442383197313
Books Appliaction Testing	8197752359227442321-163	USER	END	1442383192913	1442383197313
Books Appliaction Testing	8197752359227442321-160	USER	END	1442383192913	1442383197314
Books Appliaction Testing	8197752359227442321-105	REQUEST		get request	1442383194142	1442383194142	1442383194142	1442383199316	KO	java.net.ConnectException: No route to host
Books Appliaction Testing	8197752359227442321-101	REQUEST		get request	1442383194101	1442383194101	1442383194101	1442383199316	KO	java.net.ConnectException: No route to host
Books Appliaction Testing	8197752359227442321-100	REQUEST		get request	1442383194100	1442383194100	1442383194100	1442383199317	KO	java.net.ConnectException: No route to host
Books Appliaction Testing	8197752359227442321-106	REQUEST		get request	1442383194143	1442383194143	1442383194143	1442383199317	KO	java.net.ConnectException: No route to host
Books Appliaction Testing	8197752359227442321-104	REQUEST		get request	1442383194141	1442383194141	1442383194141	1442383199317	KO	java.net.ConnectException: No route to host
Books Appliaction Testing	8197752359227442321-99	REQUEST		get request	1442383194099	1442383194099	1442383194099	1442383199318	KO	java.net.ConnectException: No route to host
Books Appliaction Testing	8197752359227442321-103	REQUEST		get request	1442383194139	1442383194139	1442383194139	1442383199320	KO	java.net.ConnectException: No route to host
Books Appliaction Testing	8197752359227442321-102	REQUEST		get request	1442383194103	1442383194103	1442383194103	1442383199321	KO	java.net.ConnectException: No route to host
Books Appliaction Testing	8197752359227442321-112	REQUEST		get request	1442383194152	1442383194152	1442383194152	1442383199321	KO	java.net.ConnectException: No route to host
Books Appliaction Testing	8197752359227442321-131	REQUEST		get request	1442383194177	1442383194177	1442383194177	1442383199322	KO	java.net.ConnectException: No route to host
Books Appliaction Testing	8197752359227442321-146	REQUEST		get request	1442383194198	1442383194198	1442383194198	1442383199322	KO	java.net.ConnectException: No route to host
Books Appliaction Testing	8197752359227442321-141	REQUEST		get request	1442383194189	1442383194189	1442383194189	1442383199322	KO	java.net.ConnectException: No route to host
Books Appliaction Testing	8197752359227442321-132	REQUEST		get request	1442383194179	1442383194179	1442383194179	1442383199323	KO	java.net.ConnectException: No route to host
Books Appliaction Testing	8197752359227442321-137	REQUEST		get request	1442383194184	1442383194184	1442383194184	1442383199323	KO	java.net.ConnectException: No route to host
Books Appliaction Testing	8197752359227442321-120	REQUEST		get request	1442383194164	1442383194164	1442383194164	1442383199327	KO	java.net.ConnectException: No route to host
Books Appliaction Testing	8197752359227442321-145	REQUEST		get request	1442383194196	1442383194196	1442383194196	1442383199327	KO	java.net.ConnectException: No route to host
Books Appliaction Testing	8197752359227442321-143	REQUEST		get request	1442383194194	1442383194194	1442383194194	1442383199327	KO	java.net.ConnectException: No route to host
Books Appliaction Testing	8197752359227442321-107	REQUEST		get request	1442383194144	1442383194144	1442383194144	1442383199328	KO	java.net.ConnectException: No route to host
Books Appliaction Testing	8197752359227442321-126	REQUEST		get request	1442383194172	1442383194172	1442383194172	1442383199328	KO	java.net.ConnectException: No route to host
Books Appliaction Testing	8197752359227442321-115	REQUEST		get request	1442383194157	1442383194157	1442383194157	1442383199328	KO	java.net.ConnectException: No route to host
Books Appliaction Testing	8197752359227442321-124	REQUEST		get request	1442383194169	1442383194169	1442383194169	1442383199329	KO	java.net.ConnectException: No route to host
Books Appliaction Testing	8197752359227442321-116	REQUEST		get request	1442383194158	1442383194158	1442383194158	1442383199329	KO	java.net.ConnectException: No route to host
Books Appliaction Testing	8197752359227442321-129	REQUEST		get request	1442383194174	1442383194174	1442383194174	1442383199332	KO	java.net.ConnectException: No route to host
Books Appliaction Testing	8197752359227442321-109	REQUEST		get request	1442383194149	1442383194149	1442383194149	1442383199333	KO	java.net.ConnectException: No route to host
Books Appliaction Testing	8197752359227442321-110	REQUEST		get request	1442383194150	1442383194150	1442383194150	1442383199332	KO	java.net.ConnectException: No route to host
Books Appliaction Testing	8197752359227442321-142	REQUEST		get request	1442383194190	1442383194190	1442383194190	1442383199334	KO	java.net.ConnectException: No route to host
Books Appliaction Testing	8197752359227442321-118	REQUEST		get request	1442383194161	1442383194161	1442383194161	1442383199336	KO	java.net.ConnectException: No route to host
Books Appliaction Testing	8197752359227442321-144	REQUEST		get request	1442383194195	1442383194195	1442383194195	1442383199336	KO	java.net.ConnectException: No route to host
Books Appliaction Testing	8197752359227442321-117	REQUEST		get request	1442383194159	1442383194159	1442383194159	1442383199337	KO	java.net.ConnectException: No route to host
Books Appliaction Testing	8197752359227442321-114	REQUEST		get request	1442383194155	1442383194155	1442383194155	1442383199337	KO	java.net.ConnectException: No route to host
Books Appliaction Testing	8197752359227442321-134	REQUEST		get request	1442383194181	1442383194181	1442383194181	1442383199338	KO	java.net.ConnectException: No route to host
Books Appliaction Testing	8197752359227442321-139	REQUEST		get request	1442383194187	1442383194187	1442383194187	1442383199338	KO	java.net.ConnectException: No route to host
Books Appliaction Testing	8197752359227442321-130	REQUEST		get request	1442383194175	1442383194175	1442383194175	1442383199338	KO	java.net.ConnectException: No route to host
Books Appliaction Testing	8197752359227442321-113	REQUEST		get request	1442383194153	1442383194153	1442383194153	1442383199339	KO	java.net.ConnectException: No route to host
Books Appliaction Testing	8197752359227442321-149	REQUEST		get request	1442383194201	1442383194201	1442383194201	1442383199341	KO	java.net.ConnectException: No route to host
Books Appliaction Testing	8197752359227442321-125	REQUEST		get request	1442383194170	1442383194170	1442383194170	1442383199342	KO	java.net.ConnectException: No route to host
Books Appliaction Testing	8197752359227442321-147	REQUEST		get request	1442383194199	1442383194199	1442383194199	1442383199343	KO	java.net.ConnectException: No route to host
Books Appliaction Testing	8197752359227442321-108	REQUEST		get request	1442383194145	1442383194145	1442383194145	1442383199343	KO	java.net.ConnectException: No route to host
Books Appliaction Testing	8197752359227442321-135	REQUEST		get request	1442383194182	1442383194182	1442383194182	1442383199343	KO	java.net.ConnectException: No route to host
Books Appliaction Testing	8197752359227442321-121	REQUEST		get request	1442383194165	1442383194165	1442383194165	1442383199344	KO	java.net.ConnectException: No route to host
Books Appliaction Testing	8197752359227442321-111	REQUEST		get request	1442383194151	1442383194151	1442383194151	1442383199344	KO	java.net.ConnectException: No route to host
Books Appliaction Testing	8197752359227442321-122	REQUEST		get request	1442383194166	1442383194166	1442383194166	1442383199345	KO	java.net.ConnectException: No route to host
Books Appliaction Testing	8197752359227442321-138	REQUEST		get request	1442383194185	1442383194185	1442383194185	1442383199344	KO	java.net.ConnectException: No route to host
Books Appliaction Testing	8197752359227442321-140	REQUEST		get request	1442383194188	1442383194188	1442383194188	1442383199348	KO	java.net.ConnectException: No route to host
Books Appliaction Testing	8197752359227442321-133	REQUEST		get request	1442383194179	1442383194179	1442383194179	1442383199350	KO	java.net.ConnectException: No route to host
Books Appliaction Testing	8197752359227442321-119	REQUEST		get request	1442383194163	1442383194163	1442383194163	1442383199351	KO	java.net.ConnectException: No route to host
Books Appliaction Testing	8197752359227442321-127	REQUEST		get request	1442383194173	1442383194173	1442383194173	1442383199349	KO	java.net.ConnectException: No route to host
Books Appliaction Testing	8197752359227442321-136	REQUEST		get request	1442383194182	1442383194182	1442383194182	1442383199337	KO	java.net.ConnectException: No route to host
Books Appliaction Testing	8197752359227442321-148	REQUEST		get request	1442383194200	1442383194200	1442383194200	1442383199342	KO	java.net.ConnectException: No route to host
Books Appliaction Testing	8197752359227442321-128	REQUEST		get request	1442383194174	1442383194174	1442383194174	1442383199347	KO	java.net.ConnectException: No route to host
Books Appliaction Testing	8197752359227442321-123	REQUEST		get request	1442383194168	1442383194168	1442383194168	1442383199347	KO	java.net.ConnectException: No route to host
Books Appliaction Testing	8197752359227442321-136	USER	END	1442383192912	1442383200833
Books Appliaction Testing	8197752359227442321-148	USER	END	1442383192913	1442383200833
Books Appliaction Testing	8197752359227442321-128	USER	END	1442383192911	1442383200834
Books Appliaction Testing	8197752359227442321-123	USER	END	1442383192911	1442383200834
Books Appliaction Testing	8197752359227442321-105	USER	END	1442383192909	1442383200834
Books Appliaction Testing	8197752359227442321-101	USER	END	1442383192909	1442383200835
Books Appliaction Testing	8197752359227442321-100	USER	END	1442383192909	1442383200835
Books Appliaction Testing	8197752359227442321-106	USER	END	1442383192909	1442383200835
Books Appliaction Testing	8197752359227442321-104	USER	END	1442383192909	1442383200836
Books Appliaction Testing	8197752359227442321-103	USER	END	1442383192909	1442383200836
Books Appliaction Testing	8197752359227442321-102	USER	END	1442383192909	1442383200836
Books Appliaction Testing	8197752359227442321-112	USER	END	1442383192910	1442383200836
Books Appliaction Testing	8197752359227442321-131	USER	END	1442383192912	1442383200837
Books Appliaction Testing	8197752359227442321-146	USER	END	1442383192913	1442383200837
Books Appliaction Testing	8197752359227442321-141	USER	END	1442383192912	1442383200838
Books Appliaction Testing	8197752359227442321-132	USER	END	1442383192912	1442383200838
Books Appliaction Testing	8197752359227442321-137	USER	END	1442383192912	1442383200838
Books Appliaction Testing	8197752359227442321-120	USER	END	1442383192911	1442383200838
Books Appliaction Testing	8197752359227442321-145	USER	END	1442383192912	1442383200838
Books Appliaction Testing	8197752359227442321-143	USER	END	1442383192912	1442383200838
Books Appliaction Testing	8197752359227442321-107	USER	END	1442383192909	1442383200838
Books Appliaction Testing	8197752359227442321-126	USER	END	1442383192911	1442383200838
Books Appliaction Testing	8197752359227442321-115	USER	END	1442383192910	1442383200838
Books Appliaction Testing	8197752359227442321-124	USER	END	1442383192911	1442383200838
Books Appliaction Testing	8197752359227442321-116	USER	END	1442383192910	1442383200838
Books Appliaction Testing	8197752359227442321-129	USER	END	1442383192912	1442383200838
Books Appliaction Testing	8197752359227442321-109	USER	END	1442383192909	1442383200838
Books Appliaction Testing	8197752359227442321-110	USER	END	1442383192909	1442383200839
Books Appliaction Testing	8197752359227442321-142	USER	END	1442383192912	1442383200839
Books Appliaction Testing	8197752359227442321-118	USER	END	1442383192911	1442383200839
Books Appliaction Testing	8197752359227442321-144	USER	END	1442383192912	1442383200839
Books Appliaction Testing	8197752359227442321-117	USER	END	1442383192910	1442383200839
Books Appliaction Testing	8197752359227442321-114	USER	END	1442383192910	1442383200839
Books Appliaction Testing	8197752359227442321-134	USER	END	1442383192912	1442383200839
Books Appliaction Testing	8197752359227442321-139	USER	END	1442383192912	1442383200839
Books Appliaction Testing	8197752359227442321-130	USER	END	1442383192912	1442383200839
Books Appliaction Testing	8197752359227442321-113	USER	END	1442383192910	1442383200839
Books Appliaction Testing	8197752359227442321-125	USER	END	1442383192911	1442383200839
Books Appliaction Testing	8197752359227442321-149	USER	END	1442383192913	1442383200839
Books Appliaction Testing	8197752359227442321-108	USER	END	1442383192909	1442383200840
Books Appliaction Testing	8197752359227442321-135	USER	END	1442383192912	1442383200840
Books Appliaction Testing	8197752359227442321-147	USER	END	1442383192913	1442383200840
Books Appliaction Testing	8197752359227442321-121	USER	END	1442383192911	1442383200840
Books Appliaction Testing	8197752359227442321-111	USER	END	1442383192909	1442383200841
Books Appliaction Testing	8197752359227442321-122	USER	END	1442383192911	1442383200841
Books Appliaction Testing	8197752359227442321-138	USER	END	1442383192912	1442383200841
Books Appliaction Testing	8197752359227442321-140	USER	END	1442383192912	1442383200841
Books Appliaction Testing	8197752359227442321-119	USER	END	1442383192911	1442383200841
Books Appliaction Testing	8197752359227442321-133	USER	END	1442383192912	1442383200841
Books Appliaction Testing	8197752359227442321-127	USER	END	1442383192911	1442383200841
Books Appliaction Testing	8197752359227442321-99	USER	END	1442383192909	1442383200848
Books Appliaction Testing	8197752359227442321-86	REQUEST		get request	1442383193923	1442383193923	1442383193923	1442383202560	KO	java.net.ConnectException: No route to host
Books Appliaction Testing	8197752359227442321-53	REQUEST		get request	1442383193851	1442383193851	1442383193851	1442383203077	KO	java.net.ConnectException: No route to host
Books Appliaction Testing	8197752359227442321-69	REQUEST		get request	1442383193869	1442383193869	1442383193869	1442383203080	KO	java.net.ConnectException: No route to host
Books Appliaction Testing	8197752359227442321-58	REQUEST		get request	1442383193857	1442383193857	1442383193857	1442383203083	KO	java.net.ConnectException: No route to host
Books Appliaction Testing	8197752359227442321-54	REQUEST		get request	1442383193852	1442383193852	1442383193852	1442383203085	KO	java.net.ConnectException: No route to host
Books Appliaction Testing	8197752359227442321-60	REQUEST		get request	1442383193859	1442383193859	1442383193859	1442383203087	KO	java.net.ConnectException: No route to host
Books Appliaction Testing	8197752359227442321-98	REQUEST		get request	1442383194098	1442383194098	1442383194098	1442383203078	KO	java.net.ConnectException: No route to host
Books Appliaction Testing	8197752359227442321-50	REQUEST		get request	1442383193845	1442383193845	1442383193845	1442383203080	KO	java.net.ConnectException: No route to host
Books Appliaction Testing	8197752359227442321-63	REQUEST		get request	1442383193862	1442383193862	1442383193862	1442383203083	KO	java.net.ConnectException: No route to host
Books Appliaction Testing	8197752359227442321-85	REQUEST		get request	1442383193921	1442383193921	1442383193921	1442383203085	KO	java.net.ConnectException: No route to host
Books Appliaction Testing	8197752359227442321-79	REQUEST		get request	1442383193893	1442383193893	1442383193893	1442383203087	KO	java.net.ConnectException: No route to host
Books Appliaction Testing	8197752359227442321-48	REQUEST		get request	1442383193843	1442383193843	1442383193843	1442383203078	KO	java.net.ConnectException: No route to host
Books Appliaction Testing	8197752359227442321-89	REQUEST		get request	1442383193960	1442383193960	1442383193960	1442383203081	KO	java.net.ConnectException: No route to host
Books Appliaction Testing	8197752359227442321-91	REQUEST		get request	1442383193983	1442383193983	1442383193983	1442383203083	KO	java.net.ConnectException: No route to host
Books Appliaction Testing	8197752359227442321-93	REQUEST		get request	1442383193986	1442383193986	1442383193986	1442383203085	KO	java.net.ConnectException: No route to host
Books Appliaction Testing	8197752359227442321-71	REQUEST		get request	1442383193871	1442383193871	1442383193871	1442383203088	KO	java.net.ConnectException: No route to host
Books Appliaction Testing	8197752359227442321-68	REQUEST		get request	1442383193868	1442383193868	1442383193868	1442383203078	KO	java.net.ConnectException: No route to host
Books Appliaction Testing	8197752359227442321-55	REQUEST		get request	1442383193853	1442383193853	1442383193853	1442383203081	KO	java.net.ConnectException: No route to host
Books Appliaction Testing	8197752359227442321-66	REQUEST		get request	1442383193865	1442383193865	1442383193865	1442383203083	KO	java.net.ConnectException: No route to host
Books Appliaction Testing	8197752359227442321-95	REQUEST		get request	1442383193989	1442383193989	1442383193989	1442383203086	KO	java.net.ConnectException: No route to host
Books Appliaction Testing	8197752359227442321-61	REQUEST		get request	1442383193860	1442383193860	1442383193860	1442383203079	KO	java.net.ConnectException: No route to host
Books Appliaction Testing	8197752359227442321-76	REQUEST		get request	1442383193885	1442383193885	1442383193885	1442383203081	KO	java.net.ConnectException: No route to host
Books Appliaction Testing	8197752359227442321-65	REQUEST		get request	1442383193864	1442383193864	1442383193864	1442383203083	KO	java.net.ConnectException: No route to host
Books Appliaction Testing	8197752359227442321-74	REQUEST		get request	1442383193880	1442383193880	1442383193880	1442383203086	KO	java.net.ConnectException: No route to host
Books Appliaction Testing	8197752359227442321-83	REQUEST		get request	1442383193913	1442383193913	1442383193913	1442383203079	KO	java.net.ConnectException: No route to host
Books Appliaction Testing	8197752359227442321-67	REQUEST		get request	1442383193867	1442383193867	1442383193867	1442383203082	KO	java.net.ConnectException: No route to host
Books Appliaction Testing	8197752359227442321-49	REQUEST		get request	1442383193844	1442383193844	1442383193844	1442383203084	KO	java.net.ConnectException: No route to host
Books Appliaction Testing	8197752359227442321-78	REQUEST		get request	1442383193890	1442383193890	1442383193890	1442383203086	KO	java.net.ConnectException: No route to host
Books Appliaction Testing	8197752359227442321-77	REQUEST		get request	1442383193888	1442383193888	1442383193888	1442383203079	KO	java.net.ConnectException: No route to host
Books Appliaction Testing	8197752359227442321-64	REQUEST		get request	1442383193863	1442383193863	1442383193863	1442383203082	KO	java.net.ConnectException: No route to host
Books Appliaction Testing	8197752359227442321-57	REQUEST		get request	1442383193855	1442383193855	1442383193855	1442383203084	KO	java.net.ConnectException: No route to host
Books Appliaction Testing	8197752359227442321-84	REQUEST		get request	1442383193919	1442383193919	1442383193919	1442383203086	KO	java.net.ConnectException: No route to host
Books Appliaction Testing	8197752359227442321-51	REQUEST		get request	1442383193847	1442383193847	1442383193847	1442383203079	KO	java.net.ConnectException: No route to host
Books Appliaction Testing	8197752359227442321-73	REQUEST		get request	1442383193877	1442383193877	1442383193877	1442383203082	KO	java.net.ConnectException: No route to host
Books Appliaction Testing	8197752359227442321-94	REQUEST		get request	1442383193988	1442383193988	1442383193988	1442383203084	KO	java.net.ConnectException: No route to host
Books Appliaction Testing	8197752359227442321-96	REQUEST		get request	1442383193990	1442383193990	1442383193990	1442383203087	KO	java.net.ConnectException: No route to host
Books Appliaction Testing	8197752359227442321-81	REQUEST		get request	1442383193898	1442383193898	1442383193898	1442383203080	KO	java.net.ConnectException: No route to host
Books Appliaction Testing	8197752359227442321-52	REQUEST		get request	1442383193850	1442383193850	1442383193850	1442383203082	KO	java.net.ConnectException: No route to host
Books Appliaction Testing	8197752359227442321-82	REQUEST		get request	1442383193908	1442383193908	1442383193908	1442383203085	KO	java.net.ConnectException: No route to host
Books Appliaction Testing	8197752359227442321-59	REQUEST		get request	1442383193858	1442383193858	1442383193858	1442383203087	KO	java.net.ConnectException: No route to host
Books Appliaction Testing	8197752359227442321-70	REQUEST		get request	1442383193870	1442383193870	1442383193870	1442383203114	KO	java.net.ConnectException: No route to host
Books Appliaction Testing	8197752359227442321-80	REQUEST		get request	1442383193894	1442383193894	1442383193894	1442383203117	KO	java.net.ConnectException: No route to host
Books Appliaction Testing	8197752359227442321-72	REQUEST		get request	1442383193872	1442383193872	1442383193872	1442383203114	KO	java.net.ConnectException: No route to host
Books Appliaction Testing	8197752359227442321-88	REQUEST		get request	1442383193932	1442383193932	1442383193932	1442383203117	KO	java.net.ConnectException: No route to host
Books Appliaction Testing	8197752359227442321-56	REQUEST		get request	1442383193854	1442383193854	1442383193854	1442383203114	KO	java.net.ConnectException: No route to host
Books Appliaction Testing	8197752359227442321-87	REQUEST		get request	1442383193925	1442383193925	1442383193925	1442383203115	KO	java.net.ConnectException: No route to host
Books Appliaction Testing	8197752359227442321-62	REQUEST		get request	1442383193860	1442383193860	1442383193860	1442383203115	KO	java.net.ConnectException: No route to host
Books Appliaction Testing	8197752359227442321-92	REQUEST		get request	1442383193985	1442383193985	1442383193985	1442383203115	KO	java.net.ConnectException: No route to host
Books Appliaction Testing	8197752359227442321-75	REQUEST		get request	1442383193881	1442383193881	1442383193881	1442383203116	KO	java.net.ConnectException: No route to host
Books Appliaction Testing	8197752359227442321-90	REQUEST		get request	1442383193980	1442383193980	1442383193980	1442383203116	KO	java.net.ConnectException: No route to host
Books Appliaction Testing	8197752359227442321-97	REQUEST		get request	1442383194097	1442383194097	1442383194097	1442383203116	KO	java.net.ConnectException: No route to host
Books Appliaction Testing	8197752359227442321-86	USER	END	1442383192908	1442383203735
Books Appliaction Testing	8197752359227442321-83	USER	END	1442383192908	1442383204126
Books Appliaction Testing	8197752359227442321-77	USER	END	1442383192908	1442383204127
Books Appliaction Testing	8197752359227442321-51	USER	END	1442383192906	1442383204127
Books Appliaction Testing	8197752359227442321-73	USER	END	1442383192907	1442383204127
Books Appliaction Testing	8197752359227442321-94	USER	END	1442383192909	1442383204127
Books Appliaction Testing	8197752359227442321-81	USER	END	1442383192908	1442383204128
Books Appliaction Testing	8197752359227442321-52	USER	END	1442383192906	1442383204128
Books Appliaction Testing	8197752359227442321-82	USER	END	1442383192908	1442383204128
Books Appliaction Testing	8197752359227442321-59	USER	END	1442383192906	1442383204128
Books Appliaction Testing	8197752359227442321-53	USER	END	1442383192906	1442383204136
Books Appliaction Testing	8197752359227442321-98	USER	END	1442383192909	1442383204136
Books Appliaction Testing	8197752359227442321-50	USER	END	1442383192906	1442383204136
Books Appliaction Testing	8197752359227442321-63	USER	END	1442383192907	1442383204136
Books Appliaction Testing	8197752359227442321-48	USER	END	1442383192906	1442383204137
Books Appliaction Testing	8197752359227442321-89	USER	END	1442383192908	1442383204137
Books Appliaction Testing	8197752359227442321-91	USER	END	1442383192908	1442383204137
Books Appliaction Testing	8197752359227442321-68	USER	END	1442383192907	1442383204137
Books Appliaction Testing	8197752359227442321-55	USER	END	1442383192906	1442383204137
Books Appliaction Testing	8197752359227442321-66	USER	END	1442383192907	1442383204137
Books Appliaction Testing	8197752359227442321-95	USER	END	1442383192909	1442383204137
Books Appliaction Testing	8197752359227442321-61	USER	END	1442383192907	1442383204137
Books Appliaction Testing	8197752359227442321-76	USER	END	1442383192907	1442383204137
Books Appliaction Testing	8197752359227442321-65	USER	END	1442383192907	1442383204138
Books Appliaction Testing	8197752359227442321-74	USER	END	1442383192907	1442383204138
Books Appliaction Testing	8197752359227442321-67	USER	END	1442383192907	1442383204138
Books Appliaction Testing	8197752359227442321-49	USER	END	1442383192906	1442383204138
Books Appliaction Testing	8197752359227442321-78	USER	END	1442383192908	1442383204138
Books Appliaction Testing	8197752359227442321-64	USER	END	1442383192907	1442383204138
Books Appliaction Testing	8197752359227442321-57	USER	END	1442383192906	1442383204138
Books Appliaction Testing	8197752359227442321-84	USER	END	1442383192908	1442383204138
Books Appliaction Testing	8197752359227442321-96	USER	END	1442383192909	1442383204138
Books Appliaction Testing	8197752359227442321-97	USER	END	1442383192909	1442383204138
Books Appliaction Testing	8197752359227442321-69	USER	END	1442383192907	1442383204147
Books Appliaction Testing	8197752359227442321-58	USER	END	1442383192906	1442383204147
Books Appliaction Testing	8197752359227442321-54	USER	END	1442383192906	1442383204147
Books Appliaction Testing	8197752359227442321-60	USER	END	1442383192906	1442383204147
Books Appliaction Testing	8197752359227442321-85	USER	END	1442383192908	1442383204147
Books Appliaction Testing	8197752359227442321-79	USER	END	1442383192908	1442383204147
Books Appliaction Testing	8197752359227442321-93	USER	END	1442383192908	1442383204147
Books Appliaction Testing	8197752359227442321-71	USER	END	1442383192907	1442383204147
Books Appliaction Testing	8197752359227442321-70	USER	END	1442383192907	1442383204147
Books Appliaction Testing	8197752359227442321-80	USER	END	1442383192908	1442383204147
Books Appliaction Testing	8197752359227442321-72	USER	END	1442383192907	1442383204147
Books Appliaction Testing	8197752359227442321-88	USER	END	1442383192908	1442383204147
Books Appliaction Testing	8197752359227442321-56	USER	END	1442383192906	1442383204147
Books Appliaction Testing	8197752359227442321-87	USER	END	1442383192908	1442383204147
Books Appliaction Testing	8197752359227442321-62	USER	END	1442383192907	1442383204148
Books Appliaction Testing	8197752359227442321-92	USER	END	1442383192908	1442383204148
Books Appliaction Testing	8197752359227442321-75	USER	END	1442383192907	1442383204148
Books Appliaction Testing	8197752359227442321-90	USER	END	1442383192908	1442383204148
Books Appliaction Testing	8197752359227442321-17	REQUEST		get request	1442383193769	1442383193769	1442383193769	1442383211925	KO	java.net.ConnectException: No route to host
Books Appliaction Testing	8197752359227442321-36	REQUEST		get request	1442383193812	1442383193812	1442383193812	1442383212194	KO	java.net.ConnectException: No route to host
Books Appliaction Testing	8197752359227442321-14	REQUEST		get request	1442383193395	1442383193395	1442383193395	1442383212197	KO	java.net.ConnectException: No route to host
Books Appliaction Testing	8197752359227442321-44	REQUEST		get request	1442383193839	1442383193839	1442383193839	1442383212198	KO	java.net.ConnectException: No route to host
Books Appliaction Testing	8197752359227442321-1	REQUEST		get request	1442383193272	1442383193272	1442383193272	1442383212198	KO	java.net.ConnectException: No route to host
Books Appliaction Testing	8197752359227442321-20	REQUEST		get request	1442383193773	1442383193773	1442383193773	1442383212199	KO	java.net.ConnectException: No route to host
Books Appliaction Testing	8197752359227442321-41	REQUEST		get request	1442383193823	1442383193823	1442383193823	1442383212199	KO	java.net.ConnectException: No route to host
Books Appliaction Testing	8197752359227442321-38	REQUEST		get request	1442383193814	1442383193814	1442383193814	1442383212199	KO	java.net.ConnectException: No route to host
Books Appliaction Testing	8197752359227442321-28	REQUEST		get request	1442383193782	1442383193782	1442383193782	1442383212207	KO	java.net.ConnectException: No route to host
Books Appliaction Testing	8197752359227442321-43	REQUEST		get request	1442383193826	1442383193826	1442383193826	1442383212208	KO	java.net.ConnectException: No route to host
Books Appliaction Testing	8197752359227442321-12	REQUEST		get request	1442383193392	1442383193392	1442383193392	1442383212209	KO	java.net.ConnectException: No route to host
Books Appliaction Testing	8197752359227442321-9	REQUEST		get request	1442383193388	1442383193388	1442383193388	1442383212209	KO	java.net.ConnectException: No route to host
Books Appliaction Testing	8197752359227442321-29	REQUEST		get request	1442383193783	1442383193783	1442383193783	1442383212209	KO	java.net.ConnectException: No route to host
Books Appliaction Testing	8197752359227442321-35	REQUEST		get request	1442383193811	1442383193811	1442383193811	1442383212198	KO	java.net.ConnectException: No route to host
Books Appliaction Testing	8197752359227442321-45	REQUEST		get request	1442383193841	1442383193841	1442383193841	1442383212217	KO	java.net.ConnectException: No route to host
Books Appliaction Testing	8197752359227442321-40	REQUEST		get request	1442383193822	1442383193822	1442383193822	1442383212239	KO	java.net.ConnectException: No route to host
Books Appliaction Testing	8197752359227442321-13	REQUEST		get request	1442383193393	1442383193393	1442383193393	1442383212239	KO	java.net.ConnectException: No route to host
Books Appliaction Testing	8197752359227442321-21	REQUEST		get request	1442383193774	1442383193774	1442383193774	1442383212240	KO	java.net.ConnectException: No route to host
Books Appliaction Testing	8197752359227442321-6	REQUEST		get request	1442383193372	1442383193372	1442383193372	1442383212241	KO	java.net.ConnectException: No route to host
Books Appliaction Testing	8197752359227442321-42	REQUEST		get request	1442383193824	1442383193824	1442383193824	1442383212278	KO	java.net.ConnectException: No route to host
Books Appliaction Testing	8197752359227442321-25	REQUEST		get request	1442383193778	1442383193778	1442383193778	1442383212280	KO	java.net.ConnectException: No route to host
Books Appliaction Testing	8197752359227442321-27	REQUEST		get request	1442383193781	1442383193781	1442383193781	1442383212280	KO	java.net.ConnectException: No route to host
Books Appliaction Testing	8197752359227442321-8	REQUEST		get request	1442383193374	1442383193374	1442383193374	1442383212281	KO	java.net.ConnectException: No route to host
Books Appliaction Testing	8197752359227442321-5	REQUEST		get request	1442383193361	1442383193361	1442383193361	1442383212281	KO	java.net.ConnectException: No route to host
Books Appliaction Testing	8197752359227442321-26	REQUEST		get request	1442383193780	1442383193780	1442383193780	1442383212284	KO	java.net.ConnectException: No route to host
Books Appliaction Testing	8197752359227442321-16	REQUEST		get request	1442383193768	1442383193768	1442383193768	1442383212284	KO	java.net.ConnectException: No route to host
Books Appliaction Testing	8197752359227442321-34	REQUEST		get request	1442383193810	1442383193810	1442383193810	1442383212284	KO	java.net.ConnectException: No route to host
Books Appliaction Testing	8197752359227442321-3	REQUEST		get request	1442383193274	1442383193274	1442383193274	1442383212285	KO	java.net.ConnectException: No route to host
Books Appliaction Testing	8197752359227442321-46	REQUEST		get request	1442383193842	1442383193842	1442383193842	1442383212285	KO	java.net.ConnectException: No route to host
Books Appliaction Testing	8197752359227442321-24	REQUEST		get request	1442383193777	1442383193777	1442383193777	1442383212285	KO	java.net.ConnectException: No route to host
Books Appliaction Testing	8197752359227442321-11	REQUEST		get request	1442383193391	1442383193391	1442383193391	1442383212285	KO	java.net.ConnectException: No route to host
Books Appliaction Testing	8197752359227442321-30	REQUEST		get request	1442383193784	1442383193784	1442383193784	1442383212286	KO	java.net.ConnectException: No route to host
Books Appliaction Testing	8197752359227442321-2	REQUEST		get request	1442383193273	1442383193273	1442383193273	1442383212286	KO	java.net.ConnectException: No route to host
Books Appliaction Testing	8197752359227442321-22	REQUEST		get request	1442383193775	1442383193775	1442383193775	1442383212286	KO	java.net.ConnectException: No route to host
Books Appliaction Testing	8197752359227442321-7	REQUEST		get request	1442383193373	1442383193373	1442383193373	1442383212287	KO	java.net.ConnectException: No route to host
Books Appliaction Testing	8197752359227442321-37	REQUEST		get request	1442383193813	1442383193813	1442383193813	1442383212287	KO	java.net.ConnectException: No route to host
Books Appliaction Testing	8197752359227442321-31	REQUEST		get request	1442383193785	1442383193785	1442383193785	1442383212287	KO	java.net.ConnectException: No route to host
Books Appliaction Testing	8197752359227442321-39	REQUEST		get request	1442383193821	1442383193821	1442383193821	1442383212287	KO	java.net.ConnectException: No route to host
Books Appliaction Testing	8197752359227442321-32	REQUEST		get request	1442383193787	1442383193787	1442383193787	1442383212288	KO	java.net.ConnectException: No route to host
Books Appliaction Testing	8197752359227442321-15	REQUEST		get request	1442383193767	1442383193767	1442383193767	1442383212288	KO	java.net.ConnectException: No route to host
Books Appliaction Testing	8197752359227442321-23	REQUEST		get request	1442383193776	1442383193776	1442383193776	1442383212289	KO	java.net.ConnectException: No route to host
Books Appliaction Testing	8197752359227442321-19	REQUEST		get request	1442383193771	1442383193771	1442383193771	1442383212289	KO	java.net.ConnectException: No route to host
Books Appliaction Testing	8197752359227442321-47	REQUEST		get request	1442383193843	1442383193843	1442383193843	1442383212308	KO	java.net.ConnectException: No route to host
Books Appliaction Testing	8197752359227442321-33	REQUEST		get request	1442383193788	1442383193788	1442383193788	1442383212308	KO	java.net.ConnectException: No route to host
Books Appliaction Testing	8197752359227442321-10	REQUEST		get request	1442383193388	1442383193388	1442383193388	1442383212309	KO	java.net.ConnectException: No route to host
Books Appliaction Testing	8197752359227442321-4	REQUEST		get request	1442383193360	1442383193360	1442383193360	1442383212309	KO	java.net.ConnectException: No route to host
Books Appliaction Testing	8197752359227442321-18	REQUEST		get request	1442383193770	1442383193770	1442383193770	1442383212309	KO	java.net.ConnectException: No route to host
Books Appliaction Testing	8197752359227442321-17	USER	END	1442383192904	1442383212953
Books Appliaction Testing	8197752359227442321-36	USER	END	1442383192905	1442383213233
Books Appliaction Testing	8197752359227442321-14	USER	END	1442383192904	1442383213233
Books Appliaction Testing	8197752359227442321-44	USER	END	1442383192906	1442383213233
Books Appliaction Testing	8197752359227442321-1	USER	END	1442383192888	1442383213233
Books Appliaction Testing	8197752359227442321-20	USER	END	1442383192904	1442383213233
Books Appliaction Testing	8197752359227442321-41	USER	END	1442383192905	1442383213233
Books Appliaction Testing	8197752359227442321-38	USER	END	1442383192905	1442383213233
Books Appliaction Testing	8197752359227442321-28	USER	END	1442383192905	1442383213233
Books Appliaction Testing	8197752359227442321-43	USER	END	1442383192905	1442383213233
Books Appliaction Testing	8197752359227442321-12	USER	END	1442383192904	1442383213233
Books Appliaction Testing	8197752359227442321-9	USER	END	1442383192903	1442383213234
Books Appliaction Testing	8197752359227442321-35	USER	END	1442383192905	1442383213234
Books Appliaction Testing	8197752359227442321-29	USER	END	1442383192905	1442383213253
Books Appliaction Testing	8197752359227442321-45	USER	END	1442383192906	1442383213253
Books Appliaction Testing	8197752359227442321-13	USER	END	1442383192904	1442383213304
Books Appliaction Testing	8197752359227442321-21	USER	END	1442383192904	1442383213305
Books Appliaction Testing	8197752359227442321-6	USER	END	1442383192903	1442383213305
Books Appliaction Testing	8197752359227442321-40	USER	END	1442383192905	1442383213306
Books Appliaction Testing	8197752359227442321-19	USER	END	1442383192904	1442383213306
Books Appliaction Testing	8197752359227442321-47	USER	END	1442383192906	1442383213316
Books Appliaction Testing	8197752359227442321-33	USER	END	1442383192905	1442383213316
Books Appliaction Testing	8197752359227442321-10	USER	END	1442383192904	1442383213316
Books Appliaction Testing	8197752359227442321-4	USER	END	1442383192903	1442383213316
Books Appliaction Testing	8197752359227442321-18	USER	END	1442383192904	1442383213316
Books Appliaction Testing	8197752359227442321-42	USER	END	1442383192905	1442383213328
Books Appliaction Testing	8197752359227442321-25	USER	END	1442383192904	1442383213328
Books Appliaction Testing	8197752359227442321-27	USER	END	1442383192905	1442383213328
Books Appliaction Testing	8197752359227442321-8	USER	END	1442383192903	1442383213328
Books Appliaction Testing	8197752359227442321-5	USER	END	1442383192903	1442383213328
Books Appliaction Testing	8197752359227442321-26	USER	END	1442383192904	1442383213328
Books Appliaction Testing	8197752359227442321-16	USER	END	1442383192904	1442383213330
Books Appliaction Testing	8197752359227442321-34	USER	END	1442383192905	1442383213330
Books Appliaction Testing	8197752359227442321-3	USER	END	1442383192903	1442383213330
Books Appliaction Testing	8197752359227442321-46	USER	END	1442383192906	1442383213330
Books Appliaction Testing	8197752359227442321-24	USER	END	1442383192904	1442383213330
Books Appliaction Testing	8197752359227442321-11	USER	END	1442383192904	1442383213330
Books Appliaction Testing	8197752359227442321-30	USER	END	1442383192905	1442383213331
Books Appliaction Testing	8197752359227442321-2	USER	END	1442383192888	1442383213331
Books Appliaction Testing	8197752359227442321-22	USER	END	1442383192904	1442383213331
Books Appliaction Testing	8197752359227442321-7	USER	END	1442383192903	1442383213331
Books Appliaction Testing	8197752359227442321-37	USER	END	1442383192905	1442383213331
Books Appliaction Testing	8197752359227442321-31	USER	END	1442383192905	1442383213331
Books Appliaction Testing	8197752359227442321-32	USER	END	1442383192905	1442383213331
Books Appliaction Testing	8197752359227442321-15	USER	END	1442383192904	1442383213331
Books Appliaction Testing	8197752359227442321-23	USER	END	1442383192904	1442383213331
Books Appliaction Testing	8197752359227442321-39	USER	END	1442383192905	1442383213331
