computerdatabase.AngularNodeEmsSimulation	gfss	RUN	1442586550289	fggss	2.0
Books Appliaction Testing	8385882261865020419-0	USER	START	1442586550434	0
Books Appliaction Testing	8385882261865020419-1	USER	START	1442586550437	0
Books Appliaction Testing	8385882261865020419-2	USER	START	1442586550437	0
Books Appliaction Testing	8385882261865020419-3	USER	START	1442586550437	0
Books Appliaction Testing	8385882261865020419-4	USER	START	1442586550438	0
Books Appliaction Testing	8385882261865020419-5	USER	START	1442586550438	0
Books Appliaction Testing	8385882261865020419-6	USER	START	1442586550438	0
Books Appliaction Testing	8385882261865020419-7	USER	START	1442586550438	0
Books Appliaction Testing	8385882261865020419-8	USER	START	1442586550438	0
Books Appliaction Testing	8385882261865020419-9	USER	START	1442586550438	0
Books Appliaction Testing	8385882261865020419-10	USER	START	1442586550438	0
Books Appliaction Testing	8385882261865020419-11	USER	START	1442586550438	0
Books Appliaction Testing	8385882261865020419-12	USER	START	1442586550438	0
Books Appliaction Testing	8385882261865020419-13	USER	START	1442586550438	0
Books Appliaction Testing	8385882261865020419-14	USER	START	1442586550438	0
Books Appliaction Testing	8385882261865020419-15	USER	START	1442586550438	0
Books Appliaction Testing	8385882261865020419-16	USER	START	1442586550438	0
Books Appliaction Testing	8385882261865020419-17	USER	START	1442586550438	0
Books Appliaction Testing	8385882261865020419-18	USER	START	1442586550438	0
Books Appliaction Testing	8385882261865020419-19	USER	START	1442586550439	0
Books Appliaction Testing	8385882261865020419-20	USER	START	1442586550439	0
Books Appliaction Testing	8385882261865020419-21	USER	START	1442586550439	0
Books Appliaction Testing	8385882261865020419-22	USER	START	1442586550439	0
Books Appliaction Testing	8385882261865020419-23	USER	START	1442586550439	0
Books Appliaction Testing	8385882261865020419-24	USER	START	1442586550439	0
Books Appliaction Testing	8385882261865020419-25	USER	START	1442586550439	0
Books Appliaction Testing	8385882261865020419-26	USER	START	1442586550439	0
Books Appliaction Testing	8385882261865020419-27	USER	START	1442586550439	0
Books Appliaction Testing	8385882261865020419-28	USER	START	1442586550439	0
Books Appliaction Testing	8385882261865020419-29	USER	START	1442586550439	0
Books Appliaction Testing	8385882261865020419-30	USER	START	1442586550439	0
Books Appliaction Testing	8385882261865020419-31	USER	START	1442586550439	0
Books Appliaction Testing	8385882261865020419-32	USER	START	1442586550439	0
Books Appliaction Testing	8385882261865020419-33	USER	START	1442586550439	0
Books Appliaction Testing	8385882261865020419-34	USER	START	1442586550440	0
Books Appliaction Testing	8385882261865020419-35	USER	START	1442586550440	0
Books Appliaction Testing	8385882261865020419-36	USER	START	1442586550442	0
Books Appliaction Testing	8385882261865020419-37	USER	START	1442586550442	0
Books Appliaction Testing	8385882261865020419-38	USER	START	1442586550442	0
Books Appliaction Testing	8385882261865020419-39	USER	START	1442586550442	0
Books Appliaction Testing	8385882261865020419-40	USER	START	1442586550442	0
Books Appliaction Testing	8385882261865020419-41	USER	START	1442586550442	0
Books Appliaction Testing	8385882261865020419-42	USER	START	1442586550442	0
Books Appliaction Testing	8385882261865020419-43	USER	START	1442586550442	0
Books Appliaction Testing	8385882261865020419-44	USER	START	1442586550442	0
Books Appliaction Testing	8385882261865020419-45	USER	START	1442586550443	0
Books Appliaction Testing	8385882261865020419-46	USER	START	1442586550443	0
Books Appliaction Testing	8385882261865020419-47	USER	START	1442586550443	0
Books Appliaction Testing	8385882261865020419-48	USER	START	1442586550443	0
Books Appliaction Testing	8385882261865020419-49	USER	START	1442586550443	0
Books Appliaction Testing	8385882261865020419-50	USER	START	1442586550443	0
Books Appliaction Testing	8385882261865020419-51	USER	START	1442586550443	0
Books Appliaction Testing	8385882261865020419-52	USER	START	1442586550443	0
Books Appliaction Testing	8385882261865020419-53	USER	START	1442586550443	0
Books Appliaction Testing	8385882261865020419-54	USER	START	1442586550443	0
Books Appliaction Testing	8385882261865020419-55	USER	START	1442586550443	0
Books Appliaction Testing	8385882261865020419-56	USER	START	1442586550443	0
Books Appliaction Testing	8385882261865020419-57	USER	START	1442586550443	0
Books Appliaction Testing	8385882261865020419-58	USER	START	1442586550443	0
Books Appliaction Testing	8385882261865020419-59	USER	START	1442586550443	0
Books Appliaction Testing	8385882261865020419-60	USER	START	1442586550443	0
Books Appliaction Testing	8385882261865020419-61	USER	START	1442586550444	0
Books Appliaction Testing	8385882261865020419-62	USER	START	1442586550444	0
Books Appliaction Testing	8385882261865020419-63	USER	START	1442586550444	0
Books Appliaction Testing	8385882261865020419-64	USER	START	1442586550444	0
Books Appliaction Testing	8385882261865020419-65	USER	START	1442586550444	0
Books Appliaction Testing	8385882261865020419-66	USER	START	1442586550444	0
Books Appliaction Testing	8385882261865020419-67	USER	START	1442586550444	0
Books Appliaction Testing	8385882261865020419-68	USER	START	1442586550444	0
Books Appliaction Testing	8385882261865020419-69	USER	START	1442586550444	0
Books Appliaction Testing	8385882261865020419-70	USER	START	1442586550444	0
Books Appliaction Testing	8385882261865020419-71	USER	START	1442586550444	0
Books Appliaction Testing	8385882261865020419-72	USER	START	1442586550444	0
Books Appliaction Testing	8385882261865020419-73	USER	START	1442586550444	0
Books Appliaction Testing	8385882261865020419-74	USER	START	1442586550444	0
Books Appliaction Testing	8385882261865020419-75	USER	START	1442586550444	0
Books Appliaction Testing	8385882261865020419-76	USER	START	1442586550445	0
Books Appliaction Testing	8385882261865020419-77	USER	START	1442586550445	0
Books Appliaction Testing	8385882261865020419-78	USER	START	1442586550445	0
Books Appliaction Testing	8385882261865020419-79	USER	START	1442586550445	0
Books Appliaction Testing	8385882261865020419-80	USER	START	1442586550445	0
Books Appliaction Testing	8385882261865020419-81	USER	START	1442586550445	0
Books Appliaction Testing	8385882261865020419-82	USER	START	1442586550445	0
Books Appliaction Testing	8385882261865020419-83	USER	START	1442586550445	0
Books Appliaction Testing	8385882261865020419-84	USER	START	1442586550445	0
Books Appliaction Testing	8385882261865020419-85	USER	START	1442586550445	0
Books Appliaction Testing	8385882261865020419-86	USER	START	1442586550445	0
Books Appliaction Testing	8385882261865020419-87	USER	START	1442586550445	0
Books Appliaction Testing	8385882261865020419-88	USER	START	1442586550445	0
Books Appliaction Testing	8385882261865020419-89	USER	START	1442586550445	0
Books Appliaction Testing	8385882261865020419-90	USER	START	1442586550445	0
Books Appliaction Testing	8385882261865020419-91	USER	START	1442586550445	0
Books Appliaction Testing	8385882261865020419-92	USER	START	1442586550446	0
Books Appliaction Testing	8385882261865020419-93	USER	START	1442586550446	0
Books Appliaction Testing	8385882261865020419-94	USER	START	1442586550446	0
Books Appliaction Testing	8385882261865020419-95	USER	START	1442586550446	0
Books Appliaction Testing	8385882261865020419-96	USER	START	1442586550446	0
Books Appliaction Testing	8385882261865020419-97	USER	START	1442586550446	0
Books Appliaction Testing	8385882261865020419-98	USER	START	1442586550446	0
Books Appliaction Testing	8385882261865020419-99	USER	START	1442586550446	0
Books Appliaction Testing	8385882261865020419-100	USER	START	1442586550446	0
Books Appliaction Testing	8385882261865020419-101	USER	START	1442586550446	0
Books Appliaction Testing	8385882261865020419-102	USER	START	1442586550446	0
Books Appliaction Testing	8385882261865020419-103	USER	START	1442586550446	0
Books Appliaction Testing	8385882261865020419-104	USER	START	1442586550446	0
Books Appliaction Testing	8385882261865020419-105	USER	START	1442586550446	0
Books Appliaction Testing	8385882261865020419-106	USER	START	1442586550446	0
Books Appliaction Testing	8385882261865020419-107	USER	START	1442586550447	0
Books Appliaction Testing	8385882261865020419-108	USER	START	1442586550447	0
Books Appliaction Testing	8385882261865020419-109	USER	START	1442586550447	0
Books Appliaction Testing	8385882261865020419-110	USER	START	1442586550447	0
Books Appliaction Testing	8385882261865020419-111	USER	START	1442586550447	0
Books Appliaction Testing	8385882261865020419-112	USER	START	1442586550447	0
Books Appliaction Testing	8385882261865020419-113	USER	START	1442586550447	0
Books Appliaction Testing	8385882261865020419-114	USER	START	1442586550447	0
Books Appliaction Testing	8385882261865020419-115	USER	START	1442586550447	0
Books Appliaction Testing	8385882261865020419-116	USER	START	1442586550447	0
Books Appliaction Testing	8385882261865020419-117	USER	START	1442586550447	0
Books Appliaction Testing	8385882261865020419-118	USER	START	1442586550447	0
Books Appliaction Testing	8385882261865020419-119	USER	START	1442586550447	0
Books Appliaction Testing	8385882261865020419-120	USER	START	1442586550447	0
Books Appliaction Testing	8385882261865020419-121	USER	START	1442586550447	0
Books Appliaction Testing	8385882261865020419-122	USER	START	1442586550448	0
Books Appliaction Testing	8385882261865020419-123	USER	START	1442586550448	0
Books Appliaction Testing	8385882261865020419-124	USER	START	1442586550448	0
Books Appliaction Testing	8385882261865020419-125	USER	START	1442586550448	0
Books Appliaction Testing	8385882261865020419-126	USER	START	1442586550448	0
Books Appliaction Testing	8385882261865020419-127	USER	START	1442586550448	0
Books Appliaction Testing	8385882261865020419-128	USER	START	1442586550448	0
Books Appliaction Testing	8385882261865020419-129	USER	START	1442586550448	0
Books Appliaction Testing	8385882261865020419-130	USER	START	1442586550448	0
Books Appliaction Testing	8385882261865020419-131	USER	START	1442586550448	0
Books Appliaction Testing	8385882261865020419-132	USER	START	1442586550448	0
Books Appliaction Testing	8385882261865020419-133	USER	START	1442586550448	0
Books Appliaction Testing	8385882261865020419-134	USER	START	1442586550448	0
Books Appliaction Testing	8385882261865020419-135	USER	START	1442586550448	0
Books Appliaction Testing	8385882261865020419-136	USER	START	1442586550448	0
Books Appliaction Testing	8385882261865020419-137	USER	START	1442586550448	0
Books Appliaction Testing	8385882261865020419-138	USER	START	1442586550449	0
Books Appliaction Testing	8385882261865020419-139	USER	START	1442586550449	0
Books Appliaction Testing	8385882261865020419-140	USER	START	1442586550449	0
Books Appliaction Testing	8385882261865020419-141	USER	START	1442586550449	0
Books Appliaction Testing	8385882261865020419-142	USER	START	1442586550449	0
Books Appliaction Testing	8385882261865020419-143	USER	START	1442586550449	0
Books Appliaction Testing	8385882261865020419-144	USER	START	1442586550449	0
Books Appliaction Testing	8385882261865020419-145	USER	START	1442586550449	0
Books Appliaction Testing	8385882261865020419-146	USER	START	1442586550449	0
Books Appliaction Testing	8385882261865020419-147	USER	START	1442586550449	0
Books Appliaction Testing	8385882261865020419-148	USER	START	1442586550449	0
Books Appliaction Testing	8385882261865020419-149	USER	START	1442586550449	0
Books Appliaction Testing	8385882261865020419-150	USER	START	1442586550449	0
Books Appliaction Testing	8385882261865020419-151	USER	START	1442586550449	0
Books Appliaction Testing	8385882261865020419-152	USER	START	1442586550449	0
Books Appliaction Testing	8385882261865020419-153	USER	START	1442586550450	0
Books Appliaction Testing	8385882261865020419-154	USER	START	1442586550450	0
Books Appliaction Testing	8385882261865020419-155	USER	START	1442586550450	0
Books Appliaction Testing	8385882261865020419-156	USER	START	1442586550450	0
Books Appliaction Testing	8385882261865020419-157	USER	START	1442586550450	0
Books Appliaction Testing	8385882261865020419-158	USER	START	1442586550450	0
Books Appliaction Testing	8385882261865020419-159	USER	START	1442586550450	0
Books Appliaction Testing	8385882261865020419-160	USER	START	1442586550450	0
Books Appliaction Testing	8385882261865020419-161	USER	START	1442586550450	0
Books Appliaction Testing	8385882261865020419-162	USER	START	1442586550450	0
Books Appliaction Testing	8385882261865020419-163	USER	START	1442586550450	0
Books Appliaction Testing	8385882261865020419-164	USER	START	1442586550450	0
Books Appliaction Testing	8385882261865020419-165	USER	START	1442586550450	0
Books Appliaction Testing	8385882261865020419-166	USER	START	1442586550450	0
Books Appliaction Testing	8385882261865020419-167	USER	START	1442586550450	0
Books Appliaction Testing	8385882261865020419-168	USER	START	1442586550451	0
Books Appliaction Testing	8385882261865020419-169	USER	START	1442586550451	0
Books Appliaction Testing	8385882261865020419-170	USER	START	1442586550451	0
Books Appliaction Testing	8385882261865020419-171	USER	START	1442586550451	0
Books Appliaction Testing	8385882261865020419-172	USER	START	1442586550451	0
Books Appliaction Testing	8385882261865020419-173	USER	START	1442586550451	0
Books Appliaction Testing	8385882261865020419-174	USER	START	1442586550451	0
Books Appliaction Testing	8385882261865020419-175	USER	START	1442586550451	0
Books Appliaction Testing	8385882261865020419-176	USER	START	1442586550451	0
Books Appliaction Testing	8385882261865020419-177	USER	START	1442586550451	0
Books Appliaction Testing	8385882261865020419-178	USER	START	1442586550451	0
Books Appliaction Testing	8385882261865020419-179	USER	START	1442586550451	0
Books Appliaction Testing	8385882261865020419-180	USER	START	1442586550451	0
Books Appliaction Testing	8385882261865020419-181	USER	START	1442586550451	0
Books Appliaction Testing	8385882261865020419-182	USER	START	1442586550451	0
Books Appliaction Testing	8385882261865020419-183	USER	START	1442586550452	0
Books Appliaction Testing	8385882261865020419-184	USER	START	1442586550452	0
Books Appliaction Testing	8385882261865020419-185	USER	START	1442586550452	0
Books Appliaction Testing	8385882261865020419-186	USER	START	1442586550454	0
Books Appliaction Testing	8385882261865020419-187	USER	START	1442586550455	0
Books Appliaction Testing	8385882261865020419-188	USER	START	1442586550455	0
Books Appliaction Testing	8385882261865020419-189	USER	START	1442586550455	0
Books Appliaction Testing	8385882261865020419-190	USER	START	1442586550455	0
Books Appliaction Testing	8385882261865020419-191	USER	START	1442586550455	0
Books Appliaction Testing	8385882261865020419-192	USER	START	1442586550455	0
Books Appliaction Testing	8385882261865020419-193	USER	START	1442586550455	0
Books Appliaction Testing	8385882261865020419-194	USER	START	1442586550455	0
Books Appliaction Testing	8385882261865020419-195	USER	START	1442586550455	0
Books Appliaction Testing	8385882261865020419-196	USER	START	1442586550455	0
Books Appliaction Testing	8385882261865020419-197	USER	START	1442586550455	0
Books Appliaction Testing	8385882261865020419-198	USER	START	1442586550455	0
Books Appliaction Testing	8385882261865020419-199	USER	START	1442586550455	0
Books Appliaction Testing	8385882261865020419-0	REQUEST		get request	1442586550533	1442586550541	1442586550999	1442586550999	OK	 
Books Appliaction Testing	8385882261865020419-13	REQUEST		get request	1442586550615	1442586550650	1442586551097	1442586551097	OK	 
Books Appliaction Testing	8385882261865020419-1	REQUEST		get request	1442586550563	1442586550608	1442586550984	1442586550984	OK	 
Books Appliaction Testing	8385882261865020419-4	REQUEST		get request	1442586550568	1442586550613	1442586551129	1442586551129	OK	 
Books Appliaction Testing	8385882261865020419-2	REQUEST		get request	1442586550565	1442586550610	1442586551157	1442586551157	OK	 
Books Appliaction Testing	8385882261865020419-7	REQUEST		get request	1442586550590	1442586550651	1442586551185	1442586551185	OK	 
Books Appliaction Testing	8385882261865020419-8	REQUEST		get request	1442586550592	1442586550653	1442586551208	1442586551208	OK	 
Books Appliaction Testing	8385882261865020419-3	REQUEST		get request	1442586550567	1442586550609	1442586551186	1442586551186	OK	 
Books Appliaction Testing	8385882261865020419-6	REQUEST		get request	1442586550589	1442586550649	1442586551223	1442586551223	OK	 
Books Appliaction Testing	8385882261865020419-17	REQUEST		get request	1442586550621	1442586550692	1442586551710	1442586551711	OK	 
Books Appliaction Testing	8385882261865020419-15	REQUEST		get request	1442586550618	1442586550734	1442586551716	1442586551717	OK	 
Books Appliaction Testing	8385882261865020419-5	REQUEST		get request	1442586550588	1442586550751	1442586551722	1442586551722	OK	 
Books Appliaction Testing	8385882261865020419-23	REQUEST		get request	1442586550650	1442586550758	1442586551726	1442586551726	OK	 
Books Appliaction Testing	8385882261865020419-35	REQUEST		get request	1442586550693	1442586550760	1442586551734	1442586551734	OK	 
Books Appliaction Testing	8385882261865020419-30	REQUEST		get request	1442586550682	1442586550749	1442586551731	1442586551731	OK	 
Books Appliaction Testing	8385882261865020419-40	REQUEST		get request	1442586550705	1442586550812	1442586551739	1442586551739	OK	 
Books Appliaction Testing	8385882261865020419-45	REQUEST		get request	1442586550713	1442586550791	1442586551744	1442586551744	OK	 
Books Appliaction Testing	8385882261865020419-16	REQUEST		get request	1442586550619	1442586550695	1442586551749	1442586551749	OK	 
Books Appliaction Testing	8385882261865020419-18	REQUEST		get request	1442586550622	1442586550746	1442586551753	1442586551753	OK	 
Books Appliaction Testing	8385882261865020419-21	REQUEST		get request	1442586550631	1442586550753	1442586551757	1442586551757	OK	 
Books Appliaction Testing	8385882261865020419-20	REQUEST		get request	1442586550629	1442586550761	1442586551760	1442586551760	OK	 
Books Appliaction Testing	8385882261865020419-32	REQUEST		get request	1442586550687	1442586550763	1442586551766	1442586551766	OK	 
Books Appliaction Testing	8385882261865020419-37	REQUEST		get request	1442586550696	1442586550754	1442586551768	1442586551768	OK	 
Books Appliaction Testing	8385882261865020419-42	REQUEST		get request	1442586550708	1442586550787	1442586551775	1442586551775	OK	 
Books Appliaction Testing	8385882261865020419-47	REQUEST		get request	1442586550728	1442586550841	1442586551780	1442586551780	OK	 
Books Appliaction Testing	8385882261865020419-10	REQUEST		get request	1442586550595	1442586550732	1442586551784	1442586551784	OK	 
Books Appliaction Testing	8385882261865020419-22	REQUEST		get request	1442586550648	1442586550747	1442586551787	1442586551787	OK	 
Books Appliaction Testing	8385882261865020419-27	REQUEST		get request	1442586550656	1442586550757	1442586551792	1442586551792	OK	 
Books Appliaction Testing	8385882261865020419-28	REQUEST		get request	1442586550658	1442586550762	1442586551795	1442586551795	OK	 
Books Appliaction Testing	8385882261865020419-33	REQUEST		get request	1442586550688	1442586550756	1442586551802	1442586551802	OK	 
Books Appliaction Testing	8385882261865020419-38	REQUEST		get request	1442586550698	1442586550750	1442586551806	1442586551806	OK	 
Books Appliaction Testing	8385882261865020419-43	REQUEST		get request	1442586550710	1442586550792	1442586551814	1442586551814	OK	 
Books Appliaction Testing	8385882261865020419-14	REQUEST		get request	1442586550616	1442586550691	1442586551817	1442586551817	OK	 
Books Appliaction Testing	8385882261865020419-9	REQUEST		get request	1442586550593	1442586550733	1442586551820	1442586551820	OK	 
Books Appliaction Testing	8385882261865020419-26	REQUEST		get request	1442586550654	1442586550748	1442586551823	1442586551823	OK	 
Books Appliaction Testing	8385882261865020419-19	REQUEST		get request	1442586550628	1442586550757	1442586551827	1442586551827	OK	 
Books Appliaction Testing	8385882261865020419-29	REQUEST		get request	1442586550680	1442586550754	1442586551831	1442586551831	OK	 
Books Appliaction Testing	8385882261865020419-34	REQUEST		get request	1442586550691	1442586550750	1442586551843	1442586551843	OK	 
Books Appliaction Testing	8385882261865020419-39	REQUEST		get request	1442586550699	1442586550812	1442586551853	1442586551853	OK	 
Books Appliaction Testing	8385882261865020419-44	REQUEST		get request	1442586550711	1442586550793	1442586551858	1442586551858	OK	 
Books Appliaction Testing	8385882261865020419-11	REQUEST		get request	1442586550612	1442586550693	1442586551860	1442586551860	OK	 
Books Appliaction Testing	8385882261865020419-12	REQUEST		get request	1442586550614	1442586550735	1442586551864	1442586551864	OK	 
Books Appliaction Testing	8385882261865020419-25	REQUEST		get request	1442586550653	1442586550752	1442586551867	1442586551867	OK	 
Books Appliaction Testing	8385882261865020419-24	REQUEST		get request	1442586550651	1442586550761	1442586551870	1442586551870	OK	 
Books Appliaction Testing	8385882261865020419-31	REQUEST		get request	1442586550683	1442586550759	1442586551874	1442586551874	OK	 
Books Appliaction Testing	8385882261865020419-36	REQUEST		get request	1442586550695	1442586550764	1442586551878	1442586551878	OK	 
Books Appliaction Testing	8385882261865020419-41	REQUEST		get request	1442586550706	1442586550811	1442586551880	1442586551880	OK	 
Books Appliaction Testing	8385882261865020419-46	REQUEST		get request	1442586550726	1442586550826	1442586551882	1442586551882	OK	 
Books Appliaction Testing	8385882261865020419-1	USER	END	1442586550437	1442586552037
Books Appliaction Testing	8385882261865020419-0	USER	END	1442586550434	1442586552039
Books Appliaction Testing	8385882261865020419-13	USER	END	1442586550438	1442586552117
Books Appliaction Testing	8385882261865020419-4	USER	END	1442586550438	1442586552190
Books Appliaction Testing	8385882261865020419-2	USER	END	1442586550437	1442586552197
Books Appliaction Testing	8385882261865020419-3	USER	END	1442586550437	1442586552202
Books Appliaction Testing	8385882261865020419-7	USER	END	1442586550438	1442586552227
Books Appliaction Testing	8385882261865020419-8	USER	END	1442586550438	1442586552231
Books Appliaction Testing	8385882261865020419-6	USER	END	1442586550438	1442586552241
Books Appliaction Testing	8385882261865020419-48	REQUEST		get request	1442586550730	1442586550842	1442586552596	1442586552596	OK	 
Books Appliaction Testing	8385882261865020419-53	REQUEST		get request	1442586550751	1442586550898	1442586552613	1442586552613	OK	 
Books Appliaction Testing	8385882261865020419-58	REQUEST		get request	1442586550758	1442586550892	1442586552617	1442586552617	OK	 
Books Appliaction Testing	8385882261865020419-63	REQUEST		get request	1442586550769	1442586550903	1442586552621	1442586552621	OK	 
Books Appliaction Testing	8385882261865020419-68	REQUEST		get request	1442586550793	1442586550995	1442586552632	1442586552632	OK	 
Books Appliaction Testing	8385882261865020419-78	REQUEST		get request	1442586550810	1442586550976	1442586552631	1442586552631	OK	 
Books Appliaction Testing	8385882261865020419-73	REQUEST		get request	1442586550800	1442586550979	1442586552627	1442586552627	OK	 
Books Appliaction Testing	8385882261865020419-83	REQUEST		get request	1442586550826	1442586550991	1442586552641	1442586552641	OK	 
Books Appliaction Testing	8385882261865020419-103	REQUEST		get request	1442586550884	1442586550993	1442586552656	1442586552656	OK	 
Books Appliaction Testing	8385882261865020419-93	REQUEST		get request	1442586550858	1442586550981	1442586552648	1442586552648	OK	 
Books Appliaction Testing	8385882261865020419-88	REQUEST		get request	1442586550833	1442586550996	1442586552661	1442586552661	OK	 
Books Appliaction Testing	8385882261865020419-98	REQUEST		get request	1442586550869	1442586550978	1442586552663	1442586552663	OK	 
Books Appliaction Testing	8385882261865020419-108	REQUEST		get request	1442586550981	1442586550998	1442586552662	1442586552662	OK	 
Books Appliaction Testing	8385882261865020419-118	REQUEST		get request	1442586551003	1442586551021	1442586552666	1442586552666	OK	 
Books Appliaction Testing	8385882261865020419-113	REQUEST		get request	1442586550996	1442586551050	1442586552670	1442586552670	OK	 
Books Appliaction Testing	8385882261865020419-123	REQUEST		get request	1442586551013	1442586551024	1442586552673	1442586552673	OK	 
Books Appliaction Testing	8385882261865020419-133	REQUEST		get request	1442586551031	1442586551052	1442586552682	1442586552682	OK	 
Books Appliaction Testing	8385882261865020419-128	REQUEST		get request	1442586551024	1442586551055	1442586552683	1442586552683	OK	 
Books Appliaction Testing	8385882261865020419-138	REQUEST		get request	1442586551042	1442586551060	1442586552693	1442586552693	OK	 
Books Appliaction Testing	8385882261865020419-143	REQUEST		get request	1442586551073	1442586551089	1442586552700	1442586552700	OK	 
Books Appliaction Testing	8385882261865020419-148	REQUEST		get request	1442586551096	1442586551100	1442586552704	1442586552704	OK	 
Books Appliaction Testing	8385882261865020419-153	REQUEST		get request	1442586551135	1442586551144	1442586552709	1442586552709	OK	 
Books Appliaction Testing	8385882261865020419-158	REQUEST		get request	1442586551145	1442586551156	1442586552717	1442586552717	OK	 
Books Appliaction Testing	8385882261865020419-163	REQUEST		get request	1442586551165	1442586551173	1442586552723	1442586552723	OK	 
Books Appliaction Testing	8385882261865020419-17	USER	END	1442586550438	1442586552732
Books Appliaction Testing	8385882261865020419-15	USER	END	1442586550438	1442586552732
Books Appliaction Testing	8385882261865020419-173	REQUEST		get request	1442586551197	1442586551206	1442586552738	1442586552738	OK	 
Books Appliaction Testing	8385882261865020419-168	REQUEST		get request	1442586551190	1442586551194	1442586552741	1442586552741	OK	 
Books Appliaction Testing	8385882261865020419-5	USER	END	1442586550438	1442586552748
Books Appliaction Testing	8385882261865020419-178	REQUEST		get request	1442586551216	1442586551235	1442586552748	1442586552748	OK	 
Books Appliaction Testing	8385882261865020419-23	USER	END	1442586550439	1442586552749
Books Appliaction Testing	8385882261865020419-35	USER	END	1442586550440	1442586552751
Books Appliaction Testing	8385882261865020419-30	USER	END	1442586550439	1442586552752
Books Appliaction Testing	8385882261865020419-40	USER	END	1442586550442	1442586552752
Books Appliaction Testing	8385882261865020419-45	USER	END	1442586550443	1442586552768
Books Appliaction Testing	8385882261865020419-16	USER	END	1442586550438	1442586552769
Books Appliaction Testing	8385882261865020419-18	USER	END	1442586550438	1442586552771
Books Appliaction Testing	8385882261865020419-21	USER	END	1442586550439	1442586552772
Books Appliaction Testing	8385882261865020419-20	USER	END	1442586550439	1442586552793
Books Appliaction Testing	8385882261865020419-183	REQUEST		get request	1442586551231	1442586551245	1442586552793	1442586552793	OK	 
Books Appliaction Testing	8385882261865020419-32	USER	END	1442586550439	1442586552794
Books Appliaction Testing	8385882261865020419-37	USER	END	1442586550442	1442586552798
Books Appliaction Testing	8385882261865020419-42	USER	END	1442586550442	1442586552798
Books Appliaction Testing	8385882261865020419-47	USER	END	1442586550443	1442586552799
Books Appliaction Testing	8385882261865020419-10	USER	END	1442586550438	1442586552801
Books Appliaction Testing	8385882261865020419-22	USER	END	1442586550439	1442586552801
Books Appliaction Testing	8385882261865020419-193	REQUEST		get request	1442586551252	1442586551263	1442586552803	1442586552803	OK	 
Books Appliaction Testing	8385882261865020419-188	REQUEST		get request	1442586551238	1442586551242	1442586552807	1442586552807	OK	 
Books Appliaction Testing	8385882261865020419-27	USER	END	1442586550439	1442586552817
Books Appliaction Testing	8385882261865020419-28	USER	END	1442586550439	1442586552818
Books Appliaction Testing	8385882261865020419-198	REQUEST		get request	1442586551265	1442586551271	1442586552819	1442586552819	OK	 
Books Appliaction Testing	8385882261865020419-49	REQUEST		get request	1442586550731	1442586550827	1442586552820	1442586552820	OK	 
Books Appliaction Testing	8385882261865020419-54	REQUEST		get request	1442586550753	1442586550897	1442586552820	1442586552820	OK	 
Books Appliaction Testing	8385882261865020419-33	USER	END	1442586550439	1442586552823
Books Appliaction Testing	8385882261865020419-38	USER	END	1442586550442	1442586552823
Books Appliaction Testing	8385882261865020419-64	REQUEST		get request	1442586550770	1442586550903	1442586552835	1442586552835	OK	 
Books Appliaction Testing	8385882261865020419-59	REQUEST		get request	1442586550760	1442586550895	1442586552836	1442586552836	OK	 
Books Appliaction Testing	8385882261865020419-69	REQUEST		get request	1442586550794	1442586550980	1442586552836	1442586552836	OK	 
Books Appliaction Testing	8385882261865020419-74	REQUEST		get request	1442586550802	1442586550976	1442586552838	1442586552838	OK	 
Books Appliaction Testing	8385882261865020419-43	USER	END	1442586550442	1442586552840
Books Appliaction Testing	8385882261865020419-14	USER	END	1442586550438	1442586552840
Books Appliaction Testing	8385882261865020419-79	REQUEST		get request	1442586550811	1442586550991	1442586552845	1442586552845	OK	 
Books Appliaction Testing	8385882261865020419-9	USER	END	1442586550438	1442586552847
Books Appliaction Testing	8385882261865020419-26	USER	END	1442586550439	1442586552849
Books Appliaction Testing	8385882261865020419-19	USER	END	1442586550439	1442586552850
Books Appliaction Testing	8385882261865020419-29	USER	END	1442586550439	1442586552851
Books Appliaction Testing	8385882261865020419-89	REQUEST		get request	1442586550834	1442586550982	1442586552858	1442586552858	OK	 
Books Appliaction Testing	8385882261865020419-84	REQUEST		get request	1442586550827	1442586550996	1442586552857	1442586552857	OK	 
Books Appliaction Testing	8385882261865020419-34	USER	END	1442586550440	1442586552860
Books Appliaction Testing	8385882261865020419-104	REQUEST		get request	1442586550886	1442586550998	1442586552872	1442586552872	OK	 
Books Appliaction Testing	8385882261865020419-94	REQUEST		get request	1442586550859	1442586550978	1442586552872	1442586552872	OK	 
Books Appliaction Testing	8385882261865020419-99	REQUEST		get request	1442586550876	1442586550993	1442586552873	1442586552873	OK	 
Books Appliaction Testing	8385882261865020419-39	USER	END	1442586550442	1442586552875
Books Appliaction Testing	8385882261865020419-109	REQUEST		get request	1442586550983	1442586551049	1442586552879	1442586552879	OK	 
Books Appliaction Testing	8385882261865020419-11	USER	END	1442586550438	1442586552881
Books Appliaction Testing	8385882261865020419-44	USER	END	1442586550442	1442586552881
Books Appliaction Testing	8385882261865020419-12	USER	END	1442586550438	1442586552881
Books Appliaction Testing	8385882261865020419-25	USER	END	1442586550439	1442586552882
Books Appliaction Testing	8385882261865020419-24	USER	END	1442586550439	1442586552891
Books Appliaction Testing	8385882261865020419-114	REQUEST		get request	1442586550997	1442586551021	1442586552887	1442586552887	OK	 
Books Appliaction Testing	8385882261865020419-119	REQUEST		get request	1442586551005	1442586551024	1442586552890	1442586552890	OK	 
Books Appliaction Testing	8385882261865020419-31	USER	END	1442586550439	1442586552893
Books Appliaction Testing	8385882261865020419-36	USER	END	1442586550442	1442586552893
Books Appliaction Testing	8385882261865020419-41	USER	END	1442586550442	1442586552904
Books Appliaction Testing	8385882261865020419-46	USER	END	1442586550443	1442586552905
Books Appliaction Testing	8385882261865020419-129	REQUEST		get request	1442586551026	1442586551053	1442586552905	1442586552905	OK	 
Books Appliaction Testing	8385882261865020419-124	REQUEST		get request	1442586551014	1442586551054	1442586552902	1442586552902	OK	 
Books Appliaction Testing	8385882261865020419-134	REQUEST		get request	1442586551032	1442586551035	1442586552911	1442586552911	OK	 
Books Appliaction Testing	8385882261865020419-139	REQUEST		get request	1442586551044	1442586551060	1442586552912	1442586552912	OK	 
Books Appliaction Testing	8385882261865020419-144	REQUEST		get request	1442586551076	1442586551087	1442586552915	1442586552915	OK	 
Books Appliaction Testing	8385882261865020419-149	REQUEST		get request	1442586551100	1442586551104	1442586552922	1442586552922	OK	 
Books Appliaction Testing	8385882261865020419-154	REQUEST		get request	1442586551137	1442586551156	1442586552935	1442586552935	OK	 
Books Appliaction Testing	8385882261865020419-159	REQUEST		get request	1442586551147	1442586551151	1442586552939	1442586552939	OK	 
Books Appliaction Testing	8385882261865020419-164	REQUEST		get request	1442586551167	1442586551169	1442586552942	1442586552942	OK	 
Books Appliaction Testing	8385882261865020419-169	REQUEST		get request	1442586551191	1442586551195	1442586552948	1442586552948	OK	 
Books Appliaction Testing	8385882261865020419-51	REQUEST		get request	1442586550734	1442586550828	1442586552953	1442586552953	OK	 
Books Appliaction Testing	8385882261865020419-56	REQUEST		get request	1442586550756	1442586550896	1442586552964	1442586552964	OK	 
Books Appliaction Testing	8385882261865020419-61	REQUEST		get request	1442586550766	1442586550972	1442586552981	1442586552981	OK	 
Books Appliaction Testing	8385882261865020419-66	REQUEST		get request	1442586550773	1442586550901	1442586552988	1442586552988	OK	 
Books Appliaction Testing	8385882261865020419-71	REQUEST		get request	1442586550797	1442586550990	1442586552990	1442586552990	OK	 
Books Appliaction Testing	8385882261865020419-76	REQUEST		get request	1442586550807	1442586550995	1442586552993	1442586552993	OK	 
Books Appliaction Testing	8385882261865020419-81	REQUEST		get request	1442586550814	1442586550980	1442586552996	1442586552996	OK	 
Books Appliaction Testing	8385882261865020419-86	REQUEST		get request	1442586550830	1442586550977	1442586553000	1442586553000	OK	 
Books Appliaction Testing	8385882261865020419-91	REQUEST		get request	1442586550854	1442586550992	1442586553006	1442586553006	OK	 
Books Appliaction Testing	8385882261865020419-96	REQUEST		get request	1442586550862	1442586550997	1442586553007	1442586553007	OK	 
Books Appliaction Testing	8385882261865020419-101	REQUEST		get request	1442586550880	1442586550983	1442586553013	1442586553013	OK	 
Books Appliaction Testing	8385882261865020419-106	REQUEST		get request	1442586550978	1442586551020	1442586553019	1442586553019	OK	 
Books Appliaction Testing	8385882261865020419-111	REQUEST		get request	1442586550986	1442586550994	1442586553026	1442586553026	OK	 
Books Appliaction Testing	8385882261865020419-116	REQUEST		get request	1442586551000	1442586551053	1442586553027	1442586553027	OK	 
Books Appliaction Testing	8385882261865020419-121	REQUEST		get request	1442586551010	1442586551051	1442586553032	1442586553032	OK	 
Books Appliaction Testing	8385882261865020419-126	REQUEST		get request	1442586551017	1442586551022	1442586553035	1442586553035	OK	 
Books Appliaction Testing	8385882261865020419-131	REQUEST		get request	1442586551028	1442586551041	1442586553038	1442586553038	OK	 
Books Appliaction Testing	8385882261865020419-136	REQUEST		get request	1442586551039	1442586551062	1442586553041	1442586553041	OK	 
Books Appliaction Testing	8385882261865020419-141	REQUEST		get request	1442586551046	1442586551090	1442586553048	1442586553048	OK	 
Books Appliaction Testing	8385882261865020419-146	REQUEST		get request	1442586551089	1442586551096	1442586553051	1442586553051	OK	 
Books Appliaction Testing	8385882261865020419-151	REQUEST		get request	1442586551107	1442586551133	1442586553054	1442586553054	OK	 
Books Appliaction Testing	8385882261865020419-156	REQUEST		get request	1442586551142	1442586551159	1442586553060	1442586553060	OK	 
Books Appliaction Testing	8385882261865020419-161	REQUEST		get request	1442586551163	1442586551171	1442586553069	1442586553069	OK	 
Books Appliaction Testing	8385882261865020419-166	REQUEST		get request	1442586551170	1442586551172	1442586553076	1442586553076	OK	 
Books Appliaction Testing	8385882261865020419-50	REQUEST		get request	1442586550733	1442586550810	1442586553080	1442586553080	OK	 
Books Appliaction Testing	8385882261865020419-55	REQUEST		get request	1442586550754	1442586550899	1442586553083	1442586553083	OK	 
Books Appliaction Testing	8385882261865020419-60	REQUEST		get request	1442586550765	1442586550899	1442586553091	1442586553091	OK	 
Books Appliaction Testing	8385882261865020419-65	REQUEST		get request	1442586550772	1442586550901	1442586553093	1442586553093	OK	 
Books Appliaction Testing	8385882261865020419-70	REQUEST		get request	1442586550796	1442586550976	1442586553100	1442586553100	OK	 
Books Appliaction Testing	8385882261865020419-75	REQUEST		get request	1442586550805	1442586550990	1442586553105	1442586553105	OK	 
Books Appliaction Testing	8385882261865020419-80	REQUEST		get request	1442586550813	1442586550995	1442586553108	1442586553108	OK	 
Books Appliaction Testing	8385882261865020419-85	REQUEST		get request	1442586550828	1442586550981	1442586553110	1442586553110	OK	 
Books Appliaction Testing	8385882261865020419-90	REQUEST		get request	1442586550852	1442586550978	1442586553113	1442586553113	OK	 
Books Appliaction Testing	8385882261865020419-95	REQUEST		get request	1442586550861	1442586550993	1442586553115	1442586553115	OK	 
Books Appliaction Testing	8385882261865020419-100	REQUEST		get request	1442586550878	1442586550997	1442586553119	1442586553119	OK	 
Books Appliaction Testing	8385882261865020419-105	REQUEST		get request	1442586550977	1442586551050	1442586553121	1442586553121	OK	 
Books Appliaction Testing	8385882261865020419-110	REQUEST		get request	1442586550984	1442586551020	1442586553124	1442586553124	OK	 
Books Appliaction Testing	8385882261865020419-115	REQUEST		get request	1442586550998	1442586551023	1442586553127	1442586553127	OK	 
Books Appliaction Testing	8385882261865020419-120	REQUEST		get request	1442586551008	1442586551054	1442586553130	1442586553130	OK	 
Books Appliaction Testing	8385882261865020419-125	REQUEST		get request	1442586551016	1442586551052	1442586553133	1442586553133	OK	 
Books Appliaction Testing	8385882261865020419-130	REQUEST		get request	1442586551027	1442586551036	1442586553136	1442586553136	OK	 
Books Appliaction Testing	8385882261865020419-135	REQUEST		get request	1442586551037	1442586551060	1442586553139	1442586553139	OK	 
Books Appliaction Testing	8385882261865020419-140	REQUEST		get request	1442586551045	1442586551061	1442586553141	1442586553141	OK	 
Books Appliaction Testing	8385882261865020419-145	REQUEST		get request	1442586551079	1442586551089	1442586553143	1442586553144	OK	 
Books Appliaction Testing	8385882261865020419-150	REQUEST		get request	1442586551102	1442586551104	1442586553146	1442586553146	OK	 
Books Appliaction Testing	8385882261865020419-155	REQUEST		get request	1442586551140	1442586551152	1442586553149	1442586553149	OK	 
Books Appliaction Testing	8385882261865020419-160	REQUEST		get request	1442586551161	1442586551165	1442586553151	1442586553151	OK	 
Books Appliaction Testing	8385882261865020419-165	REQUEST		get request	1442586551169	1442586551172	1442586553154	1442586553154	OK	 
Books Appliaction Testing	8385882261865020419-170	REQUEST		get request	1442586551192	1442586551195	1442586553156	1442586553156	OK	 
Books Appliaction Testing	8385882261865020419-175	REQUEST		get request	1442586551212	1442586551223	1442586553158	1442586553158	OK	 
Books Appliaction Testing	8385882261865020419-180	REQUEST		get request	1442586551219	1442586551242	1442586553162	1442586553162	OK	 
Books Appliaction Testing	8385882261865020419-185	REQUEST		get request	1442586551233	1442586551247	1442586553164	1442586553164	OK	 
Books Appliaction Testing	8385882261865020419-190	REQUEST		get request	1442586551248	1442586551263	1442586553167	1442586553167	OK	 
Books Appliaction Testing	8385882261865020419-195	REQUEST		get request	1442586551255	1442586551262	1442586553173	1442586553173	OK	 
Books Appliaction Testing	8385882261865020419-52	REQUEST		get request	1442586550735	1442586550829	1442586553177	1442586553177	OK	 
Books Appliaction Testing	8385882261865020419-57	REQUEST		get request	1442586550757	1442586550893	1442586553180	1442586553180	OK	 
Books Appliaction Testing	8385882261865020419-62	REQUEST		get request	1442586550768	1442586550972	1442586553187	1442586553187	OK	 
Books Appliaction Testing	8385882261865020419-67	REQUEST		get request	1442586550774	1442586550973	1442586553193	1442586553193	OK	 
Books Appliaction Testing	8385882261865020419-72	REQUEST		get request	1442586550799	1442586550974	1442586553199	1442586553199	OK	 
Books Appliaction Testing	8385882261865020419-77	REQUEST		get request	1442586550808	1442586550980	1442586553205	1442586553205	OK	 
Books Appliaction Testing	8385882261865020419-82	REQUEST		get request	1442586550815	1442586550977	1442586553213	1442586553213	OK	 
Books Appliaction Testing	8385882261865020419-87	REQUEST		get request	1442586550831	1442586550991	1442586553219	1442586553219	OK	 
Books Appliaction Testing	8385882261865020419-92	REQUEST		get request	1442586550856	1442586550996	1442586553226	1442586553226	OK	 
Books Appliaction Testing	8385882261865020419-97	REQUEST		get request	1442586550863	1442586550983	1442586553231	1442586553231	OK	 
Books Appliaction Testing	8385882261865020419-102	REQUEST		get request	1442586550882	1442586550978	1442586553243	1442586553243	OK	 
Books Appliaction Testing	8385882261865020419-107	REQUEST		get request	1442586550979	1442586550994	1442586553239	1442586553239	OK	 
Books Appliaction Testing	8385882261865020419-112	REQUEST		get request	1442586550994	1442586551054	1442586553246	1442586553246	OK	 
Books Appliaction Testing	8385882261865020419-117	REQUEST		get request	1442586551002	1442586551050	1442586553247	1442586553247	OK	 
Books Appliaction Testing	8385882261865020419-122	REQUEST		get request	1442586551011	1442586551022	1442586553254	1442586553254	OK	 
Books Appliaction Testing	8385882261865020419-127	REQUEST		get request	1442586551023	1442586551042	1442586553260	1442586553260	OK	 
Books Appliaction Testing	8385882261865020419-132	REQUEST		get request	1442586551030	1442586551055	1442586553262	1442586553262	OK	 
Books Appliaction Testing	8385882261865020419-142	REQUEST		get request	1442586551072	1442586551088	1442586553272	1442586553272	OK	 
Books Appliaction Testing	8385882261865020419-137	REQUEST		get request	1442586551041	1442586551065	1442586553271	1442586553271	OK	 
Books Appliaction Testing	8385882261865020419-147	REQUEST		get request	1442586551092	1442586551096	1442586553290	1442586553290	OK	 
Books Appliaction Testing	8385882261865020419-152	REQUEST		get request	1442586551132	1442586551134	1442586553298	1442586553298	OK	 
Books Appliaction Testing	8385882261865020419-157	REQUEST		get request	1442586551144	1442586551152	1442586553308	1442586553308	OK	 
Books Appliaction Testing	8385882261865020419-162	REQUEST		get request	1442586551164	1442586551167	1442586553309	1442586553309	OK	 
Books Appliaction Testing	8385882261865020419-167	REQUEST		get request	1442586551188	1442586551199	1442586553314	1442586553314	OK	 
Books Appliaction Testing	8385882261865020419-172	REQUEST		get request	1442586551195	1442586551206	1442586553320	1442586553320	OK	 
Books Appliaction Testing	8385882261865020419-177	REQUEST		get request	1442586551215	1442586551223	1442586553325	1442586553325	OK	 
Books Appliaction Testing	8385882261865020419-182	REQUEST		get request	1442586551228	1442586551241	1442586553338	1442586553338	OK	 
Books Appliaction Testing	8385882261865020419-197	REQUEST		get request	1442586551258	1442586551272	1442586553346	1442586553346	OK	 
Books Appliaction Testing	8385882261865020419-192	REQUEST		get request	1442586551251	1442586551263	1442586553347	1442586553347	OK	 
Books Appliaction Testing	8385882261865020419-187	REQUEST		get request	1442586551236	1442586551245	1442586553349	1442586553349	OK	 
Books Appliaction Testing	8385882261865020419-174	REQUEST		get request	1442586551198	1442586551209	1442586553425	1442586553425	OK	 
Books Appliaction Testing	8385882261865020419-184	REQUEST		get request	1442586551232	1442586551243	1442586553434	1442586553434	OK	 
Books Appliaction Testing	8385882261865020419-179	REQUEST		get request	1442586551218	1442586551223	1442586553435	1442586553435	OK	 
Books Appliaction Testing	8385882261865020419-189	REQUEST		get request	1442586551247	1442586551264	1442586553442	1442586553442	OK	 
Books Appliaction Testing	8385882261865020419-194	REQUEST		get request	1442586551254	1442586551262	1442586553453	1442586553453	OK	 
Books Appliaction Testing	8385882261865020419-199	REQUEST		get request	1442586551267	1442586551272	1442586553458	1442586553458	OK	 
Books Appliaction Testing	8385882261865020419-171	REQUEST		get request	1442586551194	1442586551201	1442586553462	1442586553462	OK	 
Books Appliaction Testing	8385882261865020419-176	REQUEST		get request	1442586551213	1442586551242	1442586553473	1442586553473	OK	 
Books Appliaction Testing	8385882261865020419-181	REQUEST		get request	1442586551220	1442586551228	1442586553475	1442586553475	OK	 
Books Appliaction Testing	8385882261865020419-186	REQUEST		get request	1442586551234	1442586551241	1442586553478	1442586553478	OK	 
Books Appliaction Testing	8385882261865020419-191	REQUEST		get request	1442586551249	1442586551262	1442586553484	1442586553484	OK	 
Books Appliaction Testing	8385882261865020419-196	REQUEST		get request	1442586551256	1442586551264	1442586553486	1442586553486	OK	 
Books Appliaction Testing	8385882261865020419-48	USER	END	1442586550443	1442586553612
Books Appliaction Testing	8385882261865020419-53	USER	END	1442586550443	1442586553631
Books Appliaction Testing	8385882261865020419-58	USER	END	1442586550443	1442586553631
Books Appliaction Testing	8385882261865020419-63	USER	END	1442586550444	1442586553642
Books Appliaction Testing	8385882261865020419-78	USER	END	1442586550445	1442586553642
Books Appliaction Testing	8385882261865020419-68	USER	END	1442586550444	1442586553643
Books Appliaction Testing	8385882261865020419-73	USER	END	1442586550444	1442586553643
Books Appliaction Testing	8385882261865020419-83	USER	END	1442586550445	1442586553650
Books Appliaction Testing	8385882261865020419-93	USER	END	1442586550446	1442586553661
Books Appliaction Testing	8385882261865020419-103	USER	END	1442586550446	1442586553671
Books Appliaction Testing	8385882261865020419-88	USER	END	1442586550445	1442586553681
Books Appliaction Testing	8385882261865020419-108	USER	END	1442586550447	1442586553681
Books Appliaction Testing	8385882261865020419-98	USER	END	1442586550446	1442586553681
Books Appliaction Testing	8385882261865020419-118	USER	END	1442586550447	1442586553682
Books Appliaction Testing	8385882261865020419-113	USER	END	1442586550447	1442586553691
Books Appliaction Testing	8385882261865020419-123	USER	END	1442586550448	1442586553692
Books Appliaction Testing	8385882261865020419-133	USER	END	1442586550448	1442586553701
Books Appliaction Testing	8385882261865020419-128	USER	END	1442586550448	1442586553702
Books Appliaction Testing	8385882261865020419-138	USER	END	1442586550449	1442586553712
Books Appliaction Testing	8385882261865020419-143	USER	END	1442586550449	1442586553721
Books Appliaction Testing	8385882261865020419-148	USER	END	1442586550449	1442586553722
Books Appliaction Testing	8385882261865020419-153	USER	END	1442586550450	1442586553733
Books Appliaction Testing	8385882261865020419-158	USER	END	1442586550450	1442586553733
Books Appliaction Testing	8385882261865020419-163	USER	END	1442586550450	1442586553741
Books Appliaction Testing	8385882261865020419-168	USER	END	1442586550451	1442586553751
Books Appliaction Testing	8385882261865020419-173	USER	END	1442586550451	1442586553751
Books Appliaction Testing	8385882261865020419-178	USER	END	1442586550451	1442586553761
Books Appliaction Testing	8385882261865020419-183	USER	END	1442586550452	1442586553802
Books Appliaction Testing	8385882261865020419-193	USER	END	1442586550455	1442586553821
Books Appliaction Testing	8385882261865020419-188	USER	END	1442586550455	1442586553821
Books Appliaction Testing	8385882261865020419-198	USER	END	1442586550455	1442586553841
Books Appliaction Testing	8385882261865020419-49	USER	END	1442586550443	1442586553841
Books Appliaction Testing	8385882261865020419-54	USER	END	1442586550443	1442586553842
Books Appliaction Testing	8385882261865020419-64	USER	END	1442586550444	1442586553850
Books Appliaction Testing	8385882261865020419-69	USER	END	1442586550444	1442586553851
Books Appliaction Testing	8385882261865020419-74	USER	END	1442586550444	1442586553851
Books Appliaction Testing	8385882261865020419-59	USER	END	1442586550443	1442586553852
Books Appliaction Testing	8385882261865020419-79	USER	END	1442586550445	1442586553861
Books Appliaction Testing	8385882261865020419-89	USER	END	1442586550445	1442586553881
Books Appliaction Testing	8385882261865020419-84	USER	END	1442586550445	1442586553882
Books Appliaction Testing	8385882261865020419-104	USER	END	1442586550446	1442586553891
Books Appliaction Testing	8385882261865020419-94	USER	END	1442586550446	1442586553891
Books Appliaction Testing	8385882261865020419-99	USER	END	1442586550446	1442586553892
Books Appliaction Testing	8385882261865020419-109	USER	END	1442586550447	1442586553901
Books Appliaction Testing	8385882261865020419-114	USER	END	1442586550447	1442586553912
Books Appliaction Testing	8385882261865020419-119	USER	END	1442586550447	1442586553912
Books Appliaction Testing	8385882261865020419-129	USER	END	1442586550448	1442586553923
Books Appliaction Testing	8385882261865020419-124	USER	END	1442586550448	1442586553923
Books Appliaction Testing	8385882261865020419-134	USER	END	1442586550448	1442586553937
Books Appliaction Testing	8385882261865020419-139	USER	END	1442586550449	1442586553938
Books Appliaction Testing	8385882261865020419-144	USER	END	1442586550449	1442586553939
Books Appliaction Testing	8385882261865020419-149	USER	END	1442586550449	1442586553941
Books Appliaction Testing	8385882261865020419-154	USER	END	1442586550450	1442586553961
Books Appliaction Testing	8385882261865020419-159	USER	END	1442586550450	1442586553961
Books Appliaction Testing	8385882261865020419-164	USER	END	1442586550450	1442586553962
Books Appliaction Testing	8385882261865020419-169	USER	END	1442586550451	1442586553962
Books Appliaction Testing	8385882261865020419-56	USER	END	1442586550443	1442586553980
Books Appliaction Testing	8385882261865020419-51	USER	END	1442586550443	1442586553981
Books Appliaction Testing	8385882261865020419-61	USER	END	1442586550444	1442586554002
Books Appliaction Testing	8385882261865020419-66	USER	END	1442586550444	1442586554002
Books Appliaction Testing	8385882261865020419-71	USER	END	1442586550444	1442586554002
Books Appliaction Testing	8385882261865020419-76	USER	END	1442586550445	1442586554011
Books Appliaction Testing	8385882261865020419-81	USER	END	1442586550445	1442586554011
Books Appliaction Testing	8385882261865020419-86	USER	END	1442586550445	1442586554021
Books Appliaction Testing	8385882261865020419-91	USER	END	1442586550445	1442586554021
Books Appliaction Testing	8385882261865020419-96	USER	END	1442586550446	1442586554023
Books Appliaction Testing	8385882261865020419-101	USER	END	1442586550446	1442586554037
Books Appliaction Testing	8385882261865020419-106	USER	END	1442586550446	1442586554037
Books Appliaction Testing	8385882261865020419-111	USER	END	1442586550447	1442586554041
Books Appliaction Testing	8385882261865020419-116	USER	END	1442586550447	1442586554042
Books Appliaction Testing	8385882261865020419-121	USER	END	1442586550447	1442586554050
Books Appliaction Testing	8385882261865020419-126	USER	END	1442586550448	1442586554051
Books Appliaction Testing	8385882261865020419-131	USER	END	1442586550448	1442586554051
Books Appliaction Testing	8385882261865020419-136	USER	END	1442586550448	1442586554051
Books Appliaction Testing	8385882261865020419-141	USER	END	1442586550449	1442586554061
Books Appliaction Testing	8385882261865020419-146	USER	END	1442586550449	1442586554061
Books Appliaction Testing	8385882261865020419-151	USER	END	1442586550449	1442586554080
Books Appliaction Testing	8385882261865020419-156	USER	END	1442586550450	1442586554081
Books Appliaction Testing	8385882261865020419-161	USER	END	1442586550450	1442586554091
Books Appliaction Testing	8385882261865020419-50	USER	END	1442586550443	1442586554092
Books Appliaction Testing	8385882261865020419-166	USER	END	1442586550450	1442586554092
Books Appliaction Testing	8385882261865020419-55	USER	END	1442586550443	1442586554100
Books Appliaction Testing	8385882261865020419-60	USER	END	1442586550443	1442586554111
Books Appliaction Testing	8385882261865020419-65	USER	END	1442586550444	1442586554111
Books Appliaction Testing	8385882261865020419-70	USER	END	1442586550444	1442586554120
Books Appliaction Testing	8385882261865020419-75	USER	END	1442586550444	1442586554121
Books Appliaction Testing	8385882261865020419-80	USER	END	1442586550445	1442586554121
Books Appliaction Testing	8385882261865020419-85	USER	END	1442586550445	1442586554131
Books Appliaction Testing	8385882261865020419-90	USER	END	1442586550445	1442586554131
Books Appliaction Testing	8385882261865020419-95	USER	END	1442586550446	1442586554131
Books Appliaction Testing	8385882261865020419-100	USER	END	1442586550446	1442586554131
Books Appliaction Testing	8385882261865020419-105	USER	END	1442586550446	1442586554141
Books Appliaction Testing	8385882261865020419-110	USER	END	1442586550447	1442586554141
Books Appliaction Testing	8385882261865020419-115	USER	END	1442586550447	1442586554142
Books Appliaction Testing	8385882261865020419-120	USER	END	1442586550447	1442586554142
Books Appliaction Testing	8385882261865020419-125	USER	END	1442586550448	1442586554151
Books Appliaction Testing	8385882261865020419-130	USER	END	1442586550448	1442586554152
Books Appliaction Testing	8385882261865020419-135	USER	END	1442586550448	1442586554152
Books Appliaction Testing	8385882261865020419-140	USER	END	1442586550449	1442586554161
Books Appliaction Testing	8385882261865020419-150	USER	END	1442586550449	1442586554161
Books Appliaction Testing	8385882261865020419-145	USER	END	1442586550449	1442586554161
Books Appliaction Testing	8385882261865020419-155	USER	END	1442586550450	1442586554161
Books Appliaction Testing	8385882261865020419-160	USER	END	1442586550450	1442586554171
Books Appliaction Testing	8385882261865020419-170	USER	END	1442586550451	1442586554171
Books Appliaction Testing	8385882261865020419-175	USER	END	1442586550451	1442586554171
Books Appliaction Testing	8385882261865020419-165	USER	END	1442586550450	1442586554172
Books Appliaction Testing	8385882261865020419-180	USER	END	1442586550451	1442586554172
Books Appliaction Testing	8385882261865020419-185	USER	END	1442586550452	1442586554181
Books Appliaction Testing	8385882261865020419-190	USER	END	1442586550455	1442586554182
Books Appliaction Testing	8385882261865020419-52	USER	END	1442586550443	1442586554191
Books Appliaction Testing	8385882261865020419-195	USER	END	1442586550455	1442586554191
Books Appliaction Testing	8385882261865020419-57	USER	END	1442586550443	1442586554200
Books Appliaction Testing	8385882261865020419-62	USER	END	1442586550444	1442586554201
Books Appliaction Testing	8385882261865020419-67	USER	END	1442586550444	1442586554212
Books Appliaction Testing	8385882261865020419-72	USER	END	1442586550444	1442586554213
Books Appliaction Testing	8385882261865020419-77	USER	END	1442586550445	1442586554221
Books Appliaction Testing	8385882261865020419-82	USER	END	1442586550445	1442586554231
Books Appliaction Testing	8385882261865020419-87	USER	END	1442586550445	1442586554231
Books Appliaction Testing	8385882261865020419-92	USER	END	1442586550446	1442586554243
Books Appliaction Testing	8385882261865020419-97	USER	END	1442586550446	1442586554252
Books Appliaction Testing	8385882261865020419-102	USER	END	1442586550446	1442586554252
Books Appliaction Testing	8385882261865020419-107	USER	END	1442586550447	1442586554252
Books Appliaction Testing	8385882261865020419-112	USER	END	1442586550447	1442586554260
Books Appliaction Testing	8385882261865020419-117	USER	END	1442586550447	1442586554260
Books Appliaction Testing	8385882261865020419-122	USER	END	1442586550448	1442586554271
Books Appliaction Testing	8385882261865020419-127	USER	END	1442586550448	1442586554281
Books Appliaction Testing	8385882261865020419-132	USER	END	1442586550448	1442586554282
Books Appliaction Testing	8385882261865020419-142	USER	END	1442586550449	1442586554291
Books Appliaction Testing	8385882261865020419-137	USER	END	1442586550448	1442586554292
Books Appliaction Testing	8385882261865020419-152	USER	END	1442586550449	1442586554311
Books Appliaction Testing	8385882261865020419-147	USER	END	1442586550449	1442586554311
Books Appliaction Testing	8385882261865020419-157	USER	END	1442586550450	1442586554333
Books Appliaction Testing	8385882261865020419-162	USER	END	1442586550450	1442586554333
Books Appliaction Testing	8385882261865020419-167	USER	END	1442586550450	1442586554334
Books Appliaction Testing	8385882261865020419-172	USER	END	1442586550451	1442586554334
Books Appliaction Testing	8385882261865020419-177	USER	END	1442586550451	1442586554341
Books Appliaction Testing	8385882261865020419-182	USER	END	1442586550451	1442586554351
Books Appliaction Testing	8385882261865020419-197	USER	END	1442586550455	1442586554361
Books Appliaction Testing	8385882261865020419-192	USER	END	1442586550455	1442586554361
Books Appliaction Testing	8385882261865020419-187	USER	END	1442586550455	1442586554371
Books Appliaction Testing	8385882261865020419-174	USER	END	1442586550451	1442586554443
Books Appliaction Testing	8385882261865020419-179	USER	END	1442586550451	1442586554453
Books Appliaction Testing	8385882261865020419-184	USER	END	1442586550452	1442586554454
Books Appliaction Testing	8385882261865020419-189	USER	END	1442586550455	1442586554462
Books Appliaction Testing	8385882261865020419-199	USER	END	1442586550455	1442586554482
Books Appliaction Testing	8385882261865020419-171	USER	END	1442586550451	1442586554482
Books Appliaction Testing	8385882261865020419-194	USER	END	1442586550455	1442586554482
Books Appliaction Testing	8385882261865020419-176	USER	END	1442586550451	1442586554491
Books Appliaction Testing	8385882261865020419-181	USER	END	1442586550451	1442586554491
Books Appliaction Testing	8385882261865020419-186	USER	END	1442586550454	1442586554492
Books Appliaction Testing	8385882261865020419-191	USER	END	1442586550455	1442586554500
Books Appliaction Testing	8385882261865020419-196	USER	END	1442586550455	1442586554503
