computerdatabase.AngularNodeEmsSimulation	monday21-09	RUN	1442815227574	no	2.0
Books Appliaction Testing	7879597696367047771-0	USER	START	1442815227654	0
Books Appliaction Testing	7879597696367047771-1	USER	START	1442815227659	0
Books Appliaction Testing	7879597696367047771-2	USER	START	1442815227659	0
Books Appliaction Testing	7879597696367047771-3	USER	START	1442815227659	0
Books Appliaction Testing	7879597696367047771-4	USER	START	1442815227659	0
Books Appliaction Testing	7879597696367047771-5	USER	START	1442815227659	0
Books Appliaction Testing	7879597696367047771-6	USER	START	1442815227659	0
Books Appliaction Testing	7879597696367047771-7	USER	START	1442815227659	0
Books Appliaction Testing	7879597696367047771-8	USER	START	1442815227659	0
Books Appliaction Testing	7879597696367047771-9	USER	START	1442815227659	0
Books Appliaction Testing	7879597696367047771-10	USER	START	1442815227659	0
Books Appliaction Testing	7879597696367047771-11	USER	START	1442815227660	0
Books Appliaction Testing	7879597696367047771-12	USER	START	1442815227660	0
Books Appliaction Testing	7879597696367047771-13	USER	START	1442815227660	0
Books Appliaction Testing	7879597696367047771-14	USER	START	1442815227660	0
Books Appliaction Testing	7879597696367047771-15	USER	START	1442815227660	0
Books Appliaction Testing	7879597696367047771-16	USER	START	1442815227660	0
Books Appliaction Testing	7879597696367047771-17	USER	START	1442815227660	0
Books Appliaction Testing	7879597696367047771-18	USER	START	1442815227660	0
Books Appliaction Testing	7879597696367047771-19	USER	START	1442815227660	0
Books Appliaction Testing	7879597696367047771-20	USER	START	1442815227660	0
Books Appliaction Testing	7879597696367047771-21	USER	START	1442815227660	0
Books Appliaction Testing	7879597696367047771-22	USER	START	1442815227660	0
Books Appliaction Testing	7879597696367047771-23	USER	START	1442815227660	0
Books Appliaction Testing	7879597696367047771-24	USER	START	1442815227660	0
Books Appliaction Testing	7879597696367047771-25	USER	START	1442815227660	0
Books Appliaction Testing	7879597696367047771-26	USER	START	1442815227661	0
Books Appliaction Testing	7879597696367047771-27	USER	START	1442815227661	0
Books Appliaction Testing	7879597696367047771-28	USER	START	1442815227661	0
Books Appliaction Testing	7879597696367047771-29	USER	START	1442815227661	0
Books Appliaction Testing	7879597696367047771-30	USER	START	1442815227661	0
Books Appliaction Testing	7879597696367047771-31	USER	START	1442815227661	0
Books Appliaction Testing	7879597696367047771-32	USER	START	1442815227661	0
Books Appliaction Testing	7879597696367047771-33	USER	START	1442815227661	0
Books Appliaction Testing	7879597696367047771-34	USER	START	1442815227661	0
Books Appliaction Testing	7879597696367047771-35	USER	START	1442815227661	0
Books Appliaction Testing	7879597696367047771-36	USER	START	1442815227661	0
Books Appliaction Testing	7879597696367047771-37	USER	START	1442815227661	0
Books Appliaction Testing	7879597696367047771-38	USER	START	1442815227661	0
Books Appliaction Testing	7879597696367047771-39	USER	START	1442815227661	0
Books Appliaction Testing	7879597696367047771-40	USER	START	1442815227661	0
Books Appliaction Testing	7879597696367047771-41	USER	START	1442815227662	0
Books Appliaction Testing	7879597696367047771-42	USER	START	1442815227662	0
Books Appliaction Testing	7879597696367047771-43	USER	START	1442815227662	0
Books Appliaction Testing	7879597696367047771-44	USER	START	1442815227662	0
Books Appliaction Testing	7879597696367047771-45	USER	START	1442815227662	0
Books Appliaction Testing	7879597696367047771-46	USER	START	1442815227662	0
Books Appliaction Testing	7879597696367047771-47	USER	START	1442815227662	0
Books Appliaction Testing	7879597696367047771-48	USER	START	1442815227662	0
Books Appliaction Testing	7879597696367047771-49	USER	START	1442815227662	0
Books Appliaction Testing	7879597696367047771-50	USER	START	1442815227662	0
Books Appliaction Testing	7879597696367047771-51	USER	START	1442815227662	0
Books Appliaction Testing	7879597696367047771-52	USER	START	1442815227662	0
Books Appliaction Testing	7879597696367047771-53	USER	START	1442815227662	0
Books Appliaction Testing	7879597696367047771-54	USER	START	1442815227662	0
Books Appliaction Testing	7879597696367047771-55	USER	START	1442815227662	0
Books Appliaction Testing	7879597696367047771-56	USER	START	1442815227663	0
Books Appliaction Testing	7879597696367047771-57	USER	START	1442815227663	0
Books Appliaction Testing	7879597696367047771-58	USER	START	1442815227663	0
Books Appliaction Testing	7879597696367047771-59	USER	START	1442815227663	0
Books Appliaction Testing	7879597696367047771-60	USER	START	1442815227663	0
Books Appliaction Testing	7879597696367047771-61	USER	START	1442815227663	0
Books Appliaction Testing	7879597696367047771-62	USER	START	1442815227663	0
Books Appliaction Testing	7879597696367047771-63	USER	START	1442815227663	0
Books Appliaction Testing	7879597696367047771-64	USER	START	1442815227663	0
Books Appliaction Testing	7879597696367047771-65	USER	START	1442815227663	0
Books Appliaction Testing	7879597696367047771-66	USER	START	1442815227663	0
Books Appliaction Testing	7879597696367047771-67	USER	START	1442815227663	0
Books Appliaction Testing	7879597696367047771-68	USER	START	1442815227663	0
Books Appliaction Testing	7879597696367047771-69	USER	START	1442815227663	0
Books Appliaction Testing	7879597696367047771-70	USER	START	1442815227663	0
Books Appliaction Testing	7879597696367047771-71	USER	START	1442815227663	0
Books Appliaction Testing	7879597696367047771-72	USER	START	1442815227664	0
Books Appliaction Testing	7879597696367047771-73	USER	START	1442815227664	0
Books Appliaction Testing	7879597696367047771-74	USER	START	1442815227664	0
Books Appliaction Testing	7879597696367047771-75	USER	START	1442815227664	0
Books Appliaction Testing	7879597696367047771-76	USER	START	1442815227664	0
Books Appliaction Testing	7879597696367047771-77	USER	START	1442815227664	0
Books Appliaction Testing	7879597696367047771-78	USER	START	1442815227664	0
Books Appliaction Testing	7879597696367047771-79	USER	START	1442815227664	0
Books Appliaction Testing	7879597696367047771-80	USER	START	1442815227664	0
Books Appliaction Testing	7879597696367047771-81	USER	START	1442815227664	0
Books Appliaction Testing	7879597696367047771-82	USER	START	1442815227664	0
Books Appliaction Testing	7879597696367047771-83	USER	START	1442815227664	0
Books Appliaction Testing	7879597696367047771-84	USER	START	1442815227664	0
Books Appliaction Testing	7879597696367047771-85	USER	START	1442815227664	0
Books Appliaction Testing	7879597696367047771-86	USER	START	1442815227664	0
Books Appliaction Testing	7879597696367047771-87	USER	START	1442815227664	0
Books Appliaction Testing	7879597696367047771-88	USER	START	1442815227664	0
Books Appliaction Testing	7879597696367047771-89	USER	START	1442815227665	0
Books Appliaction Testing	7879597696367047771-90	USER	START	1442815227665	0
Books Appliaction Testing	7879597696367047771-91	USER	START	1442815227665	0
Books Appliaction Testing	7879597696367047771-92	USER	START	1442815227665	0
Books Appliaction Testing	7879597696367047771-93	USER	START	1442815227665	0
Books Appliaction Testing	7879597696367047771-94	USER	START	1442815227665	0
Books Appliaction Testing	7879597696367047771-95	USER	START	1442815227665	0
Books Appliaction Testing	7879597696367047771-96	USER	START	1442815227665	0
Books Appliaction Testing	7879597696367047771-97	USER	START	1442815227665	0
Books Appliaction Testing	7879597696367047771-98	USER	START	1442815227665	0
Books Appliaction Testing	7879597696367047771-99	USER	START	1442815227665	0
Books Appliaction Testing	7879597696367047771-100	USER	START	1442815227665	0
Books Appliaction Testing	7879597696367047771-101	USER	START	1442815227665	0
Books Appliaction Testing	7879597696367047771-102	USER	START	1442815227665	0
Books Appliaction Testing	7879597696367047771-103	USER	START	1442815227665	0
Books Appliaction Testing	7879597696367047771-104	USER	START	1442815227665	0
Books Appliaction Testing	7879597696367047771-105	USER	START	1442815227666	0
Books Appliaction Testing	7879597696367047771-106	USER	START	1442815227666	0
Books Appliaction Testing	7879597696367047771-107	USER	START	1442815227666	0
Books Appliaction Testing	7879597696367047771-108	USER	START	1442815227666	0
Books Appliaction Testing	7879597696367047771-109	USER	START	1442815227666	0
Books Appliaction Testing	7879597696367047771-110	USER	START	1442815227666	0
Books Appliaction Testing	7879597696367047771-111	USER	START	1442815227666	0
Books Appliaction Testing	7879597696367047771-112	USER	START	1442815227666	0
Books Appliaction Testing	7879597696367047771-113	USER	START	1442815227666	0
Books Appliaction Testing	7879597696367047771-114	USER	START	1442815227666	0
Books Appliaction Testing	7879597696367047771-115	USER	START	1442815227666	0
Books Appliaction Testing	7879597696367047771-116	USER	START	1442815227666	0
Books Appliaction Testing	7879597696367047771-117	USER	START	1442815227666	0
Books Appliaction Testing	7879597696367047771-118	USER	START	1442815227666	0
Books Appliaction Testing	7879597696367047771-119	USER	START	1442815227667	0
Books Appliaction Testing	7879597696367047771-120	USER	START	1442815227667	0
Books Appliaction Testing	7879597696367047771-121	USER	START	1442815227667	0
Books Appliaction Testing	7879597696367047771-122	USER	START	1442815227677	0
Books Appliaction Testing	7879597696367047771-123	USER	START	1442815227677	0
Books Appliaction Testing	7879597696367047771-124	USER	START	1442815227677	0
Books Appliaction Testing	7879597696367047771-125	USER	START	1442815227677	0
Books Appliaction Testing	7879597696367047771-126	USER	START	1442815227677	0
Books Appliaction Testing	7879597696367047771-127	USER	START	1442815227677	0
Books Appliaction Testing	7879597696367047771-128	USER	START	1442815227677	0
Books Appliaction Testing	7879597696367047771-129	USER	START	1442815227677	0
Books Appliaction Testing	7879597696367047771-130	USER	START	1442815227677	0
Books Appliaction Testing	7879597696367047771-131	USER	START	1442815227677	0
Books Appliaction Testing	7879597696367047771-132	USER	START	1442815227677	0
Books Appliaction Testing	7879597696367047771-133	USER	START	1442815227678	0
Books Appliaction Testing	7879597696367047771-134	USER	START	1442815227678	0
Books Appliaction Testing	7879597696367047771-135	USER	START	1442815227678	0
Books Appliaction Testing	7879597696367047771-136	USER	START	1442815227678	0
Books Appliaction Testing	7879597696367047771-137	USER	START	1442815227678	0
Books Appliaction Testing	7879597696367047771-138	USER	START	1442815227678	0
Books Appliaction Testing	7879597696367047771-139	USER	START	1442815227678	0
Books Appliaction Testing	7879597696367047771-140	USER	START	1442815227678	0
Books Appliaction Testing	7879597696367047771-141	USER	START	1442815227678	0
Books Appliaction Testing	7879597696367047771-142	USER	START	1442815227678	0
Books Appliaction Testing	7879597696367047771-143	USER	START	1442815227678	0
Books Appliaction Testing	7879597696367047771-144	USER	START	1442815227678	0
Books Appliaction Testing	7879597696367047771-145	USER	START	1442815227678	0
Books Appliaction Testing	7879597696367047771-146	USER	START	1442815227678	0
Books Appliaction Testing	7879597696367047771-147	USER	START	1442815227678	0
Books Appliaction Testing	7879597696367047771-148	USER	START	1442815227678	0
Books Appliaction Testing	7879597696367047771-149	USER	START	1442815227679	0
Books Appliaction Testing	7879597696367047771-150	USER	START	1442815227679	0
Books Appliaction Testing	7879597696367047771-151	USER	START	1442815227679	0
Books Appliaction Testing	7879597696367047771-152	USER	START	1442815227679	0
Books Appliaction Testing	7879597696367047771-153	USER	START	1442815227679	0
Books Appliaction Testing	7879597696367047771-154	USER	START	1442815227679	0
Books Appliaction Testing	7879597696367047771-155	USER	START	1442815227679	0
Books Appliaction Testing	7879597696367047771-156	USER	START	1442815227679	0
Books Appliaction Testing	7879597696367047771-157	USER	START	1442815227679	0
Books Appliaction Testing	7879597696367047771-158	USER	START	1442815227679	0
Books Appliaction Testing	7879597696367047771-159	USER	START	1442815227679	0
Books Appliaction Testing	7879597696367047771-160	USER	START	1442815227679	0
Books Appliaction Testing	7879597696367047771-161	USER	START	1442815227679	0
Books Appliaction Testing	7879597696367047771-162	USER	START	1442815227679	0
Books Appliaction Testing	7879597696367047771-163	USER	START	1442815227679	0
Books Appliaction Testing	7879597696367047771-164	USER	START	1442815227679	0
Books Appliaction Testing	7879597696367047771-165	USER	START	1442815227680	0
Books Appliaction Testing	7879597696367047771-166	USER	START	1442815227680	0
Books Appliaction Testing	7879597696367047771-167	USER	START	1442815227680	0
Books Appliaction Testing	7879597696367047771-168	USER	START	1442815227680	0
Books Appliaction Testing	7879597696367047771-169	USER	START	1442815227680	0
Books Appliaction Testing	7879597696367047771-170	USER	START	1442815227680	0
Books Appliaction Testing	7879597696367047771-171	USER	START	1442815227680	0
Books Appliaction Testing	7879597696367047771-172	USER	START	1442815227680	0
Books Appliaction Testing	7879597696367047771-173	USER	START	1442815227680	0
Books Appliaction Testing	7879597696367047771-174	USER	START	1442815227680	0
Books Appliaction Testing	7879597696367047771-175	USER	START	1442815227680	0
Books Appliaction Testing	7879597696367047771-176	USER	START	1442815227680	0
Books Appliaction Testing	7879597696367047771-177	USER	START	1442815227680	0
Books Appliaction Testing	7879597696367047771-178	USER	START	1442815227680	0
Books Appliaction Testing	7879597696367047771-179	USER	START	1442815227680	0
Books Appliaction Testing	7879597696367047771-180	USER	START	1442815227680	0
Books Appliaction Testing	7879597696367047771-181	USER	START	1442815227680	0
Books Appliaction Testing	7879597696367047771-182	USER	START	1442815227681	0
Books Appliaction Testing	7879597696367047771-183	USER	START	1442815227681	0
Books Appliaction Testing	7879597696367047771-184	USER	START	1442815227681	0
Books Appliaction Testing	7879597696367047771-185	USER	START	1442815227681	0
Books Appliaction Testing	7879597696367047771-186	USER	START	1442815227681	0
Books Appliaction Testing	7879597696367047771-187	USER	START	1442815227681	0
Books Appliaction Testing	7879597696367047771-188	USER	START	1442815227681	0
Books Appliaction Testing	7879597696367047771-189	USER	START	1442815227681	0
Books Appliaction Testing	7879597696367047771-190	USER	START	1442815227681	0
Books Appliaction Testing	7879597696367047771-191	USER	START	1442815227681	0
Books Appliaction Testing	7879597696367047771-192	USER	START	1442815227681	0
Books Appliaction Testing	7879597696367047771-193	USER	START	1442815227681	0
Books Appliaction Testing	7879597696367047771-194	USER	START	1442815227681	0
Books Appliaction Testing	7879597696367047771-195	USER	START	1442815227681	0
Books Appliaction Testing	7879597696367047771-196	USER	START	1442815227681	0
Books Appliaction Testing	7879597696367047771-197	USER	START	1442815227681	0
Books Appliaction Testing	7879597696367047771-198	USER	START	1442815227682	0
Books Appliaction Testing	7879597696367047771-199	USER	START	1442815227682	0
Books Appliaction Testing	7879597696367047771-10	REQUEST		get request	1442815227755	1442815227787	1442815228092	1442815228092	OK	 
Books Appliaction Testing	7879597696367047771-15	REQUEST		get request	1442815227764	1442815227790	1442815228248	1442815228248	OK	 
Books Appliaction Testing	7879597696367047771-4	REQUEST		get request	1442815227747	1442815227776	1442815228238	1442815228238	OK	 
Books Appliaction Testing	7879597696367047771-5	REQUEST		get request	1442815227748	1442815227773	1442815228064	1442815228064	OK	 
Books Appliaction Testing	7879597696367047771-14	REQUEST		get request	1442815227763	1442815227774	1442815228120	1442815228120	OK	 
Books Appliaction Testing	7879597696367047771-16	REQUEST		get request	1442815227765	1442815227789	1442815228192	1442815228192	OK	 
Books Appliaction Testing	7879597696367047771-0	REQUEST		get request	1442815227739	1442815227811	1442815228413	1442815228413	OK	 
Books Appliaction Testing	7879597696367047771-9	REQUEST		get request	1442815227753	1442815227785	1442815228389	1442815228389	OK	 
Books Appliaction Testing	7879597696367047771-2	REQUEST		get request	1442815227744	1442815227804	1442815228406	1442815228406	OK	 
Books Appliaction Testing	7879597696367047771-7	REQUEST		get request	1442815227751	1442815227777	1442815228274	1442815228274	OK	 
Books Appliaction Testing	7879597696367047771-19	REQUEST		get request	1442815227783	1442815227821	1442815228415	1442815228415	OK	 
Books Appliaction Testing	7879597696367047771-8	REQUEST		get request	1442815227752	1442815227805	1442815228754	1442815228754	OK	 
Books Appliaction Testing	7879597696367047771-11	REQUEST		get request	1442815227756	1442815227813	1442815228755	1442815228755	OK	 
Books Appliaction Testing	7879597696367047771-20	REQUEST		get request	1442815227784	1442815227819	1442815228772	1442815228772	OK	 
Books Appliaction Testing	7879597696367047771-25	REQUEST		get request	1442815227790	1442815227816	1442815228767	1442815228767	OK	 
Books Appliaction Testing	7879597696367047771-30	REQUEST		get request	1442815227829	1442815227892	1442815228780	1442815228780	OK	 
Books Appliaction Testing	7879597696367047771-1	REQUEST		get request	1442815227742	1442815227810	1442815228788	1442815228788	OK	 
Books Appliaction Testing	7879597696367047771-22	REQUEST		get request	1442815227786	1442815227817	1442815228806	1442815228806	OK	 
Books Appliaction Testing	7879597696367047771-12	REQUEST		get request	1442815227760	1442815227819	1442815228807	1442815228807	OK	 
Books Appliaction Testing	7879597696367047771-27	REQUEST		get request	1442815227825	1442815227879	1442815228811	1442815228811	OK	 
Books Appliaction Testing	7879597696367047771-32	REQUEST		get request	1442815227832	1442815227848	1442815228818	1442815228818	OK	 
Books Appliaction Testing	7879597696367047771-13	REQUEST		get request	1442815227761	1442815227803	1442815228822	1442815228822	OK	 
Books Appliaction Testing	7879597696367047771-6	REQUEST		get request	1442815227749	1442815227811	1442815228825	1442815228825	OK	 
Books Appliaction Testing	7879597696367047771-18	REQUEST		get request	1442815227772	1442815227817	1442815228831	1442815228831	OK	 
Books Appliaction Testing	7879597696367047771-23	REQUEST		get request	1442815227788	1442815227822	1442815228834	1442815228834	OK	 
Books Appliaction Testing	7879597696367047771-3	REQUEST		get request	1442815227746	1442815227806	1442815228836	1442815228836	OK	 
Books Appliaction Testing	7879597696367047771-17	REQUEST		get request	1442815227767	1442815227815	1442815228838	1442815228838	OK	 
Books Appliaction Testing	7879597696367047771-21	REQUEST		get request	1442815227785	1442815227816	1442815228842	1442815228843	OK	 
Books Appliaction Testing	7879597696367047771-5	USER	END	1442815227659	1442815229080
Books Appliaction Testing	7879597696367047771-10	USER	END	1442815227659	1442815229133
Books Appliaction Testing	7879597696367047771-14	USER	END	1442815227660	1442815229142
Books Appliaction Testing	7879597696367047771-45	REQUEST		get request	1442815227902	1442815227925	1442815229175	1442815229175	OK	 
Books Appliaction Testing	7879597696367047771-40	REQUEST		get request	1442815227864	1442815227955	1442815229180	1442815229180	OK	 
Books Appliaction Testing	7879597696367047771-35	REQUEST		get request	1442815227856	1442815227881	1442815229179	1442815229179	OK	 
Books Appliaction Testing	7879597696367047771-50	REQUEST		get request	1442815227909	1442815227921	1442815229181	1442815229181	OK	 
Books Appliaction Testing	7879597696367047771-55	REQUEST		get request	1442815227933	1442815227989	1442815229190	1442815229190	OK	 
Books Appliaction Testing	7879597696367047771-60	REQUEST		get request	1442815227999	1442815228013	1442815229196	1442815229196	OK	 
Books Appliaction Testing	7879597696367047771-70	REQUEST		get request	1442815228085	1442815228120	1442815229204	1442815229204	OK	 
Books Appliaction Testing	7879597696367047771-65	REQUEST		get request	1442815228006	1442815228012	1442815229203	1442815229203	OK	 
Books Appliaction Testing	7879597696367047771-75	REQUEST		get request	1442815228090	1442815228094	1442815229212	1442815229212	OK	 
Books Appliaction Testing	7879597696367047771-80	REQUEST		get request	1442815228128	1442815228134	1442815229219	1442815229219	OK	 
Books Appliaction Testing	7879597696367047771-85	REQUEST		get request	1442815228146	1442815228158	1442815229226	1442815229226	OK	 
Books Appliaction Testing	7879597696367047771-16	USER	END	1442815227660	1442815229228
Books Appliaction Testing	7879597696367047771-90	REQUEST		get request	1442815228152	1442815228159	1442815229235	1442815229235	OK	 
Books Appliaction Testing	7879597696367047771-95	REQUEST		get request	1442815228199	1442815228207	1442815229241	1442815229241	OK	 
Books Appliaction Testing	7879597696367047771-100	REQUEST		get request	1442815228226	1442815228237	1442815229249	1442815229249	OK	 
Books Appliaction Testing	7879597696367047771-105	REQUEST		get request	1442815228233	1442815228241	1442815229255	1442815229256	OK	 
Books Appliaction Testing	7879597696367047771-110	REQUEST		get request	1442815228255	1442815228271	1442815229262	1442815229262	OK	 
Books Appliaction Testing	7879597696367047771-4	USER	END	1442815227659	1442815229263
Books Appliaction Testing	7879597696367047771-15	USER	END	1442815227660	1442815229267
Books Appliaction Testing	7879597696367047771-115	REQUEST		get request	1442815228279	1442815228292	1442815229275	1442815229275	OK	 
Books Appliaction Testing	7879597696367047771-7	USER	END	1442815227659	1442815229284
Books Appliaction Testing	7879597696367047771-120	REQUEST		get request	1442815228285	1442815228292	1442815229288	1442815229288	OK	 
Books Appliaction Testing	7879597696367047771-28	REQUEST		get request	1442815227827	1442815227878	1442815229314	1442815229314	OK	 
Books Appliaction Testing	7879597696367047771-33	REQUEST		get request	1442815227833	1442815227877	1442815229319	1442815229319	OK	 
Books Appliaction Testing	7879597696367047771-38	REQUEST		get request	1442815227860	1442815227895	1442815229331	1442815229331	OK	 
Books Appliaction Testing	7879597696367047771-43	REQUEST		get request	1442815227900	1442815227923	1442815229337	1442815229337	OK	 
Books Appliaction Testing	7879597696367047771-58	REQUEST		get request	1442815227937	1442815227988	1442815229354	1442815229354	OK	 
Books Appliaction Testing	7879597696367047771-48	REQUEST		get request	1442815227906	1442815227954	1442815229345	1442815229345	OK	 
Books Appliaction Testing	7879597696367047771-63	REQUEST		get request	1442815228003	1442815228014	1442815229357	1442815229357	OK	 
Books Appliaction Testing	7879597696367047771-53	REQUEST		get request	1442815227931	1442815227990	1442815229356	1442815229356	OK	 
Books Appliaction Testing	7879597696367047771-68	REQUEST		get request	1442815228081	1442815228095	1442815229359	1442815229359	OK	 
Books Appliaction Testing	7879597696367047771-73	REQUEST		get request	1442815228088	1442815228137	1442815229366	1442815229366	OK	 
Books Appliaction Testing	7879597696367047771-78	REQUEST		get request	1442815228125	1442815228136	1442815229369	1442815229369	OK	 
Books Appliaction Testing	7879597696367047771-83	REQUEST		get request	1442815228131	1442815228135	1442815229375	1442815229375	OK	 
Books Appliaction Testing	7879597696367047771-93	REQUEST		get request	1442815228196	1442815228207	1442815229382	1442815229382	OK	 
Books Appliaction Testing	7879597696367047771-88	REQUEST		get request	1442815228150	1442815228156	1442815229380	1442815229380	OK	 
Books Appliaction Testing	7879597696367047771-98	REQUEST		get request	1442815228202	1442815228209	1442815229394	1442815229394	OK	 
Books Appliaction Testing	7879597696367047771-103	REQUEST		get request	1442815228231	1442815228240	1442815229395	1442815229395	OK	 
Books Appliaction Testing	7879597696367047771-113	REQUEST		get request	1442815228259	1442815228270	1442815229399	1442815229399	OK	 
Books Appliaction Testing	7879597696367047771-108	REQUEST		get request	1442815228253	1442815228277	1442815229398	1442815229398	OK	 
Books Appliaction Testing	7879597696367047771-118	REQUEST		get request	1442815228283	1442815228294	1442815229402	1442815229402	OK	 
Books Appliaction Testing	7879597696367047771-26	REQUEST		get request	1442815227823	1442815227846	1442815229405	1442815229405	OK	 
Books Appliaction Testing	7879597696367047771-46	REQUEST		get request	1442815227904	1442815227928	1442815229417	1442815229417	OK	 
Books Appliaction Testing	7879597696367047771-36	REQUEST		get request	1442815227857	1442815227952	1442815229418	1442815229418	OK	 
Books Appliaction Testing	7879597696367047771-31	REQUEST		get request	1442815227830	1442815227847	1442815229420	1442815229420	OK	 
Books Appliaction Testing	7879597696367047771-51	REQUEST		get request	1442815227910	1442815227927	1442815229422	1442815229422	OK	 
Books Appliaction Testing	7879597696367047771-41	REQUEST		get request	1442815227897	1442815227922	1442815229425	1442815229425	OK	 
Books Appliaction Testing	7879597696367047771-61	REQUEST		get request	1442815228000	1442815228015	1442815229426	1442815229426	OK	 
Books Appliaction Testing	7879597696367047771-9	USER	END	1442815227659	1442815229428
Books Appliaction Testing	7879597696367047771-2	USER	END	1442815227659	1442815229429
Books Appliaction Testing	7879597696367047771-66	REQUEST		get request	1442815228007	1442815228014	1442815229431	1442815229431	OK	 
Books Appliaction Testing	7879597696367047771-56	REQUEST		get request	1442815227935	1442815227957	1442815229430	1442815229430	OK	 
Books Appliaction Testing	7879597696367047771-19	USER	END	1442815227660	1442815229438
Books Appliaction Testing	7879597696367047771-76	REQUEST		get request	1442815228122	1442815228134	1442815229438	1442815229438	OK	 
Books Appliaction Testing	7879597696367047771-86	REQUEST		get request	1442815228147	1442815228159	1442815229440	1442815229440	OK	 
Books Appliaction Testing	7879597696367047771-0	USER	END	1442815227654	1442815229443
Books Appliaction Testing	7879597696367047771-81	REQUEST		get request	1442815228129	1442815228137	1442815229444	1442815229445	OK	 
Books Appliaction Testing	7879597696367047771-71	REQUEST		get request	1442815228085	1442815228094	1442815229446	1442815229446	OK	 
Books Appliaction Testing	7879597696367047771-91	REQUEST		get request	1442815228153	1442815228208	1442815229447	1442815229447	OK	 
Books Appliaction Testing	7879597696367047771-106	REQUEST		get request	1442815228235	1442815228240	1442815229451	1442815229451	OK	 
Books Appliaction Testing	7879597696367047771-96	REQUEST		get request	1442815228200	1442815228210	1442815229450	1442815229450	OK	 
Books Appliaction Testing	7879597696367047771-101	REQUEST		get request	1442815228228	1442815228241	1442815229454	1442815229454	OK	 
Books Appliaction Testing	7879597696367047771-116	REQUEST		get request	1442815228281	1442815228291	1442815229456	1442815229456	OK	 
Books Appliaction Testing	7879597696367047771-111	REQUEST		get request	1442815228256	1442815228273	1442815229457	1442815229457	OK	 
Books Appliaction Testing	7879597696367047771-121	REQUEST		get request	1442815228287	1442815228293	1442815229460	1442815229460	OK	 
Books Appliaction Testing	7879597696367047771-24	REQUEST		get request	1442815227789	1442815227820	1442815229462	1442815229462	OK	 
Books Appliaction Testing	7879597696367047771-29	REQUEST		get request	1442815227828	1442815227849	1442815229465	1442815229465	OK	 
Books Appliaction Testing	7879597696367047771-34	REQUEST		get request	1442815227854	1442815227893	1442815229466	1442815229466	OK	 
Books Appliaction Testing	7879597696367047771-39	REQUEST		get request	1442815227862	1442815227884	1442815229469	1442815229469	OK	 
Books Appliaction Testing	7879597696367047771-44	REQUEST		get request	1442815227901	1442815227954	1442815229471	1442815229471	OK	 
Books Appliaction Testing	7879597696367047771-49	REQUEST		get request	1442815227908	1442815227924	1442815229473	1442815229473	OK	 
Books Appliaction Testing	7879597696367047771-54	REQUEST		get request	1442815227932	1442815227989	1442815229479	1442815229479	OK	 
Books Appliaction Testing	7879597696367047771-59	REQUEST		get request	1442815227938	1442815227989	1442815229480	1442815229481	OK	 
Books Appliaction Testing	7879597696367047771-64	REQUEST		get request	1442815228005	1442815228013	1442815229494	1442815229494	OK	 
Books Appliaction Testing	7879597696367047771-69	REQUEST		get request	1442815228083	1442815228136	1442815229496	1442815229496	OK	 
Books Appliaction Testing	7879597696367047771-74	REQUEST		get request	1442815228089	1442815228119	1442815229501	1442815229501	OK	 
Books Appliaction Testing	7879597696367047771-79	REQUEST		get request	1442815228126	1442815228135	1442815229504	1442815229504	OK	 
Books Appliaction Testing	7879597696367047771-84	REQUEST		get request	1442815228144	1442815228155	1442815229511	1442815229511	OK	 
Books Appliaction Testing	7879597696367047771-89	REQUEST		get request	1442815228151	1442815228158	1442815229515	1442815229515	OK	 
Books Appliaction Testing	7879597696367047771-94	REQUEST		get request	1442815228197	1442815228209	1442815229518	1442815229518	OK	 
Books Appliaction Testing	7879597696367047771-99	REQUEST		get request	1442815228204	1442815228208	1442815229521	1442815229521	OK	 
Books Appliaction Testing	7879597696367047771-104	REQUEST		get request	1442815228232	1442815228237	1442815229525	1442815229525	OK	 
Books Appliaction Testing	7879597696367047771-109	REQUEST		get request	1442815228254	1442815228271	1442815229527	1442815229527	OK	 
Books Appliaction Testing	7879597696367047771-114	REQUEST		get request	1442815228260	1442815228271	1442815229532	1442815229532	OK	 
Books Appliaction Testing	7879597696367047771-119	REQUEST		get request	1442815228284	1442815228293	1442815229536	1442815229536	OK	 
Books Appliaction Testing	7879597696367047771-37	REQUEST		get request	1442815227859	1442815227880	1442815229666	1442815229666	OK	 
Books Appliaction Testing	7879597696367047771-42	REQUEST		get request	1442815227898	1442815227928	1442815229670	1442815229670	OK	 
Books Appliaction Testing	7879597696367047771-47	REQUEST		get request	1442815227905	1442815227927	1442815229677	1442815229677	OK	 
Books Appliaction Testing	7879597696367047771-57	REQUEST		get request	1442815227936	1442815227990	1442815229678	1442815229678	OK	 
Books Appliaction Testing	7879597696367047771-52	REQUEST		get request	1442815227929	1442815227956	1442815229676	1442815229676	OK	 
Books Appliaction Testing	7879597696367047771-62	REQUEST		get request	1442815228002	1442815228014	1442815229683	1442815229683	OK	 
Books Appliaction Testing	7879597696367047771-67	REQUEST		get request	1442815228008	1442815228015	1442815229685	1442815229685	OK	 
Books Appliaction Testing	7879597696367047771-72	REQUEST		get request	1442815228087	1442815228095	1442815229688	1442815229688	OK	 
Books Appliaction Testing	7879597696367047771-77	REQUEST		get request	1442815228123	1442815228138	1442815229690	1442815229690	OK	 
Books Appliaction Testing	7879597696367047771-82	REQUEST		get request	1442815228130	1442815228135	1442815229693	1442815229693	OK	 
Books Appliaction Testing	7879597696367047771-87	REQUEST		get request	1442815228148	1442815228156	1442815229695	1442815229695	OK	 
Books Appliaction Testing	7879597696367047771-92	REQUEST		get request	1442815228195	1442815228210	1442815229697	1442815229697	OK	 
Books Appliaction Testing	7879597696367047771-97	REQUEST		get request	1442815228201	1442815228207	1442815229702	1442815229702	OK	 
Books Appliaction Testing	7879597696367047771-102	REQUEST		get request	1442815228229	1442815228240	1442815229704	1442815229704	OK	 
Books Appliaction Testing	7879597696367047771-107	REQUEST		get request	1442815228251	1442815228274	1442815229706	1442815229706	OK	 
Books Appliaction Testing	7879597696367047771-112	REQUEST		get request	1442815228257	1442815228276	1442815229709	1442815229709	OK	 
Books Appliaction Testing	7879597696367047771-122	REQUEST		get request	1442815228288	1442815228294	1442815229714	1442815229714	OK	 
Books Appliaction Testing	7879597696367047771-117	REQUEST		get request	1442815228282	1442815228293	1442815229715	1442815229715	OK	 
Books Appliaction Testing	7879597696367047771-127	REQUEST		get request	1442815228302	1442815228314	1442815229717	1442815229717	OK	 
Books Appliaction Testing	7879597696367047771-132	REQUEST		get request	1442815228317	1442815228334	1442815229719	1442815229719	OK	 
Books Appliaction Testing	7879597696367047771-142	REQUEST		get request	1442815228367	1442815228378	1442815229725	1442815229725	OK	 
Books Appliaction Testing	7879597696367047771-137	REQUEST		get request	1442815228324	1442815228333	1442815229724	1442815229724	OK	 
Books Appliaction Testing	7879597696367047771-147	REQUEST		get request	1442815228392	1442815228410	1442815229730	1442815229730	OK	 
Books Appliaction Testing	7879597696367047771-152	REQUEST		get request	1442815228399	1442815228413	1442815229735	1442815229735	OK	 
Books Appliaction Testing	7879597696367047771-8	USER	END	1442815227659	1442815229782
Books Appliaction Testing	7879597696367047771-11	USER	END	1442815227660	1442815229783
Books Appliaction Testing	7879597696367047771-25	USER	END	1442815227660	1442815229784
Books Appliaction Testing	7879597696367047771-20	USER	END	1442815227660	1442815229799
Books Appliaction Testing	7879597696367047771-30	USER	END	1442815227661	1442815229799
Books Appliaction Testing	7879597696367047771-1	USER	END	1442815227659	1442815229805
Books Appliaction Testing	7879597696367047771-22	USER	END	1442815227660	1442815229823
Books Appliaction Testing	7879597696367047771-12	USER	END	1442815227660	1442815229824
Books Appliaction Testing	7879597696367047771-27	USER	END	1442815227661	1442815229825
Books Appliaction Testing	7879597696367047771-32	USER	END	1442815227661	1442815229840
Books Appliaction Testing	7879597696367047771-13	USER	END	1442815227660	1442815229847
Books Appliaction Testing	7879597696367047771-6	USER	END	1442815227659	1442815229847
Books Appliaction Testing	7879597696367047771-18	USER	END	1442815227660	1442815229847
Books Appliaction Testing	7879597696367047771-23	USER	END	1442815227660	1442815229865
Books Appliaction Testing	7879597696367047771-3	USER	END	1442815227659	1442815229865
Books Appliaction Testing	7879597696367047771-17	USER	END	1442815227660	1442815229866
Books Appliaction Testing	7879597696367047771-21	USER	END	1442815227660	1442815229870
Books Appliaction Testing	7879597696367047771-123	REQUEST		get request	1442815228297	1442815228313	1442815229955	1442815229955	OK	 
Books Appliaction Testing	7879597696367047771-128	REQUEST		get request	1442815228303	1442815228313	1442815229960	1442815229960	OK	 
Books Appliaction Testing	7879597696367047771-133	REQUEST		get request	1442815228318	1442815228333	1442815229968	1442815229968	OK	 
Books Appliaction Testing	7879597696367047771-138	REQUEST		get request	1442815228325	1442815228335	1442815229973	1442815229973	OK	 
Books Appliaction Testing	7879597696367047771-143	REQUEST		get request	1442815228368	1442815228377	1442815229980	1442815229980	OK	 
Books Appliaction Testing	7879597696367047771-148	REQUEST		get request	1442815228394	1442815228412	1442815229984	1442815229984	OK	 
Books Appliaction Testing	7879597696367047771-153	REQUEST		get request	1442815228400	1442815228411	1442815229987	1442815229987	OK	 
Books Appliaction Testing	7879597696367047771-163	REQUEST		get request	1442815228437	1442815228445	1442815229991	1442815229991	OK	 
Books Appliaction Testing	7879597696367047771-158	REQUEST		get request	1442815228430	1442815228444	1442815229993	1442815229993	OK	 
Books Appliaction Testing	7879597696367047771-173	REQUEST		get request	1442815228463	1442815228477	1442815229997	1442815229997	OK	 
Books Appliaction Testing	7879597696367047771-168	REQUEST		get request	1442815228450	1442815228461	1442815230000	1442815230001	OK	 
Books Appliaction Testing	7879597696367047771-178	REQUEST		get request	1442815228470	1442815228479	1442815230002	1442815230002	OK	 
Books Appliaction Testing	7879597696367047771-183	REQUEST		get request	1442815228482	1442815228488	1442815230008	1442815230008	OK	 
Books Appliaction Testing	7879597696367047771-188	REQUEST		get request	1442815228493	1442815228518	1442815230012	1442815230012	OK	 
Books Appliaction Testing	7879597696367047771-193	REQUEST		get request	1442815228528	1442815228538	1442815230036	1442815230036	OK	 
Books Appliaction Testing	7879597696367047771-198	REQUEST		get request	1442815228533	1442815228539	1442815230041	1442815230041	OK	 
Books Appliaction Testing	7879597696367047771-124	REQUEST		get request	1442815228299	1442815228313	1442815230043	1442815230043	OK	 
Books Appliaction Testing	7879597696367047771-129	REQUEST		get request	1442815228305	1442815228315	1442815230047	1442815230047	OK	 
Books Appliaction Testing	7879597696367047771-134	REQUEST		get request	1442815228319	1442815228335	1442815230048	1442815230048	OK	 
Books Appliaction Testing	7879597696367047771-139	REQUEST		get request	1442815228327	1442815228341	1442815230049	1442815230049	OK	 
Books Appliaction Testing	7879597696367047771-144	REQUEST		get request	1442815228369	1442815228377	1442815230055	1442815230055	OK	 
Books Appliaction Testing	7879597696367047771-149	REQUEST		get request	1442815228395	1442815228412	1442815230058	1442815230058	OK	 
Books Appliaction Testing	7879597696367047771-154	REQUEST		get request	1442815228401	1442815228405	1442815230062	1442815230062	OK	 
Books Appliaction Testing	7879597696367047771-159	REQUEST		get request	1442815228432	1442815228446	1442815230064	1442815230064	OK	 
Books Appliaction Testing	7879597696367047771-164	REQUEST		get request	1442815228438	1442815228442	1442815230070	1442815230070	OK	 
Books Appliaction Testing	7879597696367047771-169	REQUEST		get request	1442815228451	1442815228463	1442815230072	1442815230072	OK	 
Books Appliaction Testing	7879597696367047771-174	REQUEST		get request	1442815228465	1442815228480	1442815230074	1442815230074	OK	 
Books Appliaction Testing	7879597696367047771-184	REQUEST		get request	1442815228483	1442815228488	1442815230083	1442815230083	OK	 
Books Appliaction Testing	7879597696367047771-179	REQUEST		get request	1442815228471	1442815228478	1442815230077	1442815230077	OK	 
Books Appliaction Testing	7879597696367047771-194	REQUEST		get request	1442815228529	1442815228540	1442815230090	1442815230090	OK	 
Books Appliaction Testing	7879597696367047771-189	REQUEST		get request	1442815228494	1442815228517	1442815230089	1442815230089	OK	 
Books Appliaction Testing	7879597696367047771-199	REQUEST		get request	1442815228534	1442815228537	1442815230093	1442815230093	OK	 
Books Appliaction Testing	7879597696367047771-125	REQUEST		get request	1442815228300	1442815228316	1442815230100	1442815230100	OK	 
Books Appliaction Testing	7879597696367047771-135	REQUEST		get request	1442815228321	1442815228334	1442815230105	1442815230106	OK	 
Books Appliaction Testing	7879597696367047771-140	REQUEST		get request	1442815228364	1442815228376	1442815230114	1442815230114	OK	 
Books Appliaction Testing	7879597696367047771-130	REQUEST		get request	1442815228306	1442815228315	1442815230108	1442815230108	OK	 
Books Appliaction Testing	7879597696367047771-150	REQUEST		get request	1442815228397	1442815228405	1442815230114	1442815230114	OK	 
Books Appliaction Testing	7879597696367047771-145	REQUEST		get request	1442815228371	1442815228379	1442815230116	1442815230116	OK	 
Books Appliaction Testing	7879597696367047771-155	REQUEST		get request	1442815228402	1442815228411	1442815230122	1442815230122	OK	 
Books Appliaction Testing	7879597696367047771-160	REQUEST		get request	1442815228433	1442815228442	1442815230129	1442815230129	OK	 
Books Appliaction Testing	7879597696367047771-165	REQUEST		get request	1442815228446	1442815228463	1442815230130	1442815230130	OK	 
Books Appliaction Testing	7879597696367047771-170	REQUEST		get request	1442815228453	1442815228462	1442815230135	1442815230136	OK	 
Books Appliaction Testing	7879597696367047771-175	REQUEST		get request	1442815228466	1442815228478	1442815230139	1442815230139	OK	 
Books Appliaction Testing	7879597696367047771-180	REQUEST		get request	1442815228472	1442815228479	1442815230146	1442815230146	OK	 
Books Appliaction Testing	7879597696367047771-131	REQUEST		get request	1442815228307	1442815228314	1442815230151	1442815230151	OK	 
Books Appliaction Testing	7879597696367047771-126	REQUEST		get request	1442815228301	1442815228315	1442815230151	1442815230151	OK	 
Books Appliaction Testing	7879597696367047771-136	REQUEST		get request	1442815228322	1442815228334	1442815230157	1442815230157	OK	 
Books Appliaction Testing	7879597696367047771-141	REQUEST		get request	1442815228365	1442815228379	1442815230161	1442815230161	OK	 
Books Appliaction Testing	7879597696367047771-146	REQUEST		get request	1442815228372	1442815228378	1442815230166	1442815230166	OK	 
Books Appliaction Testing	7879597696367047771-151	REQUEST		get request	1442815228398	1442815228410	1442815230173	1442815230173	OK	 
Books Appliaction Testing	7879597696367047771-156	REQUEST		get request	1442815228428	1442815228443	1442815230174	1442815230174	OK	 
Books Appliaction Testing	7879597696367047771-166	REQUEST		get request	1442815228448	1442815228462	1442815230178	1442815230178	OK	 
Books Appliaction Testing	7879597696367047771-161	REQUEST		get request	1442815228435	1442815228443	1442815230177	1442815230177	OK	 
Books Appliaction Testing	7879597696367047771-171	REQUEST		get request	1442815228454	1442815228461	1442815230184	1442815230184	OK	 
Books Appliaction Testing	7879597696367047771-181	REQUEST		get request	1442815228480	1442815228487	1442815230189	1442815230189	OK	 
Books Appliaction Testing	7879597696367047771-186	REQUEST		get request	1442815228485	1442815228517	1442815230191	1442815230191	OK	 
Books Appliaction Testing	7879597696367047771-176	REQUEST		get request	1442815228467	1442815228478	1442815230191	1442815230191	OK	 
Books Appliaction Testing	7879597696367047771-191	REQUEST		get request	1442815228500	1442815228516	1442815230198	1442815230198	OK	 
Books Appliaction Testing	7879597696367047771-196	REQUEST		get request	1442815228531	1442815228538	1442815230199	1442815230199	OK	 
Books Appliaction Testing	7879597696367047771-45	USER	END	1442815227662	1442815230203
Books Appliaction Testing	7879597696367047771-40	USER	END	1442815227661	1442815230204
Books Appliaction Testing	7879597696367047771-35	USER	END	1442815227661	1442815230205
Books Appliaction Testing	7879597696367047771-50	USER	END	1442815227662	1442815230206
Books Appliaction Testing	7879597696367047771-55	USER	END	1442815227662	1442815230207
Books Appliaction Testing	7879597696367047771-60	USER	END	1442815227663	1442815230213
Books Appliaction Testing	7879597696367047771-70	USER	END	1442815227663	1442815230214
Books Appliaction Testing	7879597696367047771-65	USER	END	1442815227663	1442815230215
Books Appliaction Testing	7879597696367047771-75	USER	END	1442815227664	1442815230223
Books Appliaction Testing	7879597696367047771-80	USER	END	1442815227664	1442815230232
Books Appliaction Testing	7879597696367047771-85	USER	END	1442815227664	1442815230241
Books Appliaction Testing	7879597696367047771-90	USER	END	1442815227665	1442815230242
Books Appliaction Testing	7879597696367047771-190	REQUEST		get request	1442815228495	1442815228518	1442815230253	1442815230253	OK	 
Books Appliaction Testing	7879597696367047771-195	REQUEST		get request	1442815228530	1442815228537	1442815230254	1442815230254	OK	 
Books Appliaction Testing	7879597696367047771-185	REQUEST		get request	1442815228484	1442815228487	1442815230252	1442815230252	OK	 
Books Appliaction Testing	7879597696367047771-157	REQUEST		get request	1442815228429	1442815228443	1442815230257	1442815230257	OK	 
Books Appliaction Testing	7879597696367047771-95	USER	END	1442815227665	1442815230263
Books Appliaction Testing	7879597696367047771-100	USER	END	1442815227665	1442815230263
Books Appliaction Testing	7879597696367047771-105	USER	END	1442815227666	1442815230263
Books Appliaction Testing	7879597696367047771-162	REQUEST		get request	1442815228436	1442815228445	1442815230266	1442815230266	OK	 
Books Appliaction Testing	7879597696367047771-167	REQUEST		get request	1442815228449	1442815228461	1442815230268	1442815230268	OK	 
Books Appliaction Testing	7879597696367047771-172	REQUEST		get request	1442815228456	1442815228460	1442815230272	1442815230272	OK	 
Books Appliaction Testing	7879597696367047771-177	REQUEST		get request	1442815228468	1442815228477	1442815230278	1442815230278	OK	 
Books Appliaction Testing	7879597696367047771-182	REQUEST		get request	1442815228481	1442815228489	1442815230282	1442815230282	OK	 
Books Appliaction Testing	7879597696367047771-110	USER	END	1442815227666	1442815230283
Books Appliaction Testing	7879597696367047771-192	REQUEST		get request	1442815228527	1442815228538	1442815230289	1442815230289	OK	 
Books Appliaction Testing	7879597696367047771-187	REQUEST		get request	1442815228492	1442815228516	1442815230287	1442815230287	OK	 
Books Appliaction Testing	7879597696367047771-115	USER	END	1442815227666	1442815230293
Books Appliaction Testing	7879597696367047771-197	REQUEST		get request	1442815228532	1442815228539	1442815230300	1442815230300	OK	 
Books Appliaction Testing	7879597696367047771-120	USER	END	1442815227667	1442815230302
Books Appliaction Testing	7879597696367047771-28	USER	END	1442815227661	1442815230321
Books Appliaction Testing	7879597696367047771-33	USER	END	1442815227661	1442815230342
Books Appliaction Testing	7879597696367047771-38	USER	END	1442815227661	1442815230342
Books Appliaction Testing	7879597696367047771-43	USER	END	1442815227662	1442815230352
Books Appliaction Testing	7879597696367047771-48	USER	END	1442815227662	1442815230361
Books Appliaction Testing	7879597696367047771-58	USER	END	1442815227663	1442815230380
Books Appliaction Testing	7879597696367047771-63	USER	END	1442815227663	1442815230381
Books Appliaction Testing	7879597696367047771-53	USER	END	1442815227662	1442815230383
Books Appliaction Testing	7879597696367047771-68	USER	END	1442815227663	1442815230383
Books Appliaction Testing	7879597696367047771-73	USER	END	1442815227664	1442815230384
Books Appliaction Testing	7879597696367047771-78	USER	END	1442815227664	1442815230401
Books Appliaction Testing	7879597696367047771-83	USER	END	1442815227664	1442815230402
Books Appliaction Testing	7879597696367047771-93	USER	END	1442815227665	1442815230408
Books Appliaction Testing	7879597696367047771-88	USER	END	1442815227664	1442815230409
Books Appliaction Testing	7879597696367047771-98	USER	END	1442815227665	1442815230410
Books Appliaction Testing	7879597696367047771-103	USER	END	1442815227665	1442815230410
Books Appliaction Testing	7879597696367047771-113	USER	END	1442815227666	1442815230436
Books Appliaction Testing	7879597696367047771-108	USER	END	1442815227666	1442815230436
Books Appliaction Testing	7879597696367047771-118	USER	END	1442815227666	1442815230436
Books Appliaction Testing	7879597696367047771-26	USER	END	1442815227661	1442815230437
Books Appliaction Testing	7879597696367047771-46	USER	END	1442815227662	1442815230439
Books Appliaction Testing	7879597696367047771-36	USER	END	1442815227661	1442815230439
Books Appliaction Testing	7879597696367047771-31	USER	END	1442815227661	1442815230440
Books Appliaction Testing	7879597696367047771-51	USER	END	1442815227662	1442815230440
Books Appliaction Testing	7879597696367047771-41	USER	END	1442815227662	1442815230443
Books Appliaction Testing	7879597696367047771-61	USER	END	1442815227663	1442815230443
Books Appliaction Testing	7879597696367047771-66	USER	END	1442815227663	1442815230454
Books Appliaction Testing	7879597696367047771-56	USER	END	1442815227663	1442815230454
Books Appliaction Testing	7879597696367047771-76	USER	END	1442815227664	1442815230455
Books Appliaction Testing	7879597696367047771-86	USER	END	1442815227664	1442815230455
Books Appliaction Testing	7879597696367047771-81	USER	END	1442815227664	1442815230463
Books Appliaction Testing	7879597696367047771-71	USER	END	1442815227663	1442815230464
Books Appliaction Testing	7879597696367047771-91	USER	END	1442815227665	1442815230464
Books Appliaction Testing	7879597696367047771-106	USER	END	1442815227666	1442815230472
Books Appliaction Testing	7879597696367047771-96	USER	END	1442815227665	1442815230472
Books Appliaction Testing	7879597696367047771-101	USER	END	1442815227665	1442815230473
Books Appliaction Testing	7879597696367047771-116	USER	END	1442815227666	1442815230473
Books Appliaction Testing	7879597696367047771-111	USER	END	1442815227666	1442815230474
Books Appliaction Testing	7879597696367047771-121	USER	END	1442815227667	1442815230474
Books Appliaction Testing	7879597696367047771-24	USER	END	1442815227660	1442815230483
Books Appliaction Testing	7879597696367047771-29	USER	END	1442815227661	1442815230484
Books Appliaction Testing	7879597696367047771-34	USER	END	1442815227661	1442815230484
Books Appliaction Testing	7879597696367047771-39	USER	END	1442815227661	1442815230484
Books Appliaction Testing	7879597696367047771-44	USER	END	1442815227662	1442815230493
Books Appliaction Testing	7879597696367047771-49	USER	END	1442815227662	1442815230494
Books Appliaction Testing	7879597696367047771-54	USER	END	1442815227662	1442815230494
Books Appliaction Testing	7879597696367047771-59	USER	END	1442815227663	1442815230495
Books Appliaction Testing	7879597696367047771-64	USER	END	1442815227663	1442815230512
Books Appliaction Testing	7879597696367047771-69	USER	END	1442815227663	1442815230513
Books Appliaction Testing	7879597696367047771-74	USER	END	1442815227664	1442815230522
Books Appliaction Testing	7879597696367047771-79	USER	END	1442815227664	1442815230522
Books Appliaction Testing	7879597696367047771-84	USER	END	1442815227664	1442815230531
Books Appliaction Testing	7879597696367047771-94	USER	END	1442815227665	1442815230532
Books Appliaction Testing	7879597696367047771-89	USER	END	1442815227665	1442815230532
Books Appliaction Testing	7879597696367047771-99	USER	END	1442815227665	1442815230532
Books Appliaction Testing	7879597696367047771-104	USER	END	1442815227665	1442815230542
Books Appliaction Testing	7879597696367047771-109	USER	END	1442815227666	1442815230542
Books Appliaction Testing	7879597696367047771-119	USER	END	1442815227667	1442815230553
Books Appliaction Testing	7879597696367047771-114	USER	END	1442815227666	1442815230554
Books Appliaction Testing	7879597696367047771-37	USER	END	1442815227661	1442815230681
Books Appliaction Testing	7879597696367047771-42	USER	END	1442815227662	1442815230682
Books Appliaction Testing	7879597696367047771-47	USER	END	1442815227662	1442815230691
Books Appliaction Testing	7879597696367047771-57	USER	END	1442815227663	1442815230692
Books Appliaction Testing	7879597696367047771-52	USER	END	1442815227662	1442815230692
Books Appliaction Testing	7879597696367047771-62	USER	END	1442815227663	1442815230702
Books Appliaction Testing	7879597696367047771-67	USER	END	1442815227663	1442815230702
Books Appliaction Testing	7879597696367047771-72	USER	END	1442815227664	1442815230702
Books Appliaction Testing	7879597696367047771-77	USER	END	1442815227664	1442815230703
Books Appliaction Testing	7879597696367047771-82	USER	END	1442815227664	1442815230712
Books Appliaction Testing	7879597696367047771-87	USER	END	1442815227664	1442815230713
Books Appliaction Testing	7879597696367047771-92	USER	END	1442815227665	1442815230713
Books Appliaction Testing	7879597696367047771-97	USER	END	1442815227665	1442815230721
Books Appliaction Testing	7879597696367047771-102	USER	END	1442815227665	1442815230722
Books Appliaction Testing	7879597696367047771-107	USER	END	1442815227666	1442815230722
Books Appliaction Testing	7879597696367047771-112	USER	END	1442815227666	1442815230722
Books Appliaction Testing	7879597696367047771-122	USER	END	1442815227677	1442815230732
Books Appliaction Testing	7879597696367047771-117	USER	END	1442815227666	1442815230733
Books Appliaction Testing	7879597696367047771-127	USER	END	1442815227677	1442815230733
Books Appliaction Testing	7879597696367047771-142	USER	END	1442815227678	1442815230742
Books Appliaction Testing	7879597696367047771-132	USER	END	1442815227677	1442815230743
Books Appliaction Testing	7879597696367047771-137	USER	END	1442815227678	1442815230743
Books Appliaction Testing	7879597696367047771-147	USER	END	1442815227678	1442815230743
Books Appliaction Testing	7879597696367047771-152	USER	END	1442815227679	1442815230752
Books Appliaction Testing	7879597696367047771-123	USER	END	1442815227677	1442815230974
Books Appliaction Testing	7879597696367047771-128	USER	END	1442815227677	1442815230976
Books Appliaction Testing	7879597696367047771-133	USER	END	1442815227678	1442815230983
Books Appliaction Testing	7879597696367047771-138	USER	END	1442815227678	1442815230996
Books Appliaction Testing	7879597696367047771-143	USER	END	1442815227678	1442815231004
Books Appliaction Testing	7879597696367047771-148	USER	END	1442815227678	1442815231004
Books Appliaction Testing	7879597696367047771-153	USER	END	1442815227679	1442815231004
Books Appliaction Testing	7879597696367047771-163	USER	END	1442815227679	1442815231023
Books Appliaction Testing	7879597696367047771-158	USER	END	1442815227679	1442815231024
Books Appliaction Testing	7879597696367047771-173	USER	END	1442815227680	1442815231024
Books Appliaction Testing	7879597696367047771-168	USER	END	1442815227680	1442815231030
Books Appliaction Testing	7879597696367047771-178	USER	END	1442815227680	1442815231030
Books Appliaction Testing	7879597696367047771-183	USER	END	1442815227681	1442815231031
Books Appliaction Testing	7879597696367047771-188	USER	END	1442815227681	1442815231033
Books Appliaction Testing	7879597696367047771-193	USER	END	1442815227681	1442815231057
Books Appliaction Testing	7879597696367047771-198	USER	END	1442815227682	1442815231068
Books Appliaction Testing	7879597696367047771-124	USER	END	1442815227677	1442815231068
Books Appliaction Testing	7879597696367047771-129	USER	END	1442815227677	1442815231068
Books Appliaction Testing	7879597696367047771-134	USER	END	1442815227678	1442815231068
Books Appliaction Testing	7879597696367047771-139	USER	END	1442815227678	1442815231068
Books Appliaction Testing	7879597696367047771-144	USER	END	1442815227678	1442815231081
Books Appliaction Testing	7879597696367047771-149	USER	END	1442815227679	1442815231081
Books Appliaction Testing	7879597696367047771-154	USER	END	1442815227679	1442815231082
Books Appliaction Testing	7879597696367047771-164	USER	END	1442815227679	1442815231082
Books Appliaction Testing	7879597696367047771-159	USER	END	1442815227679	1442815231082
Books Appliaction Testing	7879597696367047771-174	USER	END	1442815227680	1442815231091
Books Appliaction Testing	7879597696367047771-169	USER	END	1442815227680	1442815231092
Books Appliaction Testing	7879597696367047771-184	USER	END	1442815227681	1442815231092
Books Appliaction Testing	7879597696367047771-179	USER	END	1442815227680	1442815231092
Books Appliaction Testing	7879597696367047771-194	USER	END	1442815227681	1442815231103
Books Appliaction Testing	7879597696367047771-189	USER	END	1442815227681	1442815231103
Books Appliaction Testing	7879597696367047771-199	USER	END	1442815227682	1442815231112
Books Appliaction Testing	7879597696367047771-135	USER	END	1442815227678	1442815231112
Books Appliaction Testing	7879597696367047771-125	USER	END	1442815227677	1442815231113
Books Appliaction Testing	7879597696367047771-130	USER	END	1442815227677	1442815231132
Books Appliaction Testing	7879597696367047771-150	USER	END	1442815227679	1442815231132
Books Appliaction Testing	7879597696367047771-140	USER	END	1442815227678	1442815231132
Books Appliaction Testing	7879597696367047771-145	USER	END	1442815227678	1442815231132
Books Appliaction Testing	7879597696367047771-155	USER	END	1442815227679	1442815231142
Books Appliaction Testing	7879597696367047771-160	USER	END	1442815227679	1442815231142
Books Appliaction Testing	7879597696367047771-165	USER	END	1442815227680	1442815231142
Books Appliaction Testing	7879597696367047771-170	USER	END	1442815227680	1442815231162
Books Appliaction Testing	7879597696367047771-180	USER	END	1442815227680	1442815231162
Books Appliaction Testing	7879597696367047771-175	USER	END	1442815227680	1442815231162
Books Appliaction Testing	7879597696367047771-126	USER	END	1442815227677	1442815231172
Books Appliaction Testing	7879597696367047771-131	USER	END	1442815227677	1442815231173
Books Appliaction Testing	7879597696367047771-136	USER	END	1442815227678	1442815231173
Books Appliaction Testing	7879597696367047771-141	USER	END	1442815227678	1442815231173
Books Appliaction Testing	7879597696367047771-146	USER	END	1442815227678	1442815231192
Books Appliaction Testing	7879597696367047771-156	USER	END	1442815227679	1442815231192
Books Appliaction Testing	7879597696367047771-151	USER	END	1442815227679	1442815231192
Books Appliaction Testing	7879597696367047771-166	USER	END	1442815227680	1442815231202
Books Appliaction Testing	7879597696367047771-161	USER	END	1442815227679	1442815231202
Books Appliaction Testing	7879597696367047771-171	USER	END	1442815227680	1442815231202
Books Appliaction Testing	7879597696367047771-181	USER	END	1442815227680	1442815231202
Books Appliaction Testing	7879597696367047771-186	USER	END	1442815227681	1442815231202
Books Appliaction Testing	7879597696367047771-176	USER	END	1442815227680	1442815231203
Books Appliaction Testing	7879597696367047771-191	USER	END	1442815227681	1442815231213
Books Appliaction Testing	7879597696367047771-196	USER	END	1442815227681	1442815231213
Books Appliaction Testing	7879597696367047771-195	USER	END	1442815227681	1442815231274
Books Appliaction Testing	7879597696367047771-190	USER	END	1442815227681	1442815231275
Books Appliaction Testing	7879597696367047771-185	USER	END	1442815227681	1442815231276
Books Appliaction Testing	7879597696367047771-157	USER	END	1442815227679	1442815231277
Books Appliaction Testing	7879597696367047771-162	USER	END	1442815227679	1442815231283
Books Appliaction Testing	7879597696367047771-167	USER	END	1442815227680	1442815231284
Books Appliaction Testing	7879597696367047771-172	USER	END	1442815227680	1442815231294
Books Appliaction Testing	7879597696367047771-177	USER	END	1442815227680	1442815231295
Books Appliaction Testing	7879597696367047771-182	USER	END	1442815227681	1442815231305
Books Appliaction Testing	7879597696367047771-192	USER	END	1442815227681	1442815231306
Books Appliaction Testing	7879597696367047771-187	USER	END	1442815227681	1442815231307
Books Appliaction Testing	7879597696367047771-197	USER	END	1442815227681	1442815231313
