computerdatabase.AngularNodeEmsSimulation	angularnodeemssimulation	RUN	1442324307738	 	2.0
Books Appliaction Testing	1774530775520753869-0	USER	START	1442324308099	0
Books Appliaction Testing	1774530775520753869-1	USER	START	1442324308103	0
Books Appliaction Testing	1774530775520753869-2	USER	START	1442324308103	0
Books Appliaction Testing	1774530775520753869-3	USER	START	1442324308103	0
Books Appliaction Testing	1774530775520753869-4	USER	START	1442324308103	0
Books Appliaction Testing	1774530775520753869-5	USER	START	1442324308103	0
Books Appliaction Testing	1774530775520753869-6	USER	START	1442324308103	0
Books Appliaction Testing	1774530775520753869-7	USER	START	1442324308103	0
Books Appliaction Testing	1774530775520753869-8	USER	START	1442324308104	0
Books Appliaction Testing	1774530775520753869-9	USER	START	1442324308104	0
Books Appliaction Testing	1774530775520753869-10	USER	START	1442324308104	0
Books Appliaction Testing	1774530775520753869-11	USER	START	1442324308104	0
Books Appliaction Testing	1774530775520753869-12	USER	START	1442324308104	0
Books Appliaction Testing	1774530775520753869-13	USER	START	1442324308104	0
Books Appliaction Testing	1774530775520753869-14	USER	START	1442324308104	0
Books Appliaction Testing	1774530775520753869-15	USER	START	1442324308104	0
Books Appliaction Testing	1774530775520753869-16	USER	START	1442324308104	0
Books Appliaction Testing	1774530775520753869-17	USER	START	1442324308104	0
Books Appliaction Testing	1774530775520753869-18	USER	START	1442324308104	0
Books Appliaction Testing	1774530775520753869-19	USER	START	1442324308104	0
Books Appliaction Testing	1774530775520753869-20	USER	START	1442324308104	0
Books Appliaction Testing	1774530775520753869-21	USER	START	1442324308104	0
Books Appliaction Testing	1774530775520753869-22	USER	START	1442324308104	0
Books Appliaction Testing	1774530775520753869-23	USER	START	1442324308104	0
Books Appliaction Testing	1774530775520753869-24	USER	START	1442324308105	0
Books Appliaction Testing	1774530775520753869-25	USER	START	1442324308105	0
Books Appliaction Testing	1774530775520753869-26	USER	START	1442324308105	0
Books Appliaction Testing	1774530775520753869-27	USER	START	1442324308105	0
Books Appliaction Testing	1774530775520753869-28	USER	START	1442324308105	0
Books Appliaction Testing	1774530775520753869-29	USER	START	1442324308105	0
Books Appliaction Testing	1774530775520753869-30	USER	START	1442324308105	0
Books Appliaction Testing	1774530775520753869-31	USER	START	1442324308105	0
Books Appliaction Testing	1774530775520753869-32	USER	START	1442324308106	0
Books Appliaction Testing	1774530775520753869-33	USER	START	1442324308106	0
Books Appliaction Testing	1774530775520753869-34	USER	START	1442324308106	0
Books Appliaction Testing	1774530775520753869-35	USER	START	1442324308106	0
Books Appliaction Testing	1774530775520753869-36	USER	START	1442324308106	0
Books Appliaction Testing	1774530775520753869-37	USER	START	1442324308106	0
Books Appliaction Testing	1774530775520753869-38	USER	START	1442324308106	0
Books Appliaction Testing	1774530775520753869-39	USER	START	1442324308106	0
Books Appliaction Testing	1774530775520753869-40	USER	START	1442324308106	0
Books Appliaction Testing	1774530775520753869-41	USER	START	1442324308106	0
Books Appliaction Testing	1774530775520753869-42	USER	START	1442324308106	0
Books Appliaction Testing	1774530775520753869-43	USER	START	1442324308106	0
Books Appliaction Testing	1774530775520753869-44	USER	START	1442324308106	0
Books Appliaction Testing	1774530775520753869-45	USER	START	1442324308106	0
Books Appliaction Testing	1774530775520753869-46	USER	START	1442324308106	0
Books Appliaction Testing	1774530775520753869-47	USER	START	1442324308107	0
Books Appliaction Testing	1774530775520753869-48	USER	START	1442324308107	0
Books Appliaction Testing	1774530775520753869-49	USER	START	1442324308107	0
Books Appliaction Testing	1774530775520753869-50	USER	START	1442324308107	0
Books Appliaction Testing	1774530775520753869-51	USER	START	1442324308107	0
Books Appliaction Testing	1774530775520753869-52	USER	START	1442324308107	0
Books Appliaction Testing	1774530775520753869-53	USER	START	1442324308107	0
Books Appliaction Testing	1774530775520753869-54	USER	START	1442324308107	0
Books Appliaction Testing	1774530775520753869-55	USER	START	1442324308107	0
Books Appliaction Testing	1774530775520753869-56	USER	START	1442324308107	0
Books Appliaction Testing	1774530775520753869-57	USER	START	1442324308107	0
Books Appliaction Testing	1774530775520753869-58	USER	START	1442324308107	0
Books Appliaction Testing	1774530775520753869-59	USER	START	1442324308107	0
Books Appliaction Testing	1774530775520753869-60	USER	START	1442324308107	0
Books Appliaction Testing	1774530775520753869-61	USER	START	1442324308107	0
Books Appliaction Testing	1774530775520753869-62	USER	START	1442324308108	0
Books Appliaction Testing	1774530775520753869-63	USER	START	1442324308108	0
Books Appliaction Testing	1774530775520753869-64	USER	START	1442324308108	0
Books Appliaction Testing	1774530775520753869-65	USER	START	1442324308108	0
Books Appliaction Testing	1774530775520753869-66	USER	START	1442324308108	0
Books Appliaction Testing	1774530775520753869-67	USER	START	1442324308108	0
Books Appliaction Testing	1774530775520753869-68	USER	START	1442324308108	0
Books Appliaction Testing	1774530775520753869-69	USER	START	1442324308108	0
Books Appliaction Testing	1774530775520753869-70	USER	START	1442324308108	0
Books Appliaction Testing	1774530775520753869-71	USER	START	1442324308108	0
Books Appliaction Testing	1774530775520753869-72	USER	START	1442324308108	0
Books Appliaction Testing	1774530775520753869-73	USER	START	1442324308108	0
Books Appliaction Testing	1774530775520753869-74	USER	START	1442324308108	0
Books Appliaction Testing	1774530775520753869-75	USER	START	1442324308108	0
Books Appliaction Testing	1774530775520753869-76	USER	START	1442324308108	0
Books Appliaction Testing	1774530775520753869-77	USER	START	1442324308108	0
Books Appliaction Testing	1774530775520753869-78	USER	START	1442324308109	0
Books Appliaction Testing	1774530775520753869-79	USER	START	1442324308169	0
Books Appliaction Testing	1774530775520753869-80	USER	START	1442324308169	0
Books Appliaction Testing	1774530775520753869-81	USER	START	1442324308169	0
Books Appliaction Testing	1774530775520753869-82	USER	START	1442324308169	0
Books Appliaction Testing	1774530775520753869-83	USER	START	1442324308169	0
Books Appliaction Testing	1774530775520753869-84	USER	START	1442324308169	0
Books Appliaction Testing	1774530775520753869-85	USER	START	1442324308169	0
Books Appliaction Testing	1774530775520753869-86	USER	START	1442324308169	0
Books Appliaction Testing	1774530775520753869-87	USER	START	1442324308170	0
Books Appliaction Testing	1774530775520753869-88	USER	START	1442324308170	0
Books Appliaction Testing	1774530775520753869-89	USER	START	1442324308170	0
Books Appliaction Testing	1774530775520753869-90	USER	START	1442324308170	0
Books Appliaction Testing	1774530775520753869-91	USER	START	1442324308170	0
Books Appliaction Testing	1774530775520753869-92	USER	START	1442324308170	0
Books Appliaction Testing	1774530775520753869-93	USER	START	1442324308170	0
Books Appliaction Testing	1774530775520753869-94	USER	START	1442324308170	0
Books Appliaction Testing	1774530775520753869-95	USER	START	1442324308170	0
Books Appliaction Testing	1774530775520753869-96	USER	START	1442324308170	0
Books Appliaction Testing	1774530775520753869-97	USER	START	1442324308170	0
Books Appliaction Testing	1774530775520753869-98	USER	START	1442324308170	0
Books Appliaction Testing	1774530775520753869-99	USER	START	1442324308170	0
Books Appliaction Testing	1774530775520753869-100	USER	START	1442324308170	0
Books Appliaction Testing	1774530775520753869-101	USER	START	1442324308170	0
Books Appliaction Testing	1774530775520753869-102	USER	START	1442324308170	0
Books Appliaction Testing	1774530775520753869-103	USER	START	1442324308170	0
Books Appliaction Testing	1774530775520753869-104	USER	START	1442324308171	0
Books Appliaction Testing	1774530775520753869-105	USER	START	1442324308171	0
Books Appliaction Testing	1774530775520753869-106	USER	START	1442324308171	0
Books Appliaction Testing	1774530775520753869-107	USER	START	1442324308171	0
Books Appliaction Testing	1774530775520753869-108	USER	START	1442324308171	0
Books Appliaction Testing	1774530775520753869-109	USER	START	1442324308171	0
Books Appliaction Testing	1774530775520753869-110	USER	START	1442324308171	0
Books Appliaction Testing	1774530775520753869-111	USER	START	1442324308171	0
Books Appliaction Testing	1774530775520753869-112	USER	START	1442324308171	0
Books Appliaction Testing	1774530775520753869-113	USER	START	1442324308171	0
Books Appliaction Testing	1774530775520753869-114	USER	START	1442324308171	0
Books Appliaction Testing	1774530775520753869-115	USER	START	1442324308171	0
Books Appliaction Testing	1774530775520753869-116	USER	START	1442324308171	0
Books Appliaction Testing	1774530775520753869-117	USER	START	1442324308171	0
Books Appliaction Testing	1774530775520753869-118	USER	START	1442324308171	0
Books Appliaction Testing	1774530775520753869-119	USER	START	1442324308171	0
Books Appliaction Testing	1774530775520753869-120	USER	START	1442324308172	0
Books Appliaction Testing	1774530775520753869-121	USER	START	1442324308193	0
Books Appliaction Testing	1774530775520753869-122	USER	START	1442324308193	0
Books Appliaction Testing	1774530775520753869-123	USER	START	1442324308193	0
Books Appliaction Testing	1774530775520753869-124	USER	START	1442324308193	0
Books Appliaction Testing	1774530775520753869-125	USER	START	1442324308193	0
Books Appliaction Testing	1774530775520753869-126	USER	START	1442324308193	0
Books Appliaction Testing	1774530775520753869-127	USER	START	1442324308193	0
Books Appliaction Testing	1774530775520753869-128	USER	START	1442324308193	0
Books Appliaction Testing	1774530775520753869-129	USER	START	1442324308193	0
Books Appliaction Testing	1774530775520753869-130	USER	START	1442324308193	0
Books Appliaction Testing	1774530775520753869-131	USER	START	1442324308193	0
Books Appliaction Testing	1774530775520753869-132	USER	START	1442324308193	0
Books Appliaction Testing	1774530775520753869-133	USER	START	1442324308193	0
Books Appliaction Testing	1774530775520753869-134	USER	START	1442324308193	0
Books Appliaction Testing	1774530775520753869-135	USER	START	1442324308193	0
Books Appliaction Testing	1774530775520753869-136	USER	START	1442324308194	0
Books Appliaction Testing	1774530775520753869-137	USER	START	1442324308194	0
Books Appliaction Testing	1774530775520753869-138	USER	START	1442324308194	0
Books Appliaction Testing	1774530775520753869-139	USER	START	1442324308194	0
Books Appliaction Testing	1774530775520753869-140	USER	START	1442324308194	0
Books Appliaction Testing	1774530775520753869-141	USER	START	1442324308194	0
Books Appliaction Testing	1774530775520753869-142	USER	START	1442324308194	0
Books Appliaction Testing	1774530775520753869-143	USER	START	1442324308194	0
Books Appliaction Testing	1774530775520753869-144	USER	START	1442324308194	0
Books Appliaction Testing	1774530775520753869-145	USER	START	1442324308194	0
Books Appliaction Testing	1774530775520753869-146	USER	START	1442324308194	0
Books Appliaction Testing	1774530775520753869-147	USER	START	1442324308194	0
Books Appliaction Testing	1774530775520753869-148	USER	START	1442324308195	0
Books Appliaction Testing	1774530775520753869-149	USER	START	1442324308232	0
Books Appliaction Testing	1774530775520753869-150	USER	START	1442324308232	0
Books Appliaction Testing	1774530775520753869-151	USER	START	1442324308232	0
Books Appliaction Testing	1774530775520753869-152	USER	START	1442324308232	0
Books Appliaction Testing	1774530775520753869-153	USER	START	1442324308232	0
Books Appliaction Testing	1774530775520753869-154	USER	START	1442324308232	0
Books Appliaction Testing	1774530775520753869-155	USER	START	1442324308232	0
Books Appliaction Testing	1774530775520753869-156	USER	START	1442324308232	0
Books Appliaction Testing	1774530775520753869-157	USER	START	1442324308232	0
Books Appliaction Testing	1774530775520753869-158	USER	START	1442324308232	0
Books Appliaction Testing	1774530775520753869-159	USER	START	1442324308232	0
Books Appliaction Testing	1774530775520753869-160	USER	START	1442324308232	0
Books Appliaction Testing	1774530775520753869-161	USER	START	1442324308233	0
Books Appliaction Testing	1774530775520753869-162	USER	START	1442324308233	0
Books Appliaction Testing	1774530775520753869-163	USER	START	1442324308233	0
Books Appliaction Testing	1774530775520753869-164	USER	START	1442324308233	0
Books Appliaction Testing	1774530775520753869-165	USER	START	1442324308233	0
Books Appliaction Testing	1774530775520753869-166	USER	START	1442324308233	0
Books Appliaction Testing	1774530775520753869-167	USER	START	1442324308233	0
Books Appliaction Testing	1774530775520753869-168	USER	START	1442324308233	0
Books Appliaction Testing	1774530775520753869-169	USER	START	1442324308233	0
Books Appliaction Testing	1774530775520753869-170	USER	START	1442324308233	0
Books Appliaction Testing	1774530775520753869-171	USER	START	1442324308233	0
Books Appliaction Testing	1774530775520753869-172	USER	START	1442324308233	0
Books Appliaction Testing	1774530775520753869-173	USER	START	1442324308233	0
Books Appliaction Testing	1774530775520753869-174	USER	START	1442324308233	0
Books Appliaction Testing	1774530775520753869-175	USER	START	1442324308233	0
Books Appliaction Testing	1774530775520753869-176	USER	START	1442324308233	0
Books Appliaction Testing	1774530775520753869-177	USER	START	1442324308234	0
Books Appliaction Testing	1774530775520753869-178	USER	START	1442324308234	0
Books Appliaction Testing	1774530775520753869-179	USER	START	1442324308234	0
Books Appliaction Testing	1774530775520753869-180	USER	START	1442324308234	0
Books Appliaction Testing	1774530775520753869-181	USER	START	1442324308234	0
Books Appliaction Testing	1774530775520753869-182	USER	START	1442324308234	0
Books Appliaction Testing	1774530775520753869-183	USER	START	1442324308234	0
Books Appliaction Testing	1774530775520753869-184	USER	START	1442324308234	0
Books Appliaction Testing	1774530775520753869-185	USER	START	1442324308234	0
Books Appliaction Testing	1774530775520753869-186	USER	START	1442324308234	0
Books Appliaction Testing	1774530775520753869-187	USER	START	1442324308234	0
Books Appliaction Testing	1774530775520753869-188	USER	START	1442324308234	0
Books Appliaction Testing	1774530775520753869-189	USER	START	1442324308234	0
Books Appliaction Testing	1774530775520753869-190	USER	START	1442324308234	0
Books Appliaction Testing	1774530775520753869-191	USER	START	1442324308235	0
Books Appliaction Testing	1774530775520753869-192	USER	START	1442324308263	0
Books Appliaction Testing	1774530775520753869-193	USER	START	1442324308263	0
Books Appliaction Testing	1774530775520753869-194	USER	START	1442324308263	0
Books Appliaction Testing	1774530775520753869-195	USER	START	1442324308263	0
Books Appliaction Testing	1774530775520753869-196	USER	START	1442324308263	0
Books Appliaction Testing	1774530775520753869-197	USER	START	1442324308263	0
Books Appliaction Testing	1774530775520753869-198	USER	START	1442324308263	0
Books Appliaction Testing	1774530775520753869-199	USER	START	1442324308263	0
Books Appliaction Testing	1774530775520753869-198	REQUEST		get request	1442324309128	1442324309128	1442324309128	1442324311538	KO	java.net.ConnectException: No route to host
Books Appliaction Testing	1774530775520753869-159	REQUEST		get request	1442324309053	1442324309053	1442324309053	1442324311522	KO	java.net.ConnectException: No route to host
Books Appliaction Testing	1774530775520753869-193	REQUEST		get request	1442324309122	1442324309122	1442324309122	1442324311540	KO	java.net.ConnectException: No route to host
Books Appliaction Testing	1774530775520753869-163	REQUEST		get request	1442324309064	1442324309064	1442324309064	1442324311541	KO	java.net.ConnectException: No route to host
Books Appliaction Testing	1774530775520753869-166	REQUEST		get request	1442324309068	1442324309068	1442324309068	1442324311542	KO	java.net.ConnectException: No route to host
Books Appliaction Testing	1774530775520753869-192	REQUEST		get request	1442324309121	1442324309121	1442324309121	1442324311601	KO	java.net.ConnectException: No route to host
Books Appliaction Testing	1774530775520753869-195	REQUEST		get request	1442324309124	1442324309124	1442324309124	1442324311579	KO	java.net.ConnectException: No route to host
Books Appliaction Testing	1774530775520753869-191	REQUEST		get request	1442324309119	1442324309119	1442324309119	1442324311694	KO	java.net.ConnectException: No route to host
Books Appliaction Testing	1774530775520753869-162	REQUEST		get request	1442324309056	1442324309056	1442324309056	1442324311812	KO	java.net.ConnectException: No route to host
Books Appliaction Testing	1774530775520753869-172	REQUEST		get request	1442324309085	1442324309085	1442324309085	1442324311815	KO	java.net.ConnectException: No route to host
Books Appliaction Testing	1774530775520753869-158	REQUEST		get request	1442324309052	1442324309052	1442324309052	1442324311817	KO	java.net.ConnectException: No route to host
Books Appliaction Testing	1774530775520753869-169	REQUEST		get request	1442324309082	1442324309082	1442324309082	1442324311827	KO	java.net.ConnectException: No route to host
Books Appliaction Testing	1774530775520753869-175	REQUEST		get request	1442324309089	1442324309089	1442324309089	1442324311830	KO	java.net.ConnectException: No route to host
Books Appliaction Testing	1774530775520753869-167	REQUEST		get request	1442324309073	1442324309073	1442324309073	1442324311832	KO	java.net.ConnectException: No route to host
Books Appliaction Testing	1774530775520753869-180	REQUEST		get request	1442324309100	1442324309100	1442324309100	1442324311835	KO	java.net.ConnectException: No route to host
Books Appliaction Testing	1774530775520753869-150	REQUEST		get request	1442324309043	1442324309043	1442324309043	1442324311820	KO	java.net.ConnectException: No route to host
Books Appliaction Testing	1774530775520753869-164	REQUEST		get request	1442324309065	1442324309065	1442324309065	1442324311828	KO	java.net.ConnectException: No route to host
Books Appliaction Testing	1774530775520753869-197	REQUEST		get request	1442324309126	1442324309126	1442324309126	1442324311830	KO	java.net.ConnectException: No route to host
Books Appliaction Testing	1774530775520753869-194	REQUEST		get request	1442324309123	1442324309123	1442324309123	1442324311832	KO	java.net.ConnectException: No route to host
Books Appliaction Testing	1774530775520753869-155	REQUEST		get request	1442324309049	1442324309049	1442324309049	1442324311835	KO	java.net.ConnectException: No route to host
Books Appliaction Testing	1774530775520753869-160	REQUEST		get request	1442324309054	1442324309054	1442324309054	1442324311821	KO	java.net.ConnectException: No route to host
Books Appliaction Testing	1774530775520753869-182	REQUEST		get request	1442324309102	1442324309102	1442324309102	1442324311828	KO	java.net.ConnectException: No route to host
Books Appliaction Testing	1774530775520753869-184	REQUEST		get request	1442324309105	1442324309105	1442324309105	1442324311830	KO	java.net.ConnectException: No route to host
Books Appliaction Testing	1774530775520753869-168	REQUEST		get request	1442324309078	1442324309078	1442324309078	1442324311832	KO	java.net.ConnectException: No route to host
Books Appliaction Testing	1774530775520753869-176	REQUEST		get request	1442324309090	1442324309090	1442324309090	1442324311835	KO	java.net.ConnectException: No route to host
Books Appliaction Testing	1774530775520753869-157	REQUEST		get request	1442324309051	1442324309051	1442324309051	1442324311822	KO	java.net.ConnectException: No route to host
Books Appliaction Testing	1774530775520753869-156	REQUEST		get request	1442324309050	1442324309050	1442324309050	1442324311828	KO	java.net.ConnectException: No route to host
Books Appliaction Testing	1774530775520753869-173	REQUEST		get request	1442324309086	1442324309086	1442324309086	1442324311830	KO	java.net.ConnectException: No route to host
Books Appliaction Testing	1774530775520753869-196	REQUEST		get request	1442324309125	1442324309125	1442324309125	1442324311833	KO	java.net.ConnectException: No route to host
Books Appliaction Testing	1774530775520753869-185	REQUEST		get request	1442324309106	1442324309106	1442324309106	1442324311823	KO	java.net.ConnectException: No route to host
Books Appliaction Testing	1774530775520753869-183	REQUEST		get request	1442324309103	1442324309103	1442324309103	1442324311828	KO	java.net.ConnectException: No route to host
Books Appliaction Testing	1774530775520753869-181	REQUEST		get request	1442324309102	1442324309102	1442324309102	1442324311831	KO	java.net.ConnectException: No route to host
Books Appliaction Testing	1774530775520753869-165	REQUEST		get request	1442324309067	1442324309067	1442324309067	1442324311834	KO	java.net.ConnectException: No route to host
Books Appliaction Testing	1774530775520753869-199	REQUEST		get request	1442324309128	1442324309128	1442324309128	1442324311824	KO	java.net.ConnectException: No route to host
Books Appliaction Testing	1774530775520753869-154	REQUEST		get request	1442324309048	1442324309048	1442324309048	1442324311829	KO	java.net.ConnectException: No route to host
Books Appliaction Testing	1774530775520753869-190	REQUEST		get request	1442324309118	1442324309118	1442324309118	1442324311831	KO	java.net.ConnectException: No route to host
Books Appliaction Testing	1774530775520753869-153	REQUEST		get request	1442324309047	1442324309047	1442324309047	1442324311834	KO	java.net.ConnectException: No route to host
Books Appliaction Testing	1774530775520753869-174	REQUEST		get request	1442324309087	1442324309087	1442324309087	1442324311825	KO	java.net.ConnectException: No route to host
Books Appliaction Testing	1774530775520753869-179	REQUEST		get request	1442324309099	1442324309099	1442324309099	1442324311829	KO	java.net.ConnectException: No route to host
Books Appliaction Testing	1774530775520753869-170	REQUEST		get request	1442324309083	1442324309083	1442324309083	1442324311831	KO	java.net.ConnectException: No route to host
Books Appliaction Testing	1774530775520753869-186	REQUEST		get request	1442324309108	1442324309108	1442324309108	1442324311834	KO	java.net.ConnectException: No route to host
Books Appliaction Testing	1774530775520753869-161	REQUEST		get request	1442324309055	1442324309055	1442324309055	1442324311826	KO	java.net.ConnectException: No route to host
Books Appliaction Testing	1774530775520753869-149	REQUEST		get request	1442324309042	1442324309042	1442324309042	1442324311829	KO	java.net.ConnectException: No route to host
Books Appliaction Testing	1774530775520753869-187	REQUEST		get request	1442324309110	1442324309110	1442324309110	1442324311831	KO	java.net.ConnectException: No route to host
Books Appliaction Testing	1774530775520753869-189	REQUEST		get request	1442324309116	1442324309116	1442324309116	1442324311834	KO	java.net.ConnectException: No route to host
Books Appliaction Testing	1774530775520753869-171	REQUEST		get request	1442324309084	1442324309084	1442324309084	1442324311827	KO	java.net.ConnectException: No route to host
Books Appliaction Testing	1774530775520753869-151	REQUEST		get request	1442324309044	1442324309044	1442324309044	1442324311829	KO	java.net.ConnectException: No route to host
Books Appliaction Testing	1774530775520753869-152	REQUEST		get request	1442324309045	1442324309045	1442324309045	1442324311832	KO	java.net.ConnectException: No route to host
Books Appliaction Testing	1774530775520753869-177	REQUEST		get request	1442324309091	1442324309091	1442324309091	1442324311835	KO	java.net.ConnectException: No route to host
Books Appliaction Testing	1774530775520753869-178	REQUEST		get request	1442324309098	1442324309098	1442324309098	1442324311836	KO	java.net.ConnectException: No route to host
Books Appliaction Testing	1774530775520753869-188	REQUEST		get request	1442324309114	1442324309114	1442324309114	1442324311859	KO	java.net.ConnectException: No route to host
Books Appliaction Testing	1774530775520753869-159	USER	END	1442324308232	1442324312555
Books Appliaction Testing	1774530775520753869-198	USER	END	1442324308263	1442324312557
Books Appliaction Testing	1774530775520753869-163	USER	END	1442324308233	1442324312557
Books Appliaction Testing	1774530775520753869-193	USER	END	1442324308263	1442324312557
Books Appliaction Testing	1774530775520753869-166	USER	END	1442324308233	1442324312597
Books Appliaction Testing	1774530775520753869-195	USER	END	1442324308263	1442324312597
Books Appliaction Testing	1774530775520753869-192	USER	END	1442324308263	1442324312634
Books Appliaction Testing	1774530775520753869-191	USER	END	1442324308235	1442324312787
Books Appliaction Testing	1774530775520753869-162	USER	END	1442324308233	1442324312830
Books Appliaction Testing	1774530775520753869-172	USER	END	1442324308233	1442324312830
Books Appliaction Testing	1774530775520753869-171	USER	END	1442324308233	1442324312837
Books Appliaction Testing	1774530775520753869-158	USER	END	1442324308232	1442324312847
Books Appliaction Testing	1774530775520753869-169	USER	END	1442324308233	1442324312848
Books Appliaction Testing	1774530775520753869-150	USER	END	1442324308232	1442324312848
Books Appliaction Testing	1774530775520753869-164	USER	END	1442324308233	1442324312848
Books Appliaction Testing	1774530775520753869-160	USER	END	1442324308232	1442324312848
Books Appliaction Testing	1774530775520753869-182	USER	END	1442324308234	1442324312848
Books Appliaction Testing	1774530775520753869-157	USER	END	1442324308232	1442324312848
Books Appliaction Testing	1774530775520753869-156	USER	END	1442324308232	1442324312848
Books Appliaction Testing	1774530775520753869-173	USER	END	1442324308233	1442324312848
Books Appliaction Testing	1774530775520753869-185	USER	END	1442324308234	1442324312849
Books Appliaction Testing	1774530775520753869-183	USER	END	1442324308234	1442324312849
Books Appliaction Testing	1774530775520753869-181	USER	END	1442324308234	1442324312849
Books Appliaction Testing	1774530775520753869-199	USER	END	1442324308263	1442324312849
Books Appliaction Testing	1774530775520753869-154	USER	END	1442324308232	1442324312849
Books Appliaction Testing	1774530775520753869-190	USER	END	1442324308234	1442324312849
Books Appliaction Testing	1774530775520753869-174	USER	END	1442324308233	1442324312849
Books Appliaction Testing	1774530775520753869-179	USER	END	1442324308234	1442324312849
Books Appliaction Testing	1774530775520753869-170	USER	END	1442324308233	1442324312849
Books Appliaction Testing	1774530775520753869-161	USER	END	1442324308233	1442324312849
Books Appliaction Testing	1774530775520753869-149	USER	END	1442324308232	1442324312849
Books Appliaction Testing	1774530775520753869-187	USER	END	1442324308234	1442324312849
Books Appliaction Testing	1774530775520753869-189	USER	END	1442324308234	1442324312850
Books Appliaction Testing	1774530775520753869-151	USER	END	1442324308232	1442324312850
Books Appliaction Testing	1774530775520753869-152	USER	END	1442324308232	1442324312850
Books Appliaction Testing	1774530775520753869-177	USER	END	1442324308234	1442324312851
Books Appliaction Testing	1774530775520753869-175	USER	END	1442324308233	1442324312857
Books Appliaction Testing	1774530775520753869-167	USER	END	1442324308233	1442324312858
Books Appliaction Testing	1774530775520753869-180	USER	END	1442324308234	1442324312858
Books Appliaction Testing	1774530775520753869-197	USER	END	1442324308263	1442324312859
Books Appliaction Testing	1774530775520753869-194	USER	END	1442324308263	1442324312859
Books Appliaction Testing	1774530775520753869-155	USER	END	1442324308232	1442324312860
Books Appliaction Testing	1774530775520753869-184	USER	END	1442324308234	1442324312860
Books Appliaction Testing	1774530775520753869-168	USER	END	1442324308233	1442324312861
Books Appliaction Testing	1774530775520753869-176	USER	END	1442324308233	1442324312861
Books Appliaction Testing	1774530775520753869-196	USER	END	1442324308263	1442324312862
Books Appliaction Testing	1774530775520753869-165	USER	END	1442324308233	1442324312863
Books Appliaction Testing	1774530775520753869-153	USER	END	1442324308232	1442324312863
Books Appliaction Testing	1774530775520753869-186	USER	END	1442324308234	1442324312863
Books Appliaction Testing	1774530775520753869-178	USER	END	1442324308234	1442324312863
Books Appliaction Testing	1774530775520753869-188	USER	END	1442324308234	1442324312950
Books Appliaction Testing	1774530775520753869-145	REQUEST		get request	1442324309036	1442324309036	1442324309036	1442324314540	KO	java.net.ConnectException: No route to host
Books Appliaction Testing	1774530775520753869-101	REQUEST		get request	1442324308925	1442324308925	1442324308925	1442324314541	KO	java.net.ConnectException: No route to host
Books Appliaction Testing	1774530775520753869-106	REQUEST		get request	1442324308948	1442324308948	1442324308948	1442324314541	KO	java.net.ConnectException: No route to host
Books Appliaction Testing	1774530775520753869-129	REQUEST		get request	1442324308985	1442324308985	1442324308985	1442324314542	KO	java.net.ConnectException: No route to host
Books Appliaction Testing	1774530775520753869-128	REQUEST		get request	1442324308983	1442324308983	1442324308983	1442324314542	KO	java.net.ConnectException: No route to host
Books Appliaction Testing	1774530775520753869-124	REQUEST		get request	1442324308978	1442324308978	1442324308978	1442324314542	KO	java.net.ConnectException: No route to host
Books Appliaction Testing	1774530775520753869-102	REQUEST		get request	1442324308931	1442324308931	1442324308931	1442324314542	KO	java.net.ConnectException: No route to host
Books Appliaction Testing	1774530775520753869-100	REQUEST		get request	1442324308923	1442324308923	1442324308923	1442324314558	KO	java.net.ConnectException: No route to host
Books Appliaction Testing	1774530775520753869-114	REQUEST		get request	1442324308967	1442324308967	1442324308967	1442324314558	KO	java.net.ConnectException: No route to host
Books Appliaction Testing	1774530775520753869-112	REQUEST		get request	1442324308965	1442324308965	1442324308965	1442324314559	KO	java.net.ConnectException: No route to host
Books Appliaction Testing	1774530775520753869-136	REQUEST		get request	1442324309010	1442324309010	1442324309010	1442324314559	KO	java.net.ConnectException: No route to host
Books Appliaction Testing	1774530775520753869-134	REQUEST		get request	1442324309006	1442324309006	1442324309006	1442324314559	KO	java.net.ConnectException: No route to host
Books Appliaction Testing	1774530775520753869-143	REQUEST		get request	1442324309029	1442324309029	1442324309029	1442324314560	KO	java.net.ConnectException: No route to host
Books Appliaction Testing	1774530775520753869-141	REQUEST		get request	1442324309022	1442324309022	1442324309022	1442324314560	KO	java.net.ConnectException: No route to host
Books Appliaction Testing	1774530775520753869-135	REQUEST		get request	1442324309007	1442324309007	1442324309007	1442324314560	KO	java.net.ConnectException: No route to host
Books Appliaction Testing	1774530775520753869-116	REQUEST		get request	1442324308969	1442324308969	1442324308969	1442324314561	KO	java.net.ConnectException: No route to host
Books Appliaction Testing	1774530775520753869-148	REQUEST		get request	1442324309041	1442324309041	1442324309041	1442324314609	KO	java.net.ConnectException: No route to host
Books Appliaction Testing	1774530775520753869-147	REQUEST		get request	1442324309039	1442324309039	1442324309039	1442324314609	KO	java.net.ConnectException: No route to host
Books Appliaction Testing	1774530775520753869-131	REQUEST		get request	1442324308988	1442324308988	1442324308988	1442324314609	KO	java.net.ConnectException: No route to host
Books Appliaction Testing	1774530775520753869-119	REQUEST		get request	1442324308973	1442324308973	1442324308973	1442324314609	KO	java.net.ConnectException: No route to host
Books Appliaction Testing	1774530775520753869-144	REQUEST		get request	1442324309032	1442324309032	1442324309032	1442324314610	KO	java.net.ConnectException: No route to host
Books Appliaction Testing	1774530775520753869-99	REQUEST		get request	1442324308921	1442324308921	1442324308921	1442324314610	KO	java.net.ConnectException: No route to host
Books Appliaction Testing	1774530775520753869-133	REQUEST		get request	1442324309004	1442324309004	1442324309004	1442324314610	KO	java.net.ConnectException: No route to host
Books Appliaction Testing	1774530775520753869-122	REQUEST		get request	1442324308976	1442324308976	1442324308976	1442324314608	KO	java.net.ConnectException: No route to host
Books Appliaction Testing	1774530775520753869-130	REQUEST		get request	1442324308986	1442324308986	1442324308986	1442324314611	KO	java.net.ConnectException: No route to host
Books Appliaction Testing	1774530775520753869-108	REQUEST		get request	1442324308960	1442324308960	1442324308960	1442324314636	KO	java.net.ConnectException: No route to host
Books Appliaction Testing	1774530775520753869-142	REQUEST		get request	1442324309023	1442324309023	1442324309023	1442324314634	KO	java.net.ConnectException: No route to host
Books Appliaction Testing	1774530775520753869-138	REQUEST		get request	1442324309015	1442324309015	1442324309015	1442324314636	KO	java.net.ConnectException: No route to host
Books Appliaction Testing	1774530775520753869-109	REQUEST		get request	1442324308961	1442324308961	1442324308961	1442324314634	KO	java.net.ConnectException: No route to host
Books Appliaction Testing	1774530775520753869-104	REQUEST		get request	1442324308940	1442324308940	1442324308940	1442324314634	KO	java.net.ConnectException: No route to host
Books Appliaction Testing	1774530775520753869-139	REQUEST		get request	1442324309019	1442324309019	1442324309019	1442324314637	KO	java.net.ConnectException: No route to host
Books Appliaction Testing	1774530775520753869-117	REQUEST		get request	1442324308970	1442324308970	1442324308970	1442324314639	KO	java.net.ConnectException: No route to host
Books Appliaction Testing	1774530775520753869-126	REQUEST		get request	1442324308981	1442324308981	1442324308981	1442324314635	KO	java.net.ConnectException: No route to host
Books Appliaction Testing	1774530775520753869-107	REQUEST		get request	1442324308959	1442324308959	1442324308959	1442324314637	KO	java.net.ConnectException: No route to host
Books Appliaction Testing	1774530775520753869-111	REQUEST		get request	1442324308964	1442324308964	1442324308964	1442324314640	KO	java.net.ConnectException: No route to host
Books Appliaction Testing	1774530775520753869-115	REQUEST		get request	1442324308968	1442324308968	1442324308968	1442324314635	KO	java.net.ConnectException: No route to host
Books Appliaction Testing	1774530775520753869-127	REQUEST		get request	1442324308982	1442324308982	1442324308982	1442324314637	KO	java.net.ConnectException: No route to host
Books Appliaction Testing	1774530775520753869-110	REQUEST		get request	1442324308962	1442324308962	1442324308962	1442324314635	KO	java.net.ConnectException: No route to host
Books Appliaction Testing	1774530775520753869-121	REQUEST		get request	1442324308975	1442324308975	1442324308975	1442324314638	KO	java.net.ConnectException: No route to host
Books Appliaction Testing	1774530775520753869-125	REQUEST		get request	1442324308980	1442324308980	1442324308980	1442324314641	KO	java.net.ConnectException: No route to host
Books Appliaction Testing	1774530775520753869-98	REQUEST		get request	1442324308917	1442324308917	1442324308917	1442324314635	KO	java.net.ConnectException: No route to host
Books Appliaction Testing	1774530775520753869-103	REQUEST		get request	1442324308935	1442324308935	1442324308935	1442324314638	KO	java.net.ConnectException: No route to host
Books Appliaction Testing	1774530775520753869-140	REQUEST		get request	1442324309020	1442324309020	1442324309020	1442324314641	KO	java.net.ConnectException: No route to host
Books Appliaction Testing	1774530775520753869-120	REQUEST		get request	1442324308974	1442324308974	1442324308974	1442324314636	KO	java.net.ConnectException: No route to host
Books Appliaction Testing	1774530775520753869-137	REQUEST		get request	1442324309013	1442324309013	1442324309013	1442324314638	KO	java.net.ConnectException: No route to host
Books Appliaction Testing	1774530775520753869-118	REQUEST		get request	1442324308971	1442324308971	1442324308971	1442324314641	KO	java.net.ConnectException: No route to host
Books Appliaction Testing	1774530775520753869-123	REQUEST		get request	1442324308977	1442324308977	1442324308977	1442324314639	KO	java.net.ConnectException: No route to host
Books Appliaction Testing	1774530775520753869-132	REQUEST		get request	1442324308989	1442324308989	1442324308989	1442324314639	KO	java.net.ConnectException: No route to host
Books Appliaction Testing	1774530775520753869-146	REQUEST		get request	1442324309037	1442324309037	1442324309037	1442324314640	KO	java.net.ConnectException: No route to host
Books Appliaction Testing	1774530775520753869-105	REQUEST		get request	1442324308944	1442324308944	1442324308944	1442324314637	KO	java.net.ConnectException: No route to host
Books Appliaction Testing	1774530775520753869-113	REQUEST		get request	1442324308966	1442324308966	1442324308966	1442324314639	KO	java.net.ConnectException: No route to host
Books Appliaction Testing	1774530775520753869-143	USER	END	1442324308194	1442324315577
Books Appliaction Testing	1774530775520753869-141	USER	END	1442324308194	1442324315577
Books Appliaction Testing	1774530775520753869-135	USER	END	1442324308193	1442324315578
Books Appliaction Testing	1774530775520753869-124	USER	END	1442324308193	1442324315603
Books Appliaction Testing	1774530775520753869-102	USER	END	1442324308170	1442324315603
Books Appliaction Testing	1774530775520753869-100	USER	END	1442324308170	1442324315603
Books Appliaction Testing	1774530775520753869-114	USER	END	1442324308171	1442324315603
Books Appliaction Testing	1774530775520753869-112	USER	END	1442324308171	1442324315604
Books Appliaction Testing	1774530775520753869-136	USER	END	1442324308194	1442324315604
Books Appliaction Testing	1774530775520753869-145	USER	END	1442324308194	1442324315682
Books Appliaction Testing	1774530775520753869-101	USER	END	1442324308170	1442324315683
Books Appliaction Testing	1774530775520753869-106	USER	END	1442324308171	1442324315683
Books Appliaction Testing	1774530775520753869-129	USER	END	1442324308193	1442324315683
Books Appliaction Testing	1774530775520753869-134	USER	END	1442324308193	1442324315683
Books Appliaction Testing	1774530775520753869-116	USER	END	1442324308171	1442324315684
Books Appliaction Testing	1774530775520753869-147	USER	END	1442324308194	1442324315685
Books Appliaction Testing	1774530775520753869-131	USER	END	1442324308193	1442324315685
Books Appliaction Testing	1774530775520753869-119	USER	END	1442324308171	1442324315686
Books Appliaction Testing	1774530775520753869-99	USER	END	1442324308170	1442324315686
Books Appliaction Testing	1774530775520753869-133	USER	END	1442324308193	1442324315686
Books Appliaction Testing	1774530775520753869-122	USER	END	1442324308193	1442324315686
Books Appliaction Testing	1774530775520753869-130	USER	END	1442324308193	1442324315687
Books Appliaction Testing	1774530775520753869-120	USER	END	1442324308172	1442324315687
Books Appliaction Testing	1774530775520753869-148	USER	END	1442324308195	1442324315688
Books Appliaction Testing	1774530775520753869-144	USER	END	1442324308194	1442324315689
Books Appliaction Testing	1774530775520753869-126	USER	END	1442324308193	1442324315689
Books Appliaction Testing	1774530775520753869-107	USER	END	1442324308171	1442324315689
Books Appliaction Testing	1774530775520753869-115	USER	END	1442324308171	1442324315690
Books Appliaction Testing	1774530775520753869-127	USER	END	1442324308193	1442324315690
Books Appliaction Testing	1774530775520753869-110	USER	END	1442324308171	1442324315690
Books Appliaction Testing	1774530775520753869-121	USER	END	1442324308193	1442324315690
Books Appliaction Testing	1774530775520753869-98	USER	END	1442324308170	1442324315690
Books Appliaction Testing	1774530775520753869-103	USER	END	1442324308170	1442324315691
Books Appliaction Testing	1774530775520753869-140	USER	END	1442324308194	1442324315691
Books Appliaction Testing	1774530775520753869-137	USER	END	1442324308194	1442324315691
Books Appliaction Testing	1774530775520753869-118	USER	END	1442324308171	1442324315691
Books Appliaction Testing	1774530775520753869-123	USER	END	1442324308193	1442324315691
Books Appliaction Testing	1774530775520753869-132	USER	END	1442324308193	1442324315691
Books Appliaction Testing	1774530775520753869-105	USER	END	1442324308171	1442324315691
Books Appliaction Testing	1774530775520753869-113	USER	END	1442324308171	1442324315691
Books Appliaction Testing	1774530775520753869-108	USER	END	1442324308171	1442324315691
Books Appliaction Testing	1774530775520753869-142	USER	END	1442324308194	1442324315691
Books Appliaction Testing	1774530775520753869-138	USER	END	1442324308194	1442324315691
Books Appliaction Testing	1774530775520753869-109	USER	END	1442324308171	1442324315691
Books Appliaction Testing	1774530775520753869-104	USER	END	1442324308171	1442324315691
Books Appliaction Testing	1774530775520753869-139	USER	END	1442324308194	1442324315692
Books Appliaction Testing	1774530775520753869-117	USER	END	1442324308171	1442324315692
Books Appliaction Testing	1774530775520753869-111	USER	END	1442324308171	1442324315699
Books Appliaction Testing	1774530775520753869-125	USER	END	1442324308193	1442324315699
Books Appliaction Testing	1774530775520753869-128	USER	END	1442324308193	1442324315700
Books Appliaction Testing	1774530775520753869-146	USER	END	1442324308194	1442324315704
Books Appliaction Testing	1774530775520753869-80	REQUEST		get request	1442324308857	1442324308857	1442324308857	1442324317553	KO	java.net.ConnectException: No route to host
Books Appliaction Testing	1774530775520753869-97	REQUEST		get request	1442324308916	1442324308916	1442324308916	1442324317556	KO	java.net.ConnectException: No route to host
Books Appliaction Testing	1774530775520753869-53	REQUEST		get request	1442324308621	1442324308621	1442324308621	1442324317554	KO	java.net.ConnectException: No route to host
Books Appliaction Testing	1774530775520753869-60	REQUEST		get request	1442324308653	1442324308653	1442324308653	1442324317554	KO	java.net.ConnectException: No route to host
Books Appliaction Testing	1774530775520753869-67	REQUEST		get request	1442324308696	1442324308696	1442324308696	1442324317554	KO	java.net.ConnectException: No route to host
Books Appliaction Testing	1774530775520753869-73	REQUEST		get request	1442324308840	1442324308840	1442324308840	1442324317555	KO	java.net.ConnectException: No route to host
Books Appliaction Testing	1774530775520753869-79	REQUEST		get request	1442324308855	1442324308855	1442324308855	1442324317555	KO	java.net.ConnectException: No route to host
Books Appliaction Testing	1774530775520753869-54	REQUEST		get request	1442324308622	1442324308622	1442324308622	1442324317555	KO	java.net.ConnectException: No route to host
Books Appliaction Testing	1774530775520753869-96	REQUEST		get request	1442324308915	1442324308915	1442324308915	1442324317556	KO	java.net.ConnectException: No route to host
Books Appliaction Testing	1774530775520753869-76	REQUEST		get request	1442324308851	1442324308851	1442324308851	1442324317556	KO	java.net.ConnectException: No route to host
Books Appliaction Testing	1774530775520753869-86	REQUEST		get request	1442324308870	1442324308870	1442324308870	1442324317567	KO	java.net.ConnectException: No route to host
Books Appliaction Testing	1774530775520753869-47	REQUEST		get request	1442324308598	1442324308598	1442324308598	1442324317571	KO	java.net.ConnectException: No route to host
Books Appliaction Testing	1774530775520753869-87	REQUEST		get request	1442324308871	1442324308871	1442324308871	1442324317568	KO	java.net.ConnectException: No route to host
Books Appliaction Testing	1774530775520753869-59	REQUEST		get request	1442324308652	1442324308652	1442324308652	1442324317572	KO	java.net.ConnectException: No route to host
Books Appliaction Testing	1774530775520753869-82	REQUEST		get request	1442324308864	1442324308864	1442324308864	1442324317568	KO	java.net.ConnectException: No route to host
Books Appliaction Testing	1774530775520753869-78	REQUEST		get request	1442324308854	1442324308854	1442324308854	1442324317572	KO	java.net.ConnectException: No route to host
Books Appliaction Testing	1774530775520753869-55	REQUEST		get request	1442324308622	1442324308622	1442324308622	1442324317569	KO	java.net.ConnectException: No route to host
Books Appliaction Testing	1774530775520753869-51	REQUEST		get request	1442324308602	1442324308602	1442324308602	1442324317572	KO	java.net.ConnectException: No route to host
Books Appliaction Testing	1774530775520753869-61	REQUEST		get request	1442324308655	1442324308655	1442324308655	1442324317570	KO	java.net.ConnectException: No route to host
Books Appliaction Testing	1774530775520753869-52	REQUEST		get request	1442324308619	1442324308619	1442324308619	1442324317570	KO	java.net.ConnectException: No route to host
Books Appliaction Testing	1774530775520753869-88	REQUEST		get request	1442324308872	1442324308872	1442324308872	1442324317570	KO	java.net.ConnectException: No route to host
Books Appliaction Testing	1774530775520753869-91	REQUEST		get request	1442324308906	1442324308906	1442324308906	1442324317571	KO	java.net.ConnectException: No route to host
Books Appliaction Testing	1774530775520753869-69	REQUEST		get request	1442324308699	1442324308699	1442324308699	1442324317571	KO	java.net.ConnectException: No route to host
Books Appliaction Testing	1774530775520753869-68	REQUEST		get request	1442324308697	1442324308697	1442324308697	1442324317573	KO	java.net.ConnectException: No route to host
Books Appliaction Testing	1774530775520753869-77	REQUEST		get request	1442324308853	1442324308853	1442324308853	1442324317592	KO	java.net.ConnectException: No route to host
Books Appliaction Testing	1774530775520753869-66	REQUEST		get request	1442324308694	1442324308694	1442324308694	1442324317594	KO	java.net.ConnectException: No route to host
Books Appliaction Testing	1774530775520753869-58	REQUEST		get request	1442324308650	1442324308650	1442324308650	1442324317597	KO	java.net.ConnectException: No route to host
Books Appliaction Testing	1774530775520753869-89	REQUEST		get request	1442324308873	1442324308873	1442324308873	1442324317589	KO	java.net.ConnectException: No route to host
Books Appliaction Testing	1774530775520753869-49	REQUEST		get request	1442324308600	1442324308600	1442324308600	1442324317592	KO	java.net.ConnectException: No route to host
Books Appliaction Testing	1774530775520753869-64	REQUEST		get request	1442324308659	1442324308659	1442324308659	1442324317594	KO	java.net.ConnectException: No route to host
Books Appliaction Testing	1774530775520753869-83	REQUEST		get request	1442324308867	1442324308867	1442324308867	1442324317589	KO	java.net.ConnectException: No route to host
Books Appliaction Testing	1774530775520753869-84	REQUEST		get request	1442324308868	1442324308868	1442324308868	1442324317592	KO	java.net.ConnectException: No route to host
Books Appliaction Testing	1774530775520753869-48	REQUEST		get request	1442324308599	1442324308599	1442324308599	1442324317594	KO	java.net.ConnectException: No route to host
Books Appliaction Testing	1774530775520753869-95	REQUEST		get request	1442324308913	1442324308913	1442324308913	1442324317589	KO	java.net.ConnectException: No route to host
Books Appliaction Testing	1774530775520753869-94	REQUEST		get request	1442324308912	1442324308912	1442324308912	1442324317592	KO	java.net.ConnectException: No route to host
Books Appliaction Testing	1774530775520753869-56	REQUEST		get request	1442324308624	1442324308624	1442324308624	1442324317595	KO	java.net.ConnectException: No route to host
Books Appliaction Testing	1774530775520753869-92	REQUEST		get request	1442324308907	1442324308907	1442324308907	1442324317590	KO	java.net.ConnectException: No route to host
Books Appliaction Testing	1774530775520753869-93	REQUEST		get request	1442324308909	1442324308909	1442324308909	1442324317593	KO	java.net.ConnectException: No route to host
Books Appliaction Testing	1774530775520753869-57	REQUEST		get request	1442324308649	1442324308649	1442324308649	1442324317596	KO	java.net.ConnectException: No route to host
Books Appliaction Testing	1774530775520753869-90	REQUEST		get request	1442324308896	1442324308896	1442324308896	1442324317591	KO	java.net.ConnectException: No route to host
Books Appliaction Testing	1774530775520753869-63	REQUEST		get request	1442324308658	1442324308658	1442324308658	1442324317593	KO	java.net.ConnectException: No route to host
Books Appliaction Testing	1774530775520753869-75	REQUEST		get request	1442324308850	1442324308850	1442324308850	1442324317596	KO	java.net.ConnectException: No route to host
Books Appliaction Testing	1774530775520753869-74	REQUEST		get request	1442324308848	1442324308848	1442324308848	1442324317591	KO	java.net.ConnectException: No route to host
Books Appliaction Testing	1774530775520753869-70	REQUEST		get request	1442324308699	1442324308699	1442324308699	1442324317593	KO	java.net.ConnectException: No route to host
Books Appliaction Testing	1774530775520753869-81	REQUEST		get request	1442324308858	1442324308858	1442324308858	1442324317596	KO	java.net.ConnectException: No route to host
Books Appliaction Testing	1774530775520753869-50	REQUEST		get request	1442324308601	1442324308601	1442324308601	1442324317591	KO	java.net.ConnectException: No route to host
Books Appliaction Testing	1774530775520753869-71	REQUEST		get request	1442324308700	1442324308700	1442324308700	1442324317594	KO	java.net.ConnectException: No route to host
Books Appliaction Testing	1774530775520753869-62	REQUEST		get request	1442324308656	1442324308656	1442324308656	1442324317596	KO	java.net.ConnectException: No route to host
Books Appliaction Testing	1774530775520753869-72	REQUEST		get request	1442324308702	1442324308702	1442324308702	1442324317591	KO	java.net.ConnectException: No route to host
Books Appliaction Testing	1774530775520753869-85	REQUEST		get request	1442324308869	1442324308869	1442324308869	1442324317594	KO	java.net.ConnectException: No route to host
Books Appliaction Testing	1774530775520753869-65	REQUEST		get request	1442324308693	1442324308693	1442324308693	1442324317597	KO	java.net.ConnectException: No route to host
Books Appliaction Testing	1774530775520753869-80	USER	END	1442324308169	1442324318643
Books Appliaction Testing	1774530775520753869-97	USER	END	1442324308170	1442324318643
Books Appliaction Testing	1774530775520753869-53	USER	END	1442324308107	1442324318643
Books Appliaction Testing	1774530775520753869-67	USER	END	1442324308108	1442324318645
Books Appliaction Testing	1774530775520753869-73	USER	END	1442324308108	1442324318645
Books Appliaction Testing	1774530775520753869-79	USER	END	1442324308169	1442324318645
Books Appliaction Testing	1774530775520753869-54	USER	END	1442324308107	1442324318645
Books Appliaction Testing	1774530775520753869-96	USER	END	1442324308170	1442324318645
Books Appliaction Testing	1774530775520753869-76	USER	END	1442324308108	1442324318645
Books Appliaction Testing	1774530775520753869-86	USER	END	1442324308169	1442324318645
Books Appliaction Testing	1774530775520753869-47	USER	END	1442324308107	1442324318645
Books Appliaction Testing	1774530775520753869-87	USER	END	1442324308170	1442324318645
Books Appliaction Testing	1774530775520753869-59	USER	END	1442324308107	1442324318645
Books Appliaction Testing	1774530775520753869-55	USER	END	1442324308107	1442324318645
Books Appliaction Testing	1774530775520753869-61	USER	END	1442324308107	1442324318645
Books Appliaction Testing	1774530775520753869-52	USER	END	1442324308107	1442324318645
Books Appliaction Testing	1774530775520753869-88	USER	END	1442324308170	1442324318645
Books Appliaction Testing	1774530775520753869-91	USER	END	1442324308170	1442324318648
Books Appliaction Testing	1774530775520753869-69	USER	END	1442324308108	1442324318649
Books Appliaction Testing	1774530775520753869-82	USER	END	1442324308169	1442324318649
Books Appliaction Testing	1774530775520753869-78	USER	END	1442324308109	1442324318649
Books Appliaction Testing	1774530775520753869-51	USER	END	1442324308107	1442324318649
Books Appliaction Testing	1774530775520753869-60	USER	END	1442324308107	1442324318649
Books Appliaction Testing	1774530775520753869-68	USER	END	1442324308108	1442324318854
Books Appliaction Testing	1774530775520753869-77	USER	END	1442324308108	1442324318854
Books Appliaction Testing	1774530775520753869-66	USER	END	1442324308108	1442324318854
Books Appliaction Testing	1774530775520753869-58	USER	END	1442324308107	1442324318854
Books Appliaction Testing	1774530775520753869-89	USER	END	1442324308170	1442324318857
Books Appliaction Testing	1774530775520753869-83	USER	END	1442324308169	1442324318857
Books Appliaction Testing	1774530775520753869-84	USER	END	1442324308169	1442324318857
Books Appliaction Testing	1774530775520753869-95	USER	END	1442324308170	1442324318858
Books Appliaction Testing	1774530775520753869-94	USER	END	1442324308170	1442324318858
Books Appliaction Testing	1774530775520753869-92	USER	END	1442324308170	1442324318858
Books Appliaction Testing	1774530775520753869-93	USER	END	1442324308170	1442324318858
Books Appliaction Testing	1774530775520753869-90	USER	END	1442324308170	1442324318859
Books Appliaction Testing	1774530775520753869-63	USER	END	1442324308108	1442324318859
Books Appliaction Testing	1774530775520753869-74	USER	END	1442324308108	1442324318859
Books Appliaction Testing	1774530775520753869-70	USER	END	1442324308108	1442324318859
Books Appliaction Testing	1774530775520753869-50	USER	END	1442324308107	1442324318859
Books Appliaction Testing	1774530775520753869-71	USER	END	1442324308108	1442324318859
Books Appliaction Testing	1774530775520753869-72	USER	END	1442324308108	1442324318859
Books Appliaction Testing	1774530775520753869-49	USER	END	1442324308107	1442324318866
Books Appliaction Testing	1774530775520753869-64	USER	END	1442324308108	1442324318867
Books Appliaction Testing	1774530775520753869-48	USER	END	1442324308107	1442324318868
Books Appliaction Testing	1774530775520753869-56	USER	END	1442324308107	1442324318868
Books Appliaction Testing	1774530775520753869-57	USER	END	1442324308107	1442324318869
Books Appliaction Testing	1774530775520753869-75	USER	END	1442324308108	1442324318869
Books Appliaction Testing	1774530775520753869-81	USER	END	1442324308169	1442324318870
Books Appliaction Testing	1774530775520753869-62	USER	END	1442324308108	1442324318870
Books Appliaction Testing	1774530775520753869-65	USER	END	1442324308108	1442324318871
Books Appliaction Testing	1774530775520753869-85	USER	END	1442324308169	1442324318887
Books Appliaction Testing	1774530775520753869-36	REQUEST		get request	1442324308575	1442324308575	1442324308575	1442324327464	KO	java.net.ConnectException: No route to host
Books Appliaction Testing	1774530775520753869-43	REQUEST		get request	1442324308582	1442324308582	1442324308582	1442324327466	KO	java.net.ConnectException: No route to host
Books Appliaction Testing	1774530775520753869-28	REQUEST		get request	1442324308555	1442324308555	1442324308555	1442324327464	KO	java.net.ConnectException: No route to host
Books Appliaction Testing	1774530775520753869-2	REQUEST		get request	1442324308478	1442324308478	1442324308478	1442324327464	KO	java.net.ConnectException: No route to host
Books Appliaction Testing	1774530775520753869-5	REQUEST		get request	1442324308507	1442324308507	1442324308507	1442324327465	KO	java.net.ConnectException: No route to host
Books Appliaction Testing	1774530775520753869-33	REQUEST		get request	1442324308561	1442324308561	1442324308561	1442324327465	KO	java.net.ConnectException: No route to host
Books Appliaction Testing	1774530775520753869-31	REQUEST		get request	1442324308559	1442324308559	1442324308559	1442324327466	KO	java.net.ConnectException: No route to host
Books Appliaction Testing	1774530775520753869-11	REQUEST		get request	1442324308514	1442324308514	1442324308514	1442324327466	KO	java.net.ConnectException: No route to host
Books Appliaction Testing	1774530775520753869-39	REQUEST		get request	1442324308578	1442324308578	1442324308578	1442324327476	KO	java.net.ConnectException: No route to host
Books Appliaction Testing	1774530775520753869-6	REQUEST		get request	1442324308508	1442324308508	1442324308508	1442324327477	KO	java.net.ConnectException: No route to host
Books Appliaction Testing	1774530775520753869-9	REQUEST		get request	1442324308511	1442324308511	1442324308511	1442324327463	KO	java.net.ConnectException: No route to host
Books Appliaction Testing	1774530775520753869-19	REQUEST		get request	1442324308534	1442324308534	1442324308534	1442324327466	KO	java.net.ConnectException: No route to host
Books Appliaction Testing	1774530775520753869-34	REQUEST		get request	1442324308573	1442324308573	1442324308573	1442324327465	KO	java.net.ConnectException: No route to host
Books Appliaction Testing	1774530775520753869-21	REQUEST		get request	1442324308536	1442324308536	1442324308536	1442324327483	KO	java.net.ConnectException: No route to host
Books Appliaction Testing	1774530775520753869-13	REQUEST		get request	1442324308516	1442324308516	1442324308516	1442324327485	KO	java.net.ConnectException: No route to host
Books Appliaction Testing	1774530775520753869-29	REQUEST		get request	1442324308557	1442324308557	1442324308557	1442324327486	KO	java.net.ConnectException: No route to host
Books Appliaction Testing	1774530775520753869-27	REQUEST		get request	1442324308554	1442324308554	1442324308554	1442324327486	KO	java.net.ConnectException: No route to host
Books Appliaction Testing	1774530775520753869-10	REQUEST		get request	1442324308512	1442324308512	1442324308512	1442324327486	KO	java.net.ConnectException: No route to host
Books Appliaction Testing	1774530775520753869-23	REQUEST		get request	1442324308538	1442324308538	1442324308538	1442324327487	KO	java.net.ConnectException: No route to host
Books Appliaction Testing	1774530775520753869-26	REQUEST		get request	1442324308553	1442324308553	1442324308553	1442324327487	KO	java.net.ConnectException: No route to host
Books Appliaction Testing	1774530775520753869-24	REQUEST		get request	1442324308551	1442324308551	1442324308551	1442324327487	KO	java.net.ConnectException: No route to host
Books Appliaction Testing	1774530775520753869-18	REQUEST		get request	1442324308533	1442324308533	1442324308533	1442324327490	KO	java.net.ConnectException: No route to host
Books Appliaction Testing	1774530775520753869-42	REQUEST		get request	1442324308581	1442324308581	1442324308581	1442324327488	KO	java.net.ConnectException: No route to host
Books Appliaction Testing	1774530775520753869-46	REQUEST		get request	1442324308597	1442324308597	1442324308597	1442324327490	KO	java.net.ConnectException: No route to host
Books Appliaction Testing	1774530775520753869-44	REQUEST		get request	1442324308595	1442324308595	1442324308595	1442324327488	KO	java.net.ConnectException: No route to host
Books Appliaction Testing	1774530775520753869-4	REQUEST		get request	1442324308506	1442324308506	1442324308506	1442324327490	KO	java.net.ConnectException: No route to host
Books Appliaction Testing	1774530775520753869-20	REQUEST		get request	1442324308535	1442324308535	1442324308535	1442324327488	KO	java.net.ConnectException: No route to host
Books Appliaction Testing	1774530775520753869-15	REQUEST		get request	1442324308530	1442324308530	1442324308530	1442324327491	KO	java.net.ConnectException: No route to host
Books Appliaction Testing	1774530775520753869-14	REQUEST		get request	1442324308529	1442324308529	1442324308529	1442324327489	KO	java.net.ConnectException: No route to host
Books Appliaction Testing	1774530775520753869-8	REQUEST		get request	1442324308510	1442324308510	1442324308510	1442324327491	KO	java.net.ConnectException: No route to host
Books Appliaction Testing	1774530775520753869-41	REQUEST		get request	1442324308580	1442324308580	1442324308580	1442324327489	KO	java.net.ConnectException: No route to host
Books Appliaction Testing	1774530775520753869-40	REQUEST		get request	1442324308579	1442324308579	1442324308579	1442324327492	KO	java.net.ConnectException: No route to host
Books Appliaction Testing	1774530775520753869-22	REQUEST		get request	1442324308537	1442324308537	1442324308537	1442324327489	KO	java.net.ConnectException: No route to host
Books Appliaction Testing	1774530775520753869-7	REQUEST		get request	1442324308509	1442324308509	1442324308509	1442324327494	KO	java.net.ConnectException: No route to host
Books Appliaction Testing	1774530775520753869-32	REQUEST		get request	1442324308560	1442324308560	1442324308560	1442324327490	KO	java.net.ConnectException: No route to host
Books Appliaction Testing	1774530775520753869-45	REQUEST		get request	1442324308596	1442324308596	1442324308596	1442324327494	KO	java.net.ConnectException: No route to host
Books Appliaction Testing	1774530775520753869-17	REQUEST		get request	1442324308532	1442324308532	1442324308532	1442324327497	KO	java.net.ConnectException: No route to host
Books Appliaction Testing	1774530775520753869-30	REQUEST		get request	1442324308558	1442324308558	1442324308558	1442324327495	KO	java.net.ConnectException: No route to host
Books Appliaction Testing	1774530775520753869-0	REQUEST		get request	1442324308473	1442324308473	1442324308473	1442324327495	KO	java.net.ConnectException: No route to host
Books Appliaction Testing	1774530775520753869-3	REQUEST		get request	1442324308479	1442324308479	1442324308479	1442324327495	KO	java.net.ConnectException: No route to host
Books Appliaction Testing	1774530775520753869-12	REQUEST		get request	1442324308515	1442324308515	1442324308515	1442324327496	KO	java.net.ConnectException: No route to host
Books Appliaction Testing	1774530775520753869-37	REQUEST		get request	1442324308576	1442324308576	1442324308576	1442324327496	KO	java.net.ConnectException: No route to host
Books Appliaction Testing	1774530775520753869-16	REQUEST		get request	1442324308531	1442324308531	1442324308531	1442324327497	KO	java.net.ConnectException: No route to host
Books Appliaction Testing	1774530775520753869-38	REQUEST		get request	1442324308577	1442324308577	1442324308577	1442324327497	KO	java.net.ConnectException: No route to host
Books Appliaction Testing	1774530775520753869-1	REQUEST		get request	1442324308477	1442324308477	1442324308477	1442324327488	KO	java.net.ConnectException: No route to host
Books Appliaction Testing	1774530775520753869-35	REQUEST		get request	1442324308574	1442324308574	1442324308574	1442324327491	KO	java.net.ConnectException: No route to host
Books Appliaction Testing	1774530775520753869-25	REQUEST		get request	1442324308552	1442324308552	1442324308552	1442324327496	KO	java.net.ConnectException: No route to host
Books Appliaction Testing	1774530775520753869-2	USER	END	1442324308103	1442324328477
Books Appliaction Testing	1774530775520753869-5	USER	END	1442324308103	1442324328480
Books Appliaction Testing	1774530775520753869-33	USER	END	1442324308106	1442324328480
Books Appliaction Testing	1774530775520753869-31	USER	END	1442324308105	1442324328480
Books Appliaction Testing	1774530775520753869-11	USER	END	1442324308104	1442324328480
Books Appliaction Testing	1774530775520753869-9	USER	END	1442324308104	1442324328480
Books Appliaction Testing	1774530775520753869-34	USER	END	1442324308106	1442324328480
Books Appliaction Testing	1774530775520753869-43	USER	END	1442324308106	1442324328487
Books Appliaction Testing	1774530775520753869-36	USER	END	1442324308106	1442324328487
Books Appliaction Testing	1774530775520753869-28	USER	END	1442324308105	1442324328487
Books Appliaction Testing	1774530775520753869-39	USER	END	1442324308106	1442324328487
Books Appliaction Testing	1774530775520753869-6	USER	END	1442324308103	1442324328487
Books Appliaction Testing	1774530775520753869-19	USER	END	1442324308104	1442324328487
Books Appliaction Testing	1774530775520753869-21	USER	END	1442324308104	1442324328504
Books Appliaction Testing	1774530775520753869-13	USER	END	1442324308104	1442324328505
Books Appliaction Testing	1774530775520753869-29	USER	END	1442324308105	1442324328505
Books Appliaction Testing	1774530775520753869-27	USER	END	1442324308105	1442324328505
Books Appliaction Testing	1774530775520753869-10	USER	END	1442324308104	1442324328505
Books Appliaction Testing	1774530775520753869-23	USER	END	1442324308104	1442324328507
Books Appliaction Testing	1774530775520753869-26	USER	END	1442324308105	1442324328507
Books Appliaction Testing	1774530775520753869-24	USER	END	1442324308105	1442324328507
Books Appliaction Testing	1774530775520753869-18	USER	END	1442324308104	1442324328507
Books Appliaction Testing	1774530775520753869-42	USER	END	1442324308106	1442324328508
Books Appliaction Testing	1774530775520753869-46	USER	END	1442324308106	1442324328508
Books Appliaction Testing	1774530775520753869-44	USER	END	1442324308106	1442324328508
Books Appliaction Testing	1774530775520753869-4	USER	END	1442324308103	1442324328508
Books Appliaction Testing	1774530775520753869-20	USER	END	1442324308104	1442324328508
Books Appliaction Testing	1774530775520753869-15	USER	END	1442324308104	1442324328509
Books Appliaction Testing	1774530775520753869-14	USER	END	1442324308104	1442324328509
Books Appliaction Testing	1774530775520753869-8	USER	END	1442324308104	1442324328509
Books Appliaction Testing	1774530775520753869-41	USER	END	1442324308106	1442324328510
Books Appliaction Testing	1774530775520753869-40	USER	END	1442324308106	1442324328510
Books Appliaction Testing	1774530775520753869-22	USER	END	1442324308104	1442324328510
Books Appliaction Testing	1774530775520753869-7	USER	END	1442324308103	1442324328510
Books Appliaction Testing	1774530775520753869-32	USER	END	1442324308106	1442324328511
Books Appliaction Testing	1774530775520753869-1	USER	END	1442324308103	1442324328511
Books Appliaction Testing	1774530775520753869-35	USER	END	1442324308106	1442324328511
Books Appliaction Testing	1774530775520753869-45	USER	END	1442324308106	1442324328518
Books Appliaction Testing	1774530775520753869-17	USER	END	1442324308104	1442324328518
Books Appliaction Testing	1774530775520753869-30	USER	END	1442324308105	1442324328518
Books Appliaction Testing	1774530775520753869-0	USER	END	1442324308099	1442324328519
Books Appliaction Testing	1774530775520753869-3	USER	END	1442324308103	1442324328519
Books Appliaction Testing	1774530775520753869-12	USER	END	1442324308104	1442324328520
Books Appliaction Testing	1774530775520753869-37	USER	END	1442324308106	1442324328520
Books Appliaction Testing	1774530775520753869-16	USER	END	1442324308104	1442324328520
Books Appliaction Testing	1774530775520753869-38	USER	END	1442324308106	1442324328520
Books Appliaction Testing	1774530775520753869-25	USER	END	1442324308105	1442324328520
