computerdatabase.AngularNodeEmsSimulation	0000000000000000	RUN	1442585506984	00000000000000000000	2.0
Books Appliaction Testing	8982396088013208468-0	USER	START	1442585507085	0
Books Appliaction Testing	8982396088013208468-1	USER	START	1442585507089	0
Books Appliaction Testing	8982396088013208468-2	USER	START	1442585507089	0
Books Appliaction Testing	8982396088013208468-3	USER	START	1442585507089	0
Books Appliaction Testing	8982396088013208468-4	USER	START	1442585507089	0
Books Appliaction Testing	8982396088013208468-5	USER	START	1442585507089	0
Books Appliaction Testing	8982396088013208468-6	USER	START	1442585507089	0
Books Appliaction Testing	8982396088013208468-7	USER	START	1442585507089	0
Books Appliaction Testing	8982396088013208468-8	USER	START	1442585507089	0
Books Appliaction Testing	8982396088013208468-9	USER	START	1442585507090	0
Books Appliaction Testing	8982396088013208468-10	USER	START	1442585507090	0
Books Appliaction Testing	8982396088013208468-11	USER	START	1442585507090	0
Books Appliaction Testing	8982396088013208468-12	USER	START	1442585507090	0
Books Appliaction Testing	8982396088013208468-13	USER	START	1442585507090	0
Books Appliaction Testing	8982396088013208468-14	USER	START	1442585507090	0
Books Appliaction Testing	8982396088013208468-15	USER	START	1442585507090	0
Books Appliaction Testing	8982396088013208468-16	USER	START	1442585507090	0
Books Appliaction Testing	8982396088013208468-17	USER	START	1442585507090	0
Books Appliaction Testing	8982396088013208468-18	USER	START	1442585507090	0
Books Appliaction Testing	8982396088013208468-19	USER	START	1442585507090	0
Books Appliaction Testing	8982396088013208468-20	USER	START	1442585507090	0
Books Appliaction Testing	8982396088013208468-21	USER	START	1442585507090	0
Books Appliaction Testing	8982396088013208468-22	USER	START	1442585507090	0
Books Appliaction Testing	8982396088013208468-23	USER	START	1442585507090	0
Books Appliaction Testing	8982396088013208468-24	USER	START	1442585507090	0
Books Appliaction Testing	8982396088013208468-25	USER	START	1442585507091	0
Books Appliaction Testing	8982396088013208468-26	USER	START	1442585507091	0
Books Appliaction Testing	8982396088013208468-27	USER	START	1442585507091	0
Books Appliaction Testing	8982396088013208468-28	USER	START	1442585507091	0
Books Appliaction Testing	8982396088013208468-29	USER	START	1442585507091	0
Books Appliaction Testing	8982396088013208468-30	USER	START	1442585507091	0
Books Appliaction Testing	8982396088013208468-31	USER	START	1442585507091	0
Books Appliaction Testing	8982396088013208468-32	USER	START	1442585507091	0
Books Appliaction Testing	8982396088013208468-33	USER	START	1442585507091	0
Books Appliaction Testing	8982396088013208468-34	USER	START	1442585507091	0
Books Appliaction Testing	8982396088013208468-35	USER	START	1442585507091	0
Books Appliaction Testing	8982396088013208468-36	USER	START	1442585507091	0
Books Appliaction Testing	8982396088013208468-37	USER	START	1442585507091	0
Books Appliaction Testing	8982396088013208468-38	USER	START	1442585507091	0
Books Appliaction Testing	8982396088013208468-39	USER	START	1442585507092	0
Books Appliaction Testing	8982396088013208468-40	USER	START	1442585507092	0
Books Appliaction Testing	8982396088013208468-41	USER	START	1442585507092	0
Books Appliaction Testing	8982396088013208468-42	USER	START	1442585507092	0
Books Appliaction Testing	8982396088013208468-43	USER	START	1442585507092	0
Books Appliaction Testing	8982396088013208468-44	USER	START	1442585507092	0
Books Appliaction Testing	8982396088013208468-45	USER	START	1442585507092	0
Books Appliaction Testing	8982396088013208468-46	USER	START	1442585507092	0
Books Appliaction Testing	8982396088013208468-47	USER	START	1442585507092	0
Books Appliaction Testing	8982396088013208468-48	USER	START	1442585507092	0
Books Appliaction Testing	8982396088013208468-49	USER	START	1442585507092	0
Books Appliaction Testing	8982396088013208468-50	USER	START	1442585507092	0
Books Appliaction Testing	8982396088013208468-51	USER	START	1442585507092	0
Books Appliaction Testing	8982396088013208468-52	USER	START	1442585507092	0
Books Appliaction Testing	8982396088013208468-53	USER	START	1442585507092	0
Books Appliaction Testing	8982396088013208468-54	USER	START	1442585507092	0
Books Appliaction Testing	8982396088013208468-55	USER	START	1442585507093	0
Books Appliaction Testing	8982396088013208468-56	USER	START	1442585507093	0
Books Appliaction Testing	8982396088013208468-57	USER	START	1442585507093	0
Books Appliaction Testing	8982396088013208468-58	USER	START	1442585507093	0
Books Appliaction Testing	8982396088013208468-59	USER	START	1442585507093	0
Books Appliaction Testing	8982396088013208468-60	USER	START	1442585507093	0
Books Appliaction Testing	8982396088013208468-61	USER	START	1442585507093	0
Books Appliaction Testing	8982396088013208468-62	USER	START	1442585507093	0
Books Appliaction Testing	8982396088013208468-63	USER	START	1442585507093	0
Books Appliaction Testing	8982396088013208468-64	USER	START	1442585507093	0
Books Appliaction Testing	8982396088013208468-65	USER	START	1442585507093	0
Books Appliaction Testing	8982396088013208468-66	USER	START	1442585507093	0
Books Appliaction Testing	8982396088013208468-67	USER	START	1442585507093	0
Books Appliaction Testing	8982396088013208468-68	USER	START	1442585507093	0
Books Appliaction Testing	8982396088013208468-69	USER	START	1442585507093	0
Books Appliaction Testing	8982396088013208468-70	USER	START	1442585507093	0
Books Appliaction Testing	8982396088013208468-71	USER	START	1442585507093	0
Books Appliaction Testing	8982396088013208468-72	USER	START	1442585507094	0
Books Appliaction Testing	8982396088013208468-73	USER	START	1442585507094	0
Books Appliaction Testing	8982396088013208468-74	USER	START	1442585507094	0
Books Appliaction Testing	8982396088013208468-75	USER	START	1442585507094	0
Books Appliaction Testing	8982396088013208468-76	USER	START	1442585507094	0
Books Appliaction Testing	8982396088013208468-77	USER	START	1442585507094	0
Books Appliaction Testing	8982396088013208468-78	USER	START	1442585507094	0
Books Appliaction Testing	8982396088013208468-79	USER	START	1442585507094	0
Books Appliaction Testing	8982396088013208468-80	USER	START	1442585507094	0
Books Appliaction Testing	8982396088013208468-81	USER	START	1442585507094	0
Books Appliaction Testing	8982396088013208468-82	USER	START	1442585507094	0
Books Appliaction Testing	8982396088013208468-83	USER	START	1442585507094	0
Books Appliaction Testing	8982396088013208468-84	USER	START	1442585507094	0
Books Appliaction Testing	8982396088013208468-85	USER	START	1442585507094	0
Books Appliaction Testing	8982396088013208468-86	USER	START	1442585507095	0
Books Appliaction Testing	8982396088013208468-87	USER	START	1442585507095	0
Books Appliaction Testing	8982396088013208468-88	USER	START	1442585507105	0
Books Appliaction Testing	8982396088013208468-89	USER	START	1442585507105	0
Books Appliaction Testing	8982396088013208468-90	USER	START	1442585507105	0
Books Appliaction Testing	8982396088013208468-91	USER	START	1442585507105	0
Books Appliaction Testing	8982396088013208468-92	USER	START	1442585507105	0
Books Appliaction Testing	8982396088013208468-93	USER	START	1442585507105	0
Books Appliaction Testing	8982396088013208468-94	USER	START	1442585507105	0
Books Appliaction Testing	8982396088013208468-95	USER	START	1442585507105	0
Books Appliaction Testing	8982396088013208468-96	USER	START	1442585507105	0
Books Appliaction Testing	8982396088013208468-97	USER	START	1442585507105	0
Books Appliaction Testing	8982396088013208468-98	USER	START	1442585507105	0
Books Appliaction Testing	8982396088013208468-99	USER	START	1442585507105	0
Books Appliaction Testing	8982396088013208468-100	USER	START	1442585507106	0
Books Appliaction Testing	8982396088013208468-101	USER	START	1442585507106	0
Books Appliaction Testing	8982396088013208468-102	USER	START	1442585507106	0
Books Appliaction Testing	8982396088013208468-103	USER	START	1442585507106	0
Books Appliaction Testing	8982396088013208468-104	USER	START	1442585507106	0
Books Appliaction Testing	8982396088013208468-105	USER	START	1442585507106	0
Books Appliaction Testing	8982396088013208468-106	USER	START	1442585507106	0
Books Appliaction Testing	8982396088013208468-107	USER	START	1442585507106	0
Books Appliaction Testing	8982396088013208468-108	USER	START	1442585507106	0
Books Appliaction Testing	8982396088013208468-109	USER	START	1442585507106	0
Books Appliaction Testing	8982396088013208468-110	USER	START	1442585507106	0
Books Appliaction Testing	8982396088013208468-111	USER	START	1442585507106	0
Books Appliaction Testing	8982396088013208468-112	USER	START	1442585507106	0
Books Appliaction Testing	8982396088013208468-113	USER	START	1442585507106	0
Books Appliaction Testing	8982396088013208468-114	USER	START	1442585507106	0
Books Appliaction Testing	8982396088013208468-115	USER	START	1442585507106	0
Books Appliaction Testing	8982396088013208468-116	USER	START	1442585507106	0
Books Appliaction Testing	8982396088013208468-117	USER	START	1442585507107	0
Books Appliaction Testing	8982396088013208468-118	USER	START	1442585507107	0
Books Appliaction Testing	8982396088013208468-119	USER	START	1442585507107	0
Books Appliaction Testing	8982396088013208468-120	USER	START	1442585507107	0
Books Appliaction Testing	8982396088013208468-121	USER	START	1442585507107	0
Books Appliaction Testing	8982396088013208468-122	USER	START	1442585507107	0
Books Appliaction Testing	8982396088013208468-123	USER	START	1442585507107	0
Books Appliaction Testing	8982396088013208468-124	USER	START	1442585507107	0
Books Appliaction Testing	8982396088013208468-125	USER	START	1442585507107	0
Books Appliaction Testing	8982396088013208468-126	USER	START	1442585507107	0
Books Appliaction Testing	8982396088013208468-127	USER	START	1442585507107	0
Books Appliaction Testing	8982396088013208468-128	USER	START	1442585507107	0
Books Appliaction Testing	8982396088013208468-129	USER	START	1442585507107	0
Books Appliaction Testing	8982396088013208468-130	USER	START	1442585507107	0
Books Appliaction Testing	8982396088013208468-131	USER	START	1442585507108	0
Books Appliaction Testing	8982396088013208468-132	USER	START	1442585507108	0
Books Appliaction Testing	8982396088013208468-133	USER	START	1442585507108	0
Books Appliaction Testing	8982396088013208468-134	USER	START	1442585507108	0
Books Appliaction Testing	8982396088013208468-135	USER	START	1442585507108	0
Books Appliaction Testing	8982396088013208468-136	USER	START	1442585507108	0
Books Appliaction Testing	8982396088013208468-137	USER	START	1442585507108	0
Books Appliaction Testing	8982396088013208468-138	USER	START	1442585507108	0
Books Appliaction Testing	8982396088013208468-139	USER	START	1442585507108	0
Books Appliaction Testing	8982396088013208468-140	USER	START	1442585507108	0
Books Appliaction Testing	8982396088013208468-141	USER	START	1442585507108	0
Books Appliaction Testing	8982396088013208468-142	USER	START	1442585507108	0
Books Appliaction Testing	8982396088013208468-143	USER	START	1442585507108	0
Books Appliaction Testing	8982396088013208468-144	USER	START	1442585507108	0
Books Appliaction Testing	8982396088013208468-145	USER	START	1442585507108	0
Books Appliaction Testing	8982396088013208468-146	USER	START	1442585507108	0
Books Appliaction Testing	8982396088013208468-147	USER	START	1442585507108	0
Books Appliaction Testing	8982396088013208468-148	USER	START	1442585507109	0
Books Appliaction Testing	8982396088013208468-149	USER	START	1442585507109	0
Books Appliaction Testing	8982396088013208468-150	USER	START	1442585507109	0
Books Appliaction Testing	8982396088013208468-151	USER	START	1442585507109	0
Books Appliaction Testing	8982396088013208468-152	USER	START	1442585507109	0
Books Appliaction Testing	8982396088013208468-153	USER	START	1442585507109	0
Books Appliaction Testing	8982396088013208468-154	USER	START	1442585507109	0
Books Appliaction Testing	8982396088013208468-155	USER	START	1442585507109	0
Books Appliaction Testing	8982396088013208468-156	USER	START	1442585507109	0
Books Appliaction Testing	8982396088013208468-157	USER	START	1442585507109	0
Books Appliaction Testing	8982396088013208468-158	USER	START	1442585507109	0
Books Appliaction Testing	8982396088013208468-159	USER	START	1442585507109	0
Books Appliaction Testing	8982396088013208468-160	USER	START	1442585507109	0
Books Appliaction Testing	8982396088013208468-161	USER	START	1442585507109	0
Books Appliaction Testing	8982396088013208468-162	USER	START	1442585507109	0
Books Appliaction Testing	8982396088013208468-163	USER	START	1442585507109	0
Books Appliaction Testing	8982396088013208468-164	USER	START	1442585507110	0
Books Appliaction Testing	8982396088013208468-165	USER	START	1442585507110	0
Books Appliaction Testing	8982396088013208468-166	USER	START	1442585507110	0
Books Appliaction Testing	8982396088013208468-167	USER	START	1442585507110	0
Books Appliaction Testing	8982396088013208468-168	USER	START	1442585507110	0
Books Appliaction Testing	8982396088013208468-169	USER	START	1442585507110	0
Books Appliaction Testing	8982396088013208468-170	USER	START	1442585507110	0
Books Appliaction Testing	8982396088013208468-171	USER	START	1442585507110	0
Books Appliaction Testing	8982396088013208468-172	USER	START	1442585507110	0
Books Appliaction Testing	8982396088013208468-173	USER	START	1442585507110	0
Books Appliaction Testing	8982396088013208468-174	USER	START	1442585507110	0
Books Appliaction Testing	8982396088013208468-175	USER	START	1442585507110	0
Books Appliaction Testing	8982396088013208468-176	USER	START	1442585507110	0
Books Appliaction Testing	8982396088013208468-177	USER	START	1442585507110	0
Books Appliaction Testing	8982396088013208468-178	USER	START	1442585507110	0
Books Appliaction Testing	8982396088013208468-179	USER	START	1442585507110	0
Books Appliaction Testing	8982396088013208468-180	USER	START	1442585507110	0
Books Appliaction Testing	8982396088013208468-181	USER	START	1442585507110	0
Books Appliaction Testing	8982396088013208468-182	USER	START	1442585507111	0
Books Appliaction Testing	8982396088013208468-183	USER	START	1442585507111	0
Books Appliaction Testing	8982396088013208468-184	USER	START	1442585507111	0
Books Appliaction Testing	8982396088013208468-185	USER	START	1442585507111	0
Books Appliaction Testing	8982396088013208468-186	USER	START	1442585507111	0
Books Appliaction Testing	8982396088013208468-187	USER	START	1442585507111	0
Books Appliaction Testing	8982396088013208468-188	USER	START	1442585507111	0
Books Appliaction Testing	8982396088013208468-189	USER	START	1442585507111	0
Books Appliaction Testing	8982396088013208468-190	USER	START	1442585507111	0
Books Appliaction Testing	8982396088013208468-191	USER	START	1442585507111	0
Books Appliaction Testing	8982396088013208468-192	USER	START	1442585507111	0
Books Appliaction Testing	8982396088013208468-193	USER	START	1442585507111	0
Books Appliaction Testing	8982396088013208468-194	USER	START	1442585507111	0
Books Appliaction Testing	8982396088013208468-195	USER	START	1442585507111	0
Books Appliaction Testing	8982396088013208468-196	USER	START	1442585507111	0
Books Appliaction Testing	8982396088013208468-197	USER	START	1442585507112	0
Books Appliaction Testing	8982396088013208468-198	USER	START	1442585507112	0
Books Appliaction Testing	8982396088013208468-199	USER	START	1442585507112	0
Books Appliaction Testing	8982396088013208468-24	REQUEST		get request	1442585507329	1442585507417	1442585507620	1442585507620	OK	 
Books Appliaction Testing	8982396088013208468-19	REQUEST		get request	1442585507294	1442585507416	1442585507643	1442585507643	OK	 
Books Appliaction Testing	8982396088013208468-12	REQUEST		get request	1442585507267	1442585507484	1442585507837	1442585507837	OK	 
Books Appliaction Testing	8982396088013208468-25	REQUEST		get request	1442585507331	1442585507450	1442585507842	1442585507842	OK	 
Books Appliaction Testing	8982396088013208468-27	REQUEST		get request	1442585507334	1442585507452	1442585507846	1442585507846	OK	 
Books Appliaction Testing	8982396088013208468-7	REQUEST		get request	1442585507245	1442585507483	1442585507847	1442585507847	OK	 
Books Appliaction Testing	8982396088013208468-2	REQUEST		get request	1442585507215	1442585507473	1442585507852	1442585507852	OK	 
Books Appliaction Testing	8982396088013208468-1	REQUEST		get request	1442585507213	1442585507529	1442585507853	1442585507853	OK	 
Books Appliaction Testing	8982396088013208468-22	REQUEST		get request	1442585507299	1442585507449	1442585508078	1442585508078	OK	 
Books Appliaction Testing	8982396088013208468-17	REQUEST		get request	1442585507276	1442585507474	1442585508084	1442585508084	OK	 
Books Appliaction Testing	8982396088013208468-4	REQUEST		get request	1442585507240	1442585507453	1442585508104	1442585508104	OK	 
Books Appliaction Testing	8982396088013208468-3	REQUEST		get request	1442585507216	1442585507549	1442585508099	1442585508099	OK	 
Books Appliaction Testing	8982396088013208468-18	REQUEST		get request	1442585507291	1442585507527	1442585508112	1442585508112	OK	 
Books Appliaction Testing	8982396088013208468-0	REQUEST		get request	1442585507209	1442585507550	1442585508290	1442585508290	OK	 
Books Appliaction Testing	8982396088013208468-33	REQUEST		get request	1442585507356	1442585507594	1442585508296	1442585508296	OK	 
Books Appliaction Testing	8982396088013208468-49	REQUEST		get request	1442585507464	1442585507597	1442585508305	1442585508305	OK	 
Books Appliaction Testing	8982396088013208468-24	USER	END	1442585507090	1442585508639
Books Appliaction Testing	8982396088013208468-19	USER	END	1442585507090	1442585508665
Books Appliaction Testing	8982396088013208468-31	REQUEST		get request	1442585507353	1442585507603	1442585508795	1442585508795	OK	 
Books Appliaction Testing	8982396088013208468-55	REQUEST		get request	1442585507513	1442585507607	1442585508797	1442585508797	OK	 
Books Appliaction Testing	8982396088013208468-28	REQUEST		get request	1442585507337	1442585507612	1442585508801	1442585508801	OK	 
Books Appliaction Testing	8982396088013208468-48	REQUEST		get request	1442585507463	1442585507617	1442585508804	1442585508804	OK	 
Books Appliaction Testing	8982396088013208468-6	REQUEST		get request	1442585507243	1442585507621	1442585508808	1442585508808	OK	 
Books Appliaction Testing	8982396088013208468-38	REQUEST		get request	1442585507401	1442585507624	1442585508814	1442585508814	OK	 
Books Appliaction Testing	8982396088013208468-58	REQUEST		get request	1442585507518	1442585507627	1442585508821	1442585508821	OK	 
Books Appliaction Testing	8982396088013208468-63	REQUEST		get request	1442585507557	1442585507719	1442585508824	1442585508824	OK	 
Books Appliaction Testing	8982396088013208468-68	REQUEST		get request	1442585507628	1442585507722	1442585508826	1442585508826	OK	 
Books Appliaction Testing	8982396088013208468-73	REQUEST		get request	1442585507665	1442585507824	1442585508831	1442585508831	OK	 
Books Appliaction Testing	8982396088013208468-78	REQUEST		get request	1442585507672	1442585507832	1442585508836	1442585508836	OK	 
Books Appliaction Testing	8982396088013208468-83	REQUEST		get request	1442585507704	1442585507843	1442585508839	1442585508839	OK	 
Books Appliaction Testing	8982396088013208468-88	REQUEST		get request	1442585507739	1442585507835	1442585508841	1442585508841	OK	 
Books Appliaction Testing	8982396088013208468-93	REQUEST		get request	1442585507747	1442585507840	1442585508847	1442585508847	OK	 
Books Appliaction Testing	8982396088013208468-103	REQUEST		get request	1442585507800	1442585507845	1442585508853	1442585508853	OK	 
Books Appliaction Testing	8982396088013208468-98	REQUEST		get request	1442585507778	1442585507850	1442585508850	1442585508850	OK	 
Books Appliaction Testing	8982396088013208468-27	USER	END	1442585507091	1442585508856
Books Appliaction Testing	8982396088013208468-12	USER	END	1442585507090	1442585508857
Books Appliaction Testing	8982396088013208468-113	REQUEST		get request	1442585507862	1442585507868	1442585508862	1442585508862	OK	 
Books Appliaction Testing	8982396088013208468-123	REQUEST		get request	1442585507892	1442585507912	1442585508876	1442585508876	OK	 
Books Appliaction Testing	8982396088013208468-108	REQUEST		get request	1442585507855	1442585507869	1442585508875	1442585508875	OK	 
Books Appliaction Testing	8982396088013208468-128	REQUEST		get request	1442585507899	1442585507911	1442585508876	1442585508876	OK	 
Books Appliaction Testing	8982396088013208468-118	REQUEST		get request	1442585507876	1442585507888	1442585508879	1442585508879	OK	 
Books Appliaction Testing	8982396088013208468-5	REQUEST		get request	1442585507242	1442585507583	1442585508882	1442585508882	OK	 
Books Appliaction Testing	8982396088013208468-2	USER	END	1442585507089	1442585508886
Books Appliaction Testing	8982396088013208468-7	USER	END	1442585507089	1442585508887
Books Appliaction Testing	8982396088013208468-25	USER	END	1442585507091	1442585508888
Books Appliaction Testing	8982396088013208468-1	USER	END	1442585507089	1442585508889
Books Appliaction Testing	8982396088013208468-29	REQUEST		get request	1442585507350	1442585507595	1442585508893	1442585508893	OK	 
Books Appliaction Testing	8982396088013208468-15	REQUEST		get request	1442585507273	1442585507599	1442585508896	1442585508896	OK	 
Books Appliaction Testing	8982396088013208468-39	REQUEST		get request	1442585507402	1442585507604	1442585508900	1442585508900	OK	 
Books Appliaction Testing	8982396088013208468-59	REQUEST		get request	1442585507528	1442585507607	1442585508904	1442585508904	OK	 
Books Appliaction Testing	8982396088013208468-32	REQUEST		get request	1442585507354	1442585507615	1442585508914	1442585508914	OK	 
Books Appliaction Testing	8982396088013208468-52	REQUEST		get request	1442585507474	1442585507617	1442585508915	1442585508915	OK	 
Books Appliaction Testing	8982396088013208468-26	REQUEST		get request	1442585507332	1442585507622	1442585508919	1442585508919	OK	 
Books Appliaction Testing	8982396088013208468-42	REQUEST		get request	1442585507406	1442585507625	1442585508922	1442585508922	OK	 
Books Appliaction Testing	8982396088013208468-53	REQUEST		get request	1442585507479	1442585507657	1442585508931	1442585508931	OK	 
Books Appliaction Testing	8982396088013208468-64	REQUEST		get request	1442585507622	1442585507817	1442585508933	1442585508933	OK	 
Books Appliaction Testing	8982396088013208468-69	REQUEST		get request	1442585507629	1442585507708	1442585508939	1442585508939	OK	 
Books Appliaction Testing	8982396088013208468-74	REQUEST		get request	1442585507666	1442585507821	1442585508958	1442585508958	OK	 
Books Appliaction Testing	8982396088013208468-79	REQUEST		get request	1442585507697	1442585507831	1442585508964	1442585508964	OK	 
Books Appliaction Testing	8982396088013208468-84	REQUEST		get request	1442585507705	1442585507830	1442585508966	1442585508966	OK	 
Books Appliaction Testing	8982396088013208468-89	REQUEST		get request	1442585507740	1442585507839	1442585508977	1442585508978	OK	 
Books Appliaction Testing	8982396088013208468-104	REQUEST		get request	1442585507801	1442585507836	1442585508981	1442585508981	OK	 
Books Appliaction Testing	8982396088013208468-99	REQUEST		get request	1442585507779	1442585507844	1442585508981	1442585508981	OK	 
Books Appliaction Testing	8982396088013208468-119	REQUEST		get request	1442585507877	1442585507886	1442585508990	1442585508990	OK	 
Books Appliaction Testing	8982396088013208468-94	REQUEST		get request	1442585507773	1442585507849	1442585508980	1442585508980	OK	 
Books Appliaction Testing	8982396088013208468-114	REQUEST		get request	1442585507864	1442585507888	1442585509001	1442585509001	OK	 
Books Appliaction Testing	8982396088013208468-109	REQUEST		get request	1442585507856	1442585507868	1442585508984	1442585508984	OK	 
Books Appliaction Testing	8982396088013208468-41	REQUEST		get request	1442585507405	1442585507595	1442585509005	1442585509005	OK	 
Books Appliaction Testing	8982396088013208468-21	REQUEST		get request	1442585507298	1442585507588	1442585509005	1442585509005	OK	 
Books Appliaction Testing	8982396088013208468-129	REQUEST		get request	1442585507900	1442585507914	1442585509007	1442585509007	OK	 
Books Appliaction Testing	8982396088013208468-124	REQUEST		get request	1442585507893	1442585507910	1442585509009	1442585509009	OK	 
Books Appliaction Testing	8982396088013208468-11	REQUEST		get request	1442585507250	1442585507600	1442585509014	1442585509014	OK	 
Books Appliaction Testing	8982396088013208468-8	REQUEST		get request	1442585507246	1442585507610	1442585509023	1442585509023	OK	 
Books Appliaction Testing	8982396088013208468-43	REQUEST		get request	1442585507415	1442585507604	1442585509017	1442585509017	OK	 
Books Appliaction Testing	8982396088013208468-40	REQUEST		get request	1442585507404	1442585507615	1442585509024	1442585509024	OK	 
Books Appliaction Testing	8982396088013208468-56	REQUEST		get request	1442585507515	1442585507618	1442585509030	1442585509030	OK	 
Books Appliaction Testing	8982396088013208468-14	REQUEST		get request	1442585507271	1442585507623	1442585509034	1442585509034	OK	 
Books Appliaction Testing	8982396088013208468-57	REQUEST		get request	1442585507517	1442585507658	1442585509040	1442585509040	OK	 
Books Appliaction Testing	8982396088013208468-46	REQUEST		get request	1442585507429	1442585507625	1442585509038	1442585509038	OK	 
Books Appliaction Testing	8982396088013208468-65	REQUEST		get request	1442585507624	1442585507784	1442585509045	1442585509045	OK	 
Books Appliaction Testing	8982396088013208468-70	REQUEST		get request	1442585507631	1442585507797	1442585509050	1442585509050	OK	 
Books Appliaction Testing	8982396088013208468-75	REQUEST		get request	1442585507668	1442585507827	1442585509053	1442585509053	OK	 
Books Appliaction Testing	8982396088013208468-80	REQUEST		get request	1442585507700	1442585507833	1442585509056	1442585509056	OK	 
Books Appliaction Testing	8982396088013208468-85	REQUEST		get request	1442585507707	1442585507830	1442585509058	1442585509058	OK	 
Books Appliaction Testing	8982396088013208468-95	REQUEST		get request	1442585507774	1442585507844	1442585509064	1442585509064	OK	 
Books Appliaction Testing	8982396088013208468-90	REQUEST		get request	1442585507742	1442585507849	1442585509063	1442585509063	OK	 
Books Appliaction Testing	8982396088013208468-100	REQUEST		get request	1442585507781	1442585507836	1442585509067	1442585509067	OK	 
Books Appliaction Testing	8982396088013208468-105	REQUEST		get request	1442585507802	1442585507841	1442585509072	1442585509072	OK	 
Books Appliaction Testing	8982396088013208468-110	REQUEST		get request	1442585507858	1442585507867	1442585509075	1442585509075	OK	 
Books Appliaction Testing	8982396088013208468-115	REQUEST		get request	1442585507872	1442585507886	1442585509079	1442585509079	OK	 
Books Appliaction Testing	8982396088013208468-120	REQUEST		get request	1442585507878	1442585507885	1442585509082	1442585509082	OK	 
Books Appliaction Testing	8982396088013208468-125	REQUEST		get request	1442585507894	1442585507913	1442585509092	1442585509092	OK	 
Books Appliaction Testing	8982396088013208468-22	USER	END	1442585507090	1442585509096
Books Appliaction Testing	8982396088013208468-17	USER	END	1442585507090	1442585509097
Books Appliaction Testing	8982396088013208468-13	REQUEST		get request	1442585507269	1442585507590	1442585509099	1442585509099	OK	 
Books Appliaction Testing	8982396088013208468-37	REQUEST		get request	1442585507399	1442585507596	1442585509099	1442585509099	OK	 
Books Appliaction Testing	8982396088013208468-23	REQUEST		get request	1442585507328	1442585507600	1442585509100	1442585509100	OK	 
Books Appliaction Testing	8982396088013208468-3	USER	END	1442585507089	1442585509104
Books Appliaction Testing	8982396088013208468-47	REQUEST		get request	1442585507462	1442585507605	1442585509104	1442585509104	OK	 
Books Appliaction Testing	8982396088013208468-16	REQUEST		get request	1442585507275	1442585507611	1442585509109	1442585509110	OK	 
Books Appliaction Testing	8982396088013208468-4	USER	END	1442585507089	1442585509116
Books Appliaction Testing	8982396088013208468-36	REQUEST		get request	1442585507360	1442585507616	1442585509117	1442585509117	OK	 
Books Appliaction Testing	8982396088013208468-60	REQUEST		get request	1442585507530	1442585507618	1442585509117	1442585509117	OK	 
Books Appliaction Testing	8982396088013208468-34	REQUEST		get request	1442585507357	1442585507623	1442585509126	1442585509126	OK	 
Books Appliaction Testing	8982396088013208468-50	REQUEST		get request	1442585507467	1442585507626	1442585509127	1442585509127	OK	 
Books Appliaction Testing	8982396088013208468-18	USER	END	1442585507090	1442585509129
Books Appliaction Testing	8982396088013208468-81	REQUEST		get request	1442585507701	1442585507839	1442585509161	1442585509161	OK	 
Books Appliaction Testing	8982396088013208468-61	REQUEST		get request	1442585507551	1442585507659	1442585509161	1442585509161	OK	 
Books Appliaction Testing	8982396088013208468-86	REQUEST		get request	1442585507708	1442585507849	1442585509162	1442585509162	OK	 
Books Appliaction Testing	8982396088013208468-91	REQUEST		get request	1442585507744	1442585507843	1442585509164	1442585509164	OK	 
Books Appliaction Testing	8982396088013208468-71	REQUEST		get request	1442585507662	1442585507822	1442585509165	1442585509165	OK	 
Books Appliaction Testing	8982396088013208468-66	REQUEST		get request	1442585507625	1442585507656	1442585509164	1442585509164	OK	 
Books Appliaction Testing	8982396088013208468-76	REQUEST		get request	1442585507669	1442585507823	1442585509166	1442585509166	OK	 
Books Appliaction Testing	8982396088013208468-96	REQUEST		get request	1442585507776	1442585507836	1442585509169	1442585509169	OK	 
Books Appliaction Testing	8982396088013208468-101	REQUEST		get request	1442585507782	1442585507841	1442585509174	1442585509174	OK	 
Books Appliaction Testing	8982396088013208468-106	REQUEST		get request	1442585507804	1442585507851	1442585509188	1442585509188	OK	 
Books Appliaction Testing	8982396088013208468-111	REQUEST		get request	1442585507860	1442585507867	1442585509189	1442585509189	OK	 
Books Appliaction Testing	8982396088013208468-116	REQUEST		get request	1442585507873	1442585507885	1442585509190	1442585509190	OK	 
Books Appliaction Testing	8982396088013208468-121	REQUEST		get request	1442585507880	1442585507889	1442585509196	1442585509196	OK	 
Books Appliaction Testing	8982396088013208468-126	REQUEST		get request	1442585507895	1442585507914	1442585509198	1442585509198	OK	 
Books Appliaction Testing	8982396088013208468-9	REQUEST		get request	1442585507247	1442585507593	1442585509201	1442585509201	OK	 
Books Appliaction Testing	8982396088013208468-45	REQUEST		get request	1442585507427	1442585507597	1442585509239	1442585509239	OK	 
Books Appliaction Testing	8982396088013208468-35	REQUEST		get request	1442585507358	1442585507602	1442585509253	1442585509253	OK	 
Books Appliaction Testing	8982396088013208468-51	REQUEST		get request	1442585507473	1442585507606	1442585509259	1442585509259	OK	 
Books Appliaction Testing	8982396088013208468-20	REQUEST		get request	1442585507295	1442585507612	1442585509266	1442585509266	OK	 
Books Appliaction Testing	8982396088013208468-44	REQUEST		get request	1442585507416	1442585507616	1442585509269	1442585509269	OK	 
Books Appliaction Testing	8982396088013208468-10	REQUEST		get request	1442585507249	1442585507620	1442585509274	1442585509274	OK	 
Books Appliaction Testing	8982396088013208468-30	REQUEST		get request	1442585507351	1442585507624	1442585509278	1442585509278	OK	 
Books Appliaction Testing	8982396088013208468-54	REQUEST		get request	1442585507510	1442585507627	1442585509281	1442585509281	OK	 
Books Appliaction Testing	8982396088013208468-62	REQUEST		get request	1442585507555	1442585507628	1442585509292	1442585509292	OK	 
Books Appliaction Testing	8982396088013208468-67	REQUEST		get request	1442585507626	1442585507798	1442585509298	1442585509298	OK	 
Books Appliaction Testing	8982396088013208468-72	REQUEST		get request	1442585507664	1442585507828	1442585509303	1442585509303	OK	 
Books Appliaction Testing	8982396088013208468-0	USER	END	1442585507085	1442585509306
Books Appliaction Testing	8982396088013208468-33	USER	END	1442585507091	1442585509307
Books Appliaction Testing	8982396088013208468-77	REQUEST		get request	1442585507671	1442585507820	1442585509310	1442585509310	OK	 
Books Appliaction Testing	8982396088013208468-82	REQUEST		get request	1442585507703	1442585507826	1442585509316	1442585509316	OK	 
Books Appliaction Testing	8982396088013208468-87	REQUEST		get request	1442585507737	1442585507844	1442585509317	1442585509317	OK	 
Books Appliaction Testing	8982396088013208468-49	USER	END	1442585507092	1442585509325
Books Appliaction Testing	8982396088013208468-92	REQUEST		get request	1442585507746	1442585507835	1442585509331	1442585509331	OK	 
Books Appliaction Testing	8982396088013208468-102	REQUEST		get request	1442585507798	1442585507851	1442585509341	1442585509341	OK	 
Books Appliaction Testing	8982396088013208468-97	REQUEST		get request	1442585507777	1442585507841	1442585509340	1442585509340	OK	 
Books Appliaction Testing	8982396088013208468-107	REQUEST		get request	1442585507854	1442585507866	1442585509349	1442585509349	OK	 
Books Appliaction Testing	8982396088013208468-112	REQUEST		get request	1442585507861	1442585507869	1442585509360	1442585509360	OK	 
Books Appliaction Testing	8982396088013208468-117	REQUEST		get request	1442585507874	1442585507889	1442585509367	1442585509367	OK	 
Books Appliaction Testing	8982396088013208468-127	REQUEST		get request	1442585507897	1442585507912	1442585509374	1442585509374	OK	 
Books Appliaction Testing	8982396088013208468-122	REQUEST		get request	1442585507881	1442585507914	1442585509370	1442585509370	OK	 
Books Appliaction Testing	8982396088013208468-130	REQUEST		get request	1442585507915	1442585507936	1442585509645	1442585509645	OK	 
Books Appliaction Testing	8982396088013208468-135	REQUEST		get request	1442585507922	1442585507934	1442585509649	1442585509649	OK	 
Books Appliaction Testing	8982396088013208468-140	REQUEST		get request	1442585507942	1442585507954	1442585509653	1442585509653	OK	 
Books Appliaction Testing	8982396088013208468-145	REQUEST		get request	1442585507960	1442585507971	1442585509658	1442585509658	OK	 
Books Appliaction Testing	8982396088013208468-160	REQUEST		get request	1442585507997	1442585508032	1442585509667	1442585509667	OK	 
Books Appliaction Testing	8982396088013208468-155	REQUEST		get request	1442585507990	1442585508004	1442585509664	1442585509664	OK	 
Books Appliaction Testing	8982396088013208468-150	REQUEST		get request	1442585507980	1442585507986	1442585509669	1442585509669	OK	 
Books Appliaction Testing	8982396088013208468-175	REQUEST		get request	1442585508041	1442585508060	1442585509677	1442585509677	OK	 
Books Appliaction Testing	8982396088013208468-165	REQUEST		get request	1442585508011	1442585508032	1442585509679	1442585509679	OK	 
Books Appliaction Testing	8982396088013208468-170	REQUEST		get request	1442585508017	1442585508034	1442585509680	1442585509680	OK	 
Books Appliaction Testing	8982396088013208468-180	REQUEST		get request	1442585508053	1442585508062	1442585509686	1442585509686	OK	 
Books Appliaction Testing	8982396088013208468-185	REQUEST		get request	1442585508067	1442585508082	1442585509693	1442585509693	OK	 
Books Appliaction Testing	8982396088013208468-190	REQUEST		get request	1442585508087	1442585508100	1442585509702	1442585509702	OK	 
Books Appliaction Testing	8982396088013208468-195	REQUEST		get request	1442585508093	1442585508098	1442585509707	1442585509707	OK	 
Books Appliaction Testing	8982396088013208468-131	REQUEST		get request	1442585507916	1442585507934	1442585509710	1442585509710	OK	 
Books Appliaction Testing	8982396088013208468-136	REQUEST		get request	1442585507923	1442585507935	1442585509717	1442585509717	OK	 
Books Appliaction Testing	8982396088013208468-141	REQUEST		get request	1442585507944	1442585507954	1442585509724	1442585509724	OK	 
Books Appliaction Testing	8982396088013208468-146	REQUEST		get request	1442585507962	1442585507969	1442585509733	1442585509733	OK	 
Books Appliaction Testing	8982396088013208468-156	REQUEST		get request	1442585507992	1442585508002	1442585509741	1442585509741	OK	 
Books Appliaction Testing	8982396088013208468-151	REQUEST		get request	1442585507982	1442585507987	1442585509743	1442585509743	OK	 
Books Appliaction Testing	8982396088013208468-161	REQUEST		get request	1442585508005	1442585508031	1442585509751	1442585509751	OK	 
Books Appliaction Testing	8982396088013208468-166	REQUEST		get request	1442585508012	1442585508034	1442585509757	1442585509757	OK	 
Books Appliaction Testing	8982396088013208468-176	REQUEST		get request	1442585508047	1442585508062	1442585509765	1442585509765	OK	 
Books Appliaction Testing	8982396088013208468-171	REQUEST		get request	1442585508036	1442585508044	1442585509771	1442585509771	OK	 
Books Appliaction Testing	8982396088013208468-181	REQUEST		get request	1442585508055	1442585508061	1442585509773	1442585509773	OK	 
Books Appliaction Testing	8982396088013208468-186	REQUEST		get request	1442585508069	1442585508076	1442585509780	1442585509780	OK	 
Books Appliaction Testing	8982396088013208468-191	REQUEST		get request	1442585508088	1442585508098	1442585509786	1442585509786	OK	 
Books Appliaction Testing	8982396088013208468-196	REQUEST		get request	1442585508095	1442585508103	1442585509787	1442585509787	OK	 
Books Appliaction Testing	8982396088013208468-133	REQUEST		get request	1442585507920	1442585507937	1442585509795	1442585509796	OK	 
Books Appliaction Testing	8982396088013208468-138	REQUEST		get request	1442585507939	1442585507955	1442585509804	1442585509804	OK	 
Books Appliaction Testing	8982396088013208468-143	REQUEST		get request	1442585507947	1442585507970	1442585509822	1442585509822	OK	 
Books Appliaction Testing	8982396088013208468-31	USER	END	1442585507091	1442585509825
Books Appliaction Testing	8982396088013208468-55	USER	END	1442585507093	1442585509826
Books Appliaction Testing	8982396088013208468-28	USER	END	1442585507091	1442585509826
Books Appliaction Testing	8982396088013208468-48	USER	END	1442585507092	1442585509827
Books Appliaction Testing	8982396088013208468-6	USER	END	1442585507089	1442585509828
Books Appliaction Testing	8982396088013208468-38	USER	END	1442585507091	1442585509835
Books Appliaction Testing	8982396088013208468-58	USER	END	1442585507093	1442585509835
Books Appliaction Testing	8982396088013208468-63	USER	END	1442585507093	1442585509836
Books Appliaction Testing	8982396088013208468-148	REQUEST		get request	1442585507965	1442585507969	1442585509837	1442585509837	OK	 
Books Appliaction Testing	8982396088013208468-68	USER	END	1442585507093	1442585509845
Books Appliaction Testing	8982396088013208468-153	REQUEST		get request	1442585507984	1442585508000	1442585509844	1442585509844	OK	 
Books Appliaction Testing	8982396088013208468-158	REQUEST		get request	1442585507994	1442585508001	1442585509855	1442585509855	OK	 
Books Appliaction Testing	8982396088013208468-73	USER	END	1442585507094	1442585509858
Books Appliaction Testing	8982396088013208468-78	USER	END	1442585507094	1442585509858
Books Appliaction Testing	8982396088013208468-83	USER	END	1442585507094	1442585509859
Books Appliaction Testing	8982396088013208468-88	USER	END	1442585507105	1442585509860
Books Appliaction Testing	8982396088013208468-163	REQUEST		get request	1442585508008	1442585508035	1442585509855	1442585509855	OK	 
Books Appliaction Testing	8982396088013208468-168	REQUEST		get request	1442585508014	1442585508033	1442585509866	1442585509866	OK	 
Books Appliaction Testing	8982396088013208468-173	REQUEST		get request	1442585508039	1442585508046	1442585509874	1442585509874	OK	 
Books Appliaction Testing	8982396088013208468-93	USER	END	1442585507105	1442585509876
Books Appliaction Testing	8982396088013208468-103	USER	END	1442585507106	1442585509878
Books Appliaction Testing	8982396088013208468-98	USER	END	1442585507105	1442585509879
Books Appliaction Testing	8982396088013208468-178	REQUEST		get request	1442585508050	1442585508059	1442585509884	1442585509884	OK	 
Books Appliaction Testing	8982396088013208468-113	USER	END	1442585507106	1442585509891
Books Appliaction Testing	8982396088013208468-123	USER	END	1442585507107	1442585509892
Books Appliaction Testing	8982396088013208468-108	USER	END	1442585507106	1442585509892
Books Appliaction Testing	8982396088013208468-128	USER	END	1442585507107	1442585509893
Books Appliaction Testing	8982396088013208468-118	USER	END	1442585507107	1442585509895
Books Appliaction Testing	8982396088013208468-183	REQUEST		get request	1442585508065	1442585508080	1442585509900	1442585509900	OK	 
Books Appliaction Testing	8982396088013208468-188	REQUEST		get request	1442585508072	1442585508080	1442585509903	1442585509903	OK	 
Books Appliaction Testing	8982396088013208468-5	USER	END	1442585507089	1442585509904
Books Appliaction Testing	8982396088013208468-29	USER	END	1442585507091	1442585509905
Books Appliaction Testing	8982396088013208468-193	REQUEST		get request	1442585508091	1442585508105	1442585509911	1442585509911	OK	 
Books Appliaction Testing	8982396088013208468-15	USER	END	1442585507090	1442585509915
Books Appliaction Testing	8982396088013208468-39	USER	END	1442585507092	1442585509915
Books Appliaction Testing	8982396088013208468-59	USER	END	1442585507093	1442585509916
Books Appliaction Testing	8982396088013208468-198	REQUEST		get request	1442585508109	1442585508117	1442585509917	1442585509917	OK	 
Books Appliaction Testing	8982396088013208468-134	REQUEST		get request	1442585507921	1442585507936	1442585509922	1442585509922	OK	 
Books Appliaction Testing	8982396088013208468-32	USER	END	1442585507091	1442585509934
Books Appliaction Testing	8982396088013208468-52	USER	END	1442585507092	1442585509934
Books Appliaction Testing	8982396088013208468-26	USER	END	1442585507091	1442585509935
Books Appliaction Testing	8982396088013208468-42	USER	END	1442585507092	1442585509935
Books Appliaction Testing	8982396088013208468-53	USER	END	1442585507092	1442585509944
Books Appliaction Testing	8982396088013208468-139	REQUEST		get request	1442585507941	1442585507956	1442585509948	1442585509948	OK	 
Books Appliaction Testing	8982396088013208468-144	REQUEST		get request	1442585507959	1442585507968	1442585509951	1442585509951	OK	 
Books Appliaction Testing	8982396088013208468-149	REQUEST		get request	1442585507967	1442585507987	1442585509955	1442585509955	OK	 
Books Appliaction Testing	8982396088013208468-64	USER	END	1442585507093	1442585509957
Books Appliaction Testing	8982396088013208468-69	USER	END	1442585507093	1442585509958
Books Appliaction Testing	8982396088013208468-154	REQUEST		get request	1442585507989	1442585508001	1442585509960	1442585509960	OK	 
Books Appliaction Testing	8982396088013208468-159	REQUEST		get request	1442585507995	1442585508003	1442585509966	1442585509966	OK	 
Books Appliaction Testing	8982396088013208468-164	REQUEST		get request	1442585508010	1442585508033	1442585509968	1442585509969	OK	 
Books Appliaction Testing	8982396088013208468-169	REQUEST		get request	1442585508016	1442585508030	1442585509971	1442585509971	OK	 
Books Appliaction Testing	8982396088013208468-74	USER	END	1442585507094	1442585509974
Books Appliaction Testing	8982396088013208468-179	REQUEST		get request	1442585508052	1442585508060	1442585509976	1442585509976	OK	 
Books Appliaction Testing	8982396088013208468-174	REQUEST		get request	1442585508040	1442585508043	1442585509978	1442585509978	OK	 
Books Appliaction Testing	8982396088013208468-184	REQUEST		get request	1442585508066	1442585508081	1442585509980	1442585509980	OK	 
Books Appliaction Testing	8982396088013208468-189	REQUEST		get request	1442585508073	1442585508081	1442585509983	1442585509983	OK	 
Books Appliaction Testing	8982396088013208468-79	USER	END	1442585507094	1442585509986
Books Appliaction Testing	8982396088013208468-84	USER	END	1442585507094	1442585509987
Books Appliaction Testing	8982396088013208468-89	USER	END	1442585507105	1442585509988
Books Appliaction Testing	8982396088013208468-194	REQUEST		get request	1442585508092	1442585508101	1442585509989	1442585509989	OK	 
Books Appliaction Testing	8982396088013208468-199	REQUEST		get request	1442585508110	1442585508117	1442585509992	1442585509992	OK	 
Books Appliaction Testing	8982396088013208468-132	REQUEST		get request	1442585507918	1442585507935	1442585509995	1442585509995	OK	 
Books Appliaction Testing	8982396088013208468-104	USER	END	1442585507106	1442585509997
Books Appliaction Testing	8982396088013208468-94	USER	END	1442585507105	1442585509997
Books Appliaction Testing	8982396088013208468-157	REQUEST		get request	1442585507993	1442585508000	1442585510000	1442585510000	OK	 
Books Appliaction Testing	8982396088013208468-137	REQUEST		get request	1442585507938	1442585507954	1442585510000	1442585510000	OK	 
Books Appliaction Testing	8982396088013208468-142	REQUEST		get request	1442585507946	1442585507955	1442585510003	1442585510004	OK	 
Books Appliaction Testing	8982396088013208468-162	REQUEST		get request	1442585508007	1442585508034	1442585510004	1442585510004	OK	 
Books Appliaction Testing	8982396088013208468-99	USER	END	1442585507105	1442585510006
Books Appliaction Testing	8982396088013208468-119	USER	END	1442585507107	1442585510008
Books Appliaction Testing	8982396088013208468-109	USER	END	1442585507106	1442585510009
Books Appliaction Testing	8982396088013208468-147	REQUEST		get request	1442585507963	1442585507970	1442585510012	1442585510012	OK	 
Books Appliaction Testing	8982396088013208468-167	REQUEST		get request	1442585508013	1442585508035	1442585510012	1442585510012	OK	 
Books Appliaction Testing	8982396088013208468-114	USER	END	1442585507106	1442585510016
Books Appliaction Testing	8982396088013208468-192	REQUEST		get request	1442585508090	1442585508103	1442585510017	1442585510017	OK	 
Books Appliaction Testing	8982396088013208468-172	REQUEST		get request	1442585508037	1442585508045	1442585510018	1442585510018	OK	 
Books Appliaction Testing	8982396088013208468-152	REQUEST		get request	1442585507983	1442585507988	1442585510018	1442585510019	OK	 
Books Appliaction Testing	8982396088013208468-197	REQUEST		get request	1442585508097	1442585508116	1442585510023	1442585510023	OK	 
Books Appliaction Testing	8982396088013208468-177	REQUEST		get request	1442585508049	1442585508061	1442585510023	1442585510023	OK	 
Books Appliaction Testing	8982396088013208468-41	USER	END	1442585507092	1442585510027
Books Appliaction Testing	8982396088013208468-21	USER	END	1442585507090	1442585510027
Books Appliaction Testing	8982396088013208468-129	USER	END	1442585507107	1442585510028
Books Appliaction Testing	8982396088013208468-124	USER	END	1442585507107	1442585510028
Books Appliaction Testing	8982396088013208468-182	REQUEST		get request	1442585508063	1442585508077	1442585510030	1442585510030	OK	 
Books Appliaction Testing	8982396088013208468-187	REQUEST		get request	1442585508071	1442585508079	1442585510032	1442585510032	OK	 
Books Appliaction Testing	8982396088013208468-11	USER	END	1442585507090	1442585510036
Books Appliaction Testing	8982396088013208468-8	USER	END	1442585507089	1442585510036
Books Appliaction Testing	8982396088013208468-43	USER	END	1442585507092	1442585510037
Books Appliaction Testing	8982396088013208468-40	USER	END	1442585507092	1442585510037
Books Appliaction Testing	8982396088013208468-56	USER	END	1442585507093	1442585510049
Books Appliaction Testing	8982396088013208468-14	USER	END	1442585507090	1442585510055
Books Appliaction Testing	8982396088013208468-57	USER	END	1442585507093	1442585510055
Books Appliaction Testing	8982396088013208468-46	USER	END	1442585507092	1442585510056
Books Appliaction Testing	8982396088013208468-65	USER	END	1442585507093	1442585510065
Books Appliaction Testing	8982396088013208468-70	USER	END	1442585507093	1442585510065
Books Appliaction Testing	8982396088013208468-75	USER	END	1442585507094	1442585510065
Books Appliaction Testing	8982396088013208468-80	USER	END	1442585507094	1442585510076
Books Appliaction Testing	8982396088013208468-85	USER	END	1442585507094	1442585510076
Books Appliaction Testing	8982396088013208468-95	USER	END	1442585507105	1442585510085
Books Appliaction Testing	8982396088013208468-90	USER	END	1442585507105	1442585510085
Books Appliaction Testing	8982396088013208468-100	USER	END	1442585507106	1442585510086
Books Appliaction Testing	8982396088013208468-105	USER	END	1442585507106	1442585510086
Books Appliaction Testing	8982396088013208468-110	USER	END	1442585507106	1442585510095
Books Appliaction Testing	8982396088013208468-115	USER	END	1442585507106	1442585510095
Books Appliaction Testing	8982396088013208468-120	USER	END	1442585507107	1442585510105
Books Appliaction Testing	8982396088013208468-125	USER	END	1442585507107	1442585510106
Books Appliaction Testing	8982396088013208468-13	USER	END	1442585507090	1442585510114
Books Appliaction Testing	8982396088013208468-37	USER	END	1442585507091	1442585510115
Books Appliaction Testing	8982396088013208468-23	USER	END	1442585507090	1442585510115
Books Appliaction Testing	8982396088013208468-47	USER	END	1442585507092	1442585510131
Books Appliaction Testing	8982396088013208468-16	USER	END	1442585507090	1442585510132
Books Appliaction Testing	8982396088013208468-36	USER	END	1442585507091	1442585510134
Books Appliaction Testing	8982396088013208468-60	USER	END	1442585507093	1442585510134
Books Appliaction Testing	8982396088013208468-50	USER	END	1442585507092	1442585510144
Books Appliaction Testing	8982396088013208468-34	USER	END	1442585507091	1442585510145
Books Appliaction Testing	8982396088013208468-81	USER	END	1442585507094	1442585510174
Books Appliaction Testing	8982396088013208468-61	USER	END	1442585507093	1442585510174
Books Appliaction Testing	8982396088013208468-86	USER	END	1442585507095	1442585510175
Books Appliaction Testing	8982396088013208468-91	USER	END	1442585507105	1442585510175
Books Appliaction Testing	8982396088013208468-71	USER	END	1442585507093	1442585510175
Books Appliaction Testing	8982396088013208468-66	USER	END	1442585507093	1442585510175
Books Appliaction Testing	8982396088013208468-76	USER	END	1442585507094	1442585510176
Books Appliaction Testing	8982396088013208468-96	USER	END	1442585507105	1442585510185
Books Appliaction Testing	8982396088013208468-101	USER	END	1442585507106	1442585510195
Books Appliaction Testing	8982396088013208468-106	USER	END	1442585507106	1442585510204
Books Appliaction Testing	8982396088013208468-111	USER	END	1442585507106	1442585510205
Books Appliaction Testing	8982396088013208468-116	USER	END	1442585507106	1442585510205
Books Appliaction Testing	8982396088013208468-121	USER	END	1442585507107	1442585510215
Books Appliaction Testing	8982396088013208468-126	USER	END	1442585507107	1442585510216
Books Appliaction Testing	8982396088013208468-9	USER	END	1442585507090	1442585510216
Books Appliaction Testing	8982396088013208468-45	USER	END	1442585507092	1442585510265
Books Appliaction Testing	8982396088013208468-35	USER	END	1442585507091	1442585510276
Books Appliaction Testing	8982396088013208468-51	USER	END	1442585507092	1442585510277
Books Appliaction Testing	8982396088013208468-20	USER	END	1442585507090	1442585510287
Books Appliaction Testing	8982396088013208468-44	USER	END	1442585507092	1442585510288
Books Appliaction Testing	8982396088013208468-10	USER	END	1442585507090	1442585510298
Books Appliaction Testing	8982396088013208468-30	USER	END	1442585507091	1442585510307
Books Appliaction Testing	8982396088013208468-54	USER	END	1442585507092	1442585510307
Books Appliaction Testing	8982396088013208468-62	USER	END	1442585507093	1442585510316
Books Appliaction Testing	8982396088013208468-67	USER	END	1442585507093	1442585510316
Books Appliaction Testing	8982396088013208468-72	USER	END	1442585507094	1442585510317
Books Appliaction Testing	8982396088013208468-77	USER	END	1442585507094	1442585510326
Books Appliaction Testing	8982396088013208468-82	USER	END	1442585507094	1442585510335
Books Appliaction Testing	8982396088013208468-87	USER	END	1442585507095	1442585510335
Books Appliaction Testing	8982396088013208468-92	USER	END	1442585507105	1442585510356
Books Appliaction Testing	8982396088013208468-102	USER	END	1442585507106	1442585510356
Books Appliaction Testing	8982396088013208468-97	USER	END	1442585507105	1442585510356
Books Appliaction Testing	8982396088013208468-107	USER	END	1442585507106	1442585510366
Books Appliaction Testing	8982396088013208468-112	USER	END	1442585507106	1442585510374
Books Appliaction Testing	8982396088013208468-117	USER	END	1442585507107	1442585510388
Books Appliaction Testing	8982396088013208468-127	USER	END	1442585507107	1442585510402
Books Appliaction Testing	8982396088013208468-122	USER	END	1442585507107	1442585510403
Books Appliaction Testing	8982396088013208468-130	USER	END	1442585507107	1442585510666
Books Appliaction Testing	8982396088013208468-135	USER	END	1442585507108	1442585510668
Books Appliaction Testing	8982396088013208468-140	USER	END	1442585507108	1442585510676
Books Appliaction Testing	8982396088013208468-145	USER	END	1442585507108	1442585510677
Books Appliaction Testing	8982396088013208468-160	USER	END	1442585507109	1442585510687
Books Appliaction Testing	8982396088013208468-155	USER	END	1442585507109	1442585510688
Books Appliaction Testing	8982396088013208468-150	USER	END	1442585507109	1442585510689
Books Appliaction Testing	8982396088013208468-175	USER	END	1442585507110	1442585510695
Books Appliaction Testing	8982396088013208468-165	USER	END	1442585507110	1442585510696
Books Appliaction Testing	8982396088013208468-170	USER	END	1442585507110	1442585510696
Books Appliaction Testing	8982396088013208468-180	USER	END	1442585507110	1442585510696
Books Appliaction Testing	8982396088013208468-185	USER	END	1442585507111	1442585510715
Books Appliaction Testing	8982396088013208468-195	USER	END	1442585507111	1442585510725
Books Appliaction Testing	8982396088013208468-190	USER	END	1442585507111	1442585510726
Books Appliaction Testing	8982396088013208468-131	USER	END	1442585507108	1442585510735
Books Appliaction Testing	8982396088013208468-136	USER	END	1442585507108	1442585510736
Books Appliaction Testing	8982396088013208468-141	USER	END	1442585507108	1442585510745
Books Appliaction Testing	8982396088013208468-146	USER	END	1442585507108	1442585510746
Books Appliaction Testing	8982396088013208468-156	USER	END	1442585507109	1442585510755
Books Appliaction Testing	8982396088013208468-151	USER	END	1442585507109	1442585510756
Books Appliaction Testing	8982396088013208468-161	USER	END	1442585507109	1442585510765
Books Appliaction Testing	8982396088013208468-166	USER	END	1442585507110	1442585510774
Books Appliaction Testing	8982396088013208468-176	USER	END	1442585507110	1442585510776
Books Appliaction Testing	8982396088013208468-171	USER	END	1442585507110	1442585510794
Books Appliaction Testing	8982396088013208468-181	USER	END	1442585507110	1442585510795
Books Appliaction Testing	8982396088013208468-186	USER	END	1442585507111	1442585510795
Books Appliaction Testing	8982396088013208468-191	USER	END	1442585507111	1442585510805
Books Appliaction Testing	8982396088013208468-196	USER	END	1442585507111	1442585510805
Books Appliaction Testing	8982396088013208468-133	USER	END	1442585507108	1442585510806
Books Appliaction Testing	8982396088013208468-138	USER	END	1442585507108	1442585510835
Books Appliaction Testing	8982396088013208468-143	USER	END	1442585507108	1442585510844
Books Appliaction Testing	8982396088013208468-148	USER	END	1442585507109	1442585510856
Books Appliaction Testing	8982396088013208468-153	USER	END	1442585507109	1442585510865
Books Appliaction Testing	8982396088013208468-158	USER	END	1442585507109	1442585510888
Books Appliaction Testing	8982396088013208468-163	USER	END	1442585507109	1442585510889
Books Appliaction Testing	8982396088013208468-168	USER	END	1442585507110	1442585510889
Books Appliaction Testing	8982396088013208468-173	USER	END	1442585507110	1442585510897
Books Appliaction Testing	8982396088013208468-178	USER	END	1442585507110	1442585510898
Books Appliaction Testing	8982396088013208468-183	USER	END	1442585507111	1442585510916
Books Appliaction Testing	8982396088013208468-188	USER	END	1442585507111	1442585510926
Books Appliaction Testing	8982396088013208468-193	USER	END	1442585507111	1442585510945
Books Appliaction Testing	8982396088013208468-198	USER	END	1442585507112	1442585510946
Books Appliaction Testing	8982396088013208468-134	USER	END	1442585507108	1442585510946
Books Appliaction Testing	8982396088013208468-139	USER	END	1442585507108	1442585510971
Books Appliaction Testing	8982396088013208468-144	USER	END	1442585507108	1442585510972
Books Appliaction Testing	8982396088013208468-149	USER	END	1442585507109	1442585510975
Books Appliaction Testing	8982396088013208468-154	USER	END	1442585507109	1442585510975
Books Appliaction Testing	8982396088013208468-159	USER	END	1442585507109	1442585510975
Books Appliaction Testing	8982396088013208468-164	USER	END	1442585507110	1442585510985
Books Appliaction Testing	8982396088013208468-169	USER	END	1442585507110	1442585510985
Books Appliaction Testing	8982396088013208468-179	USER	END	1442585507110	1442585510995
Books Appliaction Testing	8982396088013208468-174	USER	END	1442585507110	1442585510995
Books Appliaction Testing	8982396088013208468-184	USER	END	1442585507111	1442585510995
Books Appliaction Testing	8982396088013208468-189	USER	END	1442585507111	1442585510995
Books Appliaction Testing	8982396088013208468-194	USER	END	1442585507111	1442585511005
Books Appliaction Testing	8982396088013208468-199	USER	END	1442585507112	1442585511006
Books Appliaction Testing	8982396088013208468-132	USER	END	1442585507108	1442585511015
Books Appliaction Testing	8982396088013208468-157	USER	END	1442585507109	1442585511015
Books Appliaction Testing	8982396088013208468-137	USER	END	1442585507108	1442585511015
Books Appliaction Testing	8982396088013208468-142	USER	END	1442585507108	1442585511026
Books Appliaction Testing	8982396088013208468-162	USER	END	1442585507109	1442585511026
Books Appliaction Testing	8982396088013208468-147	USER	END	1442585507108	1442585511026
Books Appliaction Testing	8982396088013208468-167	USER	END	1442585507110	1442585511026
Books Appliaction Testing	8982396088013208468-192	USER	END	1442585507111	1442585511035
Books Appliaction Testing	8982396088013208468-172	USER	END	1442585507110	1442585511036
Books Appliaction Testing	8982396088013208468-152	USER	END	1442585507109	1442585511036
Books Appliaction Testing	8982396088013208468-197	USER	END	1442585507112	1442585511045
Books Appliaction Testing	8982396088013208468-177	USER	END	1442585507110	1442585511046
Books Appliaction Testing	8982396088013208468-182	USER	END	1442585507111	1442585511046
Books Appliaction Testing	8982396088013208468-187	USER	END	1442585507111	1442585511046
