computerdatabase.AngularNodeEmsSimulation	angularnodeemssimulation	RUN	1442381747119	 	2.0
Books Appliaction Testing	1960814076967172767-0	USER	START	1442381747453	0
Books Appliaction Testing	1960814076967172767-1	USER	START	1442381747459	0
Books Appliaction Testing	1960814076967172767-2	USER	START	1442381747459	0
Books Appliaction Testing	1960814076967172767-3	USER	START	1442381747459	0
Books Appliaction Testing	1960814076967172767-4	USER	START	1442381747459	0
Books Appliaction Testing	1960814076967172767-5	USER	START	1442381747459	0
Books Appliaction Testing	1960814076967172767-6	USER	START	1442381747459	0
Books Appliaction Testing	1960814076967172767-7	USER	START	1442381747459	0
Books Appliaction Testing	1960814076967172767-8	USER	START	1442381747459	0
Books Appliaction Testing	1960814076967172767-9	USER	START	1442381747459	0
Books Appliaction Testing	1960814076967172767-10	USER	START	1442381747459	0
Books Appliaction Testing	1960814076967172767-11	USER	START	1442381747459	0
Books Appliaction Testing	1960814076967172767-12	USER	START	1442381747459	0
Books Appliaction Testing	1960814076967172767-13	USER	START	1442381747459	0
Books Appliaction Testing	1960814076967172767-14	USER	START	1442381747459	0
Books Appliaction Testing	1960814076967172767-15	USER	START	1442381747460	0
Books Appliaction Testing	1960814076967172767-16	USER	START	1442381747460	0
Books Appliaction Testing	1960814076967172767-17	USER	START	1442381747460	0
Books Appliaction Testing	1960814076967172767-18	USER	START	1442381747460	0
Books Appliaction Testing	1960814076967172767-19	USER	START	1442381747460	0
Books Appliaction Testing	1960814076967172767-20	USER	START	1442381747460	0
Books Appliaction Testing	1960814076967172767-21	USER	START	1442381747460	0
Books Appliaction Testing	1960814076967172767-22	USER	START	1442381747460	0
Books Appliaction Testing	1960814076967172767-23	USER	START	1442381747460	0
Books Appliaction Testing	1960814076967172767-24	USER	START	1442381747460	0
Books Appliaction Testing	1960814076967172767-25	USER	START	1442381747460	0
Books Appliaction Testing	1960814076967172767-26	USER	START	1442381747460	0
Books Appliaction Testing	1960814076967172767-27	USER	START	1442381747460	0
Books Appliaction Testing	1960814076967172767-28	USER	START	1442381747460	0
Books Appliaction Testing	1960814076967172767-29	USER	START	1442381747460	0
Books Appliaction Testing	1960814076967172767-30	USER	START	1442381747460	0
Books Appliaction Testing	1960814076967172767-31	USER	START	1442381747460	0
Books Appliaction Testing	1960814076967172767-32	USER	START	1442381747461	0
Books Appliaction Testing	1960814076967172767-33	USER	START	1442381747461	0
Books Appliaction Testing	1960814076967172767-34	USER	START	1442381747461	0
Books Appliaction Testing	1960814076967172767-35	USER	START	1442381747461	0
Books Appliaction Testing	1960814076967172767-36	USER	START	1442381747461	0
Books Appliaction Testing	1960814076967172767-37	USER	START	1442381747461	0
Books Appliaction Testing	1960814076967172767-38	USER	START	1442381747461	0
Books Appliaction Testing	1960814076967172767-39	USER	START	1442381747461	0
Books Appliaction Testing	1960814076967172767-40	USER	START	1442381747461	0
Books Appliaction Testing	1960814076967172767-41	USER	START	1442381747461	0
Books Appliaction Testing	1960814076967172767-42	USER	START	1442381747461	0
Books Appliaction Testing	1960814076967172767-43	USER	START	1442381747461	0
Books Appliaction Testing	1960814076967172767-44	USER	START	1442381747461	0
Books Appliaction Testing	1960814076967172767-45	USER	START	1442381747461	0
Books Appliaction Testing	1960814076967172767-46	USER	START	1442381747461	0
Books Appliaction Testing	1960814076967172767-47	USER	START	1442381747462	0
Books Appliaction Testing	1960814076967172767-48	USER	START	1442381747462	0
Books Appliaction Testing	1960814076967172767-49	USER	START	1442381747462	0
Books Appliaction Testing	1960814076967172767-50	USER	START	1442381747462	0
Books Appliaction Testing	1960814076967172767-51	USER	START	1442381747462	0
Books Appliaction Testing	1960814076967172767-52	USER	START	1442381747462	0
Books Appliaction Testing	1960814076967172767-53	USER	START	1442381747462	0
Books Appliaction Testing	1960814076967172767-54	USER	START	1442381747462	0
Books Appliaction Testing	1960814076967172767-55	USER	START	1442381747462	0
Books Appliaction Testing	1960814076967172767-56	USER	START	1442381747462	0
Books Appliaction Testing	1960814076967172767-57	USER	START	1442381747462	0
Books Appliaction Testing	1960814076967172767-58	USER	START	1442381747462	0
Books Appliaction Testing	1960814076967172767-59	USER	START	1442381747462	0
Books Appliaction Testing	1960814076967172767-60	USER	START	1442381747462	0
Books Appliaction Testing	1960814076967172767-61	USER	START	1442381747462	0
Books Appliaction Testing	1960814076967172767-62	USER	START	1442381747462	0
Books Appliaction Testing	1960814076967172767-63	USER	START	1442381747462	0
Books Appliaction Testing	1960814076967172767-64	USER	START	1442381747463	0
Books Appliaction Testing	1960814076967172767-65	USER	START	1442381747463	0
Books Appliaction Testing	1960814076967172767-66	USER	START	1442381747463	0
Books Appliaction Testing	1960814076967172767-67	USER	START	1442381747463	0
Books Appliaction Testing	1960814076967172767-68	USER	START	1442381747463	0
Books Appliaction Testing	1960814076967172767-69	USER	START	1442381747463	0
Books Appliaction Testing	1960814076967172767-70	USER	START	1442381747463	0
Books Appliaction Testing	1960814076967172767-71	USER	START	1442381747463	0
Books Appliaction Testing	1960814076967172767-72	USER	START	1442381747463	0
Books Appliaction Testing	1960814076967172767-73	USER	START	1442381747463	0
Books Appliaction Testing	1960814076967172767-74	USER	START	1442381747463	0
Books Appliaction Testing	1960814076967172767-75	USER	START	1442381747463	0
Books Appliaction Testing	1960814076967172767-76	USER	START	1442381747463	0
Books Appliaction Testing	1960814076967172767-77	USER	START	1442381747463	0
Books Appliaction Testing	1960814076967172767-78	USER	START	1442381747463	0
Books Appliaction Testing	1960814076967172767-79	USER	START	1442381747463	0
Books Appliaction Testing	1960814076967172767-80	USER	START	1442381747464	0
Books Appliaction Testing	1960814076967172767-81	USER	START	1442381747464	0
Books Appliaction Testing	1960814076967172767-82	USER	START	1442381747464	0
Books Appliaction Testing	1960814076967172767-83	USER	START	1442381747464	0
Books Appliaction Testing	1960814076967172767-84	USER	START	1442381747464	0
Books Appliaction Testing	1960814076967172767-85	USER	START	1442381747464	0
Books Appliaction Testing	1960814076967172767-86	USER	START	1442381747464	0
Books Appliaction Testing	1960814076967172767-87	USER	START	1442381747464	0
Books Appliaction Testing	1960814076967172767-88	USER	START	1442381747464	0
Books Appliaction Testing	1960814076967172767-89	USER	START	1442381747464	0
Books Appliaction Testing	1960814076967172767-90	USER	START	1442381747464	0
Books Appliaction Testing	1960814076967172767-91	USER	START	1442381747464	0
Books Appliaction Testing	1960814076967172767-92	USER	START	1442381747464	0
Books Appliaction Testing	1960814076967172767-93	USER	START	1442381747464	0
Books Appliaction Testing	1960814076967172767-94	USER	START	1442381747464	0
Books Appliaction Testing	1960814076967172767-95	USER	START	1442381747465	0
Books Appliaction Testing	1960814076967172767-96	USER	START	1442381747465	0
Books Appliaction Testing	1960814076967172767-97	USER	START	1442381747465	0
Books Appliaction Testing	1960814076967172767-98	USER	START	1442381747465	0
Books Appliaction Testing	1960814076967172767-99	USER	START	1442381747465	0
Books Appliaction Testing	1960814076967172767-100	USER	START	1442381747465	0
Books Appliaction Testing	1960814076967172767-101	USER	START	1442381747465	0
Books Appliaction Testing	1960814076967172767-102	USER	START	1442381747465	0
Books Appliaction Testing	1960814076967172767-103	USER	START	1442381747465	0
Books Appliaction Testing	1960814076967172767-104	USER	START	1442381747465	0
Books Appliaction Testing	1960814076967172767-105	USER	START	1442381747465	0
Books Appliaction Testing	1960814076967172767-106	USER	START	1442381747465	0
Books Appliaction Testing	1960814076967172767-107	USER	START	1442381747465	0
Books Appliaction Testing	1960814076967172767-108	USER	START	1442381747465	0
Books Appliaction Testing	1960814076967172767-109	USER	START	1442381747465	0
Books Appliaction Testing	1960814076967172767-110	USER	START	1442381747465	0
Books Appliaction Testing	1960814076967172767-111	USER	START	1442381747466	0
Books Appliaction Testing	1960814076967172767-112	USER	START	1442381747466	0
Books Appliaction Testing	1960814076967172767-113	USER	START	1442381747466	0
Books Appliaction Testing	1960814076967172767-114	USER	START	1442381747466	0
Books Appliaction Testing	1960814076967172767-115	USER	START	1442381747466	0
Books Appliaction Testing	1960814076967172767-116	USER	START	1442381747466	0
Books Appliaction Testing	1960814076967172767-117	USER	START	1442381747466	0
Books Appliaction Testing	1960814076967172767-118	USER	START	1442381747466	0
Books Appliaction Testing	1960814076967172767-119	USER	START	1442381747466	0
Books Appliaction Testing	1960814076967172767-120	USER	START	1442381747466	0
Books Appliaction Testing	1960814076967172767-121	USER	START	1442381747466	0
Books Appliaction Testing	1960814076967172767-122	USER	START	1442381747466	0
Books Appliaction Testing	1960814076967172767-123	USER	START	1442381747466	0
Books Appliaction Testing	1960814076967172767-124	USER	START	1442381747466	0
Books Appliaction Testing	1960814076967172767-125	USER	START	1442381747466	0
Books Appliaction Testing	1960814076967172767-126	USER	START	1442381747467	0
Books Appliaction Testing	1960814076967172767-127	USER	START	1442381747467	0
Books Appliaction Testing	1960814076967172767-128	USER	START	1442381747467	0
Books Appliaction Testing	1960814076967172767-129	USER	START	1442381747467	0
Books Appliaction Testing	1960814076967172767-130	USER	START	1442381747467	0
Books Appliaction Testing	1960814076967172767-131	USER	START	1442381747467	0
Books Appliaction Testing	1960814076967172767-132	USER	START	1442381747467	0
Books Appliaction Testing	1960814076967172767-133	USER	START	1442381747467	0
Books Appliaction Testing	1960814076967172767-134	USER	START	1442381747467	0
Books Appliaction Testing	1960814076967172767-135	USER	START	1442381747467	0
Books Appliaction Testing	1960814076967172767-136	USER	START	1442381747467	0
Books Appliaction Testing	1960814076967172767-137	USER	START	1442381747467	0
Books Appliaction Testing	1960814076967172767-138	USER	START	1442381747467	0
Books Appliaction Testing	1960814076967172767-139	USER	START	1442381747467	0
Books Appliaction Testing	1960814076967172767-140	USER	START	1442381747467	0
Books Appliaction Testing	1960814076967172767-141	USER	START	1442381747467	0
Books Appliaction Testing	1960814076967172767-142	USER	START	1442381747467	0
Books Appliaction Testing	1960814076967172767-143	USER	START	1442381747468	0
Books Appliaction Testing	1960814076967172767-144	USER	START	1442381747468	0
Books Appliaction Testing	1960814076967172767-145	USER	START	1442381747468	0
Books Appliaction Testing	1960814076967172767-146	USER	START	1442381747468	0
Books Appliaction Testing	1960814076967172767-147	USER	START	1442381747468	0
Books Appliaction Testing	1960814076967172767-148	USER	START	1442381747468	0
Books Appliaction Testing	1960814076967172767-149	USER	START	1442381747468	0
Books Appliaction Testing	1960814076967172767-150	USER	START	1442381747468	0
Books Appliaction Testing	1960814076967172767-151	USER	START	1442381747468	0
Books Appliaction Testing	1960814076967172767-152	USER	START	1442381747468	0
Books Appliaction Testing	1960814076967172767-153	USER	START	1442381747468	0
Books Appliaction Testing	1960814076967172767-154	USER	START	1442381747468	0
Books Appliaction Testing	1960814076967172767-155	USER	START	1442381747468	0
Books Appliaction Testing	1960814076967172767-156	USER	START	1442381747468	0
Books Appliaction Testing	1960814076967172767-157	USER	START	1442381747468	0
Books Appliaction Testing	1960814076967172767-158	USER	START	1442381747468	0
Books Appliaction Testing	1960814076967172767-159	USER	START	1442381747469	0
Books Appliaction Testing	1960814076967172767-160	USER	START	1442381747469	0
Books Appliaction Testing	1960814076967172767-161	USER	START	1442381747469	0
Books Appliaction Testing	1960814076967172767-162	USER	START	1442381747469	0
Books Appliaction Testing	1960814076967172767-163	USER	START	1442381747469	0
Books Appliaction Testing	1960814076967172767-164	USER	START	1442381747469	0
Books Appliaction Testing	1960814076967172767-165	USER	START	1442381747469	0
Books Appliaction Testing	1960814076967172767-166	USER	START	1442381747469	0
Books Appliaction Testing	1960814076967172767-167	USER	START	1442381747469	0
Books Appliaction Testing	1960814076967172767-168	USER	START	1442381747469	0
Books Appliaction Testing	1960814076967172767-169	USER	START	1442381747469	0
Books Appliaction Testing	1960814076967172767-170	USER	START	1442381747469	0
Books Appliaction Testing	1960814076967172767-171	USER	START	1442381747469	0
Books Appliaction Testing	1960814076967172767-172	USER	START	1442381747469	0
Books Appliaction Testing	1960814076967172767-173	USER	START	1442381747470	0
Books Appliaction Testing	1960814076967172767-174	USER	START	1442381747470	0
Books Appliaction Testing	1960814076967172767-175	USER	START	1442381747470	0
Books Appliaction Testing	1960814076967172767-176	USER	START	1442381747470	0
Books Appliaction Testing	1960814076967172767-177	USER	START	1442381747470	0
Books Appliaction Testing	1960814076967172767-178	USER	START	1442381747470	0
Books Appliaction Testing	1960814076967172767-179	USER	START	1442381747470	0
Books Appliaction Testing	1960814076967172767-180	USER	START	1442381747470	0
Books Appliaction Testing	1960814076967172767-181	USER	START	1442381747470	0
Books Appliaction Testing	1960814076967172767-182	USER	START	1442381747470	0
Books Appliaction Testing	1960814076967172767-183	USER	START	1442381747470	0
Books Appliaction Testing	1960814076967172767-184	USER	START	1442381747470	0
Books Appliaction Testing	1960814076967172767-185	USER	START	1442381747470	0
Books Appliaction Testing	1960814076967172767-186	USER	START	1442381747470	0
Books Appliaction Testing	1960814076967172767-187	USER	START	1442381747470	0
Books Appliaction Testing	1960814076967172767-188	USER	START	1442381747470	0
Books Appliaction Testing	1960814076967172767-189	USER	START	1442381747470	0
Books Appliaction Testing	1960814076967172767-190	USER	START	1442381747471	0
Books Appliaction Testing	1960814076967172767-191	USER	START	1442381747471	0
Books Appliaction Testing	1960814076967172767-192	USER	START	1442381747471	0
Books Appliaction Testing	1960814076967172767-193	USER	START	1442381747471	0
Books Appliaction Testing	1960814076967172767-194	USER	START	1442381747471	0
Books Appliaction Testing	1960814076967172767-195	USER	START	1442381747471	0
Books Appliaction Testing	1960814076967172767-196	USER	START	1442381747471	0
Books Appliaction Testing	1960814076967172767-197	USER	START	1442381747471	0
Books Appliaction Testing	1960814076967172767-198	USER	START	1442381747471	0
Books Appliaction Testing	1960814076967172767-199	USER	START	1442381747471	0
Books Appliaction Testing	1960814076967172767-152	REQUEST		get request	1442381747816	1442381747816	1442381747816	1442381750584	KO	java.net.ConnectException: No route to host
Books Appliaction Testing	1960814076967172767-151	REQUEST		get request	1442381747815	1442381747815	1442381747815	1442381750590	KO	java.net.ConnectException: No route to host
Books Appliaction Testing	1960814076967172767-150	REQUEST		get request	1442381747812	1442381747812	1442381747812	1442381750595	KO	java.net.ConnectException: No route to host
Books Appliaction Testing	1960814076967172767-154	REQUEST		get request	1442381747818	1442381747818	1442381747818	1442381750599	KO	java.net.ConnectException: No route to host
Books Appliaction Testing	1960814076967172767-153	REQUEST		get request	1442381747817	1442381747817	1442381747817	1442381750554	KO	java.net.ConnectException: No route to host
Books Appliaction Testing	1960814076967172767-155	REQUEST		get request	1442381747820	1442381747820	1442381747820	1442381750572	KO	java.net.ConnectException: No route to host
Books Appliaction Testing	1960814076967172767-198	REQUEST		get request	1442381747861	1442381747861	1442381747861	1442381750610	KO	java.net.ConnectException: No route to host
Books Appliaction Testing	1960814076967172767-171	REQUEST		get request	1442381747834	1442381747834	1442381747834	1442381750607	KO	java.net.ConnectException: No route to host
Books Appliaction Testing	1960814076967172767-186	REQUEST		get request	1442381747849	1442381747849	1442381747849	1442381750616	KO	java.net.ConnectException: No route to host
Books Appliaction Testing	1960814076967172767-163	REQUEST		get request	1442381747827	1442381747827	1442381747827	1442381750629	KO	java.net.ConnectException: No route to host
Books Appliaction Testing	1960814076967172767-193	REQUEST		get request	1442381747856	1442381747856	1442381747856	1442381751061	KO	java.net.ConnectException: No route to host
Books Appliaction Testing	1960814076967172767-185	REQUEST		get request	1442381747848	1442381747848	1442381747848	1442381750639	KO	java.net.ConnectException: No route to host
Books Appliaction Testing	1960814076967172767-178	REQUEST		get request	1442381747842	1442381747842	1442381747842	1442381751062	KO	java.net.ConnectException: No route to host
Books Appliaction Testing	1960814076967172767-160	REQUEST		get request	1442381747824	1442381747824	1442381747824	1442381751067	KO	java.net.ConnectException: No route to host
Books Appliaction Testing	1960814076967172767-159	REQUEST		get request	1442381747823	1442381747823	1442381747823	1442381751070	KO	java.net.ConnectException: No route to host
Books Appliaction Testing	1960814076967172767-164	REQUEST		get request	1442381747828	1442381747828	1442381747828	1442381751073	KO	java.net.ConnectException: No route to host
Books Appliaction Testing	1960814076967172767-172	REQUEST		get request	1442381747835	1442381747835	1442381747835	1442381751058	KO	java.net.ConnectException: No route to host
Books Appliaction Testing	1960814076967172767-188	REQUEST		get request	1442381747851	1442381747851	1442381747851	1442381751063	KO	java.net.ConnectException: No route to host
Books Appliaction Testing	1960814076967172767-187	REQUEST		get request	1442381747850	1442381747850	1442381747850	1442381751068	KO	java.net.ConnectException: No route to host
Books Appliaction Testing	1960814076967172767-199	REQUEST		get request	1442381747861	1442381747861	1442381747861	1442381751071	KO	java.net.ConnectException: No route to host
Books Appliaction Testing	1960814076967172767-183	REQUEST		get request	1442381747846	1442381747846	1442381747846	1442381751052	KO	java.net.ConnectException: No route to host
Books Appliaction Testing	1960814076967172767-158	REQUEST		get request	1442381747822	1442381747822	1442381747822	1442381751062	KO	java.net.ConnectException: No route to host
Books Appliaction Testing	1960814076967172767-182	REQUEST		get request	1442381747845	1442381747845	1442381747845	1442381751068	KO	java.net.ConnectException: No route to host
Books Appliaction Testing	1960814076967172767-165	REQUEST		get request	1442381747829	1442381747829	1442381747829	1442381751071	KO	java.net.ConnectException: No route to host
Books Appliaction Testing	1960814076967172767-180	REQUEST		get request	1442381747843	1442381747843	1442381747843	1442381751054	KO	java.net.ConnectException: No route to host
Books Appliaction Testing	1960814076967172767-195	REQUEST		get request	1442381747858	1442381747858	1442381747858	1442381751063	KO	java.net.ConnectException: No route to host
Books Appliaction Testing	1960814076967172767-173	REQUEST		get request	1442381747836	1442381747836	1442381747836	1442381751068	KO	java.net.ConnectException: No route to host
Books Appliaction Testing	1960814076967172767-189	REQUEST		get request	1442381747852	1442381747852	1442381747852	1442381750623	KO	java.net.ConnectException: No route to host
Books Appliaction Testing	1960814076967172767-169	REQUEST		get request	1442381747833	1442381747833	1442381747833	1442381751061	KO	java.net.ConnectException: No route to host
Books Appliaction Testing	1960814076967172767-175	REQUEST		get request	1442381747839	1442381747839	1442381747839	1442381751064	KO	java.net.ConnectException: No route to host
Books Appliaction Testing	1960814076967172767-156	REQUEST		get request	1442381747821	1442381747821	1442381747821	1442381751069	KO	java.net.ConnectException: No route to host
Books Appliaction Testing	1960814076967172767-191	REQUEST		get request	1442381747854	1442381747854	1442381747854	1442381751072	KO	java.net.ConnectException: No route to host
Books Appliaction Testing	1960814076967172767-167	REQUEST		get request	1442381747831	1442381747831	1442381747831	1442381750619	KO	java.net.ConnectException: No route to host
Books Appliaction Testing	1960814076967172767-192	REQUEST		get request	1442381747855	1442381747855	1442381747855	1442381751051	KO	java.net.ConnectException: No route to host
Books Appliaction Testing	1960814076967172767-161	REQUEST		get request	1442381747825	1442381747825	1442381747825	1442381751059	KO	java.net.ConnectException: No route to host
Books Appliaction Testing	1960814076967172767-0	REQUEST		get request	1442381747535	1442381747535	1442381747535	1442381751062	KO	java.net.ConnectException: No route to host
Books Appliaction Testing	1960814076967172767-194	REQUEST		get request	1442381747857	1442381747857	1442381747857	1442381751063	KO	java.net.ConnectException: No route to host
Books Appliaction Testing	1960814076967172767-197	REQUEST		get request	1442381747860	1442381747860	1442381747860	1442381751067	KO	java.net.ConnectException: No route to host
Books Appliaction Testing	1960814076967172767-190	REQUEST		get request	1442381747853	1442381747853	1442381747853	1442381751066	KO	java.net.ConnectException: No route to host
Books Appliaction Testing	1960814076967172767-162	REQUEST		get request	1442381747826	1442381747826	1442381747826	1442381751068	KO	java.net.ConnectException: No route to host
Books Appliaction Testing	1960814076967172767-177	REQUEST		get request	1442381747840	1442381747840	1442381747840	1442381751070	KO	java.net.ConnectException: No route to host
Books Appliaction Testing	1960814076967172767-184	REQUEST		get request	1442381747847	1442381747847	1442381747847	1442381751069	KO	java.net.ConnectException: No route to host
Books Appliaction Testing	1960814076967172767-168	REQUEST		get request	1442381747832	1442381747832	1442381747832	1442381751072	KO	java.net.ConnectException: No route to host
Books Appliaction Testing	1960814076967172767-176	REQUEST		get request	1442381747840	1442381747840	1442381747840	1442381751073	KO	java.net.ConnectException: No route to host
Books Appliaction Testing	1960814076967172767-170	REQUEST		get request	1442381747833	1442381747833	1442381747833	1442381751072	KO	java.net.ConnectException: No route to host
Books Appliaction Testing	1960814076967172767-157	REQUEST		get request	1442381747822	1442381747822	1442381747822	1442381751071	KO	java.net.ConnectException: No route to host
Books Appliaction Testing	1960814076967172767-181	REQUEST		get request	1442381747844	1442381747844	1442381747844	1442381751045	KO	java.net.ConnectException: No route to host
Books Appliaction Testing	1960814076967172767-179	REQUEST		get request	1442381747843	1442381747843	1442381747843	1442381751062	KO	java.net.ConnectException: No route to host
Books Appliaction Testing	1960814076967172767-196	REQUEST		get request	1442381747859	1442381747859	1442381747859	1442381751067	KO	java.net.ConnectException: No route to host
Books Appliaction Testing	1960814076967172767-174	REQUEST		get request	1442381747838	1442381747838	1442381747838	1442381751070	KO	java.net.ConnectException: No route to host
Books Appliaction Testing	1960814076967172767-166	REQUEST		get request	1442381747830	1442381747830	1442381747830	1442381751073	KO	java.net.ConnectException: No route to host
Books Appliaction Testing	1960814076967172767-153	USER	END	1442381747468	1442381751576
Books Appliaction Testing	1960814076967172767-155	USER	END	1442381747468	1442381751591
Books Appliaction Testing	1960814076967172767-150	USER	END	1442381747468	1442381751612
Books Appliaction Testing	1960814076967172767-152	USER	END	1442381747468	1442381751622
Books Appliaction Testing	1960814076967172767-151	USER	END	1442381747468	1442381751622
Books Appliaction Testing	1960814076967172767-171	USER	END	1442381747469	1442381751622
Books Appliaction Testing	1960814076967172767-198	USER	END	1442381747471	1442381751622
Books Appliaction Testing	1960814076967172767-154	USER	END	1442381747468	1442381751622
Books Appliaction Testing	1960814076967172767-186	USER	END	1442381747470	1442381751642
Books Appliaction Testing	1960814076967172767-189	USER	END	1442381747470	1442381751642
Books Appliaction Testing	1960814076967172767-167	USER	END	1442381747469	1442381751642
Books Appliaction Testing	1960814076967172767-163	USER	END	1442381747469	1442381751661
Books Appliaction Testing	1960814076967172767-185	USER	END	1442381747470	1442381751672
Books Appliaction Testing	1960814076967172767-183	USER	END	1442381747470	1442381752072
Books Appliaction Testing	1960814076967172767-180	USER	END	1442381747470	1442381752072
Books Appliaction Testing	1960814076967172767-192	USER	END	1442381747471	1442381752072
Books Appliaction Testing	1960814076967172767-181	USER	END	1442381747470	1442381752072
Books Appliaction Testing	1960814076967172767-172	USER	END	1442381747469	1442381752083
Books Appliaction Testing	1960814076967172767-182	USER	END	1442381747470	1442381752083
Books Appliaction Testing	1960814076967172767-158	USER	END	1442381747468	1442381752083
Books Appliaction Testing	1960814076967172767-169	USER	END	1442381747469	1442381752083
Books Appliaction Testing	1960814076967172767-161	USER	END	1442381747469	1442381752083
Books Appliaction Testing	1960814076967172767-0	USER	END	1442381747453	1442381752083
Books Appliaction Testing	1960814076967172767-194	USER	END	1442381747471	1442381752083
Books Appliaction Testing	1960814076967172767-197	USER	END	1442381747471	1442381752084
Books Appliaction Testing	1960814076967172767-190	USER	END	1442381747471	1442381752084
Books Appliaction Testing	1960814076967172767-162	USER	END	1442381747469	1442381752084
Books Appliaction Testing	1960814076967172767-157	USER	END	1442381747468	1442381752084
Books Appliaction Testing	1960814076967172767-179	USER	END	1442381747470	1442381752084
Books Appliaction Testing	1960814076967172767-178	USER	END	1442381747470	1442381752092
Books Appliaction Testing	1960814076967172767-188	USER	END	1442381747470	1442381752092
Books Appliaction Testing	1960814076967172767-187	USER	END	1442381747470	1442381752092
Books Appliaction Testing	1960814076967172767-199	USER	END	1442381747471	1442381752093
Books Appliaction Testing	1960814076967172767-165	USER	END	1442381747469	1442381752093
Books Appliaction Testing	1960814076967172767-195	USER	END	1442381747471	1442381752093
Books Appliaction Testing	1960814076967172767-173	USER	END	1442381747470	1442381752093
Books Appliaction Testing	1960814076967172767-175	USER	END	1442381747470	1442381752094
Books Appliaction Testing	1960814076967172767-156	USER	END	1442381747468	1442381752094
Books Appliaction Testing	1960814076967172767-177	USER	END	1442381747470	1442381752094
Books Appliaction Testing	1960814076967172767-191	USER	END	1442381747471	1442381752094
Books Appliaction Testing	1960814076967172767-184	USER	END	1442381747470	1442381752094
Books Appliaction Testing	1960814076967172767-168	USER	END	1442381747469	1442381752094
Books Appliaction Testing	1960814076967172767-170	USER	END	1442381747469	1442381752095
Books Appliaction Testing	1960814076967172767-176	USER	END	1442381747470	1442381752095
Books Appliaction Testing	1960814076967172767-196	USER	END	1442381747471	1442381752095
Books Appliaction Testing	1960814076967172767-174	USER	END	1442381747470	1442381752096
Books Appliaction Testing	1960814076967172767-166	USER	END	1442381747469	1442381752096
Books Appliaction Testing	1960814076967172767-159	USER	END	1442381747469	1442381752102
Books Appliaction Testing	1960814076967172767-160	USER	END	1442381747469	1442381752102
Books Appliaction Testing	1960814076967172767-164	USER	END	1442381747469	1442381752102
Books Appliaction Testing	1960814076967172767-193	USER	END	1442381747471	1442381752102
Books Appliaction Testing	1960814076967172767-100	REQUEST		get request	1442381747758	1442381747758	1442381747758	1442381753556	KO	java.net.ConnectException: No route to host
Books Appliaction Testing	1960814076967172767-99	REQUEST		get request	1442381747757	1442381747757	1442381747757	1442381753558	KO	java.net.ConnectException: No route to host
Books Appliaction Testing	1960814076967172767-101	REQUEST		get request	1442381747759	1442381747759	1442381747759	1442381753560	KO	java.net.ConnectException: No route to host
Books Appliaction Testing	1960814076967172767-144	REQUEST		get request	1442381747807	1442381747807	1442381747807	1442381753564	KO	java.net.ConnectException: No route to host
Books Appliaction Testing	1960814076967172767-147	REQUEST		get request	1442381747809	1442381747809	1442381747809	1442381753565	KO	java.net.ConnectException: No route to host
Books Appliaction Testing	1960814076967172767-142	REQUEST		get request	1442381747804	1442381747804	1442381747804	1442381753582	KO	java.net.ConnectException: No route to host
Books Appliaction Testing	1960814076967172767-133	REQUEST		get request	1442381747795	1442381747795	1442381747795	1442381753583	KO	java.net.ConnectException: No route to host
Books Appliaction Testing	1960814076967172767-117	REQUEST		get request	1442381747776	1442381747776	1442381747776	1442381753583	KO	java.net.ConnectException: No route to host
Books Appliaction Testing	1960814076967172767-137	REQUEST		get request	1442381747799	1442381747799	1442381747799	1442381753584	KO	java.net.ConnectException: No route to host
Books Appliaction Testing	1960814076967172767-139	REQUEST		get request	1442381747801	1442381747801	1442381747801	1442381753584	KO	java.net.ConnectException: No route to host
Books Appliaction Testing	1960814076967172767-123	REQUEST		get request	1442381747782	1442381747782	1442381747782	1442381753584	KO	java.net.ConnectException: No route to host
Books Appliaction Testing	1960814076967172767-120	REQUEST		get request	1442381747779	1442381747779	1442381747779	1442381753588	KO	java.net.ConnectException: No route to host
Books Appliaction Testing	1960814076967172767-132	REQUEST		get request	1442381747794	1442381747794	1442381747794	1442381753585	KO	java.net.ConnectException: No route to host
Books Appliaction Testing	1960814076967172767-114	REQUEST		get request	1442381747773	1442381747773	1442381747773	1442381753588	KO	java.net.ConnectException: No route to host
Books Appliaction Testing	1960814076967172767-111	REQUEST		get request	1442381747770	1442381747770	1442381747770	1442381753585	KO	java.net.ConnectException: No route to host
Books Appliaction Testing	1960814076967172767-104	REQUEST		get request	1442381747762	1442381747762	1442381747762	1442381753589	KO	java.net.ConnectException: No route to host
Books Appliaction Testing	1960814076967172767-108	REQUEST		get request	1442381747767	1442381747767	1442381747767	1442381753586	KO	java.net.ConnectException: No route to host
Books Appliaction Testing	1960814076967172767-130	REQUEST		get request	1442381747789	1442381747789	1442381747789	1442381753586	KO	java.net.ConnectException: No route to host
Books Appliaction Testing	1960814076967172767-131	REQUEST		get request	1442381747792	1442381747792	1442381747792	1442381753590	KO	java.net.ConnectException: No route to host
Books Appliaction Testing	1960814076967172767-107	REQUEST		get request	1442381747765	1442381747765	1442381747765	1442381753586	KO	java.net.ConnectException: No route to host
Books Appliaction Testing	1960814076967172767-106	REQUEST		get request	1442381747764	1442381747764	1442381747764	1442381753587	KO	java.net.ConnectException: No route to host
Books Appliaction Testing	1960814076967172767-113	REQUEST		get request	1442381747772	1442381747772	1442381747772	1442381753590	KO	java.net.ConnectException: No route to host
Books Appliaction Testing	1960814076967172767-126	REQUEST		get request	1442381747785	1442381747785	1442381747785	1442381753591	KO	java.net.ConnectException: No route to host
Books Appliaction Testing	1960814076967172767-102	REQUEST		get request	1442381747760	1442381747760	1442381747760	1442381753587	KO	java.net.ConnectException: No route to host
Books Appliaction Testing	1960814076967172767-124	REQUEST		get request	1442381747783	1442381747783	1442381747783	1442381753587	KO	java.net.ConnectException: No route to host
Books Appliaction Testing	1960814076967172767-121	REQUEST		get request	1442381747780	1442381747780	1442381747780	1442381753592	KO	java.net.ConnectException: No route to host
Books Appliaction Testing	1960814076967172767-129	REQUEST		get request	1442381747788	1442381747788	1442381747788	1442381753592	KO	java.net.ConnectException: No route to host
Books Appliaction Testing	1960814076967172767-112	REQUEST		get request	1442381747771	1442381747771	1442381747771	1442381753589	KO	java.net.ConnectException: No route to host
Books Appliaction Testing	1960814076967172767-127	REQUEST		get request	1442381747786	1442381747786	1442381747786	1442381753597	KO	java.net.ConnectException: No route to host
Books Appliaction Testing	1960814076967172767-146	REQUEST		get request	1442381747809	1442381747809	1442381747809	1442381753598	KO	java.net.ConnectException: No route to host
Books Appliaction Testing	1960814076967172767-138	REQUEST		get request	1442381747800	1442381747800	1442381747800	1442381753599	KO	java.net.ConnectException: No route to host
Books Appliaction Testing	1960814076967172767-148	REQUEST		get request	1442381747810	1442381747810	1442381747810	1442381753599	KO	java.net.ConnectException: No route to host
Books Appliaction Testing	1960814076967172767-140	REQUEST		get request	1442381747802	1442381747802	1442381747802	1442381753591	KO	java.net.ConnectException: No route to host
Books Appliaction Testing	1960814076967172767-115	REQUEST		get request	1442381747774	1442381747774	1442381747774	1442381753591	KO	java.net.ConnectException: No route to host
Books Appliaction Testing	1960814076967172767-119	REQUEST		get request	1442381747778	1442381747778	1442381747778	1442381753600	KO	java.net.ConnectException: No route to host
Books Appliaction Testing	1960814076967172767-136	REQUEST		get request	1442381747798	1442381747798	1442381747798	1442381753600	KO	java.net.ConnectException: No route to host
Books Appliaction Testing	1960814076967172767-122	REQUEST		get request	1442381747781	1442381747781	1442381747781	1442381753598	KO	java.net.ConnectException: No route to host
Books Appliaction Testing	1960814076967172767-149	REQUEST		get request	1442381747811	1442381747811	1442381747811	1442381753601	KO	java.net.ConnectException: No route to host
Books Appliaction Testing	1960814076967172767-135	REQUEST		get request	1442381747797	1442381747797	1442381747797	1442381753602	KO	java.net.ConnectException: No route to host
Books Appliaction Testing	1960814076967172767-141	REQUEST		get request	1442381747803	1442381747803	1442381747803	1442381753602	KO	java.net.ConnectException: No route to host
Books Appliaction Testing	1960814076967172767-110	REQUEST		get request	1442381747769	1442381747769	1442381747769	1442381753603	KO	java.net.ConnectException: No route to host
Books Appliaction Testing	1960814076967172767-105	REQUEST		get request	1442381747763	1442381747763	1442381747763	1442381753599	KO	java.net.ConnectException: No route to host
Books Appliaction Testing	1960814076967172767-145	REQUEST		get request	1442381747808	1442381747808	1442381747808	1442381753600	KO	java.net.ConnectException: No route to host
Books Appliaction Testing	1960814076967172767-116	REQUEST		get request	1442381747775	1442381747775	1442381747775	1442381753604	KO	java.net.ConnectException: No route to host
Books Appliaction Testing	1960814076967172767-134	REQUEST		get request	1442381747796	1442381747796	1442381747796	1442381753604	KO	java.net.ConnectException: No route to host
Books Appliaction Testing	1960814076967172767-125	REQUEST		get request	1442381747784	1442381747784	1442381747784	1442381753602	KO	java.net.ConnectException: No route to host
Books Appliaction Testing	1960814076967172767-118	REQUEST		get request	1442381747777	1442381747777	1442381747777	1442381753604	KO	java.net.ConnectException: No route to host
Books Appliaction Testing	1960814076967172767-128	REQUEST		get request	1442381747787	1442381747787	1442381747787	1442381753605	KO	java.net.ConnectException: No route to host
Books Appliaction Testing	1960814076967172767-109	REQUEST		get request	1442381747768	1442381747768	1442381747768	1442381753603	KO	java.net.ConnectException: No route to host
Books Appliaction Testing	1960814076967172767-143	REQUEST		get request	1442381747805	1442381747805	1442381747805	1442381753603	KO	java.net.ConnectException: No route to host
Books Appliaction Testing	1960814076967172767-103	REQUEST		get request	1442381747761	1442381747761	1442381747761	1442381753605	KO	java.net.ConnectException: No route to host
Books Appliaction Testing	1960814076967172767-147	USER	END	1442381747468	1442381754582
Books Appliaction Testing	1960814076967172767-100	USER	END	1442381747465	1442381754593
Books Appliaction Testing	1960814076967172767-99	USER	END	1442381747465	1442381754593
Books Appliaction Testing	1960814076967172767-101	USER	END	1442381747465	1442381754594
Books Appliaction Testing	1960814076967172767-144	USER	END	1442381747468	1442381754594
Books Appliaction Testing	1960814076967172767-142	USER	END	1442381747467	1442381754602
Books Appliaction Testing	1960814076967172767-133	USER	END	1442381747467	1442381754604
Books Appliaction Testing	1960814076967172767-117	USER	END	1442381747466	1442381754604
Books Appliaction Testing	1960814076967172767-137	USER	END	1442381747467	1442381754604
Books Appliaction Testing	1960814076967172767-139	USER	END	1442381747467	1442381754604
Books Appliaction Testing	1960814076967172767-123	USER	END	1442381747466	1442381754604
Books Appliaction Testing	1960814076967172767-120	USER	END	1442381747466	1442381754605
Books Appliaction Testing	1960814076967172767-132	USER	END	1442381747467	1442381754605
Books Appliaction Testing	1960814076967172767-114	USER	END	1442381747466	1442381754606
Books Appliaction Testing	1960814076967172767-111	USER	END	1442381747466	1442381754607
Books Appliaction Testing	1960814076967172767-104	USER	END	1442381747465	1442381754608
Books Appliaction Testing	1960814076967172767-130	USER	END	1442381747467	1442381754608
Books Appliaction Testing	1960814076967172767-131	USER	END	1442381747467	1442381754608
Books Appliaction Testing	1960814076967172767-107	USER	END	1442381747465	1442381754609
Books Appliaction Testing	1960814076967172767-106	USER	END	1442381747465	1442381754609
Books Appliaction Testing	1960814076967172767-108	USER	END	1442381747465	1442381754612
Books Appliaction Testing	1960814076967172767-102	USER	END	1442381747465	1442381754612
Books Appliaction Testing	1960814076967172767-124	USER	END	1442381747466	1442381754612
Books Appliaction Testing	1960814076967172767-112	USER	END	1442381747466	1442381754612
Books Appliaction Testing	1960814076967172767-140	USER	END	1442381747467	1442381754612
Books Appliaction Testing	1960814076967172767-115	USER	END	1442381747466	1442381754612
Books Appliaction Testing	1960814076967172767-105	USER	END	1442381747465	1442381754612
Books Appliaction Testing	1960814076967172767-145	USER	END	1442381747468	1442381754613
Books Appliaction Testing	1960814076967172767-113	USER	END	1442381747466	1442381754613
Books Appliaction Testing	1960814076967172767-126	USER	END	1442381747467	1442381754622
Books Appliaction Testing	1960814076967172767-121	USER	END	1442381747466	1442381754622
Books Appliaction Testing	1960814076967172767-129	USER	END	1442381747467	1442381754622
Books Appliaction Testing	1960814076967172767-127	USER	END	1442381747467	1442381754622
Books Appliaction Testing	1960814076967172767-146	USER	END	1442381747468	1442381754622
Books Appliaction Testing	1960814076967172767-138	USER	END	1442381747467	1442381754622
Books Appliaction Testing	1960814076967172767-148	USER	END	1442381747468	1442381754622
Books Appliaction Testing	1960814076967172767-119	USER	END	1442381747466	1442381754622
Books Appliaction Testing	1960814076967172767-136	USER	END	1442381747467	1442381754623
Books Appliaction Testing	1960814076967172767-122	USER	END	1442381747466	1442381754623
Books Appliaction Testing	1960814076967172767-149	USER	END	1442381747468	1442381754623
Books Appliaction Testing	1960814076967172767-135	USER	END	1442381747467	1442381754624
Books Appliaction Testing	1960814076967172767-110	USER	END	1442381747465	1442381754624
Books Appliaction Testing	1960814076967172767-125	USER	END	1442381747466	1442381754625
Books Appliaction Testing	1960814076967172767-118	USER	END	1442381747466	1442381754625
Books Appliaction Testing	1960814076967172767-128	USER	END	1442381747467	1442381754625
Books Appliaction Testing	1960814076967172767-109	USER	END	1442381747465	1442381754626
Books Appliaction Testing	1960814076967172767-143	USER	END	1442381747468	1442381754626
Books Appliaction Testing	1960814076967172767-103	USER	END	1442381747465	1442381754626
Books Appliaction Testing	1960814076967172767-141	USER	END	1442381747467	1442381754628
Books Appliaction Testing	1960814076967172767-116	USER	END	1442381747466	1442381754632
Books Appliaction Testing	1960814076967172767-134	USER	END	1442381747467	1442381754632
Books Appliaction Testing	1960814076967172767-73	REQUEST		get request	1442381747654	1442381747654	1442381747654	1442381756563	KO	java.net.ConnectException: No route to host
Books Appliaction Testing	1960814076967172767-68	REQUEST		get request	1442381747631	1442381747631	1442381747631	1442381756563	KO	java.net.ConnectException: No route to host
Books Appliaction Testing	1960814076967172767-66	REQUEST		get request	1442381747629	1442381747629	1442381747629	1442381756566	KO	java.net.ConnectException: No route to host
Books Appliaction Testing	1960814076967172767-60	REQUEST		get request	1442381747615	1442381747615	1442381747615	1442381756718	KO	java.net.ConnectException: No route to host
Books Appliaction Testing	1960814076967172767-89	REQUEST		get request	1442381747726	1442381747726	1442381747726	1442381756869	KO	java.net.ConnectException: No route to host
Books Appliaction Testing	1960814076967172767-59	REQUEST		get request	1442381747614	1442381747614	1442381747614	1442381756870	KO	java.net.ConnectException: No route to host
Books Appliaction Testing	1960814076967172767-49	REQUEST		get request	1442381747603	1442381747603	1442381747603	1442381756870	KO	java.net.ConnectException: No route to host
Books Appliaction Testing	1960814076967172767-95	REQUEST		get request	1442381747732	1442381747732	1442381747732	1442381756870	KO	java.net.ConnectException: No route to host
Books Appliaction Testing	1960814076967172767-72	REQUEST		get request	1442381747653	1442381747653	1442381747653	1442381756871	KO	java.net.ConnectException: No route to host
Books Appliaction Testing	1960814076967172767-58	REQUEST		get request	1442381747613	1442381747613	1442381747613	1442381756871	KO	java.net.ConnectException: No route to host
Books Appliaction Testing	1960814076967172767-63	REQUEST		get request	1442381747619	1442381747619	1442381747619	1442381756871	KO	java.net.ConnectException: No route to host
Books Appliaction Testing	1960814076967172767-80	REQUEST		get request	1442381747664	1442381747664	1442381747664	1442381756872	KO	java.net.ConnectException: No route to host
Books Appliaction Testing	1960814076967172767-69	REQUEST		get request	1442381747649	1442381747649	1442381747649	1442381756872	KO	java.net.ConnectException: No route to host
Books Appliaction Testing	1960814076967172767-50	REQUEST		get request	1442381747604	1442381747604	1442381747604	1442381756872	KO	java.net.ConnectException: No route to host
Books Appliaction Testing	1960814076967172767-82	REQUEST		get request	1442381747705	1442381747705	1442381747705	1442381756873	KO	java.net.ConnectException: No route to host
Books Appliaction Testing	1960814076967172767-93	REQUEST		get request	1442381747730	1442381747730	1442381747730	1442381756873	KO	java.net.ConnectException: No route to host
Books Appliaction Testing	1960814076967172767-53	REQUEST		get request	1442381747608	1442381747608	1442381747608	1442381756874	KO	java.net.ConnectException: No route to host
Books Appliaction Testing	1960814076967172767-97	REQUEST		get request	1442381747754	1442381747754	1442381747754	1442381756875	KO	java.net.ConnectException: No route to host
Books Appliaction Testing	1960814076967172767-74	REQUEST		get request	1442381747655	1442381747655	1442381747655	1442381756877	KO	java.net.ConnectException: No route to host
Books Appliaction Testing	1960814076967172767-79	REQUEST		get request	1442381747663	1442381747663	1442381747663	1442381756878	KO	java.net.ConnectException: No route to host
Books Appliaction Testing	1960814076967172767-90	REQUEST		get request	1442381747727	1442381747727	1442381747727	1442381756880	KO	java.net.ConnectException: No route to host
Books Appliaction Testing	1960814076967172767-94	REQUEST		get request	1442381747731	1442381747731	1442381747731	1442381756885	KO	java.net.ConnectException: No route to host
Books Appliaction Testing	1960814076967172767-84	REQUEST		get request	1442381747715	1442381747715	1442381747715	1442381756886	KO	java.net.ConnectException: No route to host
Books Appliaction Testing	1960814076967172767-51	REQUEST		get request	1442381747605	1442381747605	1442381747605	1442381756886	KO	java.net.ConnectException: No route to host
Books Appliaction Testing	1960814076967172767-54	REQUEST		get request	1442381747609	1442381747609	1442381747609	1442381756886	KO	java.net.ConnectException: No route to host
Books Appliaction Testing	1960814076967172767-55	REQUEST		get request	1442381747610	1442381747610	1442381747610	1442381756887	KO	java.net.ConnectException: No route to host
Books Appliaction Testing	1960814076967172767-75	REQUEST		get request	1442381747656	1442381747656	1442381747656	1442381756887	KO	java.net.ConnectException: No route to host
Books Appliaction Testing	1960814076967172767-83	REQUEST		get request	1442381747713	1442381747713	1442381747713	1442381756887	KO	java.net.ConnectException: No route to host
Books Appliaction Testing	1960814076967172767-88	REQUEST		get request	1442381747719	1442381747719	1442381747719	1442381756890	KO	java.net.ConnectException: No route to host
Books Appliaction Testing	1960814076967172767-61	REQUEST		get request	1442381747616	1442381747616	1442381747616	1442381756888	KO	java.net.ConnectException: No route to host
Books Appliaction Testing	1960814076967172767-57	REQUEST		get request	1442381747612	1442381747612	1442381747612	1442381756891	KO	java.net.ConnectException: No route to host
Books Appliaction Testing	1960814076967172767-77	REQUEST		get request	1442381747661	1442381747661	1442381747661	1442381756888	KO	java.net.ConnectException: No route to host
Books Appliaction Testing	1960814076967172767-64	REQUEST		get request	1442381747620	1442381747620	1442381747620	1442381756891	KO	java.net.ConnectException: No route to host
Books Appliaction Testing	1960814076967172767-92	REQUEST		get request	1442381747729	1442381747729	1442381747729	1442381756888	KO	java.net.ConnectException: No route to host
Books Appliaction Testing	1960814076967172767-76	REQUEST		get request	1442381747656	1442381747656	1442381747656	1442381756891	KO	java.net.ConnectException: No route to host
Books Appliaction Testing	1960814076967172767-86	REQUEST		get request	1442381747717	1442381747717	1442381747717	1442381756889	KO	java.net.ConnectException: No route to host
Books Appliaction Testing	1960814076967172767-91	REQUEST		get request	1442381747728	1442381747728	1442381747728	1442381756892	KO	java.net.ConnectException: No route to host
Books Appliaction Testing	1960814076967172767-78	REQUEST		get request	1442381747662	1442381747662	1442381747662	1442381756889	KO	java.net.ConnectException: No route to host
Books Appliaction Testing	1960814076967172767-65	REQUEST		get request	1442381747628	1442381747628	1442381747628	1442381756889	KO	java.net.ConnectException: No route to host
Books Appliaction Testing	1960814076967172767-48	REQUEST		get request	1442381747602	1442381747602	1442381747602	1442381756892	KO	java.net.ConnectException: No route to host
Books Appliaction Testing	1960814076967172767-87	REQUEST		get request	1442381747718	1442381747718	1442381747718	1442381756892	KO	java.net.ConnectException: No route to host
Books Appliaction Testing	1960814076967172767-98	REQUEST		get request	1442381747755	1442381747755	1442381747755	1442381756890	KO	java.net.ConnectException: No route to host
Books Appliaction Testing	1960814076967172767-85	REQUEST		get request	1442381747716	1442381747716	1442381747716	1442381756893	KO	java.net.ConnectException: No route to host
Books Appliaction Testing	1960814076967172767-81	REQUEST		get request	1442381747665	1442381747665	1442381747665	1442381756890	KO	java.net.ConnectException: No route to host
Books Appliaction Testing	1960814076967172767-52	REQUEST		get request	1442381747606	1442381747606	1442381747606	1442381756893	KO	java.net.ConnectException: No route to host
Books Appliaction Testing	1960814076967172767-71	REQUEST		get request	1442381747652	1442381747652	1442381747652	1442381756893	KO	java.net.ConnectException: No route to host
Books Appliaction Testing	1960814076967172767-56	REQUEST		get request	1442381747611	1442381747611	1442381747611	1442381756893	KO	java.net.ConnectException: No route to host
Books Appliaction Testing	1960814076967172767-62	REQUEST		get request	1442381747617	1442381747617	1442381747617	1442381756894	KO	java.net.ConnectException: No route to host
Books Appliaction Testing	1960814076967172767-70	REQUEST		get request	1442381747650	1442381747650	1442381747650	1442381756894	KO	java.net.ConnectException: No route to host
Books Appliaction Testing	1960814076967172767-67	REQUEST		get request	1442381747630	1442381747630	1442381747630	1442381756895	KO	java.net.ConnectException: No route to host
Books Appliaction Testing	1960814076967172767-96	REQUEST		get request	1442381747753	1442381747753	1442381747753	1442381756900	KO	java.net.ConnectException: No route to host
Books Appliaction Testing	1960814076967172767-66	USER	END	1442381747463	1442381757594
Books Appliaction Testing	1960814076967172767-60	USER	END	1442381747462	1442381757746
Books Appliaction Testing	1960814076967172767-73	USER	END	1442381747463	1442381757874
Books Appliaction Testing	1960814076967172767-68	USER	END	1442381747463	1442381757874
Books Appliaction Testing	1960814076967172767-89	USER	END	1442381747464	1442381758015
Books Appliaction Testing	1960814076967172767-59	USER	END	1442381747462	1442381758015
Books Appliaction Testing	1960814076967172767-49	USER	END	1442381747462	1442381758016
Books Appliaction Testing	1960814076967172767-95	USER	END	1442381747465	1442381758016
Books Appliaction Testing	1960814076967172767-72	USER	END	1442381747463	1442381758016
Books Appliaction Testing	1960814076967172767-58	USER	END	1442381747462	1442381758016
Books Appliaction Testing	1960814076967172767-63	USER	END	1442381747462	1442381758016
Books Appliaction Testing	1960814076967172767-80	USER	END	1442381747464	1442381758016
Books Appliaction Testing	1960814076967172767-69	USER	END	1442381747463	1442381758016
Books Appliaction Testing	1960814076967172767-50	USER	END	1442381747462	1442381758016
Books Appliaction Testing	1960814076967172767-93	USER	END	1442381747464	1442381758016
Books Appliaction Testing	1960814076967172767-53	USER	END	1442381747462	1442381758016
Books Appliaction Testing	1960814076967172767-82	USER	END	1442381747464	1442381758016
Books Appliaction Testing	1960814076967172767-97	USER	END	1442381747465	1442381758017
Books Appliaction Testing	1960814076967172767-74	USER	END	1442381747463	1442381758017
Books Appliaction Testing	1960814076967172767-79	USER	END	1442381747463	1442381758017
Books Appliaction Testing	1960814076967172767-90	USER	END	1442381747464	1442381758017
Books Appliaction Testing	1960814076967172767-94	USER	END	1442381747464	1442381758017
Books Appliaction Testing	1960814076967172767-84	USER	END	1442381747464	1442381758017
Books Appliaction Testing	1960814076967172767-51	USER	END	1442381747462	1442381758017
Books Appliaction Testing	1960814076967172767-54	USER	END	1442381747462	1442381758017
Books Appliaction Testing	1960814076967172767-55	USER	END	1442381747462	1442381758017
Books Appliaction Testing	1960814076967172767-75	USER	END	1442381747463	1442381758017
Books Appliaction Testing	1960814076967172767-83	USER	END	1442381747464	1442381758017
Books Appliaction Testing	1960814076967172767-88	USER	END	1442381747464	1442381758017
Books Appliaction Testing	1960814076967172767-61	USER	END	1442381747462	1442381758017
Books Appliaction Testing	1960814076967172767-57	USER	END	1442381747462	1442381758017
Books Appliaction Testing	1960814076967172767-77	USER	END	1442381747463	1442381758017
Books Appliaction Testing	1960814076967172767-64	USER	END	1442381747463	1442381758017
Books Appliaction Testing	1960814076967172767-92	USER	END	1442381747464	1442381758018
Books Appliaction Testing	1960814076967172767-76	USER	END	1442381747463	1442381758018
Books Appliaction Testing	1960814076967172767-86	USER	END	1442381747464	1442381758018
Books Appliaction Testing	1960814076967172767-91	USER	END	1442381747464	1442381758018
Books Appliaction Testing	1960814076967172767-78	USER	END	1442381747463	1442381758018
Books Appliaction Testing	1960814076967172767-65	USER	END	1442381747463	1442381758018
Books Appliaction Testing	1960814076967172767-48	USER	END	1442381747462	1442381758018
Books Appliaction Testing	1960814076967172767-87	USER	END	1442381747464	1442381758018
Books Appliaction Testing	1960814076967172767-98	USER	END	1442381747465	1442381758018
Books Appliaction Testing	1960814076967172767-85	USER	END	1442381747464	1442381758018
Books Appliaction Testing	1960814076967172767-81	USER	END	1442381747464	1442381758018
Books Appliaction Testing	1960814076967172767-52	USER	END	1442381747462	1442381758018
Books Appliaction Testing	1960814076967172767-71	USER	END	1442381747463	1442381758018
Books Appliaction Testing	1960814076967172767-56	USER	END	1442381747462	1442381758018
Books Appliaction Testing	1960814076967172767-62	USER	END	1442381747462	1442381758018
Books Appliaction Testing	1960814076967172767-70	USER	END	1442381747463	1442381758019
Books Appliaction Testing	1960814076967172767-67	USER	END	1442381747463	1442381758019
Books Appliaction Testing	1960814076967172767-96	USER	END	1442381747465	1442381758019
Books Appliaction Testing	1960814076967172767-37	REQUEST		get request	1442381747585	1442381747585	1442381747585	1442381765587	KO	java.net.ConnectException: No route to host
Books Appliaction Testing	1960814076967172767-14	REQUEST		get request	1442381747560	1442381747560	1442381747560	1442381765588	KO	java.net.ConnectException: No route to host
Books Appliaction Testing	1960814076967172767-39	REQUEST		get request	1442381747588	1442381747588	1442381747588	1442381765588	KO	java.net.ConnectException: No route to host
Books Appliaction Testing	1960814076967172767-3	REQUEST		get request	1442381747546	1442381747546	1442381747546	1442381765589	KO	java.net.ConnectException: No route to host
Books Appliaction Testing	1960814076967172767-24	REQUEST		get request	1442381747572	1442381747572	1442381747572	1442381765589	KO	java.net.ConnectException: No route to host
Books Appliaction Testing	1960814076967172767-23	REQUEST		get request	1442381747570	1442381747570	1442381747570	1442381765589	KO	java.net.ConnectException: No route to host
Books Appliaction Testing	1960814076967172767-17	REQUEST		get request	1442381747563	1442381747563	1442381747563	1442381765590	KO	java.net.ConnectException: No route to host
Books Appliaction Testing	1960814076967172767-35	REQUEST		get request	1442381747583	1442381747583	1442381747583	1442381765590	KO	java.net.ConnectException: No route to host
Books Appliaction Testing	1960814076967172767-12	REQUEST		get request	1442381747558	1442381747558	1442381747558	1442381765588	KO	java.net.ConnectException: No route to host
Books Appliaction Testing	1960814076967172767-26	REQUEST		get request	1442381747574	1442381747574	1442381747574	1442381765590	KO	java.net.ConnectException: No route to host
Books Appliaction Testing	1960814076967172767-13	REQUEST		get request	1442381747559	1442381747559	1442381747559	1442381765611	KO	java.net.ConnectException: No route to host
Books Appliaction Testing	1960814076967172767-4	REQUEST		get request	1442381747547	1442381747547	1442381747547	1442381765612	KO	java.net.ConnectException: No route to host
Books Appliaction Testing	1960814076967172767-42	REQUEST		get request	1442381747591	1442381747591	1442381747591	1442381765617	KO	java.net.ConnectException: No route to host
Books Appliaction Testing	1960814076967172767-2	REQUEST		get request	1442381747545	1442381747545	1442381747545	1442381765620	KO	java.net.ConnectException: No route to host
Books Appliaction Testing	1960814076967172767-1	REQUEST		get request	1442381747543	1442381747543	1442381747543	1442381765618	KO	java.net.ConnectException: No route to host
Books Appliaction Testing	1960814076967172767-43	REQUEST		get request	1442381747592	1442381747592	1442381747592	1442381765621	KO	java.net.ConnectException: No route to host
Books Appliaction Testing	1960814076967172767-38	REQUEST		get request	1442381747587	1442381747587	1442381747587	1442381765618	KO	java.net.ConnectException: No route to host
Books Appliaction Testing	1960814076967172767-22	REQUEST		get request	1442381747569	1442381747569	1442381747569	1442381765621	KO	java.net.ConnectException: No route to host
Books Appliaction Testing	1960814076967172767-20	REQUEST		get request	1442381747567	1442381747567	1442381747567	1442381765618	KO	java.net.ConnectException: No route to host
Books Appliaction Testing	1960814076967172767-32	REQUEST		get request	1442381747580	1442381747580	1442381747580	1442381765619	KO	java.net.ConnectException: No route to host
Books Appliaction Testing	1960814076967172767-45	REQUEST		get request	1442381747599	1442381747599	1442381747599	1442381765619	KO	java.net.ConnectException: No route to host
Books Appliaction Testing	1960814076967172767-44	REQUEST		get request	1442381747597	1442381747597	1442381747597	1442381765619	KO	java.net.ConnectException: No route to host
Books Appliaction Testing	1960814076967172767-10	REQUEST		get request	1442381747556	1442381747556	1442381747556	1442381765620	KO	java.net.ConnectException: No route to host
Books Appliaction Testing	1960814076967172767-11	REQUEST		get request	1442381747557	1442381747557	1442381747557	1442381765620	KO	java.net.ConnectException: No route to host
Books Appliaction Testing	1960814076967172767-19	REQUEST		get request	1442381747566	1442381747566	1442381747566	1442381765633	KO	java.net.ConnectException: No route to host
Books Appliaction Testing	1960814076967172767-29	REQUEST		get request	1442381747577	1442381747577	1442381747577	1442381765637	KO	java.net.ConnectException: No route to host
Books Appliaction Testing	1960814076967172767-41	REQUEST		get request	1442381747590	1442381747590	1442381747590	1442381765634	KO	java.net.ConnectException: No route to host
Books Appliaction Testing	1960814076967172767-7	REQUEST		get request	1442381747553	1442381747553	1442381747553	1442381765637	KO	java.net.ConnectException: No route to host
Books Appliaction Testing	1960814076967172767-47	REQUEST		get request	1442381747601	1442381747601	1442381747601	1442381765634	KO	java.net.ConnectException: No route to host
Books Appliaction Testing	1960814076967172767-40	REQUEST		get request	1442381747589	1442381747589	1442381747589	1442381765638	KO	java.net.ConnectException: No route to host
Books Appliaction Testing	1960814076967172767-16	REQUEST		get request	1442381747562	1442381747562	1442381747562	1442381765634	KO	java.net.ConnectException: No route to host
Books Appliaction Testing	1960814076967172767-8	REQUEST		get request	1442381747554	1442381747554	1442381747554	1442381765638	KO	java.net.ConnectException: No route to host
Books Appliaction Testing	1960814076967172767-33	REQUEST		get request	1442381747581	1442381747581	1442381747581	1442381765635	KO	java.net.ConnectException: No route to host
Books Appliaction Testing	1960814076967172767-36	REQUEST		get request	1442381747584	1442381747584	1442381747584	1442381765638	KO	java.net.ConnectException: No route to host
Books Appliaction Testing	1960814076967172767-34	REQUEST		get request	1442381747582	1442381747582	1442381747582	1442381765635	KO	java.net.ConnectException: No route to host
Books Appliaction Testing	1960814076967172767-28	REQUEST		get request	1442381747576	1442381747576	1442381747576	1442381765636	KO	java.net.ConnectException: No route to host
Books Appliaction Testing	1960814076967172767-31	REQUEST		get request	1442381747579	1442381747579	1442381747579	1442381765636	KO	java.net.ConnectException: No route to host
Books Appliaction Testing	1960814076967172767-27	REQUEST		get request	1442381747575	1442381747575	1442381747575	1442381765637	KO	java.net.ConnectException: No route to host
Books Appliaction Testing	1960814076967172767-9	REQUEST		get request	1442381747555	1442381747555	1442381747555	1442381765651	KO	java.net.ConnectException: No route to host
Books Appliaction Testing	1960814076967172767-6	REQUEST		get request	1442381747552	1442381747552	1442381747552	1442381765652	KO	java.net.ConnectException: No route to host
Books Appliaction Testing	1960814076967172767-5	REQUEST		get request	1442381747550	1442381747550	1442381747550	1442381765652	KO	java.net.ConnectException: No route to host
Books Appliaction Testing	1960814076967172767-25	REQUEST		get request	1442381747573	1442381747573	1442381747573	1442381765652	KO	java.net.ConnectException: No route to host
Books Appliaction Testing	1960814076967172767-30	REQUEST		get request	1442381747578	1442381747578	1442381747578	1442381765653	KO	java.net.ConnectException: No route to host
Books Appliaction Testing	1960814076967172767-46	REQUEST		get request	1442381747600	1442381747600	1442381747600	1442381765653	KO	java.net.ConnectException: No route to host
Books Appliaction Testing	1960814076967172767-21	REQUEST		get request	1442381747568	1442381747568	1442381747568	1442381765653	KO	java.net.ConnectException: No route to host
Books Appliaction Testing	1960814076967172767-18	REQUEST		get request	1442381747565	1442381747565	1442381747565	1442381765654	KO	java.net.ConnectException: No route to host
Books Appliaction Testing	1960814076967172767-15	REQUEST		get request	1442381747561	1442381747561	1442381747561	1442381765654	KO	java.net.ConnectException: No route to host
Books Appliaction Testing	1960814076967172767-37	USER	END	1442381747461	1442381766619
Books Appliaction Testing	1960814076967172767-14	USER	END	1442381747459	1442381766620
Books Appliaction Testing	1960814076967172767-39	USER	END	1442381747461	1442381766621
Books Appliaction Testing	1960814076967172767-3	USER	END	1442381747459	1442381766621
Books Appliaction Testing	1960814076967172767-24	USER	END	1442381747460	1442381766621
Books Appliaction Testing	1960814076967172767-23	USER	END	1442381747460	1442381766622
Books Appliaction Testing	1960814076967172767-17	USER	END	1442381747460	1442381766622
Books Appliaction Testing	1960814076967172767-35	USER	END	1442381747461	1442381766622
Books Appliaction Testing	1960814076967172767-12	USER	END	1442381747459	1442381766623
Books Appliaction Testing	1960814076967172767-26	USER	END	1442381747460	1442381766624
Books Appliaction Testing	1960814076967172767-20	USER	END	1442381747460	1442381766640
Books Appliaction Testing	1960814076967172767-32	USER	END	1442381747461	1442381766645
Books Appliaction Testing	1960814076967172767-45	USER	END	1442381747461	1442381766646
Books Appliaction Testing	1960814076967172767-44	USER	END	1442381747461	1442381766646
Books Appliaction Testing	1960814076967172767-10	USER	END	1442381747459	1442381766646
Books Appliaction Testing	1960814076967172767-11	USER	END	1442381747459	1442381766646
Books Appliaction Testing	1960814076967172767-13	USER	END	1442381747459	1442381766648
Books Appliaction Testing	1960814076967172767-4	USER	END	1442381747459	1442381766648
Books Appliaction Testing	1960814076967172767-42	USER	END	1442381747461	1442381766648
Books Appliaction Testing	1960814076967172767-2	USER	END	1442381747459	1442381766649
Books Appliaction Testing	1960814076967172767-1	USER	END	1442381747459	1442381766649
Books Appliaction Testing	1960814076967172767-43	USER	END	1442381747461	1442381766650
Books Appliaction Testing	1960814076967172767-38	USER	END	1442381747461	1442381766650
Books Appliaction Testing	1960814076967172767-22	USER	END	1442381747460	1442381766650
Books Appliaction Testing	1960814076967172767-16	USER	END	1442381747460	1442381766652
Books Appliaction Testing	1960814076967172767-33	USER	END	1442381747461	1442381766652
Books Appliaction Testing	1960814076967172767-34	USER	END	1442381747461	1442381766652
Books Appliaction Testing	1960814076967172767-28	USER	END	1442381747460	1442381766652
Books Appliaction Testing	1960814076967172767-19	USER	END	1442381747460	1442381766666
Books Appliaction Testing	1960814076967172767-29	USER	END	1442381747460	1442381766666
Books Appliaction Testing	1960814076967172767-41	USER	END	1442381747461	1442381766666
Books Appliaction Testing	1960814076967172767-7	USER	END	1442381747459	1442381766666
Books Appliaction Testing	1960814076967172767-47	USER	END	1442381747462	1442381766666
Books Appliaction Testing	1960814076967172767-40	USER	END	1442381747461	1442381766666
Books Appliaction Testing	1960814076967172767-8	USER	END	1442381747459	1442381766666
Books Appliaction Testing	1960814076967172767-36	USER	END	1442381747461	1442381766667
Books Appliaction Testing	1960814076967172767-31	USER	END	1442381747460	1442381766671
Books Appliaction Testing	1960814076967172767-27	USER	END	1442381747460	1442381766672
Books Appliaction Testing	1960814076967172767-9	USER	END	1442381747459	1442381766682
Books Appliaction Testing	1960814076967172767-6	USER	END	1442381747459	1442381766682
Books Appliaction Testing	1960814076967172767-5	USER	END	1442381747459	1442381766683
Books Appliaction Testing	1960814076967172767-25	USER	END	1442381747460	1442381766683
Books Appliaction Testing	1960814076967172767-30	USER	END	1442381747460	1442381766683
Books Appliaction Testing	1960814076967172767-46	USER	END	1442381747461	1442381766683
Books Appliaction Testing	1960814076967172767-21	USER	END	1442381747460	1442381766683
Books Appliaction Testing	1960814076967172767-18	USER	END	1442381747460	1442381766683
Books Appliaction Testing	1960814076967172767-15	USER	END	1442381747460	1442381766683
